#
# A fatal error has been detected by the Java Runtime Environment:
#
#  SIGSEGV (0xb) at pc=0x00007f569182490a, pid=7766, tid=140009792894720
#
# JRE version: 7.0_25-b30
# Java VM: OpenJDK 64-Bit Server VM (23.7-b01 mixed mode linux-amd64 compressed oops)
# Problematic frame:
# C  [libpdnative1122802147835522006.so+0x8c90a]  libpd_process_short+0x12a
#
# Failed to write core dump. Core dumps have been disabled. To enable core dumping, try "ulimit -c unlimited" before starting Java again
#
# If you would like to submit a bug report, please include
# instructions on how to reproduce the bug and visit:
#   http://icedtea.classpath.org/bugzilla
# The crash happened outside the Java Virtual Machine in native code.
# See problematic frame for where to report the bug.
#

---------------  T H R E A D  ---------------

Current thread (0x00007f56a0407000):  JavaThread "Environment" [_thread_in_native, id=7802, stack(0x00007f5691e87000,0x00007f5691f88000)]

siginfo:si_signo=SIGSEGV: si_errno=0, si_code=2 (SEGV_ACCERR), si_addr=0x00007f56a047b000

Registers:
RAX=0x00000000026ff640, RBX=0x00007f56add9f000, RCX=0x00007f56a047b004, RDX=0x00000000ffffddda
RSP=0x00007f5691f86650, RBP=0x00007f56a047b000, RSI=0x00000000026ff540, RDI=0x0000000000000002
R8 =0x00000000026ff640, R9 =0x0000000000000004, R10=0x00007f56a044a760, R11=0x00000000026ff640
R12=0x00000000000002ba, R13=0x00007f5691a59100, R14=0x0000000000000d75, R15=0x00007f5691a590f0
RIP=0x00007f569182490a, EFLAGS=0x0000000000010202, CSGSFS=0x0000000000000033, ERR=0x0000000000000006
  TRAPNO=0x000000000000000e

Top of Stack: (sp=0x00007f5691f86650)
0x00007f5691f86650:   00007f5646fffe00 00007f56a044f600
0x00007f5691f86660:   00007f5638000100 00007f56aca1108b
0x00007f5691f86670:   00007f56a04071d8 00007f56a04071d8
0x00007f5691f86680:   00007f5691f86770 00007f5691f86778
0x00007f5691f86690:   00007f56a044f600 00007f56add9f000
0x00007f5691f866a0:   0000000000000d75 00007f569182792f
0x00007f5691f866b0:   0000000000000000 0000000779b83ac8
0x00007f5691f866c0:   00007f5691f86750 0000000000000000
0x00007f5691f866d0:   0000000779b83ac8 00007f5691f86780
0x00007f5691f866e0:   00007f56a0407000 00007f56a7ca1f90
0x00007f5691f866f0:   0000000000000000 00007f5691f86720
0x00007f5691f86700:   00007f5691f86768 00007f56a7c962d4
0x00007f5691f86710:   00007f5691f86710 0000000000000000
0x00007f5691f86720:   00007f5691f86780 0000000779b85b70
0x00007f5691f86730:   0000000000000000 0000000779b83ac8
0x00007f5691f86740:   0000000000000000 00007f5691f86770
0x00007f5691f86750:   00007f5691f867c8 00007f56a7c962d4
0x00007f5691f86760:   00000007d7622338 00007f56a7c9edd6
0x00007f5691f86770:   00000007d76b0338 00000007d76afc40
0x00007f5691f86780:   0000000000000d75 00007f5691f86788
0x00007f5691f86790:   0000000779b3ebb9 00007f5691f867e0
0x00007f5691f867a0:   0000000779b85290 0000000000000000
0x00007f5691f867b0:   0000000779b3ec00 00007f5691f86770
0x00007f5691f867c0:   00007f5691f867d8 00007f5691f86828
0x00007f5691f867d0:   00007f56a7c96158 00000000000003eb
0x00007f5691f867e0:   00000007d76817f8 00007f5691f867e8
0x00007f5691f867f0:   0000000779b3f6df 00007f5691f86848
0x00007f5691f86800:   0000000779b85290 0000000000000000
0x00007f5691f86810:   0000000779b3f758 00007f5691f867d8
0x00007f5691f86820:   00007f5691f86848 00007f5691f86890
0x00007f5691f86830:   00007f56a7c96158 0000000000000000
0x00007f5691f86840:   0000000000000000 00000007d76817f8 

Instructions: (pc=0x00007f569182490a)
0x00007f56918248ea:   7e 2b 4a 8d 4c 0d 00 48 89 f0 0f 1f 40 00 f3 0f
0x00007f56918248fa:   10 00 48 05 00 01 00 00 f3 0f 59 c1 f3 0f 2c d0
0x00007f569182490a:   66 89 55 00 48 83 c5 02 48 39 cd 75 e1 48 83 c6
0x00007f569182491a:   04 4c 39 c6 75 c8 41 83 c4 01 45 39 f4 0f 85 f3 

Register to memory mapping:

RAX=0x00000000026ff640 is an unknown value
RBX=0x00007f56add9f000 is an unknown value
RCX=0x00007f56a047b004 is an unknown value
RDX=0x00000000ffffddda is an unknown value
RSP=0x00007f5691f86650 is pointing into the stack for thread: 0x00007f56a0407000
RBP=0x00007f56a047b000 is an unknown value
RSI=0x00000000026ff540 is an unknown value
RDI=0x0000000000000002 is an unknown value
R8 =0x00000000026ff640 is an unknown value
R9 =0x0000000000000004 is an unknown value
R10=0x00007f56a044a760 is an unknown value
R11=0x00000000026ff640 is an unknown value
R12=0x00000000000002ba is an unknown value
R13=0x00007f5691a59100: sys_soundout+0 in /tmp/libpdnative1122802147835522006.so at 0x00007f5691798000
R14=0x0000000000000d75 is an unknown value
R15=0x00007f5691a590f0: sys_outchannels+0 in /tmp/libpdnative1122802147835522006.so at 0x00007f5691798000


Stack: [0x00007f5691e87000,0x00007f5691f88000],  sp=0x00007f5691f86650,  free space=1021k
Native frames: (J=compiled Java code, j=interpreted, Vv=VM code, C=native code)
C  [libpdnative1122802147835522006.so+0x8c90a]  libpd_process_short+0x12a

[error occurred during error reporting (printing native stack), id 0xb]

Java frames: (J=compiled Java code, j=interpreted, Vv=VM code)
j  org.puredata.core.PdBase.process(I[S[S)I+0
j  ensemble.apps.pd_testing.Pd_Reasoning.process_pd_ticks(I)V+17
j  ensemble.apps.pd_testing.Pd_Reasoning.process()V+23
j  ensemble.Reasoning$ReasonBatch.run()V+20
j  ensemble.clock.VirtualClockService$VirtualClockHelperImp.updateClock(J)V+49
j  ensemble.EnvironmentAgent$CheckEndTurn.action()V+246
j  jade.core.behaviours.Behaviour.actionWrapper()V+36
j  jade.core.Agent$ActiveLifeCycle.execute()V+17
j  jade.core.Agent.run()V+21
j  java.lang.Thread.run()V+11
v  ~StubRoutines::call_stub

---------------  P R O C E S S  ---------------

Java Threads: ( => current thread )
  0x00007f56a044e000 JavaThread "pool-2-thread-1" [_thread_blocked, id=7818, stack(0x00007f568a0fc000,0x00007f568a1fd000)]
  0x00007f56a044d000 JavaThread "type1#ReceiveCommand" [_thread_blocked, id=7817, stack(0x00007f568a1fd000,0x00007f568a2fe000)]
  0x00000000026e4800 JavaThread "type2#ReceiveCommand" [_thread_blocked, id=7816, stack(0x00007f568a2fe000,0x00007f568a3ff000)]
  0x00007f56a0448800 JavaThread "Environment#ReceiveCommand" [_thread_blocked, id=7815, stack(0x00007f568a3ff000,0x00007f568a500000)]
  0x00007f56a0440000 JavaThread "PulseAudio Eventloop Thread" daemon [_thread_in_native, id=7814, stack(0x00007f5690087000,0x00007f5690188000)]
  0x00007f568c00b000 JavaThread "OSCReceiver" daemon [_thread_in_native, id=7807, stack(0x00007f5691a5d000,0x00007f5691b5e000)]
  0x00007f568c00c000 JavaThread "OSCReceiver" daemon [_thread_in_native, id=7806, stack(0x00007f5691b5e000,0x00007f5691c5f000)]
  0x00007f56a040c000 JavaThread "OSCReceiver" daemon [_thread_in_native, id=7805, stack(0x00007f5691c5f000,0x00007f5691d60000)]
  0x00007f56a040b000 JavaThread "DestroyJavaVM" [_thread_blocked, id=7767, stack(0x00007f56ade94000,0x00007f56adf95000)]
  0x00007f56a040e000 JavaThread "type2" [_thread_blocked, id=7804, stack(0x00007f568beff000,0x00007f568c000000)]
  0x0000000002768000 JavaThread "type1" [_thread_blocked, id=7803, stack(0x00007f5691d86000,0x00007f5691e87000)]
=>0x00007f56a0407000 JavaThread "Environment" [_thread_in_native, id=7802, stack(0x00007f5691e87000,0x00007f5691f88000)]
  0x00007f56a03fd000 JavaThread "Router" [_thread_blocked, id=7801, stack(0x00007f5691f88000,0x00007f5692089000)]
  0x00007f56a03f3800 JavaThread "df" [_thread_blocked, id=7800, stack(0x00007f5692089000,0x00007f569218a000)]
  0x00007f56a03f1000 JavaThread "ams" [_thread_blocked, id=7799, stack(0x00007f569218a000,0x00007f569228b000)]
  0x00007f56a03ee000 JavaThread "pool-1-thread-5" [_thread_blocked, id=7798, stack(0x00007f569228b000,0x00007f569238c000)]
  0x00007f56a03ec000 JavaThread "pool-1-thread-4" [_thread_blocked, id=7797, stack(0x00007f569238c000,0x00007f569248d000)]
  0x00007f56a03ea000 JavaThread "pool-1-thread-3" [_thread_blocked, id=7796, stack(0x00007f569248d000,0x00007f569258e000)]
  0x00007f56a03e8000 JavaThread "pool-1-thread-2" [_thread_blocked, id=7795, stack(0x00007f569258e000,0x00007f569268f000)]
  0x00007f56a03e6800 JavaThread "pool-1-thread-1" [_thread_blocked, id=7794, stack(0x00007f569268f000,0x00007f5692790000)]
  0x00007f56a03c9000 JavaThread "Thread-10" [_thread_in_native, id=7793, stack(0x00007f5692790000,0x00007f5692891000)]
  0x00007f56a03b4800 JavaThread "Deliverer-4" [_thread_blocked, id=7792, stack(0x00007f5692891000,0x00007f5692992000)]
  0x00007f56a03d0800 JavaThread "Deliverer-3" [_thread_blocked, id=7791, stack(0x00007f5692992000,0x00007f5692a93000)]
  0x00007f56a03d3800 JavaThread "Deliverer-2" [_thread_blocked, id=7790, stack(0x00007f5692a93000,0x00007f5692b94000)]
  0x00007f56a03d6000 JavaThread "Deliverer-1" [_thread_blocked, id=7789, stack(0x00007f5692b94000,0x00007f5692c95000)]
  0x00007f56a03d5000 JavaThread "Deliverer-0" [_thread_blocked, id=7788, stack(0x00007f5692c95000,0x00007f5692d96000)]
  0x00007f56a039f800 JavaThread "AWT-XAWT" daemon [_thread_in_native, id=7787, stack(0x00007f5692d96000,0x00007f5692e97000)]
  0x00007f56a0364000 JavaThread "Java2D Disposer" daemon [_thread_blocked, id=7786, stack(0x00007f5692e97000,0x00007f5692f98000)]
  0x00007f56a023e000 JavaThread "Thread-4" [_thread_in_native, id=7785, stack(0x00007f5699b0c000,0x00007f5699c0d000)]
  0x00007f56a023a000 JavaThread "Thread-3" [_thread_blocked, id=7784, stack(0x00007f5699c0d000,0x00007f5699d0e000)]
  0x00007f56a0238800 JavaThread "JICPServer-1099" daemon [_thread_in_native, id=7783, stack(0x00007f5699d0e000,0x00007f5699e0f000)]
  0x00007f56a0223800 JavaThread "JADE Timer dispatcher" [_thread_blocked, id=7782, stack(0x00007f5699e0f000,0x00007f5699f10000)]
  0x00007f56a0062000 JavaThread "Service Thread" daemon [_thread_blocked, id=7780, stack(0x00007f569b97d000,0x00007f569ba7e000)]
  0x00007f56a005f800 JavaThread "C2 CompilerThread1" daemon [_thread_blocked, id=7779, stack(0x00007f569ba7e000,0x00007f569bb7f000)]
  0x00007f56a005c800 JavaThread "C2 CompilerThread0" daemon [_thread_in_native, id=7778, stack(0x00007f569bb7f000,0x00007f569bc80000)]
  0x00007f56a005a800 JavaThread "Signal Dispatcher" daemon [_thread_blocked, id=7777, stack(0x00007f56a40ef000,0x00007f56a41f0000)]
  0x00007f56a0001000 JavaThread "Finalizer" daemon [_thread_blocked, id=7776, stack(0x00007f56a436d000,0x00007f56a446e000)]
  0x0000000002574000 JavaThread "Reference Handler" daemon [_thread_blocked, id=7775, stack(0x00007f56a446e000,0x00007f56a456f000)]

Other Threads:
  0x000000000256b800 VMThread [stack: 0x00007f56a456f000,0x00007f56a4670000] [id=7774]
  0x00007f56a006d000 WatcherThread [stack: 0x00007f569b87c000,0x00007f569b97d000] [id=7781]

VM state:not at safepoint (normal execution)

VM Mutex/Monitor currently owned by a thread: None

Heap
 PSYoungGen      total 37184K, used 30689K [0x00000007d6760000, 0x00000007d90e0000, 0x0000000800000000)
  eden space 31872K, 96% used [0x00000007d6760000,0x00000007d85586f0,0x00000007d8680000)
  from space 5312K, 0% used [0x00000007d8bb0000,0x00000007d8bb0000,0x00000007d90e0000)
  to   space 5312K, 0% used [0x00000007d8680000,0x00000007d8680000,0x00000007d8bb0000)
 ParOldGen       total 85120K, used 0K [0x0000000783600000, 0x0000000788920000, 0x00000007d6760000)
  object space 85120K, 0% used [0x0000000783600000,0x0000000783600000,0x0000000788920000)
 PSPermGen       total 21248K, used 13123K [0x0000000779000000, 0x000000077a4c0000, 0x0000000783600000)
  object space 21248K, 61% used [0x0000000779000000,0x0000000779cd0d58,0x000000077a4c0000)

Card table byte_map: [0x00007f56a7857000,0x00007f56a7c90000] byte_map_base: 0x00007f56a3c8f000

Polling page: 0x00007f56ade93000

Code Cache  [0x00007f56a7c90000, 0x00007f56a7f00000, 0x00007f56aac90000)
 total_blobs=434 nmethods=54 adapters=332 free_code_cache=48575Kb largest_free_block=49711360

Compilation events (10 events):
Event: 1.379 Thread 0x00007f56a005c800   49             java.nio.Bits::short1 (6 bytes)
Event: 1.379 Thread 0x00007f56a005f800 nmethod 48 0x00007f56a7d1d6d0 code [0x00007f56a7d1d820, 0x00007f56a7d1d938]
Event: 1.380 Thread 0x00007f56a005f800   50             java.nio.Bits::short0 (3 bytes)
Event: 1.380 Thread 0x00007f56a005c800 nmethod 49 0x00007f56a7d1b1d0 code [0x00007f56a7d1b300, 0x00007f56a7d1b338]
Event: 1.380 Thread 0x00007f56a005f800 nmethod 50 0x00007f56a7d1e950 code [0x00007f56a7d1ea80, 0x00007f56a7d1eab8]
Event: 1.380 Thread 0x00007f56a005f800    3 %           java.nio.ShortBuffer::put @ 31 (55 bytes)
Event: 1.385 Thread 0x00007f56a005c800   51             java.util.Arrays::copyOf (19 bytes)
Event: 1.387 Thread 0x00007f56a005c800 nmethod 51 0x00007f56a7d1d2d0 code [0x00007f56a7d1d420, 0x00007f56a7d1d5d8]
Event: 1.387 Thread 0x00007f56a005f800 nmethod 3% 0x00007f56a7d252d0 code [0x00007f56a7d25420, 0x00007f56a7d25918]
Event: 2.321 Thread 0x00007f56a005c800   52             java.nio.ShortBuffer::put (55 bytes)

GC Heap History (0 events):
No events

Deoptimization events (1 events):
Event: 0.415 Thread 0x00000000024c9000 Uncommon trap -34 fr.pc 0x00007f56a7cf32d4

Internal exceptions (10 events):
Event: 1.259 Thread 0x00007f56a0448800 Threw 0x00000007d81323b0 at /home/jmm/scratch/jdk/openjdk-7-7u25-2.3.10/build/openjdk/hotspot/src/share/vm/prims/jvm.cpp:1235
Event: 1.259 Thread 0x00007f56a0448800 Threw 0x00000007d8134f28 at /home/jmm/scratch/jdk/openjdk-7-7u25-2.3.10/build/openjdk/hotspot/src/share/vm/prims/jvm.cpp:1235
Event: 1.259 Thread 0x00007f56a0448800 Threw 0x00000007d81371e0 at /home/jmm/scratch/jdk/openjdk-7-7u25-2.3.10/build/openjdk/hotspot/src/share/vm/prims/jvm.cpp:1235
Event: 1.260 Thread 0x00007f56a0448800 Threw 0x00000007d8139498 at /home/jmm/scratch/jdk/openjdk-7-7u25-2.3.10/build/openjdk/hotspot/src/share/vm/prims/jvm.cpp:1235
Event: 1.261 Thread 0x00000000026e4800 Threw 0x00000007d8361b20 at /home/jmm/scratch/jdk/openjdk-7-7u25-2.3.10/build/openjdk/hotspot/src/share/vm/prims/jvm.cpp:1235
Event: 1.262 Thread 0x00000000026e4800 Threw 0x00000007d8364fa8 at /home/jmm/scratch/jdk/openjdk-7-7u25-2.3.10/build/openjdk/hotspot/src/share/vm/prims/jvm.cpp:1235
Event: 1.358 Thread 0x00007f56a0407000 Threw 0x00000007d7f53290 at /home/jmm/scratch/jdk/openjdk-7-7u25-2.3.10/build/openjdk/hotspot/src/share/vm/prims/jvm.cpp:1235
Event: 1.384 Thread 0x00007f56a0407000 Threw 0x00000007d7f564e8 at /home/jmm/scratch/jdk/openjdk-7-7u25-2.3.10/build/openjdk/hotspot/src/share/vm/prims/jvm.cpp:1235
Event: 1.384 Thread 0x00007f56a0407000 Threw 0x00000007d7f58bc8 at /home/jmm/scratch/jdk/openjdk-7-7u25-2.3.10/build/openjdk/hotspot/src/share/vm/prims/jvm.cpp:1235
Event: 1.385 Thread 0x00007f56a0407000 Threw 0x00000007d7f5be58 at /home/jmm/scratch/jdk/openjdk-7-7u25-2.3.10/build/openjdk/hotspot/src/share/vm/prims/jvm.cpp:1235

Events (10 events):
Event: 1.262 loading class 0x00007f56a03b73b0 done
Event: 1.358 loading class 0x0000000002766770
Event: 1.358 loading class 0x0000000002766770 done
Event: 1.384 loading class 0x0000000002793160
Event: 1.384 loading class 0x0000000002793160 done
Event: 1.384 loading class 0x00007f56a02e8990
Event: 1.384 loading class 0x00007f56a02e8990 done
Event: 1.384 loading class 0x00007f56a03b7560
Event: 1.384 loading class 0x00007f56a03b7560 done
Event: 1.385 Thread 0x00007f56a044e000 Thread added: 0x00007f56a044e000


Dynamic libraries:
00400000-00401000 r-xp 00000000 08:05 7876088                            /usr/lib/jvm/java-7-openjdk-amd64/jre/bin/java
00600000-00601000 r--p 00000000 08:05 7876088                            /usr/lib/jvm/java-7-openjdk-amd64/jre/bin/java
00601000-00602000 rw-p 00001000 08:05 7876088                            /usr/lib/jvm/java-7-openjdk-amd64/jre/bin/java
024bd000-028aa000 rw-p 00000000 00:00 0                                  [heap]
779000000-77a4c0000 rw-p 00000000 00:00 0 
77a4c0000-783600000 rw-p 00000000 00:00 0 
783600000-788920000 rw-p 00000000 00:00 0 
788920000-7d6760000 rw-p 00000000 00:00 0 
7d6760000-7d90e0000 rw-p 00000000 00:00 0 
7d90e0000-800000000 rw-p 00000000 00:00 0 
7f5681f00000-7f5685f01000 rw-s 00000000 00:11 2038459                    /run/shm/pulse-shm-316421322
7f5685f07000-7f5685f08000 ---p 00000000 00:00 0 
7f5685f08000-7f5686708000 rw-p 00000000 00:00 0 
7f568a0fc000-7f568a0ff000 ---p 00000000 00:00 0 
7f568a0ff000-7f568a1fd000 rw-p 00000000 00:00 0 
7f568a1fd000-7f568a200000 ---p 00000000 00:00 0 
7f568a200000-7f568a2fe000 rw-p 00000000 00:00 0 
7f568a2fe000-7f568a301000 ---p 00000000 00:00 0 
7f568a301000-7f568a3ff000 rw-p 00000000 00:00 0 
7f568a3ff000-7f568a402000 ---p 00000000 00:00 0 
7f568a402000-7f568a500000 rw-p 00000000 00:00 0 
7f568a500000-7f568a50d000 r-xp 00000000 08:05 9967722                    /usr/lib/jvm/java-7-openjdk-amd64/jre/lib/amd64/libpulse-java.so
7f568a50d000-7f568a70c000 ---p 0000d000 08:05 9967722                    /usr/lib/jvm/java-7-openjdk-amd64/jre/lib/amd64/libpulse-java.so
7f568a70c000-7f568a70d000 r--p 0000c000 08:05 9967722                    /usr/lib/jvm/java-7-openjdk-amd64/jre/lib/amd64/libpulse-java.so
7f568a70d000-7f568a70e000 rw-p 0000d000 08:05 9967722                    /usr/lib/jvm/java-7-openjdk-amd64/jre/lib/amd64/libpulse-java.so
7f568a710000-7f568a716000 r-xp 00000000 08:05 8132597                    /usr/lib/x86_64-linux-gnu/libogg.so.0.8.0
7f568a716000-7f568a915000 ---p 00006000 08:05 8132597                    /usr/lib/x86_64-linux-gnu/libogg.so.0.8.0
7f568a915000-7f568a916000 rw-p 00005000 08:05 8132597                    /usr/lib/x86_64-linux-gnu/libogg.so.0.8.0
7f568a918000-7f568a944000 r-xp 00000000 08:05 8132806                    /usr/lib/x86_64-linux-gnu/libvorbis.so.0.4.5
7f568a944000-7f568ab43000 ---p 0002c000 08:05 8132806                    /usr/lib/x86_64-linux-gnu/libvorbis.so.0.4.5
7f568ab43000-7f568ab44000 r--p 0002b000 08:05 8132806                    /usr/lib/x86_64-linux-gnu/libvorbis.so.0.4.5
7f568ab44000-7f568ab45000 rw-p 0002c000 08:05 8132806                    /usr/lib/x86_64-linux-gnu/libvorbis.so.0.4.5
7f568ab48000-7f568adfb000 r-xp 00000000 08:05 8132808                    /usr/lib/x86_64-linux-gnu/libvorbisenc.so.2.0.8
7f568adfb000-7f568affa000 ---p 002b3000 08:05 8132808                    /usr/lib/x86_64-linux-gnu/libvorbisenc.so.2.0.8
7f568affa000-7f568b016000 r--p 002b2000 08:05 8132808                    /usr/lib/x86_64-linux-gnu/libvorbisenc.so.2.0.8
7f568b016000-7f568b017000 rw-p 002ce000 08:05 8132808                    /usr/lib/x86_64-linux-gnu/libvorbisenc.so.2.0.8
7f568b018000-7f568b063000 r-xp 00000000 08:05 8132007                    /usr/lib/x86_64-linux-gnu/libFLAC.so.8.2.0
7f568b063000-7f568b262000 ---p 0004b000 08:05 8132007                    /usr/lib/x86_64-linux-gnu/libFLAC.so.8.2.0
7f568b262000-7f568b263000 r--p 0004a000 08:05 8132007                    /usr/lib/x86_64-linux-gnu/libFLAC.so.8.2.0
7f568b263000-7f568b264000 rw-p 0004b000 08:05 8132007                    /usr/lib/x86_64-linux-gnu/libFLAC.so.8.2.0
7f568b268000-7f568b26c000 r-xp 00000000 08:05 5374967                    /lib/x86_64-linux-gnu/libuuid.so.1.3.0
7f568b26c000-7f568b46b000 ---p 00004000 08:05 5374967                    /lib/x86_64-linux-gnu/libuuid.so.1.3.0
7f568b46b000-7f568b46c000 r--p 00003000 08:05 5374967                    /lib/x86_64-linux-gnu/libuuid.so.1.3.0
7f568b46c000-7f568b46d000 rw-p 00004000 08:05 5374967                    /lib/x86_64-linux-gnu/libuuid.so.1.3.0
7f568b470000-7f568b474000 r-xp 00000000 08:05 5374819                    /lib/x86_64-linux-gnu/libattr.so.1.1.0
7f568b474000-7f568b673000 ---p 00004000 08:05 5374819                    /lib/x86_64-linux-gnu/libattr.so.1.1.0
7f568b673000-7f568b674000 r--p 00003000 08:05 5374819                    /lib/x86_64-linux-gnu/libattr.so.1.1.0
7f568b674000-7f568b675000 rw-p 00004000 08:05 5374819                    /lib/x86_64-linux-gnu/libattr.so.1.1.0
7f568b678000-7f568b67d000 r-xp 00000000 08:05 8132104                    /usr/lib/x86_64-linux-gnu/libasyncns.so.0.3.1
7f568b67d000-7f568b87c000 ---p 00005000 08:05 8132104                    /usr/lib/x86_64-linux-gnu/libasyncns.so.0.3.1
7f568b87c000-7f568b87d000 rw-p 00004000 08:05 8132104                    /usr/lib/x86_64-linux-gnu/libasyncns.so.0.3.1
7f568b880000-7f568b8e1000 r-xp 00000000 08:05 8132721                    /usr/lib/x86_64-linux-gnu/libsndfile.so.1.0.25
7f568b8e1000-7f568bae0000 ---p 00061000 08:05 8132721                    /usr/lib/x86_64-linux-gnu/libsndfile.so.1.0.25
7f568bae0000-7f568bae2000 r--p 00060000 08:05 8132721                    /usr/lib/x86_64-linux-gnu/libsndfile.so.1.0.25
7f568bae2000-7f568bae3000 rw-p 00062000 08:05 8132721                    /usr/lib/x86_64-linux-gnu/libsndfile.so.1.0.25
7f568bae3000-7f568bae7000 rw-p 00000000 00:00 0 
7f568bae8000-7f568baf1000 r-xp 00000000 08:05 5374969                    /lib/x86_64-linux-gnu/libwrap.so.0.7.6
7f568baf1000-7f568bcf0000 ---p 00009000 08:05 5374969                    /lib/x86_64-linux-gnu/libwrap.so.0.7.6
7f568bcf0000-7f568bcf1000 r--p 00008000 08:05 5374969                    /lib/x86_64-linux-gnu/libwrap.so.0.7.6
7f568bcf1000-7f568bcf2000 rw-p 00009000 08:05 5374969                    /lib/x86_64-linux-gnu/libwrap.so.0.7.6
7f568bcf2000-7f568bcf3000 rw-p 00000000 00:00 0 
7f568bcf8000-7f568bcff000 r-xp 00000000 08:05 8132027                    /usr/lib/x86_64-linux-gnu/libSM.so.6.0.1
7f568bcff000-7f568befe000 ---p 00007000 08:05 8132027                    /usr/lib/x86_64-linux-gnu/libSM.so.6.0.1
7f568befe000-7f568beff000 rw-p 00006000 08:05 8132027                    /usr/lib/x86_64-linux-gnu/libSM.so.6.0.1
7f568beff000-7f568bf02000 ---p 00000000 00:00 0 
7f568bf02000-7f568c000000 rw-p 00000000 00:00 0 
7f568c000000-7f568c054000 rw-p 00000000 00:00 0 
7f568c054000-7f5690000000 ---p 00000000 00:00 0 
7f5690087000-7f569008a000 ---p 00000000 00:00 0 
7f569008a000-7f5690188000 rw-p 00000000 00:00 0 
7f5690188000-7f569019f000 r-xp 00000000 08:05 8132017                    /usr/lib/x86_64-linux-gnu/libICE.so.6.3.0
7f569019f000-7f569039e000 ---p 00017000 08:05 8132017                    /usr/lib/x86_64-linux-gnu/libICE.so.6.3.0
7f569039e000-7f56903a0000 rw-p 00016000 08:05 8132017                    /usr/lib/x86_64-linux-gnu/libICE.so.6.3.0
7f56903a0000-7f56903a3000 rw-p 00000000 00:00 0 
7f56903a8000-7f56903a9000 r-xp 00000000 08:05 8132034                    /usr/lib/x86_64-linux-gnu/libX11-xcb.so.1.0.0
7f56903a9000-7f56905a8000 ---p 00001000 08:05 8132034                    /usr/lib/x86_64-linux-gnu/libX11-xcb.so.1.0.0
7f56905a8000-7f56905a9000 rw-p 00000000 08:05 8132034                    /usr/lib/x86_64-linux-gnu/libX11-xcb.so.1.0.0
7f56905b0000-7f56905b4000 r-xp 00000000 08:05 5374832                    /lib/x86_64-linux-gnu/libcap.so.2.22
7f56905b4000-7f56907b3000 ---p 00004000 08:05 5374832                    /lib/x86_64-linux-gnu/libcap.so.2.22
7f56907b3000-7f56907b4000 rw-p 00003000 08:05 5374832                    /lib/x86_64-linux-gnu/libcap.so.2.22
7f56907b8000-7f5690819000 r-xp 00000000 08:05 8258130                    /usr/lib/x86_64-linux-gnu/pulseaudio/libpulsecommon-2.0.so
7f5690819000-7f5690a18000 ---p 00061000 08:05 8258130                    /usr/lib/x86_64-linux-gnu/pulseaudio/libpulsecommon-2.0.so
7f5690a18000-7f5690a19000 r--p 00060000 08:05 8258130                    /usr/lib/x86_64-linux-gnu/pulseaudio/libpulsecommon-2.0.so
7f5690a19000-7f5690a1b000 rw-p 00061000 08:05 8258130                    /usr/lib/x86_64-linux-gnu/pulseaudio/libpulsecommon-2.0.so
7f5690a20000-7f5690a29000 r-xp 00000000 08:05 5374868                    /lib/x86_64-linux-gnu/libjson.so.0.1.0
7f5690a29000-7f5690c28000 ---p 00009000 08:05 5374868                    /lib/x86_64-linux-gnu/libjson.so.0.1.0
7f5690c28000-7f5690c29000 r--p 00008000 08:05 5374868                    /lib/x86_64-linux-gnu/libjson.so.0.1.0
7f5690c29000-7f5690c2a000 rw-p 00009000 08:05 5374868                    /lib/x86_64-linux-gnu/libjson.so.0.1.0
7f5690c30000-7f5690c79000 r-xp 00000000 08:05 8132674                    /usr/lib/x86_64-linux-gnu/libpulse.so.0.14.2
7f5690c79000-7f5690e78000 ---p 00049000 08:05 8132674                    /usr/lib/x86_64-linux-gnu/libpulse.so.0.14.2
7f5690e78000-7f5690e79000 r--p 00048000 08:05 8132674                    /usr/lib/x86_64-linux-gnu/libpulse.so.0.14.2
7f5690e79000-7f5690e7a000 rw-p 00049000 08:05 8132674                    /usr/lib/x86_64-linux-gnu/libpulse.so.0.14.2
7f5690e80000-7f5690e86000 r-xp 00000000 08:05 8131172                    /usr/lib/x86_64-linux-gnu/alsa-lib/libasound_module_pcm_pulse.so
7f5690e86000-7f5691085000 ---p 00006000 08:05 8131172                    /usr/lib/x86_64-linux-gnu/alsa-lib/libasound_module_pcm_pulse.so
7f5691085000-7f5691086000 r--p 00005000 08:05 8131172                    /usr/lib/x86_64-linux-gnu/alsa-lib/libasound_module_pcm_pulse.so
7f5691086000-7f5691087000 rw-p 00006000 08:05 8131172                    /usr/lib/x86_64-linux-gnu/alsa-lib/libasound_module_pcm_pulse.so
7f5691088000-7f5691174000 r-xp 00000000 08:05 8132098                    /usr/lib/x86_64-linux-gnu/libasound.so.2.0.0
7f5691174000-7f5691374000 ---p 000ec000 08:05 8132098                    /usr/lib/x86_64-linux-gnu/libasound.so.2.0.0
7f5691374000-7f569137a000 r--p 000ec000 08:05 8132098                    /usr/lib/x86_64-linux-gnu/libasound.so.2.0.0
7f569137a000-7f569137c000 rw-p 000f2000 08:05 8132098                    /usr/lib/x86_64-linux-gnu/libasound.so.2.0.0
7f5691380000-7f569138f000 r-xp 00000000 08:05 9967721                    /usr/lib/jvm/java-7-openjdk-amd64/jre/lib/amd64/libjsoundalsa.so
7f569138f000-7f569158e000 ---p 0000f000 08:05 9967721                    /usr/lib/jvm/java-7-openjdk-amd64/jre/lib/amd64/libjsoundalsa.so
7f569158e000-7f569158f000 r--p 0000e000 08:05 9967721                    /usr/lib/jvm/java-7-openjdk-amd64/jre/lib/amd64/libjsoundalsa.so
7f569158f000-7f5691590000 rw-p 0000f000 08:05 9967721                    /usr/lib/jvm/java-7-openjdk-amd64/jre/lib/amd64/libjsoundalsa.so
7f5691590000-7f5691591000 r-xp 00000000 08:05 9967621                    /usr/lib/jvm/java-7-openjdk-amd64/jre/lib/amd64/libjsound.so
7f5691591000-7f5691790000 ---p 00001000 08:05 9967621                    /usr/lib/jvm/java-7-openjdk-amd64/jre/lib/amd64/libjsound.so
7f5691790000-7f5691791000 r--p 00000000 08:05 9967621                    /usr/lib/jvm/java-7-openjdk-amd64/jre/lib/amd64/libjsound.so
7f5691791000-7f5691792000 rw-p 00001000 08:05 9967621                    /usr/lib/jvm/java-7-openjdk-amd64/jre/lib/amd64/libjsound.so
7f5691798000-7f569184a000 r-xp 00000000 08:05 9709265                    /tmp/libpdnative1122802147835522006.so
7f569184a000-7f5691a4a000 ---p 000b2000 08:05 9709265                    /tmp/libpdnative1122802147835522006.so
7f5691a4a000-7f5691a4d000 rw-p 000b2000 08:05 9709265                    /tmp/libpdnative1122802147835522006.so
7f5691a4d000-7f5691a5a000 rw-p 00000000 00:00 0 
7f5691a5d000-7f5691a60000 ---p 00000000 00:00 0 
7f5691a60000-7f5691b5e000 rw-p 00000000 00:00 0 
7f5691b5e000-7f5691b61000 ---p 00000000 00:00 0 
7f5691b61000-7f5691c5f000 rw-p 00000000 00:00 0 
7f5691c5f000-7f5691c62000 ---p 00000000 00:00 0 
7f5691c62000-7f5691d60000 rw-p 00000000 00:00 0 
7f5691d86000-7f5691d89000 ---p 00000000 00:00 0 
7f5691d89000-7f5691e87000 rw-p 00000000 00:00 0 
7f5691e87000-7f5691e8a000 ---p 00000000 00:00 0 
7f5691e8a000-7f5691f88000 rw-p 00000000 00:00 0 
7f5691f88000-7f5691f8b000 ---p 00000000 00:00 0 
7f5691f8b000-7f5692089000 rw-p 00000000 00:00 0 
7f5692089000-7f569208c000 ---p 00000000 00:00 0 
7f569208c000-7f569218a000 rw-p 00000000 00:00 0 
7f569218a000-7f569218d000 ---p 00000000 00:00 0 
7f569218d000-7f569228b000 rw-p 00000000 00:00 0 
7f569228b000-7f569228e000 ---p 00000000 00:00 0 
7f569228e000-7f569238c000 rw-p 00000000 00:00 0 
7f569238c000-7f569238f000 ---p 00000000 00:00 0 
7f569238f000-7f569248d000 rw-p 00000000 00:00 0 
7f569248d000-7f5692490000 ---p 00000000 00:00 0 
7f5692490000-7f569258e000 rw-p 00000000 00:00 0 
7f569258e000-7f5692591000 ---p 00000000 00:00 0 
7f5692591000-7f569268f000 rw-p 00000000 00:00 0 
7f569268f000-7f5692692000 ---p 00000000 00:00 0 
7f5692692000-7f5692790000 rw-p 00000000 00:00 0 
7f5692790000-7f5692793000 ---p 00000000 00:00 0 
7f5692793000-7f5692891000 rw-p 00000000 00:00 0 
7f5692891000-7f5692894000 ---p 00000000 00:00 0 
7f5692894000-7f5692992000 rw-p 00000000 00:00 0 
7f5692992000-7f5692995000 ---p 00000000 00:00 0 
7f5692995000-7f5692a93000 rw-p 00000000 00:00 0 
7f5692a93000-7f5692a96000 ---p 00000000 00:00 0 
7f5692a96000-7f5692b94000 rw-p 00000000 00:00 0 
7f5692b94000-7f5692b97000 ---p 00000000 00:00 0 
7f5692b97000-7f5692c95000 rw-p 00000000 00:00 0 
7f5692c95000-7f5692c98000 ---p 00000000 00:00 0 
7f5692c98000-7f5692d96000 rw-p 00000000 00:00 0 
7f5692d96000-7f5692d99000 ---p 00000000 00:00 0 
7f5692d99000-7f5692e97000 rw-p 00000000 00:00 0 
7f5692e97000-7f5692e9a000 ---p 00000000 00:00 0 
7f5692e9a000-7f5692f98000 rw-p 00000000 00:00 0 
7f5692f98000-7f5692f9b000 r-xp 00000000 08:05 5374859                    /lib/x86_64-linux-gnu/libgpg-error.so.0.8.0
7f5692f9b000-7f569319a000 ---p 00003000 08:05 5374859                    /lib/x86_64-linux-gnu/libgpg-error.so.0.8.0
7f569319a000-7f569319b000 rw-p 00002000 08:05 5374859                    /lib/x86_64-linux-gnu/libgpg-error.so.0.8.0
7f56931a0000-7f56931e4000 r-xp 00000000 08:05 5374854                    /lib/x86_64-linux-gnu/libdbus-1.so.3.7.2
7f56931e4000-7f56933e4000 ---p 00044000 08:05 5374854                    /lib/x86_64-linux-gnu/libdbus-1.so.3.7.2
7f56933e4000-7f56933e5000 r--p 00044000 08:05 5374854                    /lib/x86_64-linux-gnu/libdbus-1.so.3.7.2
7f56933e5000-7f56933e6000 rw-p 00045000 08:05 5374854                    /lib/x86_64-linux-gnu/libdbus-1.so.3.7.2
7f56933e8000-7f56933f9000 r-xp 00000000 08:05 8132613                    /usr/lib/x86_64-linux-gnu/libp11-kit.so.0.0.0
7f56933f9000-7f56935f8000 ---p 00011000 08:05 8132613                    /usr/lib/x86_64-linux-gnu/libp11-kit.so.0.0.0
7f56935f8000-7f56935f9000 r--p 00010000 08:05 8132613                    /usr/lib/x86_64-linux-gnu/libp11-kit.so.0.0.0
7f56935f9000-7f56935fa000 rw-p 00011000 08:05 8132613                    /usr/lib/x86_64-linux-gnu/libp11-kit.so.0.0.0
7f5693600000-7f569367a000 r-xp 00000000 08:05 5375117                    /lib/x86_64-linux-gnu/libgcrypt.so.11.7.0
7f569367a000-7f569387a000 ---p 0007a000 08:05 5375117                    /lib/x86_64-linux-gnu/libgcrypt.so.11.7.0
7f569387a000-7f569387b000 r--p 0007a000 08:05 5375117                    /lib/x86_64-linux-gnu/libgcrypt.so.11.7.0
7f569387b000-7f569387e000 rw-p 0007b000 08:05 5375117                    /lib/x86_64-linux-gnu/libgcrypt.so.11.7.0
7f5693880000-7f5693890000 r-xp 00000000 08:05 8132758                    /usr/lib/x86_64-linux-gnu/libtasn1.so.3.1.16
7f5693890000-7f5693a8f000 ---p 00010000 08:05 8132758                    /usr/lib/x86_64-linux-gnu/libtasn1.so.3.1.16
7f5693a8f000-7f5693a90000 r--p 0000f000 08:05 8132758                    /usr/lib/x86_64-linux-gnu/libtasn1.so.3.1.16
7f5693a90000-7f5693a91000 rw-p 00010000 08:05 8132758                    /usr/lib/x86_64-linux-gnu/libtasn1.so.3.1.16
7f5693a98000-7f5693a9b000 r-xp 00000000 08:05 5374870                    /lib/x86_64-linux-gnu/libkeyutils.so.1.4
7f5693a9b000-7f5693c9a000 ---p 00003000 08:05 5374870                    /lib/x86_64-linux-gnu/libkeyutils.so.1.4
7f5693c9a000-7f5693c9b000 r--p 00002000 08:05 5374870                    /lib/x86_64-linux-gnu/libkeyutils.so.1.4
7f5693c9b000-7f5693c9c000 rw-p 00003000 08:05 5374870                    /lib/x86_64-linux-gnu/libkeyutils.so.1.4
7f5693ca0000-7f5693ca8000 r-xp 00000000 08:05 8132512                    /usr/lib/x86_64-linux-gnu/libkrb5support.so.0.1
7f5693ca8000-7f5693ea7000 ---p 00008000 08:05 8132512                    /usr/lib/x86_64-linux-gnu/libkrb5support.so.0.1
7f5693ea7000-7f5693ea8000 r--p 00007000 08:05 8132512                    /usr/lib/x86_64-linux-gnu/libkrb5support.so.0.1
7f5693ea8000-7f5693ea9000 rw-p 00008000 08:05 8132512                    /usr/lib/x86_64-linux-gnu/libkrb5support.so.0.1
7f5693eb0000-7f5693eb3000 r-xp 00000000 08:05 5374836                    /lib/x86_64-linux-gnu/libcom_err.so.2.1
7f5693eb3000-7f56940b2000 ---p 00003000 08:05 5374836                    /lib/x86_64-linux-gnu/libcom_err.so.2.1
7f56940b2000-7f56940b3000 r--p 00002000 08:05 5374836                    /lib/x86_64-linux-gnu/libcom_err.so.2.1
7f56940b3000-7f56940b4000 rw-p 00003000 08:05 5374836                    /lib/x86_64-linux-gnu/libcom_err.so.2.1
7f56940b8000-7f56940de000 r-xp 00000000 08:05 8130803                    /usr/lib/x86_64-linux-gnu/libk5crypto.so.3.1
7f56940de000-7f56942de000 ---p 00026000 08:05 8130803                    /usr/lib/x86_64-linux-gnu/libk5crypto.so.3.1
7f56942de000-7f56942df000 r--p 00026000 08:05 8130803                    /usr/lib/x86_64-linux-gnu/libk5crypto.so.3.1
7f56942df000-7f56942e0000 rw-p 00027000 08:05 8130803                    /usr/lib/x86_64-linux-gnu/libk5crypto.so.3.1
7f56942e0000-7f56942e1000 rw-p 00000000 00:00 0 
7f56942e8000-7f56943b1000 r-xp 00000000 08:05 8132391                    /usr/lib/x86_64-linux-gnu/libkrb5.so.3.3
7f56943b1000-7f56945b0000 ---p 000c9000 08:05 8132391                    /usr/lib/x86_64-linux-gnu/libkrb5.so.3.3
7f56945b0000-7f56945ba000 r--p 000c8000 08:05 8132391                    /usr/lib/x86_64-linux-gnu/libkrb5.so.3.3
7f56945ba000-7f56945bc000 rw-p 000d2000 08:05 8132391                    /usr/lib/x86_64-linux-gnu/libkrb5.so.3.3
7f56945c0000-7f56945c5000 r-xp 00000000 08:05 8132050                    /usr/lib/x86_64-linux-gnu/libXdmcp.so.6.0.0
7f56945c5000-7f56947c4000 ---p 00005000 08:05 8132050                    /usr/lib/x86_64-linux-gnu/libXdmcp.so.6.0.0
7f56947c4000-7f56947c5000 rw-p 00004000 08:05 8132050                    /usr/lib/x86_64-linux-gnu/libXdmcp.so.6.0.0
7f56947c8000-7f56947ca000 r-xp 00000000 08:05 8132039                    /usr/lib/x86_64-linux-gnu/libXau.so.6.0.0
7f56947ca000-7f56949ca000 ---p 00002000 08:05 8132039                    /usr/lib/x86_64-linux-gnu/libXau.so.6.0.0
7f56949ca000-7f56949cb000 rw-p 00002000 08:05 8132039                    /usr/lib/x86_64-linux-gnu/libXau.so.6.0.0
7f56949d0000-7f56949e0000 r-xp 00000000 08:05 8132114                    /usr/lib/x86_64-linux-gnu/libavahi-client.so.3.2.9
7f56949e0000-7f5694bdf000 ---p 00010000 08:05 8132114                    /usr/lib/x86_64-linux-gnu/libavahi-client.so.3.2.9
7f5694bdf000-7f5694be0000 r--p 0000f000 08:05 8132114                    /usr/lib/x86_64-linux-gnu/libavahi-client.so.3.2.9
7f5694be0000-7f5694be1000 rw-p 00010000 08:05 8132114                    /usr/lib/x86_64-linux-gnu/libavahi-client.so.3.2.9
7f5694be8000-7f5694bf4000 r-xp 00000000 08:05 8132116                    /usr/lib/x86_64-linux-gnu/libavahi-common.so.3.5.3
7f5694bf4000-7f5694df3000 ---p 0000c000 08:05 8132116                    /usr/lib/x86_64-linux-gnu/libavahi-common.so.3.5.3
7f5694df3000-7f5694df4000 r--p 0000b000 08:05 8132116                    /usr/lib/x86_64-linux-gnu/libavahi-common.so.3.5.3
7f5694df4000-7f5694df5000 rw-p 0000c000 08:05 8132116                    /usr/lib/x86_64-linux-gnu/libavahi-common.so.3.5.3
7f5694df8000-7f5694eb1000 r-xp 00000000 08:05 8132366                    /usr/lib/x86_64-linux-gnu/libgnutls.so.26.22.4
7f5694eb1000-7f56950b0000 ---p 000b9000 08:05 8132366                    /usr/lib/x86_64-linux-gnu/libgnutls.so.26.22.4
7f56950b0000-7f56950b6000 r--p 000b8000 08:05 8132366                    /usr/lib/x86_64-linux-gnu/libgnutls.so.26.22.4
7f56950b6000-7f56950b8000 rw-p 000be000 08:05 8132366                    /usr/lib/x86_64-linux-gnu/libgnutls.so.26.22.4
7f56950b8000-7f56950f4000 r-xp 00000000 08:05 8130805                    /usr/lib/x86_64-linux-gnu/libgssapi_krb5.so.2.2
7f56950f4000-7f56952f4000 ---p 0003c000 08:05 8130805                    /usr/lib/x86_64-linux-gnu/libgssapi_krb5.so.2.2
7f56952f4000-7f56952f5000 r--p 0003c000 08:05 8130805                    /usr/lib/x86_64-linux-gnu/libgssapi_krb5.so.2.2
7f56952f5000-7f56952f7000 rw-p 0003d000 08:05 8130805                    /usr/lib/x86_64-linux-gnu/libgssapi_krb5.so.2.2
7f56952f8000-7f569531f000 r-xp 00000000 08:05 5374848                    /lib/x86_64-linux-gnu/libexpat.so.1.6.0
7f569531f000-7f569551f000 ---p 00027000 08:05 5374848                    /lib/x86_64-linux-gnu/libexpat.so.1.6.0
7f569551f000-7f5695521000 r--p 00027000 08:05 5374848                    /lib/x86_64-linux-gnu/libexpat.so.1.6.0
7f5695521000-7f5695522000 rw-p 00029000 08:05 5374848                    /lib/x86_64-linux-gnu/libexpat.so.1.6.0
7f5695528000-7f5695530000 r-xp 00000000 08:05 8130756                    /usr/lib/x86_64-linux-gnu/libxcb-render.so.0.0.0
7f5695530000-7f5695730000 ---p 00008000 08:05 8130756                    /usr/lib/x86_64-linux-gnu/libxcb-render.so.0.0.0
7f5695730000-7f5695731000 r--p 00008000 08:05 8130756                    /usr/lib/x86_64-linux-gnu/libxcb-render.so.0.0.0
7f5695731000-7f5695732000 rw-p 00009000 08:05 8130756                    /usr/lib/x86_64-linux-gnu/libxcb-render.so.0.0.0
7f5695738000-7f569573a000 r-xp 00000000 08:05 8130760                    /usr/lib/x86_64-linux-gnu/libxcb-shm.so.0.0.0
7f569573a000-7f5695939000 ---p 00002000 08:05 8130760                    /usr/lib/x86_64-linux-gnu/libxcb-shm.so.0.0.0
7f5695939000-7f569593a000 r--p 00001000 08:05 8130760                    /usr/lib/x86_64-linux-gnu/libxcb-shm.so.0.0.0
7f569593a000-7f569593b000 rw-p 00002000 08:05 8130760                    /usr/lib/x86_64-linux-gnu/libxcb-shm.so.0.0.0
7f5695940000-7f56959c0000 r-xp 00000000 08:05 8132643                    /usr/lib/x86_64-linux-gnu/libpixman-1.so.0.26.0
7f56959c0000-7f5695bc0000 ---p 00080000 08:05 8132643                    /usr/lib/x86_64-linux-gnu/libpixman-1.so.0.26.0
7f5695bc0000-7f5695bc6000 rw-p 00080000 08:05 8132643                    /usr/lib/x86_64-linux-gnu/libpixman-1.so.0.26.0
7f5695bc8000-7f5695bee000 r-xp 00000000 08:05 5374925                    /lib/x86_64-linux-gnu/libpng12.so.0.49.0
7f5695bee000-7f5695ded000 ---p 00026000 08:05 5374925                    /lib/x86_64-linux-gnu/libpng12.so.0.49.0
7f5695ded000-7f5695dee000 r--p 00025000 08:05 5374925                    /lib/x86_64-linux-gnu/libpng12.so.0.49.0
7f5695dee000-7f5695def000 rw-p 00026000 08:05 5374925                    /lib/x86_64-linux-gnu/libpng12.so.0.49.0
7f5695df0000-7f5695dfa000 r-xp 00000000 08:05 8130762                    /usr/lib/x86_64-linux-gnu/libXcursor.so.1.0.2
7f5695dfa000-7f5695ff9000 ---p 0000a000 08:05 8130762                    /usr/lib/x86_64-linux-gnu/libXcursor.so.1.0.2
7f5695ff9000-7f5695ffa000 rw-p 00009000 08:05 8130762                    /usr/lib/x86_64-linux-gnu/libXcursor.so.1.0.2
7f5696000000-7f5696007000 r-xp 00000000 08:05 8130751                    /usr/lib/x86_64-linux-gnu/libXrandr.so.2.2.0
7f5696007000-7f5696207000 ---p 00007000 08:05 8130751                    /usr/lib/x86_64-linux-gnu/libXrandr.so.2.2.0
7f5696207000-7f5696208000 rw-p 00007000 08:05 8130751                    /usr/lib/x86_64-linux-gnu/libXrandr.so.2.2.0
7f5696208000-7f569620a000 r-xp 00000000 08:05 8129749                    /usr/lib/x86_64-linux-gnu/libXinerama.so.1.0.0
7f569620a000-7f5696409000 ---p 00002000 08:05 8129749                    /usr/lib/x86_64-linux-gnu/libXinerama.so.1.0.0
7f5696409000-7f569640a000 rw-p 00001000 08:05 8129749                    /usr/lib/x86_64-linux-gnu/libXinerama.so.1.0.0
7f5696410000-7f5696415000 r-xp 00000000 08:05 8132051                    /usr/lib/x86_64-linux-gnu/libXfixes.so.3.1.0
7f5696415000-7f5696614000 ---p 00005000 08:05 8132051                    /usr/lib/x86_64-linux-gnu/libXfixes.so.3.1.0
7f5696614000-7f5696615000 r--p 00004000 08:05 8132051                    /usr/lib/x86_64-linux-gnu/libXfixes.so.3.1.0
7f5696615000-7f5696616000 rw-p 00005000 08:05 8132051                    /usr/lib/x86_64-linux-gnu/libXfixes.so.3.1.0
7f5696618000-7f569661a000 r-xp 00000000 08:05 8132048                    /usr/lib/x86_64-linux-gnu/libXdamage.so.1.1.0
7f569661a000-7f5696819000 ---p 00002000 08:05 8132048                    /usr/lib/x86_64-linux-gnu/libXdamage.so.1.1.0
7f5696819000-7f569681a000 rw-p 00001000 08:05 8132048                    /usr/lib/x86_64-linux-gnu/libXdamage.so.1.1.0
7f5696820000-7f5696822000 r-xp 00000000 08:05 8132044                    /usr/lib/x86_64-linux-gnu/libXcomposite.so.1.0.0
7f5696822000-7f5696a21000 ---p 00002000 08:05 8132044                    /usr/lib/x86_64-linux-gnu/libXcomposite.so.1.0.0
7f5696a21000-7f5696a22000 rw-p 00001000 08:05 8132044                    /usr/lib/x86_64-linux-gnu/libXcomposite.so.1.0.0
7f5696a28000-7f5696a47000 r-xp 00000000 08:05 8132364                    /usr/lib/x86_64-linux-gnu/libxcb.so.1.1.0
7f5696a47000-7f5696c46000 ---p 0001f000 08:05 8132364                    /usr/lib/x86_64-linux-gnu/libxcb.so.1.1.0
7f5696c46000-7f5696c47000 r--p 0001e000 08:05 8132364                    /usr/lib/x86_64-linux-gnu/libxcb.so.1.1.0
7f5696c47000-7f5696c48000 rw-p 0001f000 08:05 8132364                    /usr/lib/x86_64-linux-gnu/libxcb.so.1.1.0
7f5696c48000-7f5696c9b000 r-xp 00000000 08:05 8132196                    /usr/lib/x86_64-linux-gnu/libcups.so.2
7f5696c9b000-7f5696e9a000 ---p 00053000 08:05 8132196                    /usr/lib/x86_64-linux-gnu/libcups.so.2
7f5696e9a000-7f5696e9f000 r--p 00052000 08:05 8132196                    /usr/lib/x86_64-linux-gnu/libcups.so.2
7f5696e9f000-7f5696ea0000 rw-p 00057000 08:05 8132196                    /usr/lib/x86_64-linux-gnu/libcups.so.2
7f5696ea0000-7f5696ed5000 r-xp 00000000 08:05 8132306                    /usr/lib/x86_64-linux-gnu/libfontconfig.so.1.5.0
7f5696ed5000-7f56970d5000 ---p 00035000 08:05 8132306                    /usr/lib/x86_64-linux-gnu/libfontconfig.so.1.5.0
7f56970d5000-7f56970d6000 r--p 00035000 08:05 8132306                    /usr/lib/x86_64-linux-gnu/libfontconfig.so.1.5.0
7f56970d6000-7f56970d7000 rw-p 00036000 08:05 8132306                    /usr/lib/x86_64-linux-gnu/libfontconfig.so.1.5.0
7f56970d8000-7f5697171000 r-xp 00000000 08:05 8132314                    /usr/lib/x86_64-linux-gnu/libfreetype.so.6.8.1
7f5697171000-7f5697370000 ---p 00099000 08:05 8132314                    /usr/lib/x86_64-linux-gnu/libfreetype.so.6.8.1
7f5697370000-7f5697376000 r--p 00098000 08:05 8132314                    /usr/lib/x86_64-linux-gnu/libfreetype.so.6.8.1
7f5697376000-7f5697377000 rw-p 0009e000 08:05 8132314                    /usr/lib/x86_64-linux-gnu/libfreetype.so.6.8.1
7f5697378000-7f56973c2000 r-xp 00000000 08:05 8132621                    /usr/lib/x86_64-linux-gnu/libpango-1.0.so.0.3000.0
7f56973c2000-7f56975c2000 ---p 0004a000 08:05 8132621                    /usr/lib/x86_64-linux-gnu/libpango-1.0.so.0.3000.0
7f56975c2000-7f56975c4000 r--p 0004a000 08:05 8132621                    /usr/lib/x86_64-linux-gnu/libpango-1.0.so.0.3000.0
7f56975c4000-7f56975c5000 rw-p 0004c000 08:05 8132621                    /usr/lib/x86_64-linux-gnu/libpango-1.0.so.0.3000.0
7f56975c8000-7f56976bc000 r-xp 00000000 08:05 8132150                    /usr/lib/x86_64-linux-gnu/libcairo.so.2.11200.2
7f56976bc000-7f56978bb000 ---p 000f4000 08:05 8132150                    /usr/lib/x86_64-linux-gnu/libcairo.so.2.11200.2
7f56978bb000-7f56978be000 r--p 000f3000 08:05 8132150                    /usr/lib/x86_64-linux-gnu/libcairo.so.2.11200.2
7f56978be000-7f56978bf000 rw-p 000f6000 08:05 8132150                    /usr/lib/x86_64-linux-gnu/libcairo.so.2.11200.2
7f56978bf000-7f56978c1000 rw-p 00000000 00:00 0 
7f56978c8000-7f56978e7000 r-xp 00000000 08:05 8132337                    /usr/lib/x86_64-linux-gnu/libgdk_pixbuf-2.0.so.0.2600.1
7f56978e7000-7f5697ae6000 ---p 0001f000 08:05 8132337                    /usr/lib/x86_64-linux-gnu/libgdk_pixbuf-2.0.so.0.2600.1
7f5697ae6000-7f5697ae7000 r--p 0001e000 08:05 8132337                    /usr/lib/x86_64-linux-gnu/libgdk_pixbuf-2.0.so.0.2600.1
7f5697ae7000-7f5697ae8000 rw-p 0001f000 08:05 8132337                    /usr/lib/x86_64-linux-gnu/libgdk_pixbuf-2.0.so.0.2600.1
7f5697ae8000-7f5697af4000 r-xp 00000000 08:05 8132623                    /usr/lib/x86_64-linux-gnu/libpangocairo-1.0.so.0.3000.0
7f5697af4000-7f5697cf3000 ---p 0000c000 08:05 8132623                    /usr/lib/x86_64-linux-gnu/libpangocairo-1.0.so.0.3000.0
7f5697cf3000-7f5697cf4000 r--p 0000b000 08:05 8132623                    /usr/lib/x86_64-linux-gnu/libpangocairo-1.0.so.0.3000.0
7f5697cf4000-7f5697cf5000 rw-p 0000c000 08:05 8132623                    /usr/lib/x86_64-linux-gnu/libpangocairo-1.0.so.0.3000.0
7f5697cf8000-7f5697d22000 r-xp 00000000 08:05 8132625                    /usr/lib/x86_64-linux-gnu/libpangoft2-1.0.so.0.3000.0
7f5697d22000-7f5697f21000 ---p 0002a000 08:05 8132625                    /usr/lib/x86_64-linux-gnu/libpangoft2-1.0.so.0.3000.0
7f5697f21000-7f5697f22000 r--p 00029000 08:05 8132625                    /usr/lib/x86_64-linux-gnu/libpangoft2-1.0.so.0.3000.0
7f5697f22000-7f5697f23000 rw-p 0002a000 08:05 8132625                    /usr/lib/x86_64-linux-gnu/libpangoft2-1.0.so.0.3000.0
7f5697f28000-7f5697f49000 r-xp 00000000 08:05 8132106                    /usr/lib/x86_64-linux-gnu/libatk-1.0.so.0.20409.1
7f5697f49000-7f5698148000 ---p 00021000 08:05 8132106                    /usr/lib/x86_64-linux-gnu/libatk-1.0.so.0.20409.1
7f5698148000-7f569814a000 r--p 00020000 08:05 8132106                    /usr/lib/x86_64-linux-gnu/libatk-1.0.so.0.20409.1
7f569814a000-7f569814b000 rw-p 00022000 08:05 8132106                    /usr/lib/x86_64-linux-gnu/libatk-1.0.so.0.20409.1
7f5698150000-7f56981ff000 r-xp 00000000 08:05 8132335                    /usr/lib/x86_64-linux-gnu/libgdk-x11-2.0.so.0.2400.10
7f56981ff000-7f56983fe000 ---p 000af000 08:05 8132335                    /usr/lib/x86_64-linux-gnu/libgdk-x11-2.0.so.0.2400.10
7f56983fe000-7f5698403000 rw-p 000ae000 08:05 8132335                    /usr/lib/x86_64-linux-gnu/libgdk-x11-2.0.so.0.2400.10
7f5698408000-7f569883a000 r-xp 00000000 08:05 8132448                    /usr/lib/x86_64-linux-gnu/libgtk-x11-2.0.so.0.2400.10
7f569883a000-7f5698a3a000 ---p 00432000 08:05 8132448                    /usr/lib/x86_64-linux-gnu/libgtk-x11-2.0.so.0.2400.10
7f5698a3a000-7f5698a45000 rw-p 00432000 08:05 8132448                    /usr/lib/x86_64-linux-gnu/libgtk-x11-2.0.so.0.2400.10
7f5698a45000-7f5698a47000 rw-p 00000000 00:00 0 
7f5698a48000-7f5698a56000 r-xp 00000000 08:05 8132638                    /usr/lib/x86_64-linux-gnu/libXi.so.6.1.0
7f5698a56000-7f5698c56000 ---p 0000e000 08:05 8132638                    /usr/lib/x86_64-linux-gnu/libXi.so.6.1.0
7f5698c56000-7f5698c57000 rw-p 0000e000 08:05 8132638                    /usr/lib/x86_64-linux-gnu/libXi.so.6.1.0
7f5698c58000-7f5698c5d000 r-xp 00000000 08:05 8132069                    /usr/lib/x86_64-linux-gnu/libXtst.so.6.1.0
7f5698c5d000-7f5698e5c000 ---p 00005000 08:05 8132069                    /usr/lib/x86_64-linux-gnu/libXtst.so.6.1.0
7f5698e5c000-7f5698e5d000 rw-p 00004000 08:05 8132069                    /usr/lib/x86_64-linux-gnu/libXtst.so.6.1.0
7f5698e60000-7f5698e69000 r-xp 00000000 08:05 8132057                    /usr/lib/x86_64-linux-gnu/libXrender.so.1.3.0
7f5698e69000-7f5699068000 ---p 00009000 08:05 8132057                    /usr/lib/x86_64-linux-gnu/libXrender.so.1.3.0
7f5699068000-7f5699069000 rw-p 00008000 08:05 8132057                    /usr/lib/x86_64-linux-gnu/libXrender.so.1.3.0
7f5699070000-7f56991a5000 r-xp 00000000 08:05 8132368                    /usr/lib/x86_64-linux-gnu/libX11.so.6.3.0
7f56991a5000-7f56993a5000 ---p 00135000 08:05 8132368                    /usr/lib/x86_64-linux-gnu/libX11.so.6.3.0
7f56993a5000-7f56993ab000 rw-p 00135000 08:05 8132368                    /usr/lib/x86_64-linux-gnu/libX11.so.6.3.0
7f56993b0000-7f56993c1000 r-xp 00000000 08:05 8132828                    /usr/lib/x86_64-linux-gnu/libXext.so.6.4.0
7f56993c1000-7f56995c1000 ---p 00011000 08:05 8132828                    /usr/lib/x86_64-linux-gnu/libXext.so.6.4.0
7f56995c1000-7f56995c2000 rw-p 00011000 08:05 8132828                    /usr/lib/x86_64-linux-gnu/libXext.so.6.4.0
7f56995e0000-7f5699633000 r-xp 00000000 08:05 10486958                   /usr/lib/jvm/java-7-openjdk-amd64/jre/lib/amd64/xawt/libmawt.so
7f5699633000-7f5699832000 ---p 00053000 08:05 10486958                   /usr/lib/jvm/java-7-openjdk-amd64/jre/lib/amd64/xawt/libmawt.so
7f5699832000-7f5699833000 r--p 00052000 08:05 10486958                   /usr/lib/jvm/java-7-openjdk-amd64/jre/lib/amd64/xawt/libmawt.so
7f5699833000-7f5699836000 rw-p 00053000 08:05 10486958                   /usr/lib/jvm/java-7-openjdk-amd64/jre/lib/amd64/xawt/libmawt.so
7f5699836000-7f5699837000 rw-p 00000000 00:00 0 
7f5699838000-7f56998d9000 r-xp 00000000 08:05 9967625                    /usr/lib/jvm/java-7-openjdk-amd64/jre/lib/amd64/libawt.so
7f56998d9000-7f5699ad9000 ---p 000a1000 08:05 9967625                    /usr/lib/jvm/java-7-openjdk-amd64/jre/lib/amd64/libawt.so
7f5699ad9000-7f5699ada000 r--p 000a1000 08:05 9967625                    /usr/lib/jvm/java-7-openjdk-amd64/jre/lib/amd64/libawt.so
7f5699ada000-7f5699ae5000 rw-p 000a2000 08:05 9967625                    /usr/lib/jvm/java-7-openjdk-amd64/jre/lib/amd64/libawt.so
7f5699ae5000-7f5699b0a000 rw-p 00000000 00:00 0 
7f5699b0c000-7f5699b0f000 ---p 00000000 00:00 0 
7f5699b0f000-7f5699c0d000 rw-p 00000000 00:00 0 
7f5699c0d000-7f5699c10000 ---p 00000000 00:00 0 
7f5699c10000-7f5699d0e000 rw-p 00000000 00:00 0 
7f5699d0e000-7f5699d11000 ---p 00000000 00:00 0 
7f5699d11000-7f5699e0f000 rw-p 00000000 00:00 0 
7f5699e0f000-7f5699e12000 ---p 00000000 00:00 0 
7f5699e12000-7f5699f10000 rw-p 00000000 00:00 0 
7f5699f10000-7f5699f20000 r-xp 00000000 08:05 9967701                    /usr/lib/jvm/java-7-openjdk-amd64/jre/lib/amd64/libnio.so
7f5699f20000-7f569a120000 ---p 00010000 08:05 9967701                    /usr/lib/jvm/java-7-openjdk-amd64/jre/lib/amd64/libnio.so
7f569a120000-7f569a121000 r--p 00010000 08:05 9967701                    /usr/lib/jvm/java-7-openjdk-amd64/jre/lib/amd64/libnio.so
7f569a121000-7f569a122000 rw-p 00011000 08:05 9967701                    /usr/lib/jvm/java-7-openjdk-amd64/jre/lib/amd64/libnio.so
7f569a128000-7f569a164000 r-xp 00000000 08:05 5374923                    /lib/x86_64-linux-gnu/libpcre.so.3.13.1
7f569a164000-7f569a364000 ---p 0003c000 08:05 5374923                    /lib/x86_64-linux-gnu/libpcre.so.3.13.1
7f569a364000-7f569a365000 rw-p 0003c000 08:05 5374923                    /lib/x86_64-linux-gnu/libpcre.so.3.13.1
7f569a368000-7f569a374000 r-xp 00000000 08:05 8132268                    /usr/lib/x86_64-linux-gnu/libffi.so.5.0.10
7f569a374000-7f569a574000 ---p 0000c000 08:05 8132268                    /usr/lib/x86_64-linux-gnu/libffi.so.5.0.10
7f569a574000-7f569a575000 rw-p 0000c000 08:05 8132268                    /usr/lib/x86_64-linux-gnu/libffi.so.5.0.10
7f569a578000-7f569a579000 r-xp 00000000 08:05 8132444                    /usr/lib/x86_64-linux-gnu/libgthread-2.0.so.0.3200.4
7f569a579000-7f569a778000 ---p 00001000 08:05 8132444                    /usr/lib/x86_64-linux-gnu/libgthread-2.0.so.0.3200.4
7f569a778000-7f569a779000 r--p 00000000 08:05 8132444                    /usr/lib/x86_64-linux-gnu/libgthread-2.0.so.0.3200.4
7f569a779000-7f569a77a000 rw-p 00001000 08:05 8132444                    /usr/lib/x86_64-linux-gnu/libgthread-2.0.so.0.3200.4
7f569a780000-7f569a793000 r-xp 00000000 08:05 5374936                    /lib/x86_64-linux-gnu/libresolv-2.13.so
7f569a793000-7f569a992000 ---p 00013000 08:05 5374936                    /lib/x86_64-linux-gnu/libresolv-2.13.so
7f569a992000-7f569a993000 r--p 00012000 08:05 5374936                    /lib/x86_64-linux-gnu/libresolv-2.13.so
7f569a993000-7f569a994000 rw-p 00013000 08:05 5374936                    /lib/x86_64-linux-gnu/libresolv-2.13.so
7f569a994000-7f569a996000 rw-p 00000000 00:00 0 
7f569a998000-7f569a9b6000 r-xp 00000000 08:05 5374940                    /lib/x86_64-linux-gnu/libselinux.so.1
7f569a9b6000-7f569abb5000 ---p 0001e000 08:05 5374940                    /lib/x86_64-linux-gnu/libselinux.so.1
7f569abb5000-7f569abb6000 r--p 0001d000 08:05 5374940                    /lib/x86_64-linux-gnu/libselinux.so.1
7f569abb6000-7f569abb7000 rw-p 0001e000 08:05 5374940                    /lib/x86_64-linux-gnu/libselinux.so.1
7f569abb7000-7f569abb8000 rw-p 00000000 00:00 0 
7f569abb8000-7f569abbb000 r-xp 00000000 08:05 8132359                    /usr/lib/x86_64-linux-gnu/libgmodule-2.0.so.0.3200.4
7f569abbb000-7f569adba000 ---p 00003000 08:05 8132359                    /usr/lib/x86_64-linux-gnu/libgmodule-2.0.so.0.3200.4
7f569adba000-7f569adbb000 r--p 00002000 08:05 8132359                    /usr/lib/x86_64-linux-gnu/libgmodule-2.0.so.0.3200.4
7f569adbb000-7f569adbc000 rw-p 00003000 08:05 8132359                    /usr/lib/x86_64-linux-gnu/libgmodule-2.0.so.0.3200.4
7f569adc0000-7f569aeb5000 r-xp 00000000 08:05 5374857                    /lib/x86_64-linux-gnu/libglib-2.0.so.0.3200.4
7f569aeb5000-7f569b0b5000 ---p 000f5000 08:05 5374857                    /lib/x86_64-linux-gnu/libglib-2.0.so.0.3200.4
7f569b0b5000-7f569b0b6000 r--p 000f5000 08:05 5374857                    /lib/x86_64-linux-gnu/libglib-2.0.so.0.3200.4
7f569b0b6000-7f569b0b7000 rw-p 000f6000 08:05 5374857                    /lib/x86_64-linux-gnu/libglib-2.0.so.0.3200.4
7f569b0b7000-7f569b0b8000 rw-p 00000000 00:00 0 
7f569b0b8000-7f569b106000 r-xp 00000000 08:05 8132375                    /usr/lib/x86_64-linux-gnu/libgobject-2.0.so.0.3200.4
7f569b106000-7f569b306000 ---p 0004e000 08:05 8132375                    /usr/lib/x86_64-linux-gnu/libgobject-2.0.so.0.3200.4
7f569b306000-7f569b307000 r--p 0004e000 08:05 8132375                    /usr/lib/x86_64-linux-gnu/libgobject-2.0.so.0.3200.4
7f569b307000-7f569b308000 rw-p 0004f000 08:05 8132375                    /usr/lib/x86_64-linux-gnu/libgobject-2.0.so.0.3200.4
7f569b308000-7f569b454000 r-xp 00000000 08:05 8132349                    /usr/lib/x86_64-linux-gnu/libgio-2.0.so.0.3200.4
7f569b454000-7f569b653000 ---p 0014c000 08:05 8132349                    /usr/lib/x86_64-linux-gnu/libgio-2.0.so.0.3200.4
7f569b653000-7f569b657000 r--p 0014b000 08:05 8132349                    /usr/lib/x86_64-linux-gnu/libgio-2.0.so.0.3200.4
7f569b657000-7f569b659000 rw-p 0014f000 08:05 8132349                    /usr/lib/x86_64-linux-gnu/libgio-2.0.so.0.3200.4
7f569b659000-7f569b65b000 rw-p 00000000 00:00 0 
7f569b660000-7f569b676000 r-xp 00000000 08:05 9967712                    /usr/lib/jvm/java-7-openjdk-amd64/jre/lib/amd64/libnet.so
7f569b676000-7f569b875000 ---p 00016000 08:05 9967712                    /usr/lib/jvm/java-7-openjdk-amd64/jre/lib/amd64/libnet.so
7f569b875000-7f569b876000 r--p 00015000 08:05 9967712                    /usr/lib/jvm/java-7-openjdk-amd64/jre/lib/amd64/libnet.so
7f569b876000-7f569b877000 rw-p 00016000 08:05 9967712                    /usr/lib/jvm/java-7-openjdk-amd64/jre/lib/amd64/libnet.so
7f569b87c000-7f569b87d000 ---p 00000000 00:00 0 
7f569b87d000-7f569b97d000 rw-p 00000000 00:00 0 
7f569b97d000-7f569b980000 ---p 00000000 00:00 0 
7f569b980000-7f569ba7e000 rw-p 00000000 00:00 0 
7f569ba7e000-7f569ba81000 ---p 00000000 00:00 0 
7f569ba81000-7f569bb7f000 rw-p 00000000 00:00 0 
7f569bb7f000-7f569bb82000 ---p 00000000 00:00 0 
7f569bb82000-7f56a0000000 rw-p 00000000 00:00 0 
7f56a0000000-7f56a047b000 rw-p 00000000 00:00 0 
7f56a047b000-7f56a4000000 ---p 00000000 00:00 0 
7f56a4008000-7f56a4013000 r--s 001fb000 08:05 9702754                    /usr/lib/jvm/java-7-openjdk-common/jre/lib/charsets.jar
7f56a4018000-7f56a4023000 r--s 001fb000 08:05 9702754                    /usr/lib/jvm/java-7-openjdk-common/jre/lib/charsets.jar
7f56a4027000-7f56a4058000 rw-p 00000000 00:00 0 
7f56a4058000-7f56a405f000 r--s 00000000 08:05 8131847                    /usr/lib/x86_64-linux-gnu/gconv/gconv-modules.cache
7f56a4060000-7f56a4065000 r--s 0004c000 08:05 9702756                    /usr/lib/jvm/java-7-openjdk-common/jre/lib/jsse.jar
7f56a4068000-7f56a4069000 r--p 00000000 08:05 9706325                    /usr/share/locale/en_GB/LC_MESSAGES/libc.mo
7f56a4070000-7f56a4079000 r--s 000bc000 08:05 9702765                    /usr/lib/jvm/java-7-openjdk-common/jre/lib/resources.jar
7f56a4080000-7f56a40a9000 r--s 0024f000 08:05 14811812                   /home/pbruel/ensemble_git/ensemble/lib/jade.jar
7f56a40b0000-7f56a40b1000 r--s 0000e000 08:05 14811810                   /home/pbruel/ensemble_git/ensemble/lib/NetUtil.jar
7f56a40b8000-7f56a40be000 r--s 00692000 08:05 14811811                   /home/pbruel/ensemble_git/ensemble/lib/ensemble.jar
7f56a40c0000-7f56a40c2000 r--s 0000b000 08:05 14424703                   /home/pbruel/ensemble_git/ensemble/lib/ensemble_apps.jar
7f56a40c8000-7f56a40ca000 r--s 0005d000 08:05 14813490                   /home/pbruel/ensemble_git/ensemble/lib/libpd.jar
7f56a40d0000-7f56a40d4000 r--s 00085000 08:05 9702748                    /usr/lib/jvm/java-7-openjdk-common/jre/lib/ext/localedata.jar
7f56a40d8000-7f56a40db000 r--s 00032000 08:05 9702749                    /usr/lib/jvm/java-7-openjdk-common/jre/lib/ext/sunjce_provider.jar
7f56a40e0000-7f56a40e1000 r--s 00007000 08:05 9701533                    /usr/share/java/java-atk-wrapper.jar
7f56a40e8000-7f56a40e9000 r--s 00002000 08:05 9702751                    /usr/lib/jvm/java-7-openjdk-common/jre/lib/ext/dnsns.jar
7f56a40ef000-7f56a40f2000 ---p 00000000 00:00 0 
7f56a40f2000-7f56a41f0000 rw-p 00000000 00:00 0 
7f56a41f0000-7f56a4367000 r--p 00000000 08:05 7998411                    /usr/lib/locale/locale-archive
7f56a4368000-7f56a436b000 r--s 0003c000 08:05 9702746                    /usr/lib/jvm/java-7-openjdk-common/jre/lib/ext/sunpkcs11.jar
7f56a436d000-7f56a4370000 ---p 00000000 00:00 0 
7f56a4370000-7f56a446e000 rw-p 00000000 00:00 0 
7f56a446e000-7f56a4471000 ---p 00000000 00:00 0 
7f56a4471000-7f56a456f000 rw-p 00000000 00:00 0 
7f56a456f000-7f56a4570000 ---p 00000000 00:00 0 
7f56a4570000-7f56a5cd8000 rw-p 00000000 00:00 0 
7f56a5cd8000-7f56a5e85000 r--s 01cec000 08:05 9702779                    /usr/lib/jvm/java-7-openjdk-amd64/jre/lib/rt.jar
7f56a5e85000-7f56a6f65000 rw-p 00000000 00:00 0 
7f56a6f65000-7f56a6f66000 ---p 00000000 00:00 0 
7f56a6f66000-7f56a7066000 rw-p 00000000 00:00 0 
7f56a7066000-7f56a7067000 ---p 00000000 00:00 0 
7f56a7067000-7f56a7167000 rw-p 00000000 00:00 0 
7f56a7167000-7f56a7168000 ---p 00000000 00:00 0 
7f56a7168000-7f56a7268000 rw-p 00000000 00:00 0 
7f56a7268000-7f56a7269000 ---p 00000000 00:00 0 
7f56a7269000-7f56a7369000 rw-p 00000000 00:00 0 
7f56a7369000-7f56a736a000 ---p 00000000 00:00 0 
7f56a736a000-7f56a746a000 rw-p 00000000 00:00 0 
7f56a746a000-7f56a746b000 ---p 00000000 00:00 0 
7f56a746b000-7f56a7576000 rw-p 00000000 00:00 0 
7f56a7576000-7f56a75be000 rw-p 00000000 00:00 0 
7f56a75be000-7f56a75e8000 rw-p 00000000 00:00 0 
7f56a75e8000-7f56a7857000 rw-p 00000000 00:00 0 
7f56a7857000-7f56a7862000 rw-p 00000000 00:00 0 
7f56a7862000-7f56a78aa000 rw-p 00000000 00:00 0 
7f56a78aa000-7f56a78d4000 rw-p 00000000 00:00 0 
7f56a78d4000-7f56a7b42000 rw-p 00000000 00:00 0 
7f56a7b42000-7f56a7b58000 rw-p 00000000 00:00 0 
7f56a7b58000-7f56a7c8f000 rw-p 00000000 00:00 0 
7f56a7c8f000-7f56a7c90000 rw-p 00000000 00:00 0 
7f56a7c90000-7f56a7f00000 rwxp 00000000 00:00 0 
7f56a7f00000-7f56aac90000 rw-p 00000000 00:00 0 
7f56aac90000-7f56aac98000 r-xp 00000000 08:05 9967719                    /usr/lib/jvm/java-7-openjdk-amd64/jre/lib/amd64/libzip.so
7f56aac98000-7f56aae97000 ---p 00008000 08:05 9967719                    /usr/lib/jvm/java-7-openjdk-amd64/jre/lib/amd64/libzip.so
7f56aae97000-7f56aae98000 r--p 00007000 08:05 9967719                    /usr/lib/jvm/java-7-openjdk-amd64/jre/lib/amd64/libzip.so
7f56aae98000-7f56aae99000 rw-p 00008000 08:05 9967719                    /usr/lib/jvm/java-7-openjdk-amd64/jre/lib/amd64/libzip.so
7f56aaea0000-7f56aaeab000 r-xp 00000000 08:05 5374901                    /lib/x86_64-linux-gnu/libnss_files-2.13.so
7f56aaeab000-7f56ab0aa000 ---p 0000b000 08:05 5374901                    /lib/x86_64-linux-gnu/libnss_files-2.13.so
7f56ab0aa000-7f56ab0ab000 r--p 0000a000 08:05 5374901                    /lib/x86_64-linux-gnu/libnss_files-2.13.so
7f56ab0ab000-7f56ab0ac000 rw-p 0000b000 08:05 5374901                    /lib/x86_64-linux-gnu/libnss_files-2.13.so
7f56ab0b0000-7f56ab0ba000 r-xp 00000000 08:05 5374905                    /lib/x86_64-linux-gnu/libnss_nis-2.13.so
7f56ab0ba000-7f56ab2b9000 ---p 0000a000 08:05 5374905                    /lib/x86_64-linux-gnu/libnss_nis-2.13.so
7f56ab2b9000-7f56ab2ba000 r--p 00009000 08:05 5374905                    /lib/x86_64-linux-gnu/libnss_nis-2.13.so
7f56ab2ba000-7f56ab2bb000 rw-p 0000a000 08:05 5374905                    /lib/x86_64-linux-gnu/libnss_nis-2.13.so
7f56ab2c0000-7f56ab2d5000 r-xp 00000000 08:05 5374895                    /lib/x86_64-linux-gnu/libnsl-2.13.so
7f56ab2d5000-7f56ab4d4000 ---p 00015000 08:05 5374895                    /lib/x86_64-linux-gnu/libnsl-2.13.so
7f56ab4d4000-7f56ab4d5000 r--p 00014000 08:05 5374895                    /lib/x86_64-linux-gnu/libnsl-2.13.so
7f56ab4d5000-7f56ab4d6000 rw-p 00015000 08:05 5374895                    /lib/x86_64-linux-gnu/libnsl-2.13.so
7f56ab4d6000-7f56ab4d8000 rw-p 00000000 00:00 0 
7f56ab4d8000-7f56ab4df000 r-xp 00000000 08:05 5374897                    /lib/x86_64-linux-gnu/libnss_compat-2.13.so
7f56ab4df000-7f56ab6de000 ---p 00007000 08:05 5374897                    /lib/x86_64-linux-gnu/libnss_compat-2.13.so
7f56ab6de000-7f56ab6df000 r--p 00006000 08:05 5374897                    /lib/x86_64-linux-gnu/libnss_compat-2.13.so
7f56ab6df000-7f56ab6e0000 rw-p 00007000 08:05 5374897                    /lib/x86_64-linux-gnu/libnss_compat-2.13.so
7f56ab6e0000-7f56ab70a000 r-xp 00000000 08:05 9967710                    /usr/lib/jvm/java-7-openjdk-amd64/jre/lib/amd64/libjava.so
7f56ab70a000-7f56ab90a000 ---p 0002a000 08:05 9967710                    /usr/lib/jvm/java-7-openjdk-amd64/jre/lib/amd64/libjava.so
7f56ab90a000-7f56ab90b000 r--p 0002a000 08:05 9967710                    /usr/lib/jvm/java-7-openjdk-amd64/jre/lib/amd64/libjava.so
7f56ab90b000-7f56ab90d000 rw-p 0002b000 08:05 9967710                    /usr/lib/jvm/java-7-openjdk-amd64/jre/lib/amd64/libjava.so
7f56ab910000-7f56ab91f000 r-xp 00000000 08:05 9967623                    /usr/lib/jvm/java-7-openjdk-amd64/jre/lib/amd64/libverify.so
7f56ab91f000-7f56abb1e000 ---p 0000f000 08:05 9967623                    /usr/lib/jvm/java-7-openjdk-amd64/jre/lib/amd64/libverify.so
7f56abb1e000-7f56abb20000 r--p 0000e000 08:05 9967623                    /usr/lib/jvm/java-7-openjdk-amd64/jre/lib/amd64/libverify.so
7f56abb20000-7f56abb21000 rw-p 00010000 08:05 9967623                    /usr/lib/jvm/java-7-openjdk-amd64/jre/lib/amd64/libverify.so
7f56abb28000-7f56abb2f000 r-xp 00000000 08:05 5374938                    /lib/x86_64-linux-gnu/librt-2.13.so
7f56abb2f000-7f56abd2e000 ---p 00007000 08:05 5374938                    /lib/x86_64-linux-gnu/librt-2.13.so
7f56abd2e000-7f56abd2f000 r--p 00006000 08:05 5374938                    /lib/x86_64-linux-gnu/librt-2.13.so
7f56abd2f000-7f56abd30000 rw-p 00007000 08:05 5374938                    /lib/x86_64-linux-gnu/librt-2.13.so
7f56abd30000-7f56abd45000 r-xp 00000000 08:05 5374853                    /lib/x86_64-linux-gnu/libgcc_s.so.1
7f56abd45000-7f56abf45000 ---p 00015000 08:05 5374853                    /lib/x86_64-linux-gnu/libgcc_s.so.1
7f56abf45000-7f56abf46000 rw-p 00015000 08:05 5374853                    /lib/x86_64-linux-gnu/libgcc_s.so.1
7f56abf48000-7f56abfc9000 r-xp 00000000 08:05 5374876                    /lib/x86_64-linux-gnu/libm-2.13.so
7f56abfc9000-7f56ac1c8000 ---p 00081000 08:05 5374876                    /lib/x86_64-linux-gnu/libm-2.13.so
7f56ac1c8000-7f56ac1c9000 r--p 00080000 08:05 5374876                    /lib/x86_64-linux-gnu/libm-2.13.so
7f56ac1c9000-7f56ac1ca000 rw-p 00081000 08:05 5374876                    /lib/x86_64-linux-gnu/libm-2.13.so
7f56ac1d0000-7f56ac2b8000 r-xp 00000000 08:05 8132750                    /usr/lib/x86_64-linux-gnu/libstdc++.so.6.0.17
7f56ac2b8000-7f56ac4b8000 ---p 000e8000 08:05 8132750                    /usr/lib/x86_64-linux-gnu/libstdc++.so.6.0.17
7f56ac4b8000-7f56ac4c0000 r--p 000e8000 08:05 8132750                    /usr/lib/x86_64-linux-gnu/libstdc++.so.6.0.17
7f56ac4c0000-7f56ac4c2000 rw-p 000f0000 08:05 8132750                    /usr/lib/x86_64-linux-gnu/libstdc++.so.6.0.17
7f56ac4c2000-7f56ac4d7000 rw-p 00000000 00:00 0 
7f56ac4d8000-7f56acec9000 r-xp 00000000 08:05 10098067                   /usr/lib/jvm/java-7-openjdk-amd64/jre/lib/amd64/server/libjvm.so
7f56acec9000-7f56ad0c9000 ---p 009f1000 08:05 10098067                   /usr/lib/jvm/java-7-openjdk-amd64/jre/lib/amd64/server/libjvm.so
7f56ad0c9000-7f56ad148000 r--p 009f1000 08:05 10098067                   /usr/lib/jvm/java-7-openjdk-amd64/jre/lib/amd64/server/libjvm.so
7f56ad148000-7f56ad16b000 rw-p 00a70000 08:05 10098067                   /usr/lib/jvm/java-7-openjdk-amd64/jre/lib/amd64/server/libjvm.so
7f56ad16b000-7f56ad196000 rw-p 00000000 00:00 0 
7f56ad198000-7f56ad318000 r-xp 00000000 08:05 5374829                    /lib/x86_64-linux-gnu/libc-2.13.so
7f56ad318000-7f56ad518000 ---p 00180000 08:05 5374829                    /lib/x86_64-linux-gnu/libc-2.13.so
7f56ad518000-7f56ad51c000 r--p 00180000 08:05 5374829                    /lib/x86_64-linux-gnu/libc-2.13.so
7f56ad51c000-7f56ad51d000 rw-p 00184000 08:05 5374829                    /lib/x86_64-linux-gnu/libc-2.13.so
7f56ad51d000-7f56ad522000 rw-p 00000000 00:00 0 
7f56ad528000-7f56ad52a000 r-xp 00000000 08:05 5374843                    /lib/x86_64-linux-gnu/libdl-2.13.so
7f56ad52a000-7f56ad72a000 ---p 00002000 08:05 5374843                    /lib/x86_64-linux-gnu/libdl-2.13.so
7f56ad72a000-7f56ad72b000 r--p 00002000 08:05 5374843                    /lib/x86_64-linux-gnu/libdl-2.13.so
7f56ad72b000-7f56ad72c000 rw-p 00003000 08:05 5374843                    /lib/x86_64-linux-gnu/libdl-2.13.so
7f56ad730000-7f56ad746000 r-xp 00000000 08:05 5374972                    /lib/x86_64-linux-gnu/libz.so.1.2.7
7f56ad746000-7f56ad945000 ---p 00016000 08:05 5374972                    /lib/x86_64-linux-gnu/libz.so.1.2.7
7f56ad945000-7f56ad946000 r--p 00015000 08:05 5374972                    /lib/x86_64-linux-gnu/libz.so.1.2.7
7f56ad946000-7f56ad947000 rw-p 00016000 08:05 5374972                    /lib/x86_64-linux-gnu/libz.so.1.2.7
7f56ad948000-7f56ad955000 r-xp 00000000 08:05 9967698                    /usr/lib/jvm/java-7-openjdk-amd64/jre/lib/amd64/jli/libjli.so
7f56ad955000-7f56adb54000 ---p 0000d000 08:05 9967698                    /usr/lib/jvm/java-7-openjdk-amd64/jre/lib/amd64/jli/libjli.so
7f56adb54000-7f56adb55000 r--p 0000c000 08:05 9967698                    /usr/lib/jvm/java-7-openjdk-amd64/jre/lib/amd64/jli/libjli.so
7f56adb55000-7f56adb56000 rw-p 0000d000 08:05 9967698                    /usr/lib/jvm/java-7-openjdk-amd64/jre/lib/amd64/jli/libjli.so
7f56adb58000-7f56adb6f000 r-xp 00000000 08:05 5374930                    /lib/x86_64-linux-gnu/libpthread-2.13.so
7f56adb6f000-7f56add6e000 ---p 00017000 08:05 5374930                    /lib/x86_64-linux-gnu/libpthread-2.13.so
7f56add6e000-7f56add6f000 r--p 00016000 08:05 5374930                    /lib/x86_64-linux-gnu/libpthread-2.13.so
7f56add6f000-7f56add70000 rw-p 00017000 08:05 5374930                    /lib/x86_64-linux-gnu/libpthread-2.13.so
7f56add70000-7f56add74000 rw-p 00000000 00:00 0 
7f56add77000-7f56add78000 rw-p 00000000 00:00 0 
7f56add78000-7f56add98000 r-xp 00000000 08:05 5374807                    /lib/x86_64-linux-gnu/ld-2.13.so
7f56add98000-7f56add9b000 r--s 0000f000 08:05 9702747                    /usr/lib/jvm/java-7-openjdk-common/jre/lib/ext/pulse-java.jar
7f56add9f000-7f56adda0000 r--p 00000000 00:00 0 
7f56adda0000-7f56addd2000 rw-p 00000000 00:00 0 
7f56addd2000-7f56ade88000 rw-p 00000000 00:00 0 
7f56ade88000-7f56ade90000 rw-s 00000000 08:05 9709264                    /tmp/hsperfdata_pbruel/7766
7f56ade90000-7f56ade92000 r--s 00012000 08:05 9702745                    /usr/lib/jvm/java-7-openjdk-common/jre/lib/ext/zipfs.jar
7f56ade92000-7f56ade93000 rw-p 00000000 00:00 0 
7f56ade93000-7f56ade94000 r--p 00000000 00:00 0 
7f56ade94000-7f56ade97000 ---p 00000000 00:00 0 
7f56ade97000-7f56adf97000 rw-p 00000000 00:00 0 
7f56adf97000-7f56adf98000 r--p 0001f000 08:05 5374807                    /lib/x86_64-linux-gnu/ld-2.13.so
7f56adf98000-7f56adf99000 rw-p 00020000 08:05 5374807                    /lib/x86_64-linux-gnu/ld-2.13.so
7f56adf99000-7f56adf9b000 rw-p 00000000 00:00 0 
7f56adf9b000-7f56adf9e000 rw-p 00000000 00:00 0 
7fff8aca0000-7fff8acc1000 rw-p 00000000 00:00 0                          [stack]
7fff8add8000-7fff8add9000 r-xp 00000000 00:00 0                          [vdso]
ffffffffff600000-ffffffffff601000 r-xp 00000000 00:00 0                  [vsyscall]

VM Arguments:
java_command: ensemble.tools.Loader -nogui -f pd_testing.xml
Launcher Type: SUN_STANDARD

Environment Variables:
PATH=/usr/local/bin:/usr/bin:/bin:/usr/local/games:/usr/games
USERNAME=pbruel
SHELL=/bin/bash
DISPLAY=:0

Signal Handlers:
SIGSEGV: [libjvm.so+0x84ff00], sa_mask[0]=0x7ffbfeff, sa_flags=0x10000004
SIGBUS: [libjvm.so+0x84ff00], sa_mask[0]=0x7ffbfeff, sa_flags=0x10000004
SIGFPE: SIG_IGN, sa_mask[0]=0x00000080, sa_flags=0x10000000
SIGPIPE: [libjvm.so+0x6f2230], sa_mask[0]=0x7ffbfeff, sa_flags=0x10000004
SIGXFSZ: [libjvm.so+0x6f2230], sa_mask[0]=0x7ffbfeff, sa_flags=0x10000004
SIGILL: [libjvm.so+0x6f2230], sa_mask[0]=0x7ffbfeff, sa_flags=0x10000004
SIGUSR1: SIG_DFL, sa_mask[0]=0x00000000, sa_flags=0x00000000
SIGUSR2: [libjvm.so+0x6f2600], sa_mask[0]=0x00000000, sa_flags=0x10000004
SIGHUP: [libjvm.so+0x6f2740], sa_mask[0]=0x7ffbfeff, sa_flags=0x10000004
SIGINT: [libjvm.so+0x6f2740], sa_mask[0]=0x7ffbfeff, sa_flags=0x10000004
SIGTERM: [libjvm.so+0x6f2740], sa_mask[0]=0x7ffbfeff, sa_flags=0x10000004
SIGQUIT: [libjvm.so+0x6f2740], sa_mask[0]=0x7ffbfeff, sa_flags=0x10000004


---------------  S Y S T E M  ---------------

OS:7.1

uname:Linux 3.2.0-4-amd64 #1 SMP Debian 3.2.46-1 x86_64
libc:glibc 2.13 NPTL 2.13 
rlimit: STACK 8192k, CORE 0k, NPROC 63163, NOFILE 4096, AS infinity
load average:0.28 0.45 0.60

/proc/meminfo:
MemTotal:        8163344 kB
MemFree:         6194368 kB
Buffers:          123780 kB
Cached:           601680 kB
SwapCached:            0 kB
Active:          1323756 kB
Inactive:         461872 kB
Active(anon):    1061128 kB
Inactive(anon):     5244 kB
Active(file):     262628 kB
Inactive(file):   456628 kB
Unevictable:           0 kB
Mlocked:               0 kB
SwapTotal:      12015612 kB
SwapFree:       12015612 kB
Dirty:               980 kB
Writeback:             0 kB
AnonPages:       1060400 kB
Mapped:           144552 kB
Shmem:              6208 kB
Slab:             113424 kB
SReclaimable:      83320 kB
SUnreclaim:        30104 kB
KernelStack:        3248 kB
PageTables:        20160 kB
NFS_Unstable:          0 kB
Bounce:                0 kB
WritebackTmp:          0 kB
CommitLimit:    16097284 kB
Committed_AS:    2246444 kB
VmallocTotal:   34359738367 kB
VmallocUsed:      303208 kB
VmallocChunk:   34359427292 kB
HardwareCorrupted:     0 kB
AnonHugePages:         0 kB
HugePages_Total:       0
HugePages_Free:        0
HugePages_Rsvd:        0
HugePages_Surp:        0
Hugepagesize:       2048 kB
DirectMap4k:       56316 kB
DirectMap2M:     4104192 kB
DirectMap1G:     4194304 kB


CPU:total 6 (6 cores per cpu, 1 threads per core) family 21 model 1 stepping 2, cmov, cx8, fxsr, mmx, sse, sse2, sse3, ssse3, sse4.1, sse4.2, popcnt, avx, mmxext, 3dnowpref, lzcnt, sse4a, tsc, tscinvbit, tscinv

/proc/cpuinfo:
processor	: 0
vendor_id	: AuthenticAMD
cpu family	: 21
model		: 1
model name	: AMD FX(tm)-6100 Six-Core Processor             
stepping	: 2
microcode	: 0x6000626
cpu MHz		: 3310.911
cache size	: 2048 KB
physical id	: 0
siblings	: 6
core id		: 0
cpu cores	: 3
apicid		: 16
initial apicid	: 0
fpu		: yes
fpu_exception	: yes
cpuid level	: 13
wp		: yes
flags		: fpu vme de pse tsc msr pae mce cx8 apic sep mtrr pge mca cmov pat pse36 clflush mmx fxsr sse sse2 ht syscall nx mmxext fxsr_opt pdpe1gb rdtscp lm constant_tsc rep_good nopl nonstop_tsc extd_apicid aperfmperf pni pclmulqdq monitor ssse3 cx16 sse4_1 sse4_2 popcnt aes xsave avx lahf_lm cmp_legacy svm extapic cr8_legacy abm sse4a misalignsse 3dnowprefetch osvw ibs xop skinit wdt lwp fma4 nodeid_msr topoext perfctr_core arat cpb hw_pstate npt lbrv svm_lock nrip_save tsc_scale vmcb_clean flushbyasid decodeassists pausefilter pfthreshold
bogomips	: 6621.82
TLB size	: 1536 4K pages
clflush size	: 64
cache_alignment	: 64
address sizes	: 48 bits physical, 48 bits virtual
power management: ts ttp tm 100mhzsteps hwpstate [9]

processor	: 1
vendor_id	: AuthenticAMD
cpu family	: 21
model		: 1
model name	: AMD FX(tm)-6100 Six-Core Processor             
stepping	: 2
microcode	: 0x6000626
cpu MHz		: 3310.911
cache size	: 2048 KB
physical id	: 0
siblings	: 6
core id		: 1
cpu cores	: 3
apicid		: 17
initial apicid	: 1
fpu		: yes
fpu_exception	: yes
cpuid level	: 13
wp		: yes
flags		: fpu vme de pse tsc msr pae mce cx8 apic sep mtrr pge mca cmov pat pse36 clflush mmx fxsr sse sse2 ht syscall nx mmxext fxsr_opt pdpe1gb rdtscp lm constant_tsc rep_good nopl nonstop_tsc extd_apicid aperfmperf pni pclmulqdq monitor ssse3 cx16 sse4_1 sse4_2 popcnt aes xsave avx lahf_lm cmp_legacy svm extapic cr8_legacy abm sse4a misalignsse 3dnowprefetch osvw ibs xop skinit wdt lwp fma4 nodeid_msr topoext perfctr_core arat cpb hw_pstate npt lbrv svm_lock nrip_save tsc_scale vmcb_clean flushbyasid decodeassists pausefilter pfthreshold
bogomips	: 6622.09
TLB size	: 1536 4K pages
clflush size	: 64
cache_alignment	: 64
address sizes	: 48 bits physical, 48 bits virtual
power management: ts ttp tm 100mhzsteps hwpstate [9]

processor	: 2
vendor_id	: AuthenticAMD
cpu family	: 21
model		: 1
model name	: AMD FX(tm)-6100 Six-Core Processor             
stepping	: 2
microcode	: 0x6000626
cpu MHz		: 3310.911
cache size	: 2048 KB
physical id	: 0
siblings	: 6
core id		: 2
cpu cores	: 3
apicid		: 18
initial apicid	: 2
fpu		: yes
fpu_exception	: yes
cpuid level	: 13
wp		: yes
flags		: fpu vme de pse tsc msr pae mce cx8 apic sep mtrr pge mca cmov pat pse36 clflush mmx fxsr sse sse2 ht syscall nx mmxext fxsr_opt pdpe1gb rdtscp lm constant_tsc rep_good nopl nonstop_tsc extd_apicid aperfmperf pni pclmulqdq monitor ssse3 cx16 sse4_1 sse4_2 popcnt aes xsave avx lahf_lm cmp_legacy svm extapic cr8_legacy abm sse4a misalignsse 3dnowprefetch osvw ibs xop skinit wdt lwp fma4 nodeid_msr topoext perfctr_core arat cpb hw_pstate npt lbrv svm_lock nrip_save tsc_scale vmcb_clean flushbyasid decodeassists pausefilter pfthreshold
bogomips	: 6622.19
TLB size	: 1536 4K pages
clflush size	: 64
cache_alignment	: 64
address sizes	: 48 bits physical, 48 bits virtual
power management: ts ttp tm 100mhzsteps hwpstate [9]

processor	: 3
vendor_id	: AuthenticAMD
cpu family	: 21
model		: 1
model name	: AMD FX(tm)-6100 Six-Core Processor             
stepping	: 2
microcode	: 0x6000626
cpu MHz		: 3310.911
cache size	: 2048 KB
physical id	: 0
siblings	: 6
core id		: 3
cpu cores	: 3
apicid		: 19
initial apicid	: 3
fpu		: yes
fpu_exception	: yes
cpuid level	: 13
wp		: yes
flags		: fpu vme de pse tsc msr pae mce cx8 apic sep mtrr pge mca cmov pat pse36 clflush mmx fxsr sse sse2 ht syscall nx mmxext fxsr_opt pdpe1gb rdtscp lm constant_tsc rep_good nopl nonstop_tsc extd_apicid aperfmperf pni pclmulqdq monitor ssse3 cx16 sse4_1 sse4_2 popcnt aes xsave avx lahf_lm cmp_legacy svm extapic cr8_legacy abm sse4a misalignsse 3dnowprefetch osvw ibs xop skinit wdt lwp fma4 nodeid_msr topoext perfctr_core arat cpb hw_pstate npt lbrv svm_lock nrip_save tsc_scale vmcb_clean flushbyasid decodeassists pausefilter pfthreshold
bogomips	: 6622.18
TLB size	: 1536 4K pages
clflush size	: 64
cache_alignment	: 64
address sizes	: 48 bits physical, 48 bits virtual
power management: ts ttp tm 100mhzsteps hwpstate [9]

processor	: 4
vendor_id	: AuthenticAMD
cpu family	: 21
model		: 1
model name	: AMD FX(tm)-6100 Six-Core Processor             
stepping	: 2
microcode	: 0x6000626
cpu MHz		: 3310.911
cache size	: 2048 KB
physical id	: 0
siblings	: 6
core id		: 4
cpu cores	: 3
apicid		: 20
initial apicid	: 4
fpu		: yes
fpu_exception	: yes
cpuid level	: 13
wp		: yes
flags		: fpu vme de pse tsc msr pae mce cx8 apic sep mtrr pge mca cmov pat pse36 clflush mmx fxsr sse sse2 ht syscall nx mmxext fxsr_opt pdpe1gb rdtscp lm constant_tsc rep_good nopl nonstop_tsc extd_apicid aperfmperf pni pclmulqdq monitor ssse3 cx16 sse4_1 sse4_2 popcnt aes xsave avx lahf_lm cmp_legacy svm extapic cr8_legacy abm sse4a misalignsse 3dnowprefetch osvw ibs xop skinit wdt lwp fma4 nodeid_msr topoext perfctr_core arat cpb hw_pstate npt lbrv svm_lock nrip_save tsc_scale vmcb_clean flushbyasid decodeassists pausefilter pfthreshold
bogomips	: 6622.19
TLB size	: 1536 4K pages
clflush size	: 64
cache_alignment	: 64
address sizes	: 48 bits physical, 48 bits virtual
power management: ts ttp tm 100mhzsteps hwpstate [9]

processor	: 5
vendor_id	: AuthenticAMD
cpu family	: 21
model		: 1
model name	: AMD FX(tm)-6100 Six-Core Processor             
stepping	: 2
microcode	: 0x6000626
cpu MHz		: 3310.911
cache size	: 2048 KB
physical id	: 0
siblings	: 6
core id		: 5
cpu cores	: 3
apicid		: 21
initial apicid	: 5
fpu		: yes
fpu_exception	: yes
cpuid level	: 13
wp		: yes
flags		: fpu vme de pse tsc msr pae mce cx8 apic sep mtrr pge mca cmov pat pse36 clflush mmx fxsr sse sse2 ht syscall nx mmxext fxsr_opt pdpe1gb rdtscp lm constant_tsc rep_good nopl nonstop_tsc extd_apicid aperfmperf pni pclmulqdq monitor ssse3 cx16 sse4_1 sse4_2 popcnt aes xsave avx lahf_lm cmp_legacy svm extapic cr8_legacy abm sse4a misalignsse 3dnowprefetch osvw ibs xop skinit wdt lwp fma4 nodeid_msr topoext perfctr_core arat cpb hw_pstate npt lbrv svm_lock nrip_save tsc_scale vmcb_clean flushbyasid decodeassists pausefilter pfthreshold
bogomips	: 6622.18
TLB size	: 1536 4K pages
clflush size	: 64
cache_alignment	: 64
address sizes	: 48 bits physical, 48 bits virtual
power management: ts ttp tm 100mhzsteps hwpstate [9]



Memory: 4k page, physical 8163344k(6194368k free), swap 12015612k(12015612k free)

vm_info: OpenJDK 64-Bit Server VM (23.7-b01) for linux-amd64 JRE (1.7.0_25-b30), built on Jul  3 2013 10:28:26 by "jmm" with gcc 4.7.2

time: Sat Nov  2 14:02:05 2013
elapsed time: 2 seconds

