#
# A fatal error has been detected by the Java Runtime Environment:
#
#  SIGSEGV (0xb) at pc=0x00007f4a96bac90a, pid=7830, tid=139958341760768
#
# JRE version: 7.0_25-b30
# Java VM: OpenJDK 64-Bit Server VM (23.7-b01 mixed mode linux-amd64 compressed oops)
# Problematic frame:
# C  [libpdnative7212708692947167274.so+0x8c90a]  libpd_process_short+0x12a
#
# Failed to write core dump. Core dumps have been disabled. To enable core dumping, try "ulimit -c unlimited" before starting Java again
#
# If you would like to submit a bug report, please include
# instructions on how to reproduce the bug and visit:
#   http://icedtea.classpath.org/bugzilla
# The crash happened outside the Java Virtual Machine in native code.
# See problematic frame for where to report the bug.
#

---------------  T H R E A D  ---------------

Current thread (0x00007f4aa02e5800):  JavaThread "Environment" [_thread_in_native, id=7866, stack(0x00007f4a972e7000,0x00007f4a973e8000)]

siginfo:si_signo=SIGSEGV: si_errno=0, si_code=1 (SEGV_MAPERR), si_addr=0x0000000001f9c000

Registers:
RAX=0x00007f4aa03277f0, RBX=0x00007f4ab34b2000, RCX=0x0000000001f9c004, RDX=0x00000000000049ee
RSP=0x00007f4a973e6650, RBP=0x0000000001f9c000, RSI=0x00007f4aa03276f0, RDI=0x0000000000000002
R8 =0x00007f4aa0327730, R9 =0x0000000000000004, R10=0x00007f4a90088950, R11=0x00007f4aa0327730
R12=0x0000000000000bb6, R13=0x00007f4a96de1100, R14=0x0000000000000d75, R15=0x00007f4a96de10f0
RIP=0x00007f4a96bac90a, EFLAGS=0x0000000000010206, CSGSFS=0x0000000000000033, ERR=0x0000000000000006
  TRAPNO=0x000000000000000e

Top of Stack: (sp=0x00007f4a973e6650)
0x00007f4a973e6650:   00007f4a46fffe00 0000000001ee0940
0x00007f4a973e6660:   00007f4a38000100 00007f4ab1f3108b
0x00007f4a973e6670:   00007f4aa02e59d8 00007f4aa02e59d8
0x00007f4a973e6680:   00007f4a973e6770 00007f4a973e6778
0x00007f4a973e6690:   0000000001ee0940 00007f4ab34b2000
0x00007f4a973e66a0:   0000000000000d75 00007f4a96baf92f
0x00007f4a973e66b0:   0000000000000000 0000000779b60410
0x00007f4a973e66c0:   00007f4a973e6750 0000000000000000
0x00007f4a973e66d0:   0000000779b60410 00007f4a973e6780
0x00007f4a973e66e0:   00007f4aa02e5800 00007f4aad1c1f90
0x00007f4a973e66f0:   0000000000000000 00007f4a973e6720
0x00007f4a973e6700:   00007f4a973e6768 00007f4aad1b62d4
0x00007f4a973e6710:   00007f4a973e6710 0000000000000000
0x00007f4a973e6720:   00007f4a973e6780 0000000779b62ad8
0x00007f4a973e6730:   0000000000000000 0000000779b60410
0x00007f4a973e6740:   0000000000000000 00007f4a973e6770
0x00007f4a973e6750:   00007f4a973e67c8 00007f4aad1b62d4
0x00007f4a973e6760:   00000007d76bcc10 00007f4aad1bedd6
0x00007f4a973e6770:   00000007d8327fe0 00000007d7714ef0
0x00007f4a973e6780:   0000000000000d75 00007f4a973e6788
0x00007f4a973e6790:   0000000779b213d9 00007f4a973e67e0
0x00007f4a973e67a0:   0000000779b58778 0000000000000000
0x00007f4a973e67b0:   0000000779b21f80 00007f4a973e6770
0x00007f4a973e67c0:   00007f4a973e67d8 00007f4a973e6828
0x00007f4a973e67d0:   00007f4aad1b6158 00000000000003eb
0x00007f4a973e67e0:   00000007d76b6590 00007f4a973e67e8
0x00007f4a973e67f0:   0000000779b223ff 00007f4a973e6848
0x00007f4a973e6800:   0000000779b58778 0000000000000000
0x00007f4a973e6810:   0000000779b22478 00007f4a973e67d8
0x00007f4a973e6820:   00007f4a973e6848 00007f4a973e6890
0x00007f4a973e6830:   00007f4aad1b6158 0000000000000000
0x00007f4a973e6840:   0000000000000000 00000007d76b6590 

Instructions: (pc=0x00007f4a96bac90a)
0x00007f4a96bac8ea:   7e 2b 4a 8d 4c 0d 00 48 89 f0 0f 1f 40 00 f3 0f
0x00007f4a96bac8fa:   10 00 48 05 00 01 00 00 f3 0f 59 c1 f3 0f 2c d0
0x00007f4a96bac90a:   66 89 55 00 48 83 c5 02 48 39 cd 75 e1 48 83 c6
0x00007f4a96bac91a:   04 4c 39 c6 75 c8 41 83 c4 01 45 39 f4 0f 85 f3 

Register to memory mapping:

RAX=0x00007f4aa03277f0 is an unknown value
RBX=0x00007f4ab34b2000 is an unknown value
RCX=0x0000000001f9c004 is an unknown value
RDX=0x00000000000049ee is an unknown value
RSP=0x00007f4a973e6650 is pointing into the stack for thread: 0x00007f4aa02e5800
RBP=0x0000000001f9c000 is an unknown value
RSI=0x00007f4aa03276f0 is an unknown value
RDI=0x0000000000000002 is an unknown value
R8 =0x00007f4aa0327730 is an unknown value
R9 =0x0000000000000004 is an unknown value
R10=0x00007f4a90088950 is an unknown value
R11=0x00007f4aa0327730 is an unknown value
R12=0x0000000000000bb6 is an unknown value
R13=0x00007f4a96de1100: sys_soundout+0 in /tmp/libpdnative7212708692947167274.so at 0x00007f4a96b20000
R14=0x0000000000000d75 is an unknown value
R15=0x00007f4a96de10f0: sys_outchannels+0 in /tmp/libpdnative7212708692947167274.so at 0x00007f4a96b20000


Stack: [0x00007f4a972e7000,0x00007f4a973e8000],  sp=0x00007f4a973e6650,  free space=1021k
Native frames: (J=compiled Java code, j=interpreted, Vv=VM code, C=native code)
C  [libpdnative7212708692947167274.so+0x8c90a]  libpd_process_short+0x12a

[error occurred during error reporting (printing native stack), id 0xb]

Java frames: (J=compiled Java code, j=interpreted, Vv=VM code)
j  org.puredata.core.PdBase.process(I[S[S)I+0
j  ensemble.apps.pd_testing.Pd_Reasoning.process_pd_ticks(I)V+17
j  ensemble.apps.pd_testing.Pd_Reasoning.process()V+23
j  ensemble.Reasoning$ReasonBatch.run()V+20
j  ensemble.clock.VirtualClockService$VirtualClockHelperImp.updateClock(J)V+49
j  ensemble.EnvironmentAgent$CheckEndTurn.action()V+246
j  jade.core.behaviours.Behaviour.actionWrapper()V+36
j  jade.core.Agent$ActiveLifeCycle.execute()V+17
j  jade.core.Agent.run()V+21
j  java.lang.Thread.run()V+11
v  ~StubRoutines::call_stub

---------------  P R O C E S S  ---------------

Java Threads: ( => current thread )
  0x0000000001ed3800 JavaThread "pool-2-thread-1" [_thread_blocked, id=7882, stack(0x00007f4a8f5b4000,0x00007f4a8f6b5000)]
  0x00007f4a9008a800 JavaThread "type1#ReceiveCommand" [_thread_blocked, id=7881, stack(0x00007f4a8f6b5000,0x00007f4a8f7b6000)]
  0x00007f4a9008f000 JavaThread "type2#ReceiveCommand" [_thread_blocked, id=7880, stack(0x00007f4a8f7b6000,0x00007f4a8f8b7000)]
  0x0000000001ed0800 JavaThread "Environment#ReceiveCommand" [_thread_blocked, id=7879, stack(0x00007f4a8f8b7000,0x00007f4a8f9b8000)]
  0x00007f4aa0367000 JavaThread "PulseAudio Eventloop Thread" daemon [_thread_in_vm, id=7878, stack(0x00007f4a94057000,0x00007f4a94158000)]
  0x0000000001eb3800 JavaThread "OSCReceiver" daemon [_thread_in_native, id=7871, stack(0x00007f4a96de2000,0x00007f4a96ee3000)]
  0x0000000001eb0000 JavaThread "OSCReceiver" daemon [_thread_in_native, id=7870, stack(0x00007f4a96ee3000,0x00007f4a96fe4000)]
  0x00007f4aa0302000 JavaThread "OSCReceiver" daemon [_thread_in_native, id=7869, stack(0x00007f4a96fe4000,0x00007f4a970e5000)]
  0x00007f4aa02db800 JavaThread "DestroyJavaVM" [_thread_blocked, id=7831, stack(0x00007f4ab339e000,0x00007f4ab349f000)]
  0x00007f4aa02e2000 