#
# A fatal error has been detected by the Java Runtime Environment:
#
#  SIGSEGV (0xb) at pc=0x00007fda398a640d, pid=11469, tid=140575379826432
#
# JRE version: 7.0_25-b30
# Java VM: OpenJDK 64-Bit Server VM (23.7-b01 mixed mode linux-amd64 compressed oops)
# Problematic frame:
# C  [libpdnative5870095239484991190.so+0x8e40d]  java_printhook+0x5d
#
# Failed to write core dump. Core dumps have been disabled. To enable core dumping, try "ulimit -c unlimited" before starting Java again
#
# If you would like to submit a bug report, please include
# instructions on how to reproduce the bug and visit:
#   http://icedtea.classpath.org/bugzilla
# The crash happened outside the Java Virtual Machine in native code.
# See problematic frame for where to report the bug.
#

---------------  T H R E A D  ---------------

Current thread (0x00000000028f7000):  JavaThread "creature_1" [_thread_in_native, id=11507, stack(0x00007fda41842000,0x00007fda41943000)]

siginfo:si_signo=SIGSEGV: si_errno=0, si_code=1 (SEGV_MAPERR), si_addr=0x0000000000000000

Registers:
RAX=0x0000000000000000, RBX=0x00007fda39ad0b80, RCX=0x0000000000000001, RDX=0x00007fda5cd46e80
RSP=0x00007fda419417a8, RBP=0x00007fda39ad0ba8, RSI=0x00007fda501a00f0, RDI=0x0000000000000000
R8 =0x00007fda4193ed80, R9 =0x00000007d67773f0, R10=0x00007fda5cd5aa40, R11=0x00007fda41940e78
R12=0x00007fda39ad0cc0, R13=0x00007fda398b0c58, R14=0x00007fda41941848, R15=0x00000000028f7000
RIP=0x00007fda398a640d, EFLAGS=0x0000000000010202, CSGSFS=0x0000000000000033, ERR=0x0000000000000004
  TRAPNO=0x000000000000000e

Top of Stack: (sp=0x00007fda419417a8)
0x00007fda419417a8:   00007fda398a6104 0000000779c72150
0x00007fda419417b8:   0000000779c72150 00007fda41941830
0x00007fda419417c8:   0000000000000000 0000000779c72150
0x00007fda419417d8:   00007fda398a6c92 00007fda57865410
0x00007fda419417e8:   00007fda57871f90 00007fda419417f0
0x00007fda419417f8:   0000000779c72150 00007fda41941848
0x00007fda41941808:   0000000779c737e8 0000000000000000
0x00007fda41941818:   0000000779c72150 0000000000000000
0x00007fda41941828:   00007fda41941850 00007fda41941890
0x00007fda41941838:   00007fda57866158 00000007d78010f0
0x00007fda41941848:   00007fda5786edd8 00007fda41941850
0x00007fda41941858:   0000000779b2210f 00007fda419418b0
0x00007fda41941868:   0000000779b6a038 0000000000000000
0x00007fda41941878:   0000000779b22260 00007fda41941850
0x00007fda41941888:   00007fda419418b0 00007fda419418f8
0x00007fda41941898:   00007fda57866450 0000000000000000
0x00007fda419418a8:   0000000000000000 00000007d77cd600
0x00007fda419418b8:   00007fda419418b8 0000000779b27503
0x00007fda419418c8:   00007fda41941918 0000000779b3d5a0
0x00007fda419418d8:   0000000000000000 0000000779b27608
0x00007fda419418e8:   00007fda419418b0 00007fda41941918
0x00007fda419418f8:   00007fda41941960 00007fda57866450
0x00007fda41941908:   00000007d77f7cc0 00000007d77f4b08
0x00007fda41941918:   00000007d77cd600 00007fda41941920
0x00007fda41941928:   00000007792f42f7 00007fda419419b0
0x00007fda41941938:   0000000779b09ad0 0000000000000000
0x00007fda41941948:   00000007792f44b0 00007fda41941918
0x00007fda41941958:   00007fda419419b0 00007fda419419f8
0x00007fda41941968:   00007fda57866450 0000000000000000
0x00007fda41941978:   0000000000000001 00000007d77cd600
0x00007fda41941988:   00000007d77e6e10 00000007d77cd7f0
0x00007fda41941998:   00000007d77d03f0 00000007d77d0228 

Instructions: (pc=0x00007fda398a640d)
0x00007fda398a63ed:   23 00 31 c0 48 8b 15 58 28 23 00 4c 8b 07 41 ff
0x00007fda398a63fd:   90 e8 01 00 00 48 8b 3d b7 27 23 00 48 89 de 5b
0x00007fda398a640d:   48 8b 07 48 8b 80 b8 00 00 00 ff e0 0f 1f 80 00
0x00007fda398a641d:   00 00 00 f3 c3 66 66 66 66 66 2e 0f 1f 84 00 00 

Register to memory mapping:

RAX=0x0000000000000000 is an unknown value
RBX=0x00007fda39ad0b80: <offset 0x2b8b80> in /tmp/libpdnative5870095239484991190.so at 0x00007fda39818000
RCX=0x0000000000000001 is an unknown value
RDX=0x00007fda5cd46e80: <offset 0xc9ee80> in /usr/lib/jvm/java-7-openjdk-amd64/jre/lib/amd64/server/libjvm.so at 0x00007fda5c0a8000
RSP=0x00007fda419417a8 is pointing into the stack for thread: 0x00000000028f7000
RBP=0x00007fda39ad0ba8: <offset 0x2b8ba8> in /tmp/libpdnative5870095239484991190.so at 0x00007fda39818000
RSI=0x00007fda501a00f0 is an unknown value
RDI=0x0000000000000000 is an unknown value
R8 =0x00007fda4193ed80 is pointing into the stack for thread: 0x00000000028f7000
R9 =0x00000007d67773f0 is an oop
java.io.FileDescriptor 
 - klass: 'java/io/FileDescriptor'
R10=0x00007fda5cd5aa40: <offset 0xcb2a40> in /usr/lib/jvm/java-7-openjdk-amd64/jre/lib/amd64/server/libjvm.so at 0x00007fda5c0a8000
R11=0x00007fda41940e78 is pointing into the stack for thread: 0x00000000028f7000
R12=0x00007fda39ad0cc0: <offset 0x2b8cc0> in /tmp/libpdnative5870095239484991190.so at 0x00007fda39818000
R13=0x00007fda398b0c58: <offset 0x98c58> in /tmp/libpdnative5870095239484991190.so at 0x00007fda39818000
R14=0x00007fda41941848 is pointing into the stack for thread: 0x00000000028f7000
R15=0x00000000028f7000 is a thread


Stack: [0x00007fda41842000,0x00007fda41943000],  sp=0x00007fda419417a8,  free space=1021k
Native frames: (J=compiled Java code, j=interpreted, Vv=VM code, C=native code)
C  [libpdnative5870095239484991190.so+0x8e40d]  java_printhook+0x5d

Java frames: (J=compiled Java code, j=interpreted, Vv=VM code)
j  org.puredata.core.PdBase.pollPdMessageQueue()V+0
j  ensemble.apps.pd_testing.Pd_Reasoning.init()Z+135
j  ensemble.Reasoning.start()Z+171
j  ensemble.MusicalAgent.start()Z+327
j  ensemble.EnsembleAgent.setup()V+99
j  jade.core.Agent$ActiveLifeCycle.init()V+19
j  jade.core.Agent.run()V+4
j  java.lang.Thread.run()V+11
v  ~StubRoutines::call_stub

---------------  P R O C E S S  ---------------

Java Threads: ( => current thread )
  0x000000000293d800 JavaThread "creature_0#ReceiveCommand" [_thread_in_vm, id=11519, stack(0x00007fda39717000,0x00007fda39818000)]
  0x0000000002926800 JavaThread "Environment#ReceiveCommand" [_thread_blocked, id=11518, stack(0x00007fda39adf000,0x00007fda39be0000)]
  0x00007fda50287800 JavaThread "PulseAudio Eventloop Thread" daemon [_thread_in_native, id=11517, stack(0x00007fda4004f000,0x00007fda40150000)]
  0x00007fda34002800 JavaThread "OSCReceiver" daemon [_thread_in_native, id=11510, stack(0x00007fda4153f000,0x00007fda41640000)]
  0x00007fda34003800 JavaThread "OSCReceiver" daemon [_thread_in_native, id=11509, stack(0x00007fda41640000,0x00007fda41741000)]
  0x00000000028fe800 JavaThread "OSCReceiver" daemon [_thread_in_native, id=11508, stack(0x00007fda41741000,0x00007fda41842000)]
  0x00000000024e7000 JavaThread "DestroyJavaVM" [_thread_blocked, id=11470, stack(0x00007fda5da4e000,0x00007fda5db4f000)]
=>0x00000000028f7000 JavaThread "creature_1" [_thread_in_native, id=11507, stack(0x00007fda41842000,0x00007fda41943000)]
  0x00007fda5023f000 JavaThread "creature_0" [_thread_in_Java, id=11506, stack(0x00007fda41943000,0x00007fda41a44000)]
  0x00007fda50242800 JavaThread "Environment" [_thread_blocked, id=11505, stack(0x00007fda41a67000,0x00007fda41b68000)]
  0x00007fda5023b800 JavaThread "Router" [_thread_in_Java, id=11504, stack(0x00007fda41b68000,0x00007fda41c69000)]
  0x00007fda50236000 JavaThread "df" [_thread_blocked, id=11503, stack(0x00007fda41c69000,0x00007fda41d6a000)]
  0x00007fda50233800 JavaThread "ams" [_thread_blocked, id=11502, stack(0x00007fda41d6a000,0x00007fda41e6b000)]
  0x00007fda50230800 JavaThread "pool-1-thread-5" [_thread_blocked, id=11501, stack(0x00007fda41e6b000,0x00007fda41f6c000)]
  0x00007fda5022e800 JavaThread "pool-1-thread-4" [_thread_blocked, id=11500, stack(0x00007fda41f6c000,0x00007fda4206d000)]
  0x00007fda5022c800 JavaThread "pool-1-thread-3" [_thread_blocked, id=11499, stack(0x00007fda4206d000,0x00007fda4216e000)]
  0x00007fda5022a800 JavaThread "pool-1-thread-2" [_thread_blocked, id=11498, stack(0x00007fda4216e000,0x00007fda4226f000)]
  0x00007fda50229000 JavaThread "pool-1-thread-1" [_thread_blocked, id=11497, stack(0x00007fda4226f000,0x00007fda42370000)]
  0x00007fda5020a000 JavaThread "Thread-10" [_thread_in_native, id=11496, stack(0x00007fda42370000,0x00007fda42471000)]
  0x00007fda50213000 JavaThread "Deliverer-4" [_thread_blocked, id=11495, stack(0x00007fda42471000,0x00007fda42572000)]
  0x00007fda50211000 JavaThread "Deliverer-3" [_thread_blocked, id=11494, stack(0x00007fda42572000,0x00007fda42673000)]
  0x00007fda501f3000 JavaThread "Deliverer-2" [_thread_blocked, id=11493, stack(0x00007fda42673000,0x00007fda42774000)]
  0x00007fda501f6800 JavaThread "Deliverer-1" [_thread_blocked, id=11492, stack(0x00007fda42774000,0x00007fda42875000)]
  0x00007fda501ef000 JavaThread "Deliverer-0" [_thread_blocked, id=11491, stack(0x00007fda42875000,0x00007fda42976000)]
  0x00000000028ce000 JavaThread "AWT-XAWT" daemon [_thread_in_native, id=11490, stack(0x00007fda42976000,0x00007fda42a77000)]
  0x00000000027f0000 JavaThread "Java2D Disposer" daemon [_thread_blocked, id=11489, stack(0x00007fda42a77000,0x00007fda42b78000)]
  0x000000000277f800 JavaThread "Thread-4" [_thread_in_native, id=11488, stack(0x00007fda496d4000,0x00007fda497d5000)]
  0x00007fda5011f000 JavaThread "Thread-3" [_thread_blocked, id=11487, stack(0x00007fda497d5000,0x00007fda498d6000)]
  0x00007fda5011d800 JavaThread "JICPServer-1099" daemon [_thread_in_native, id=11486, stack(0x00007fda498d6000,0x00007fda499d7000)]
  0x00007fda50109000 JavaThread "JADE Timer dispatcher" [_thread_blocked, id=11485, stack(0x00007fda499d7000,0x00007fda49ad8000)]
  0x00000000025f6000 JavaThread "Service Thread" daemon [_thread_blocked, id=11483, stack(0x00007fda4b604000,0x00007fda4b705000)]
  0x00007fda50004000 JavaThread "C2 CompilerThread1" daemon [_thread_blocked, id=11482, stack(0x00007fda4b705000,0x00007fda4b806000)]
  0x00007fda50001000 JavaThread "C2 CompilerThread0" daemon [_thread_blocked, id=11481, stack(0x00007fda4b806000,0x00007fda4b907000)]
  0x00000000025f3800 JavaThread "Signal Dispatcher" daemon [_thread_blocked, id=11480, stack(0x00007fda4b907000,0x00007fda4ba08000)]
  0x0000000002594800 JavaThread "Finalizer" daemon [_thread_blocked, id=11479, stack(0x00007fda4bb7f000,0x00007fda4bc80000)]
  0x0000000002592000 JavaThread "Reference Handler" daemon [_thread_blocked, id=11478, stack(0x00007fda54016000,0x00007fda54117000)]

Other Threads:
  0x0000000002589800 VMThread [stack: 0x00007fda54117000,0x00007fda54218000] [id=11477]
  0x0000000002601000 WatcherThread [stack: 0x00007fda4b503000,0x00007fda4b604000] [id=11484]

VM state:not at safepoint (normal execution)

VM Mutex/Monitor currently owned by a thread: None

Heap
 PSYoungGen      total 37184K, used 27468K [0x00000007d6760000, 0x00000007d90e0000, 0x0000000800000000)
  eden space 31872K, 86% used [0x00000007d6760000,0x00000007d82331a0,0x00000007d8680000)
  from space 5312K, 0% used [0x00000007d8bb0000,0x00000007d8bb0000,0x00000007d90e0000)
  to   space 5312K, 0% used [0x00000007d8680000,0x00000007d8680000,0x00000007d8bb0000)
 ParOldGen       total 85120K, used 0K [0x0000000783600000, 0x0000000788920000, 0x00000007d6760000)
  object space 85120K, 0% used [0x0000000783600000,0x0000000783600000,0x0000000788920000)
 PSPermGen       total 21248K, used 13066K [0x0000000779000000, 0x000000077a4c0000, 0x0000000783600000)
  object space 21248K, 61% used [0x0000000779000000,0x0000000779cc2ac8,0x000000077a4c0000)

Card table byte_map: [0x00007fda57427000,0x00007fda57860000] byte_map_base: 0x00007fda5385f000

Polling page: 0x00007fda5db64000

Code Cache  [0x00007fda57860000, 0x00007fda57ad0000, 0x00007fda5a860000)
 total_blobs=421 nmethods=43 adapters=330 free_code_cache=48595Kb largest_free_block=49739968

Compilation events (10 events):
Event: 1.209 Thread 0x00007fda50001000 nmethod 37 0x00007fda578e8350 code [0x00007fda578e84a0, 0x00007fda578e8618]
Event: 1.209 Thread 0x00007fda50001000   39             java.lang.reflect.ReflectAccess::copyMethod (5 bytes)
Event: 1.210 Thread 0x00007fda50004000 nmethod 38 0x00007fda578ea710 code [0x00007fda578ea860, 0x00007fda578eaa58]
Event: 1.210 Thread 0x00007fda50001000 nmethod 39 0x00007fda578e7f90 code [0x00007fda578e80e0, 0x00007fda578e8258]
Event: 1.211 Thread 0x00007fda50004000   40             sun.reflect.ClassFileAssembler::emitByte (11 bytes)
Event: 1.211 Thread 0x00007fda50001000   41             sun.reflect.ByteVectorImpl::add (38 bytes)
Event: 1.211 Thread 0x00007fda50001000 nmethod 41 0x00007fda578ea390 code [0x00007fda578ea4e0, 0x00007fda578ea5e8]
Event: 1.212 Thread 0x00007fda50004000 nmethod 40 0x00007fda578e9f50 code [0x00007fda578ea0a0, 0x00007fda578ea1e8]
Event: 1.213 Thread 0x00007fda50001000   42             java.util.HashMap::hash (59 bytes)
Event: 1.215 Thread 0x00007fda50001000 nmethod 42 0x00007fda578e9b90 code [0x00007fda578e9ce0, 0x00007fda578e9e28]

GC Heap History (0 events):
No events

Deoptimization events (1 events):
Event: 0.409 Thread 0x00000000024e7000 Uncommon trap -34 fr.pc 0x00007fda578c3334

Internal exceptions (10 events):
Event: 1.197 Thread 0x00007fda50236000 Threw 0x00000007d810d5c0 at /home/jmm/scratch/jdk/openjdk-7-7u25-2.3.10/build/openjdk/hotspot/src/share/vm/interpreter/interpreterR
Event: 1.197 Thread 0x00007fda50236000 Threw 0x00000007d810e370 at /home/jmm/scratch/jdk/openjdk-7-7u25-2.3.10/build/openjdk/hotspot/src/share/vm/interpreter/interpreterR
Event: 1.198 Thread 0x00000000028f7000 Threw 0x00000007d77f8968 at /home/jmm/scratch/jdk/openjdk-7-7u25-2.3.10/build/openjdk/hotspot/src/share/vm/prims/jvm.cpp:1235
Event: 1.199 Thread 0x00000000028f7000 Threw 0x00000007d77fb830 at /home/jmm/scratch/jdk/openjdk-7-7u25-2.3.10/build/openjdk/hotspot/src/share/vm/prims/jvm.cpp:1235
Event: 1.200 Thread 0x00000000028f7000 Threw 0x00000007d7802078 at /home/jmm/scratch/jdk/openjdk-7-7u25-2.3.10/build/openjdk/hotspot/src/share/vm/prims/jvm.cpp:1235
Event: 1.200 Thread 0x00000000028f7000 Threw 0x00000007d7802740 at /home/jmm/scratch/jdk/openjdk-7-7u25-2.3.10/build/openjdk/hotspot/src/share/vm/prims/jvm.cpp:1235
Event: 1.200 Thread 0x00000000028f7000 Threw 0x00000007d78036d8 at /home/jmm/scratch/jdk/openjdk-7-7u25-2.3.10/build/openjdk/hotspot/src/share/vm/prims/jvm.cpp:1235
Event: 1.201 Thread 0x00000000028f7000 Threw 0x00000007d7807930 at /home/jmm/scratch/jdk/openjdk-7-7u25-2.3.10/build/openjdk/hotspot/src/share/vm/prims/jvm.cpp:1235
Event: 1.230 Thread 0x00000000028f7000 Threw 0x00000007d782c878 at /home/jmm/scratch/jdk/openjdk-7-7u25-2.3.10/build/openjdk/hotspot/src/share/vm/prims/jvm.cpp:1235
Event: 1.231 Thread 0x00000000028f7000 Threw 0x00000007d782fc88 at /home/jmm/scratch/jdk/openjdk-7-7u25-2.3.10/build/openjdk/hotspot/src/share/vm/prims/jvm.cpp:1235

Events (10 events):
Event: 1.214 loading class 0x000000000293a000 done
Event: 1.229 loading class 0x00000000025d1760
Event: 1.229 loading class 0x00000000025d1760 done
Event: 1.229 loading class 0x00007fda34011200
Event: 1.229 loading class 0x00007fda34011200 done
Event: 1.230 loading class 0x00007fda5023fb90
Event: 1.230 loading class 0x00007fda5023fb90 done
Event: 1.230 loading class 0x00007fda3402f3b0
Event: 1.230 loading class 0x00007fda3402f3b0 done
Event: 1.232 loading class 0x00000000025cc5b0


Dynamic libraries:
00400000-00401000 r-xp 00000000 08:05 7876088                            /usr/lib/jvm/java-7-openjdk-amd64/jre/bin/java
00600000-00601000 r--p 00000000 08:05 7876088                            /usr/lib/jvm/java-7-openjdk-amd64/jre/bin/java
00601000-00602000 rw-p 00001000 08:05 7876088                            /usr/lib/jvm/java-7-openjdk-amd64/jre/bin/java
024db000-0294f000 rw-p 00000000 00:00 0                                  [heap]
779000000-77a4c0000 rw-p 00000000 00:00 0 
77a4c0000-783600000 rw-p 00000000 00:00 0 
783600000-788920000 rw-p 00000000 00:00 0 
788920000-7d6760000 rw-p 00000000 00:00 0 
7d6760000-7d90e0000 rw-p 00000000 00:00 0 
7d90e0000-800000000 rw-p 00000000 00:00 0 
7fda2fff8000-7fda33ff9000 rw-s 00000000 00:11 2158925                    /run/shm/pulse-shm-611363357
7fda34000000-7fda34060000 rw-p 00000000 00:00 0 
7fda34060000-7fda38000000 ---p 00000000 00:00 0 
7fda39717000-7fda3971a000 ---p 00000000 00:00 0 
7fda3971a000-7fda39818000 rw-p 00000000 00:00 0 
7fda39818000-7fda398ca000 r-xp 00000000 08:05 9709273                    /tmp/libpdnative5870095239484991190.so
7fda398ca000-7fda39aca000 ---p 000b2000 08:05 9709273                    /tmp/libpdnative5870095239484991190.so
7fda39aca000-7fda39acd000 rw-p 000b2000 08:05 9709273                    /tmp/libpdnative5870095239484991190.so
7fda39acd000-7fda39ada000 rw-p 00000000 00:00 0 
7fda39adf000-7fda39ae2000 ---p 00000000 00:00 0 
7fda39ae2000-7fda39be0000 rw-p 00000000 00:00 0 
7fda39be0000-7fda39bed000 r-xp 00000000 08:05 9967722                    /usr/lib/jvm/java-7-openjdk-amd64/jre/lib/amd64/libpulse-java.so
7fda39bed000-7fda39dec000 ---p 0000d000 08:05 9967722                    /usr/lib/jvm/java-7-openjdk-amd64/jre/lib/amd64/libpulse-java.so
7fda39dec000-7fda39ded000 r--p 0000c000 08:05 9967722                    /usr/lib/jvm/java-7-openjdk-amd64/jre/lib/amd64/libpulse-java.so
7fda39ded000-7fda39dee000 rw-p 0000d000 08:05 9967722                    /usr/lib/jvm/java-7-openjdk-amd64/jre/lib/amd64/libpulse-java.so
7fda39def000-7fda39df0000 ---p 00000000 00:00 0 
7fda39df0000-7fda3a5f0000 rw-p 00000000 00:00 0 
7fda3a5f0000-7fda3a5f6000 r-xp 00000000 08:05 8132597                    /usr/lib/x86_64-linux-gnu/libogg.so.0.8.0
7fda3a5f6000-7fda3a7f5000 ---p 00006000 08:05 8132597                    /usr/lib/x86_64-linux-gnu/libogg.so.0.8.0
7fda3a7f5000-7fda3a7f6000 rw-p 00005000 08:05 8132597                    /usr/lib/x86_64-linux-gnu/libogg.so.0.8.0
7fda3a7f8000-7fda3a824000 r-xp 00000000 08:05 8132806                    /usr/lib/x86_64-linux-gnu/libvorbis.so.0.4.5
7fda3a824000-7fda3aa23000 ---p 0002c000 08:05 8132806                    /usr/lib/x86_64-linux-gnu/libvorbis.so.0.4.5
7fda3aa23000-7fda3aa24000 r--p 0002b000 08:05 8132806                    /usr/lib/x86_64-linux-gnu/libvorbis.so.0.4.5
7fda3aa24000-7fda3aa25000 rw-p 0002c000 08:05 8132806                    /usr/lib/x86_64-linux-gnu/libvorbis.so.0.4.5
7fda3aa28000-7fda3acdb000 r-xp 00000000 08:05 8132808                    /usr/lib/x86_64-linux-gnu/libvorbisenc.so.2.0.8
7fda3acdb000-7fda3aeda000 ---p 002b3000 08:05 8132808                    /usr/lib/x86_64-linux-gnu/libvorbisenc.so.2.0.8
7fda3aeda000-7fda3aef6000 r--p 002b2000 08:05 8132808                    /usr/lib/x86_64-linux-gnu/libvorbisenc.so.2.0.8
7fda3aef6000-7fda3aef7000 rw-p 002ce000 08:05 8132808                    /usr/lib/x86_64-linux-gnu/libvorbisenc.so.2.0.8
7fda3aef8000-7fda3af43000 r-xp 00000000 08:05 8132007                    /usr/lib/x86_64-linux-gnu/libFLAC.so.8.2.0
7fda3af43000-7fda3b142000 ---p 0004b000 08:05 8132007                    /usr/lib/x86_64-linux-gnu/libFLAC.so.8.2.0
7fda3b142000-7fda3b143000 r--p 0004a000 08:05 8132007                    /usr/lib/x86_64-linux-gnu/libFLAC.so.8.2.0
7fda3b143000-7fda3b144000 rw-p 0004b000 08:05 8132007                    /usr/lib/x86_64-linux-gnu/libFLAC.so.8.2.0
7fda3b148000-7fda3b14c000 r-xp 00000000 08:05 5374967                    /lib/x86_64-linux-gnu/libuuid.so.1.3.0
7fda3b14c000-7fda3b34b000 ---p 00004000 08:05 5374967                    /lib/x86_64-linux-gnu/libuuid.so.1.3.0
7fda3b34b000-7fda3b34c000 r--p 00003000 08:05 5374967                    /lib/x86_64-linux-gnu/libuuid.so.1.3.0
7fda3b34c000-7fda3b34d000 rw-p 00004000 08:05 5374967                    /lib/x86_64-linux-gnu/libuuid.so.1.3.0
7fda3b350000-7fda3b354000 r-xp 00000000 08:05 5374819                    /lib/x86_64-linux-gnu/libattr.so.1.1.0
7fda3b354000-7fda3b553000 ---p 00004000 08:05 5374819                    /lib/x86_64-linux-gnu/libattr.so.1.1.0
7fda3b553000-7fda3b554000 r--p 00003000 08:05 5374819                    /lib/x86_64-linux-gnu/libattr.so.1.1.0
7fda3b554000-7fda3b555000 rw-p 00004000 08:05 5374819                    /lib/x86_64-linux-gnu/libattr.so.1.1.0
7fda3b558000-7fda3b55d000 r-xp 00000000 08:05 8132104                    /usr/lib/x86_64-linux-gnu/libasyncns.so.0.3.1
7fda3b55d000-7fda3b75c000 ---p 00005000 08:05 8132104                    /usr/lib/x86_64-linux-gnu/libasyncns.so.0.3.1
7fda3b75c000-7fda3b75d000 rw-p 00004000 08:05 8132104                    /usr/lib/x86_64-linux-gnu/libasyncns.so.0.3.1
7fda3b760000-7fda3b7c1000 r-xp 00000000 08:05 8132721                    /usr/lib/x86_64-linux-gnu/libsndfile.so.1.0.25
7fda3b7c1000-7fda3b9c0000 ---p 00061000 08:05 8132721                    /usr/lib/x86_64-linux-gnu/libsndfile.so.1.0.25
7fda3b9c0000-7fda3b9c2000 r--p 00060000 08:05 8132721                    /usr/lib/x86_64-linux-gnu/libsndfile.so.1.0.25
7fda3b9c2000-7fda3b9c3000 rw-p 00062000 08:05 8132721                    /usr/lib/x86_64-linux-gnu/libsndfile.so.1.0.25
7fda3b9c3000-7fda3b9c7000 rw-p 00000000 00:00 0 
7fda3b9c8000-7fda3b9d1000 r-xp 00000000 08:05 5374969                    /lib/x86_64-linux-gnu/libwrap.so.0.7.6
7fda3b9d1000-7fda3bbd0000 ---p 00009000 08:05 5374969                    /lib/x86_64-linux-gnu/libwrap.so.0.7.6
7fda3bbd0000-7fda3bbd1000 r--p 00008000 08:05 5374969                    /lib/x86_64-linux-gnu/libwrap.so.0.7.6
7fda3bbd1000-7fda3bbd2000 rw-p 00009000 08:05 5374969                    /lib/x86_64-linux-gnu/libwrap.so.0.7.6
7fda3bbd2000-7fda3bbd3000 rw-p 00000000 00:00 0 
7fda3bbd8000-7fda3bbdf000 r-xp 00000000 08:05 8132027                    /usr/lib/x86_64-linux-gnu/libSM.so.6.0.1
7fda3bbdf000-7fda3bdde000 ---p 00007000 08:05 8132027                    /usr/lib/x86_64-linux-gnu/libSM.so.6.0.1
7fda3bdde000-7fda3bddf000 rw-p 00006000 08:05 8132027                    /usr/lib/x86_64-linux-gnu/libSM.so.6.0.1
7fda3bde0000-7fda3bdf7000 r-xp 00000000 08:05 8132017                    /usr/lib/x86_64-linux-gnu/libICE.so.6.3.0
7fda3bdf7000-7fda3bff6000 ---p 00017000 08:05 8132017                    /usr/lib/x86_64-linux-gnu/libICE.so.6.3.0
7fda3bff6000-7fda3bff8000 rw-p 00016000 08:05 8132017                    /usr/lib/x86_64-linux-gnu/libICE.so.6.3.0
7fda3bff8000-7fda3bffb000 rw-p 00000000 00:00 0 
7fda3c000000-7fda3c032000 rw-p 00000000 00:00 0 
7fda3c032000-7fda40000000 ---p 00000000 00:00 0 
7fda4004f000-7fda40052000 ---p 00000000 00:00 0 
7fda40052000-7fda40150000 rw-p 00000000 00:00 0 
7fda40150000-7fda40151000 r-xp 00000000 08:05 8132034                    /usr/lib/x86_64-linux-gnu/libX11-xcb.so.1.0.0
7fda40151000-7fda40350000 ---p 00001000 08:05 8132034                    /usr/lib/x86_64-linux-gnu/libX11-xcb.so.1.0.0
7fda40350000-7fda40351000 rw-p 00000000 08:05 8132034                    /usr/lib/x86_64-linux-gnu/libX11-xcb.so.1.0.0
7fda40358000-7fda4035c000 r-xp 00000000 08:05 5374832                    /lib/x86_64-linux-gnu/libcap.so.2.22
7fda4035c000-7fda4055b000 ---p 00004000 08:05 5374832                    /lib/x86_64-linux-gnu/libcap.so.2.22
7fda4055b000-7fda4055c000 rw-p 00003000 08:05 5374832                    /lib/x86_64-linux-gnu/libcap.so.2.22
7fda40560000-7fda405c1000 r-xp 00000000 08:05 8258130                    /usr/lib/x86_64-linux-gnu/pulseaudio/libpulsecommon-2.0.so
7fda405c1000-7fda407c0000 ---p 00061000 08:05 8258130                    /usr/lib/x86_64-linux-gnu/pulseaudio/libpulsecommon-2.0.so
7fda407c0000-7fda407c1000 r--p 00060000 08:05 8258130                    /usr/lib/x86_64-linux-gnu/pulseaudio/libpulsecommon-2.0.so
7fda407c1000-7fda407c3000 rw-p 00061000 08:05 8258130                    /usr/lib/x86_64-linux-gnu/pulseaudio/libpulsecommon-2.0.so
7fda407c8000-7fda407d1000 r-xp 00000000 08:05 5374868                    /lib/x86_64-linux-gnu/libjson.so.0.1.0
7fda407d1000-7fda409d0000 ---p 00009000 08:05 5374868                    /lib/x86_64-linux-gnu/libjson.so.0.1.0
7fda409d0000-7fda409d1000 r--p 00008000 08:05 5374868                    /lib/x86_64-linux-gnu/libjson.so.0.1.0
7fda409d1000-7fda409d2000 rw-p 00009000 08:05 5374868                    /lib/x86_64-linux-gnu/libjson.so.0.1.0
7fda409d8000-7fda40a21000 r-xp 00000000 08:05 8132674                    /usr/lib/x86_64-linux-gnu/libpulse.so.0.14.2
7fda40a21000-7fda40c20000 ---p 00049000 08:05 8132674                    /usr/lib/x86_64-linux-gnu/libpulse.so.0.14.2
7fda40c20000-7fda40c21000 r--p 00048000 08:05 8132674                    /usr/lib/x86_64-linux-gnu/libpulse.so.0.14.2
7fda40c21000-7fda40c22000 rw-p 00049000 08:05 8132674                    /usr/lib/x86_64-linux-gnu/libpulse.so.0.14.2
7fda40c28000-7fda40c2e000 r-xp 00000000 08:05 8131172                    /usr/lib/x86_64-linux-gnu/alsa-lib/libasound_module_pcm_pulse.so
7fda40c2e000-7fda40e2d000 ---p 00006000 08:05 8131172                    /usr/lib/x86_64-linux-gnu/alsa-lib/libasound_module_pcm_pulse.so
7fda40e2d000-7fda40e2e000 r--p 00005000 08:05 8131172                    /usr/lib/x86_64-linux-gnu/alsa-lib/libasound_module_pcm_pulse.so
7fda40e2e000-7fda40e2f000 rw-p 00006000 08:05 8131172                    /usr/lib/x86_64-linux-gnu/alsa-lib/libasound_module_pcm_pulse.so
7fda40e30000-7fda40f1c000 r-xp 00000000 08:05 8132098                    /usr/lib/x86_64-linux-gnu/libasound.so.2.0.0
7fda40f1c000-7fda4111c000 ---p 000ec000 08:05 8132098                    /usr/lib/x86_64-linux-gnu/libasound.so.2.0.0
7fda4111c000-7fda41122000 r--p 000ec000 08:05 8132098                    /usr/lib/x86_64-linux-gnu/libasound.so.2.0.0
7fda41122000-7fda41124000 rw-p 000f2000 08:05 8132098                    /usr/lib/x86_64-linux-gnu/libasound.so.2.0.0
7fda41128000-7fda41137000 r-xp 00000000 08:05 9967721                    /usr/lib/jvm/java-7-openjdk-amd64/jre/lib/amd64/libjsoundalsa.so
7fda41137000-7fda41336000 ---p 0000f000 08:05 9967721                    /usr/lib/jvm/java-7-openjdk-amd64/jre/lib/amd64/libjsoundalsa.so
7fda41336000-7fda41337000 r--p 0000e000 08:05 9967721                    /usr/lib/jvm/java-7-openjdk-amd64/jre/lib/amd64/libjsoundalsa.so
7fda41337000-7fda41338000 rw-p 0000f000 08:05 9967721                    /usr/lib/jvm/java-7-openjdk-amd64/jre/lib/amd64/libjsoundalsa.so
7fda41338000-7fda41339000 r-xp 00000000 08:05 9967621                    /usr/lib/jvm/java-7-openjdk-amd64/jre/lib/amd64/libjsound.so
7fda41339000-7fda41538000 ---p 00001000 08:05 9967621                    /usr/lib/jvm/java-7-openjdk-amd64/jre/lib/amd64/libjsound.so
7fda41538000-7fda41539000 r--p 00000000 08:05 9967621                    /usr/lib/jvm/java-7-openjdk-amd64/jre/lib/amd64/libjsound.so
7fda41539000-7fda4153a000 rw-p 00001000 08:05 9967621                    /usr/lib/jvm/java-7-openjdk-amd64/jre/lib/amd64/libjsound.so
7fda4153f000-7fda41542000 ---p 00000000 00:00 0 
7fda41542000-7fda41640000 rw-p 00000000 00:00 0 
7fda41640000-7fda41643000 ---p 00000000 00:00 0 
7fda41643000-7fda41741000 rw-p 00000000 00:00 0 
7fda41741000-7fda41744000 ---p 00000000 00:00 0 
7fda41744000-7fda41842000 rw-p 00000000 00:00 0 
7fda41842000-7fda41845000 ---p 00000000 00:00 0 
7fda41845000-7fda41943000 rw-p 00000000 00:00 0 
7fda41943000-7fda41946000 ---p 00000000 00:00 0 
7fda41946000-7fda41a44000 rw-p 00000000 00:00 0 
7fda41a67000-7fda41a6a000 ---p 00000000 00:00 0 
7fda41a6a000-7fda41b68000 rw-p 00000000 00:00 0 
7fda41b68000-7fda41b6b000 ---p 00000000 00:00 0 
7fda41b6b000-7fda41c69000 rw-p 00000000 00:00 0 
7fda41c69000-7fda41c6c000 ---p 00000000 00:00 0 
7fda41c6c000-7fda41d6a000 rw-p 00000000 00:00 0 
7fda41d6a000-7fda41d6d000 ---p 00000000 00:00 0 
7fda41d6d000-7fda41e6b000 rw-p 00000000 00:00 0 
7fda41e6b000-7fda41e6e000 ---p 00000000 00:00 0 
7fda41e6e000-7fda41f6c000 rw-p 00000000 00:00 0 
7fda41f6c000-7fda41f6f000 ---p 00000000 00:00 0 
7fda41f6f000-7fda4206d000 rw-p 00000000 00:00 0 
7fda4206d000-7fda42070000 ---p 00000000 00:00 0 
7fda42070000-7fda4216e000 rw-p 00000000 00:00 0 
7fda4216e000-7fda42171000 ---p 00000000 00:00 0 
7fda42171000-7fda4226f000 rw-p 00000000 00:00 0 
7fda4226f000-7fda42272000 ---p 00000000 00:00 0 
7fda42272000-7fda42370000 rw-p 00000000 00:00 0 
7fda42370000-7fda42373000 ---p 00000000 00:00 0 
7fda42373000-7fda42471000 rw-p 00000000 00:00 0 
7fda42471000-7fda42474000 ---p 00000000 00:00 0 
7fda42474000-7fda42572000 rw-p 00000000 00:00 0 
7fda42572000-7fda42575000 ---p 00000000 00:00 0 
7fda42575000-7fda42673000 rw-p 00000000 00:00 0 
7fda42673000-7fda42676000 ---p 00000000 00:00 0 
7fda42676000-7fda42774000 rw-p 00000000 00:00 0 
7fda42774000-7fda42777000 ---p 00000000 00:00 0 
7fda42777000-7fda42875000 rw-p 00000000 00:00 0 
7fda42875000-7fda42878000 ---p 00000000 00:00 0 
7fda42878000-7fda42976000 rw-p 00000000 00:00 0 
7fda42976000-7fda42979000 ---p 00000000 00:00 0 
7fda42979000-7fda42a77000 rw-p 00000000 00:00 0 
7fda42a77000-7fda42a7a000 ---p 00000000 00:00 0 
7fda42a7a000-7fda42b78000 rw-p 00000000 00:00 0 
7fda42b78000-7fda42b7b000 r-xp 00000000 08:05 5374859                    /lib/x86_64-linux-gnu/libgpg-error.so.0.8.0
7fda42b7b000-7fda42d7a000 ---p 00003000 08:05 5374859                    /lib/x86_64-linux-gnu/libgpg-error.so.0.8.0
7fda42d7a000-7fda42d7b000 rw-p 00002000 08:05 5374859                    /lib/x86_64-linux-gnu/libgpg-error.so.0.8.0
7fda42d80000-7fda42dc4000 r-xp 00000000 08:05 5374854                    /lib/x86_64-linux-gnu/libdbus-1.so.3.7.2
7fda42dc4000-7fda42fc4000 ---p 00044000 08:05 5374854                    /lib/x86_64-linux-gnu/libdbus-1.so.3.7.2
7fda42fc4000-7fda42fc5000 r--p 00044000 08:05 5374854                    /lib/x86_64-linux-gnu/libdbus-1.so.3.7.2
7fda42fc5000-7fda42fc6000 rw-p 00045000 08:05 5374854                    /lib/x86_64-linux-gnu/libdbus-1.so.3.7.2
7fda42fc8000-7fda42fd9000 r-xp 00000000 08:05 8132613                    /usr/lib/x86_64-linux-gnu/libp11-kit.so.0.0.0
7fda42fd9000-7fda431d8000 ---p 00011000 08:05 8132613                    /usr/lib/x86_64-linux-gnu/libp11-kit.so.0.0.0
7fda431d8000-7fda431d9000 r--p 00010000 08:05 8132613                    /usr/lib/x86_64-linux-gnu/libp11-kit.so.0.0.0
7fda431d9000-7fda431da000 rw-p 00011000 08:05 8132613                    /usr/lib/x86_64-linux-gnu/libp11-kit.so.0.0.0
7fda431e0000-7fda4325a000 r-xp 00000000 08:05 5375117                    /lib/x86_64-linux-gnu/libgcrypt.so.11.7.0
7fda4325a000-7fda4345a000 ---p 0007a000 08:05 5375117                    /lib/x86_64-linux-gnu/libgcrypt.so.11.7.0
7fda4345a000-7fda4345b000 r--p 0007a000 08:05 5375117                    /lib/x86_64-linux-gnu/libgcrypt.so.11.7.0
7fda4345b000-7fda4345e000 rw-p 0007b000 08:05 5375117                    /lib/x86_64-linux-gnu/libgcrypt.so.11.7.0
7fda43460000-7fda43470000 r-xp 00000000 08:05 8132758                    /usr/lib/x86_64-linux-gnu/libtasn1.so.3.1.16
7fda43470000-7fda4366f000 ---p 00010000 08:05 8132758                    /usr/lib/x86_64-linux-gnu/libtasn1.so.3.1.16
7fda4366f000-7fda43670000 r--p 0000f000 08:05 8132758                    /usr/lib/x86_64-linux-gnu/libtasn1.so.3.1.16
7fda43670000-7fda43671000 rw-p 00010000 08:05 8132758                    /usr/lib/x86_64-linux-gnu/libtasn1.so.3.1.16
7fda43678000-7fda4367b000 r-xp 00000000 08:05 5374870                    /lib/x86_64-linux-gnu/libkeyutils.so.1.4
7fda4367b000-7fda4387a000 ---p 00003000 08:05 5374870                    /lib/x86_64-linux-gnu/libkeyutils.so.1.4
7fda4387a000-7fda4387b000 r--p 00002000 08:05 5374870                    /lib/x86_64-linux-gnu/libkeyutils.so.1.4
7fda4387b000-7fda4387c000 rw-p 00003000 08:05 5374870                    /lib/x86_64-linux-gnu/libkeyutils.so.1.4
7fda43880000-7fda43888000 r-xp 00000000 08:05 8132512                    /usr/lib/x86_64-linux-gnu/libkrb5support.so.0.1
7fda43888000-7fda43a87000 ---p 00008000 08:05 8132512                    /usr/lib/x86_64-linux-gnu/libkrb5support.so.0.1
7fda43a87000-7fda43a88000 r--p 00007000 08:05 8132512                    /usr/lib/x86_64-linux-gnu/libkrb5support.so.0.1
7fda43a88000-7fda43a89000 rw-p 00008000 08:05 8132512                    /usr/lib/x86_64-linux-gnu/libkrb5support.so.0.1
7fda43a90000-7fda43a93000 r-xp 00000000 08:05 5374836                    /lib/x86_64-linux-gnu/libcom_err.so.2.1
7fda43a93000-7fda43c92000 ---p 00003000 08:05 5374836                    /lib/x86_64-linux-gnu/libcom_err.so.2.1
7fda43c92000-7fda43c93000 r--p 00002000 08:05 5374836                    /lib/x86_64-linux-gnu/libcom_err.so.2.1
7fda43c93000-7fda43c94000 rw-p 00003000 08:05 5374836                    /lib/x86_64-linux-gnu/libcom_err.so.2.1
7fda43c98000-7fda43cbe000 r-xp 00000000 08:05 8130803                    /usr/lib/x86_64-linux-gnu/libk5crypto.so.3.1
7fda43cbe000-7fda43ebe000 ---p 00026000 08:05 8130803                    /usr/lib/x86_64-linux-gnu/libk5crypto.so.3.1
7fda43ebe000-7fda43ebf000 r--p 00026000 08:05 8130803                    /usr/lib/x86_64-linux-gnu/libk5crypto.so.3.1
7fda43ebf000-7fda43ec0000 rw-p 00027000 08:05 8130803                    /usr/lib/x86_64-linux-gnu/libk5crypto.so.3.1
7fda43ec0000-7fda43ec1000 rw-p 00000000 00:00 0 
7fda43ec8000-7fda43f91000 r-xp 00000000 08:05 8132391                    /usr/lib/x86_64-linux-gnu/libkrb5.so.3.3
7fda43f91000-7fda44190000 ---p 000c9000 08:05 8132391                    /usr/lib/x86_64-linux-gnu/libkrb5.so.3.3
7fda44190000-7fda4419a000 r--p 000c8000 08:05 8132391                    /usr/lib/x86_64-linux-gnu/libkrb5.so.3.3
7fda4419a000-7fda4419c000 rw-p 000d2000 08:05 8132391                    /usr/lib/x86_64-linux-gnu/libkrb5.so.3.3
7fda441a0000-7fda441a5000 r-xp 00000000 08:05 8132050                    /usr/lib/x86_64-linux-gnu/libXdmcp.so.6.0.0
7fda441a5000-7fda443a4000 ---p 00005000 08:05 8132050                    /usr/lib/x86_64-linux-gnu/libXdmcp.so.6.0.0
7fda443a4000-7fda443a5000 rw-p 00004000 08:05 8132050                    /usr/lib/x86_64-linux-gnu/libXdmcp.so.6.0.0
7fda443a8000-7fda443aa000 r-xp 00000000 08:05 8132039                    /usr/lib/x86_64-linux-gnu/libXau.so.6.0.0
7fda443aa000-7fda445aa000 ---p 00002000 08:05 8132039                    /usr/lib/x86_64-linux-gnu/libXau.so.6.0.0
7fda445aa000-7fda445ab000 rw-p 00002000 08:05 8132039                    /usr/lib/x86_64-linux-gnu/libXau.so.6.0.0
7fda445b0000-7fda445c0000 r-xp 00000000 08:05 8132114                    /usr/lib/x86_64-linux-gnu/libavahi-client.so.3.2.9
7fda445c0000-7fda447bf000 ---p 00010000 08:05 8132114                    /usr/lib/x86_64-linux-gnu/libavahi-client.so.3.2.9
7fda447bf000-7fda447c0000 r--p 0000f000 08:05 8132114                    /usr/lib/x86_64-linux-gnu/libavahi-client.so.3.2.9
7fda447c0000-7fda447c1000 rw-p 00010000 08:05 8132114                    /usr/lib/x86_64-linux-gnu/libavahi-client.so.3.2.9
7fda447c8000-7fda447d4000 r-xp 00000000 08:05 8132116                    /usr/lib/x86_64-linux-gnu/libavahi-common.so.3.5.3
7fda447d4000-7fda449d3000 ---p 0000c000 08:05 8132116                    /usr/lib/x86_64-linux-gnu/libavahi-common.so.3.5.3
7fda449d3000-7fda449d4000 r--p 0000b000 08:05 8132116                    /usr/lib/x86_64-linux-gnu/libavahi-common.so.3.5.3
7fda449d4000-7fda449d5000 rw-p 0000c000 08:05 8132116                    /usr/lib/x86_64-linux-gnu/libavahi-common.so.3.5.3
7fda449d8000-7fda44a91000 r-xp 00000000 08:05 8132366                    /usr/lib/x86_64-linux-gnu/libgnutls.so.26.22.4
7fda44a91000-7fda44c90000 ---p 000b9000 08:05 8132366                    /usr/lib/x86_64-linux-gnu/libgnutls.so.26.22.4
7fda44c90000-7fda44c96000 r--p 000b8000 08:05 8132366                    /usr/lib/x86_64-linux-gnu/libgnutls.so.26.22.4
7fda44c96000-7fda44c98000 rw-p 000be000 08:05 8132366                    /usr/lib/x86_64-linux-gnu/libgnutls.so.26.22.4
7fda44c98000-7fda44cd4000 r-xp 00000000 08:05 8130805                    /usr/lib/x86_64-linux-gnu/libgssapi_krb5.so.2.2
7fda44cd4000-7fda44ed4000 ---p 0003c000 08:05 8130805                    /usr/lib/x86_64-linux-gnu/libgssapi_krb5.so.2.2
7fda44ed4000-7fda44ed5000 r--p 0003c000 08:05 8130805                    /usr/lib/x86_64-linux-gnu/libgssapi_krb5.so.2.2
7fda44ed5000-7fda44ed7000 rw-p 0003d000 08:05 8130805                    /usr/lib/x86_64-linux-gnu/libgssapi_krb5.so.2.2
7fda44ed8000-7fda44eff000 r-xp 00000000 08:05 5374848                    /lib/x86_64-linux-gnu/libexpat.so.1.6.0
7fda44eff000-7fda450ff000 ---p 00027000 08:05 5374848                    /lib/x86_64-linux-gnu/libexpat.so.1.6.0
7fda450ff000-7fda45101000 r--p 00027000 08:05 5374848                    /lib/x86_64-linux-gnu/libexpat.so.1.6.0
7fda45101000-7fda45102000 rw-p 00029000 08:05 5374848                    /lib/x86_64-linux-gnu/libexpat.so.1.6.0
7fda45108000-7fda45110000 r-xp 00000000 08:05 8130756                    /usr/lib/x86_64-linux-gnu/libxcb-render.so.0.0.0
7fda45110000-7fda45310000 ---p 00008000 08:05 8130756                    /usr/lib/x86_64-linux-gnu/libxcb-render.so.0.0.0
7fda45310000-7fda45311000 r--p 00008000 08:05 8130756                    /usr/lib/x86_64-linux-gnu/libxcb-render.so.0.0.0
7fda45311000-7fda45312000 rw-p 00009000 08:05 8130756                    /usr/lib/x86_64-linux-gnu/libxcb-render.so.0.0.0
7fda45318000-7fda4531a000 r-xp 00000000 08:05 8130760                    /usr/lib/x86_64-linux-gnu/libxcb-shm.so.0.0.0
7fda4531a000-7fda45519000 ---p 00002000 08:05 8130760                    /usr/lib/x86_64-linux-gnu/libxcb-shm.so.0.0.0
7fda45519000-7fda4551a000 r--p 00001000 08:05 8130760                    /usr/lib/x86_64-linux-gnu/libxcb-shm.so.0.0.0
7fda4551a000-7fda4551b000 rw-p 00002000 08:05 8130760                    /usr/lib/x86_64-linux-gnu/libxcb-shm.so.0.0.0
7fda45520000-7fda455a0000 r-xp 00000000 08:05 8132643                    /usr/lib/x86_64-linux-gnu/libpixman-1.so.0.26.0
7fda455a0000-7fda457a0000 ---p 00080000 08:05 8132643                    /usr/lib/x86_64-linux-gnu/libpixman-1.so.0.26.0
7fda457a0000-7fda457a6000 rw-p 00080000 08:05 8132643                    /usr/lib/x86_64-linux-gnu/libpixman-1.so.0.26.0
7fda457a8000-7fda457ce000 r-xp 00000000 08:05 5374925                    /lib/x86_64-linux-gnu/libpng12.so.0.49.0
7fda457ce000-7fda459cd000 ---p 00026000 08:05 5374925                    /lib/x86_64-linux-gnu/libpng12.so.0.49.0
7fda459cd000-7fda459ce000 r--p 00025000 08:05 5374925                    /lib/x86_64-linux-gnu/libpng12.so.0.49.0
7fda459ce000-7fda459cf000 rw-p 00026000 08:05 5374925                    /lib/x86_64-linux-gnu/libpng12.so.0.49.0
7fda459d0000-7fda459da000 r-xp 00000000 08:05 8130762                    /usr/lib/x86_64-linux-gnu/libXcursor.so.1.0.2
7fda459da000-7fda45bd9000 ---p 0000a000 08:05 8130762                    /usr/lib/x86_64-linux-gnu/libXcursor.so.1.0.2
7fda45bd9000-7fda45bda000 rw-p 00009000 08:05 8130762                    /usr/lib/x86_64-linux-gnu/libXcursor.so.1.0.2
7fda45be0000-7fda45be7000 r-xp 00000000 08:05 8130751                    /usr/lib/x86_64-linux-gnu/libXrandr.so.2.2.0
7fda45be7000-7fda45de7000 ---p 00007000 08:05 8130751                    /usr/lib/x86_64-linux-gnu/libXrandr.so.2.2.0
7fda45de7000-7fda45de8000 rw-p 00007000 08:05 8130751                    /usr/lib/x86_64-linux-gnu/libXrandr.so.2.2.0
7fda45de8000-7fda45dea000 r-xp 00000000 08:05 8129749                    /usr/lib/x86_64-linux-gnu/libXinerama.so.1.0.0
7fda45dea000-7fda45fe9000 ---p 00002000 08:05 8129749                    /usr/lib/x86_64-linux-gnu/libXinerama.so.1.0.0
7fda45fe9000-7fda45fea000 rw-p 00001000 08:05 8129749                    /usr/lib/x86_64-linux-gnu/libXinerama.so.1.0.0
7fda45ff0000-7fda45ff5000 r-xp 00000000 08:05 8132051                    /usr/lib/x86_64-linux-gnu/libXfixes.so.3.1.0
7fda45ff5000-7fda461f4000 ---p 00005000 08:05 8132051                    /usr/lib/x86_64-linux-gnu/libXfixes.so.3.1.0
7fda461f4000-7fda461f5000 r--p 00004000 08:05 8132051                    /usr/lib/x86_64-linux-gnu/libXfixes.so.3.1.0
7fda461f5000-7fda461f6000 rw-p 00005000 08:05 8132051                    /usr/lib/x86_64-linux-gnu/libXfixes.so.3.1.0
7fda461f8000-7fda461fa000 r-xp 00000000 08:05 8132048                    /usr/lib/x86_64-linux-gnu/libXdamage.so.1.1.0
7fda461fa000-7fda463f9000 ---p 00002000 08:05 8132048                    /usr/lib/x86_64-linux-gnu/libXdamage.so.1.1.0
7fda463f9000-7fda463fa000 rw-p 00001000 08:05 8132048                    /usr/lib/x86_64-linux-gnu/libXdamage.so.1.1.0
7fda46400000-7fda46402000 r-xp 00000000 08:05 8132044                    /usr/lib/x86_64-linux-gnu/libXcomposite.so.1.0.0
7fda46402000-7fda46601000 ---p 00002000 08:05 8132044                    /usr/lib/x86_64-linux-gnu/libXcomposite.so.1.0.0
7fda46601000-7fda46602000 rw-p 00001000 08:05 8132044                    /usr/lib/x86_64-linux-gnu/libXcomposite.so.1.0.0
7fda46608000-7fda46627000 r-xp 00000000 08:05 8132364                    /usr/lib/x86_64-linux-gnu/libxcb.so.1.1.0
7fda46627000-7fda46826000 ---p 0001f000 08:05 8132364                    /usr/lib/x86_64-linux-gnu/libxcb.so.1.1.0
7fda46826000-7fda46827000 r--p 0001e000 08:05 8132364                    /usr/lib/x86_64-linux-gnu/libxcb.so.1.1.0
7fda46827000-7fda46828000 rw-p 0001f000 08:05 8132364                    /usr/lib/x86_64-linux-gnu/libxcb.so.1.1.0
7fda46828000-7fda4687b000 r-xp 00000000 08:05 8132196                    /usr/lib/x86_64-linux-gnu/libcups.so.2
7fda4687b000-7fda46a7a000 ---p 00053000 08:05 8132196                    /usr/lib/x86_64-linux-gnu/libcups.so.2
7fda46a7a000-7fda46a7f000 r--p 00052000 08:05 8132196                    /usr/lib/x86_64-linux-gnu/libcups.so.2
7fda46a7f000-7fda46a80000 rw-p 00057000 08:05 8132196                    /usr/lib/x86_64-linux-gnu/libcups.so.2
7fda46a80000-7fda46ab5000 r-xp 00000000 08:05 8132306                    /usr/lib/x86_64-linux-gnu/libfontconfig.so.1.5.0
7fda46ab5000-7fda46cb5000 ---p 00035000 08:05 8132306                    /usr/lib/x86_64-linux-gnu/libfontconfig.so.1.5.0
7fda46cb5000-7fda46cb6000 r--p 00035000 08:05 8132306                    /usr/lib/x86_64-linux-gnu/libfontconfig.so.1.5.0
7fda46cb6000-7fda46cb7000 rw-p 00036000 08:05 8132306                    /usr/lib/x86_64-linux-gnu/libfontconfig.so.1.5.0
7fda46cb8000-7fda46d51000 r-xp 00000000 08:05 8132314                    /usr/lib/x86_64-linux-gnu/libfreetype.so.6.8.1
7fda46d51000-7fda46f50000 ---p 00099000 08:05 8132314                    /usr/lib/x86_64-linux-gnu/libfreetype.so.6.8.1
7fda46f50000-7fda46f56000 r--p 00098000 08:05 8132314                    /usr/lib/x86_64-linux-gnu/libfreetype.so.6.8.1
7fda46f56000-7fda46f57000 rw-p 0009e000 08:05 8132314                    /usr/lib/x86_64-linux-gnu/libfreetype.so.6.8.1
7fda46f58000-7fda46fa2000 r-xp 00000000 08:05 8132621                    /usr/lib/x86_64-linux-gnu/libpango-1.0.so.0.3000.0
7fda46fa2000-7fda471a2000 ---p 0004a000 08:05 8132621                    /usr/lib/x86_64-linux-gnu/libpango-1.0.so.0.3000.0
7fda471a2000-7fda471a4000 r--p 0004a000 08:05 8132621                    /usr/lib/x86_64-linux-gnu/libpango-1.0.so.0.3000.0
7fda471a4000-7fda471a5000 rw-p 0004c000 08:05 8132621                    /usr/lib/x86_64-linux-gnu/libpango-1.0.so.0.3000.0
7fda471a8000-7fda4729c000 r-xp 00000000 08:05 8132150                    /usr/lib/x86_64-linux-gnu/libcairo.so.2.11200.2
7fda4729c000-7fda4749b000 ---p 000f4000 08:05 8132150                    /usr/lib/x86_64-linux-gnu/libcairo.so.2.11200.2
7fda4749b000-7fda4749e000 r--p 000f3000 08:05 8132150                    /usr/lib/x86_64-linux-gnu/libcairo.so.2.11200.2
7fda4749e000-7fda4749f000 rw-p 000f6000 08:05 8132150                    /usr/lib/x86_64-linux-gnu/libcairo.so.2.11200.2
7fda4749f000-7fda474a1000 rw-p 00000000 00:00 0 
7fda474a8000-7fda474c7000 r-xp 00000000 08:05 8132337                    /usr/lib/x86_64-linux-gnu/libgdk_pixbuf-2.0.so.0.2600.1
7fda474c7000-7fda476c6000 ---p 0001f000 08:05 8132337                    /usr/lib/x86_64-linux-gnu/libgdk_pixbuf-2.0.so.0.2600.1
7fda476c6000-7fda476c7000 r--p 0001e000 08:05 8132337                    /usr/lib/x86_64-linux-gnu/libgdk_pixbuf-2.0.so.0.2600.1
7fda476c7000-7fda476c8000 rw-p 0001f000 08:05 8132337                    /usr/lib/x86_64-linux-gnu/libgdk_pixbuf-2.0.so.0.2600.1
7fda476c8000-7fda476d4000 r-xp 00000000 08:05 8132623                    /usr/lib/x86_64-linux-gnu/libpangocairo-1.0.so.0.3000.0
7fda476d4000-7fda478d3000 ---p 0000c000 08:05 8132623                    /usr/lib/x86_64-linux-gnu/libpangocairo-1.0.so.0.3000.0
7fda478d3000-7fda478d4000 r--p 0000b000 08:05 8132623                    /usr/lib/x86_64-linux-gnu/libpangocairo-1.0.so.0.3000.0
7fda478d4000-7fda478d5000 rw-p 0000c000 08:05 8132623                    /usr/lib/x86_64-linux-gnu/libpangocairo-1.0.so.0.3000.0
7fda478d8000-7fda47902000 r-xp 00000000 08:05 8132625                    /usr/lib/x86_64-linux-gnu/libpangoft2-1.0.so.0.3000.0
7fda47902000-7fda47b01000 ---p 0002a000 08:05 8132625                    /usr/lib/x86_64-linux-gnu/libpangoft2-1.0.so.0.3000.0
7fda47b01000-7fda47b02000 r--p 00029000 08:05 8132625                    /usr/lib/x86_64-linux-gnu/libpangoft2-1.0.so.0.3000.0
7fda47b02000-7fda47b03000 rw-p 0002a000 08:05 8132625                    /usr/lib/x86_64-linux-gnu/libpangoft2-1.0.so.0.3000.0
7fda47b08000-7fda47b29000 r-xp 00000000 08:05 8132106                    /usr/lib/x86_64-linux-gnu/libatk-1.0.so.0.20409.1
7fda47b29000-7fda47d28000 ---p 00021000 08:05 8132106                    /usr/lib/x86_64-linux-gnu/libatk-1.0.so.0.20409.1
7fda47d28000-7fda47d2a000 r--p 00020000 08:05 8132106                    /usr/lib/x86_64-linux-gnu/libatk-1.0.so.0.20409.1
7fda47d2a000-7fda47d2b000 rw-p 00022000 08:05 8132106                    /usr/lib/x86_64-linux-gnu/libatk-1.0.so.0.20409.1
7fda47d30000-7fda47ddf000 r-xp 00000000 08:05 8132335                    /usr/lib/x86_64-linux-gnu/libgdk-x11-2.0.so.0.2400.10
7fda47ddf000-7fda47fde000 ---p 000af000 08:05 8132335                    /usr/lib/x86_64-linux-gnu/libgdk-x11-2.0.so.0.2400.10
7fda47fde000-7fda47fe3000 rw-p 000ae000 08:05 8132335                    /usr/lib/x86_64-linux-gnu/libgdk-x11-2.0.so.0.2400.10
7fda47fe8000-7fda4841a000 r-xp 00000000 08:05 8132448                    /usr/lib/x86_64-linux-gnu/libgtk-x11-2.0.so.0.2400.10
7fda4841a000-7fda4861a000 ---p 00432000 08:05 8132448                    /usr/lib/x86_64-linux-gnu/libgtk-x11-2.0.so.0.2400.10
7fda4861a000-7fda48625000 rw-p 00432000 08:05 8132448                    /usr/lib/x86_64-linux-gnu/libgtk-x11-2.0.so.0.2400.10
7fda48625000-7fda48627000 rw-p 00000000 00:00 0 
7fda48628000-7fda48636000 r-xp 00000000 08:05 8132638                    /usr/lib/x86_64-linux-gnu/libXi.so.6.1.0
7fda48636000-7fda48836000 ---p 0000e000 08:05 8132638                    /usr/lib/x86_64-linux-gnu/libXi.so.6.1.0
7fda48836000-7fda48837000 rw-p 0000e000 08:05 8132638                    /usr/lib/x86_64-linux-gnu/libXi.so.6.1.0
7fda48838000-7fda4883d000 r-xp 00000000 08:05 8132069                    /usr/lib/x86_64-linux-gnu/libXtst.so.6.1.0
7fda4883d000-7fda48a3c000 ---p 00005000 08:05 8132069                    /usr/lib/x86_64-linux-gnu/libXtst.so.6.1.0
7fda48a3c000-7fda48a3d000 rw-p 00004000 08:05 8132069                    /usr/lib/x86_64-linux-gnu/libXtst.so.6.1.0
7fda48a40000-7fda48a49000 r-xp 00000000 08:05 8132057                    /usr/lib/x86_64-linux-gnu/libXrender.so.1.3.0
7fda48a49000-7fda48c48000 ---p 00009000 08:05 8132057                    /usr/lib/x86_64-linux-gnu/libXrender.so.1.3.0
7fda48c48000-7fda48c49000 rw-p 00008000 08:05 8132057                    /usr/lib/x86_64-linux-gnu/libXrender.so.1.3.0
7fda48c50000-7fda48d85000 r-xp 00000000 08:05 8132368                    /usr/lib/x86_64-linux-gnu/libX11.so.6.3.0
7fda48d85000-7fda48f85000 ---p 00135000 08:05 8132368                    /usr/lib/x86_64-linux-gnu/libX11.so.6.3.0
7fda48f85000-7fda48f8b000 rw-p 00135000 08:05 8132368                    /usr/lib/x86_64-linux-gnu/libX11.so.6.3.0
7fda48f90000-7fda48fa1000 r-xp 00000000 08:05 8132828                    /usr/lib/x86_64-linux-gnu/libXext.so.6.4.0
7fda48fa1000-7fda491a1000 ---p 00011000 08:05 8132828                    /usr/lib/x86_64-linux-gnu/libXext.so.6.4.0
7fda491a1000-7fda491a2000 rw-p 00011000 08:05 8132828                    /usr/lib/x86_64-linux-gnu/libXext.so.6.4.0
7fda491a8000-7fda491fb000 r-xp 00000000 08:05 10486958                   /usr/lib/jvm/java-7-openjdk-amd64/jre/lib/amd64/xawt/libmawt.so
7fda491fb000-7fda493fa000 ---p 00053000 08:05 10486958                   /usr/lib/jvm/java-7-openjdk-amd64/jre/lib/amd64/xawt/libmawt.so
7fda493fa000-7fda493fb000 r--p 00052000 08:05 10486958                   /usr/lib/jvm/java-7-openjdk-amd64/jre/lib/amd64/xawt/libmawt.so
7fda493fb000-7fda493fe000 rw-p 00053000 08:05 10486958                   /usr/lib/jvm/java-7-openjdk-amd64/jre/lib/amd64/xawt/libmawt.so
7fda493fe000-7fda493ff000 rw-p 00000000 00:00 0 
7fda49400000-7fda494a1000 r-xp 00000000 08:05 9967625                    /usr/lib/jvm/java-7-openjdk-amd64/jre/lib/amd64/libawt.so
7fda494a1000-7fda496a1000 ---p 000a1000 08:05 9967625                    /usr/lib/jvm/java-7-openjdk-amd64/jre/lib/amd64/libawt.so
7fda496a1000-7fda496a2000 r--p 000a1000 08:05 9967625                    /usr/lib/jvm/java-7-openjdk-amd64/jre/lib/amd64/libawt.so
7fda496a2000-7fda496ad000 rw-p 000a2000 08:05 9967625                    /usr/lib/jvm/java-7-openjdk-amd64/jre/lib/amd64/libawt.so
7fda496ad000-7fda496d2000 rw-p 00000000 00:00 0 
7fda496d4000-7fda496d7000 ---p 00000000 00:00 0 
7fda496d7000-7fda497d5000 rw-p 00000000 00:00 0 
7fda497d5000-7fda497d8000 ---p 00000000 00:00 0 
7fda497d8000-7fda498d6000 rw-p 00000000 00:00 0 
7fda498d6000-7fda498d9000 ---p 00000000 00:00 0 
7fda498d9000-7fda499d7000 rw-p 00000000 00:00 0 
7fda499d7000-7fda499da000 ---p 00000000 00:00 0 
7fda499da000-7fda49ad8000 rw-p 00000000 00:00 0 
7fda49ad8000-7fda49ae8000 r-xp 00000000 08:05 9967701                    /usr/lib/jvm/java-7-openjdk-amd64/jre/lib/amd64/libnio.so
7fda49ae8000-7fda49ce8000 ---p 00010000 08:05 9967701                    /usr/lib/jvm/java-7-openjdk-amd64/jre/lib/amd64/libnio.so
7fda49ce8000-7fda49ce9000 r--p 00010000 08:05 9967701                    /usr/lib/jvm/java-7-openjdk-amd64/jre/lib/amd64/libnio.so
7fda49ce9000-7fda49cea000 rw-p 00011000 08:05 9967701                    /usr/lib/jvm/java-7-openjdk-amd64/jre/lib/amd64/libnio.so
7fda49cef000-7fda49d20000 rw-p 00000000 00:00 0 
7fda49d20000-7fda49d5c000 r-xp 00000000 08:05 5374923                    /lib/x86_64-linux-gnu/libpcre.so.3.13.1
7fda49d5c000-7fda49f5c000 ---p 0003c000 08:05 5374923                    /lib/x86_64-linux-gnu/libpcre.so.3.13.1
7fda49f5c000-7fda49f5d000 rw-p 0003c000 08:05 5374923                    /lib/x86_64-linux-gnu/libpcre.so.3.13.1
7fda49f60000-7fda49f6c000 r-xp 00000000 08:05 8132268                    /usr/lib/x86_64-linux-gnu/libffi.so.5.0.10
7fda49f6c000-7fda4a16c000 ---p 0000c000 08:05 8132268                    /usr/lib/x86_64-linux-gnu/libffi.so.5.0.10
7fda4a16c000-7fda4a16d000 rw-p 0000c000 08:05 8132268                    /usr/lib/x86_64-linux-gnu/libffi.so.5.0.10
7fda4a170000-7fda4a171000 r-xp 00000000 08:05 8132444                    /usr/lib/x86_64-linux-gnu/libgthread-2.0.so.0.3200.4
7fda4a171000-7fda4a370000 ---p 00001000 08:05 8132444                    /usr/lib/x86_64-linux-gnu/libgthread-2.0.so.0.3200.4
7fda4a370000-7fda4a371000 r--p 00000000 08:05 8132444                    /usr/lib/x86_64-linux-gnu/libgthread-2.0.so.0.3200.4
7fda4a371000-7fda4a372000 rw-p 00001000 08:05 8132444                    /usr/lib/x86_64-linux-gnu/libgthread-2.0.so.0.3200.4
7fda4a378000-7fda4a38b000 r-xp 00000000 08:05 5374936                    /lib/x86_64-linux-gnu/libresolv-2.13.so
7fda4a38b000-7fda4a58a000 ---p 00013000 08:05 5374936                    /lib/x86_64-linux-gnu/libresolv-2.13.so
7fda4a58a000-7fda4a58b000 r--p 00012000 08:05 5374936                    /lib/x86_64-linux-gnu/libresolv-2.13.so
7fda4a58b000-7fda4a58c000 rw-p 00013000 08:05 5374936                    /lib/x86_64-linux-gnu/libresolv-2.13.so
7fda4a58c000-7fda4a58e000 rw-p 00000000 00:00 0 
7fda4a590000-7fda4a5ae000 r-xp 00000000 08:05 5374940                    /lib/x86_64-linux-gnu/libselinux.so.1
7fda4a5ae000-7fda4a7ad000 ---p 0001e000 08:05 5374940                    /lib/x86_64-linux-gnu/libselinux.so.1
7fda4a7ad000-7fda4a7ae000 r--p 0001d000 08:05 5374940                    /lib/x86_64-linux-gnu/libselinux.so.1
7fda4a7ae000-7fda4a7af000 rw-p 0001e000 08:05 5374940                    /lib/x86_64-linux-gnu/libselinux.so.1
7fda4a7af000-7fda4a7b0000 rw-p 00000000 00:00 0 
7fda4a7b0000-7fda4a7b3000 r-xp 00000000 08:05 8132359                    /usr/lib/x86_64-linux-gnu/libgmodule-2.0.so.0.3200.4
7fda4a7b3000-7fda4a9b2000 ---p 00003000 08:05 8132359                    /usr/lib/x86_64-linux-gnu/libgmodule-2.0.so.0.3200.4
7fda4a9b2000-7fda4a9b3000 r--p 00002000 08:05 8132359                    /usr/lib/x86_64-linux-gnu/libgmodule-2.0.so.0.3200.4
7fda4a9b3000-7fda4a9b4000 rw-p 00003000 08:05 8132359                    /usr/lib/x86_64-linux-gnu/libgmodule-2.0.so.0.3200.4
7fda4a9b8000-7fda4aaad000 r-xp 00000000 08:05 5374857                    /lib/x86_64-linux-gnu/libglib-2.0.so.0.3200.4
7fda4aaad000-7fda4acad000 ---p 000f5000 08:05 5374857                    /lib/x86_64-linux-gnu/libglib-2.0.so.0.3200.4
7fda4acad000-7fda4acae000 r--p 000f5000 08:05 5374857                    /lib/x86_64-linux-gnu/libglib-2.0.so.0.3200.4
7fda4acae000-7fda4acaf000 rw-p 000f6000 08:05 5374857                    /lib/x86_64-linux-gnu/libglib-2.0.so.0.3200.4
7fda4acaf000-7fda4acb0000 rw-p 00000000 00:00 0 
7fda4acb0000-7fda4acfe000 r-xp 00000000 08:05 8132375                    /usr/lib/x86_64-linux-gnu/libgobject-2.0.so.0.3200.4
7fda4acfe000-7fda4aefe000 ---p 0004e000 08:05 8132375                    /usr/lib/x86_64-linux-gnu/libgobject-2.0.so.0.3200.4
7fda4aefe000-7fda4aeff000 r--p 0004e000 08:05 8132375                    /usr/lib/x86_64-linux-gnu/libgobject-2.0.so.0.3200.4
7fda4aeff000-7fda4af00000 rw-p 0004f000 08:05 8132375                    /usr/lib/x86_64-linux-gnu/libgobject-2.0.so.0.3200.4
7fda4af00000-7fda4b04c000 r-xp 00000000 08:05 8132349                    /usr/lib/x86_64-linux-gnu/libgio-2.0.so.0.3200.4
7fda4b04c000-7fda4b24b000 ---p 0014c000 08:05 8132349                    /usr/lib/x86_64-linux-gnu/libgio-2.0.so.0.3200.4
7fda4b24b000-7fda4b24f000 r--p 0014b000 08:05 8132349                    /usr/lib/x86_64-linux-gnu/libgio-2.0.so.0.3200.4
7fda4b24f000-7fda4b251000 rw-p 0014f000 08:05 8132349                    /usr/lib/x86_64-linux-gnu/libgio-2.0.so.0.3200.4
7fda4b251000-7fda4b253000 rw-p 00000000 00:00 0 
7fda4b258000-7fda4b26e000 r-xp 00000000 08:05 9967712                    /usr/lib/jvm/java-7-openjdk-amd64/jre/lib/amd64/libnet.so
7fda4b26e000-7fda4b46d000 ---p 00016000 08:05 9967712                    /usr/lib/jvm/java-7-openjdk-amd64/jre/lib/amd64/libnet.so
7fda4b46d000-7fda4b46e000 r--p 00015000 08:05 9967712                    /usr/lib/jvm/java-7-openjdk-amd64/jre/lib/amd64/libnet.so
7fda4b46e000-7fda4b46f000 rw-p 00016000 08:05 9967712                    /usr/lib/jvm/java-7-openjdk-amd64/jre/lib/amd64/libnet.so
7fda4b470000-7fda4b479000 r--s 000bc000 08:05 9702765                    /usr/lib/jvm/java-7-openjdk-common/jre/lib/resources.jar
7fda4b480000-7fda4b4a9000 r--s 0024f000 08:05 14811812                   /home/pbruel/Dropbox/ensemble_git/ensemble/lib/jade.jar
7fda4b4b0000-7fda4b4b1000 r--s 0000e000 08:05 14811810                   /home/pbruel/Dropbox/ensemble_git/ensemble/lib/NetUtil.jar
7fda4b4b8000-7fda4b4be000 r--s 00692000 08:05 14811811                   /home/pbruel/Dropbox/ensemble_git/ensemble/lib/ensemble.jar
7fda4b4c0000-7fda4b4c2000 r--s 0000b000 08:05 14424703                   /home/pbruel/Dropbox/ensemble_git/ensemble/lib/ensemble_apps.jar
7fda4b4c8000-7fda4b4ca000 r--s 0005d000 08:05 14813490                   /home/pbruel/Dropbox/ensemble_git/ensemble/lib/libpd.jar
7fda4b4d0000-7fda4b4d4000 r--s 00085000 08:05 9702748                    /usr/lib/jvm/java-7-openjdk-common/jre/lib/ext/localedata.jar
7fda4b4d8000-7fda4b4db000 r--s 00032000 08:05 9702749                    /usr/lib/jvm/java-7-openjdk-common/jre/lib/ext/sunjce_provider.jar
7fda4b4e0000-7fda4b4e1000 r--s 00007000 08:05 9701533                    /usr/share/java/java-atk-wrapper.jar
7fda4b4e8000-7fda4b4e9000 r--s 00002000 08:05 9702751                    /usr/lib/jvm/java-7-openjdk-common/jre/lib/ext/dnsns.jar
7fda4b4f0000-7fda4b4f3000 r--s 0003c000 08:05 9702746                    /usr/lib/jvm/java-7-openjdk-common/jre/lib/ext/sunpkcs11.jar
7fda4b4f8000-7fda4b4fb000 r--s 0000f000 08:05 9702747                    /usr/lib/jvm/java-7-openjdk-common/jre/lib/ext/pulse-java.jar
7fda4b500000-7fda4b502000 r--s 00012000 08:05 9702745                    /usr/lib/jvm/java-7-openjdk-common/jre/lib/ext/zipfs.jar
7fda4b503000-7fda4b504000 ---p 00000000 00:00 0 
7fda4b504000-7fda4b604000 rw-p 00000000 00:00 0 
7fda4b604000-7fda4b607000 ---p 00000000 00:00 0 
7fda4b607000-7fda4b705000 rw-p 00000000 00:00 0 
7fda4b705000-7fda4b708000 ---p 00000000 00:00 0 
7fda4b708000-7fda4b806000 rw-p 00000000 00:00 0 
7fda4b806000-7fda4b809000 ---p 00000000 00:00 0 
7fda4b809000-7fda4b907000 rw-p 00000000 00:00 0 
7fda4b907000-7fda4b90a000 ---p 00000000 00:00 0 
7fda4b90a000-7fda4ba08000 rw-p 00000000 00:00 0 
7fda4ba08000-7fda4bb7f000 r--p 00000000 08:05 7998411                    /usr/lib/locale/locale-archive
7fda4bb7f000-7fda4bb82000 ---p 00000000 00:00 0 
7fda4bb82000-7fda50000000 rw-p 00000000 00:00 0 
7fda50000000-7fda50329000 rw-p 00000000 00:00 0 
7fda50329000-7fda54000000 ---p 00000000 00:00 0 
7fda54016000-7fda54019000 ---p 00000000 00:00 0 
7fda54019000-7fda54117000 rw-p 00000000 00:00 0 
7fda54117000-7fda54118000 ---p 00000000 00:00 0 
7fda54118000-7fda55880000 rw-p 00000000 00:00 0 
7fda55880000-7fda55a2d000 r--s 01cec000 08:05 9702779                    /usr/lib/jvm/java-7-openjdk-amd64/jre/lib/rt.jar
7fda55a2d000-7fda56b35000 rw-p 00000000 00:00 0 
7fda56b35000-7fda56b36000 ---p 00000000 00:00 0 
7fda56b36000-7fda56c36000 rw-p 00000000 00:00 0 
7fda56c36000-7fda56c37000 ---p 00000000 00:00 0 
7fda56c37000-7fda56d37000 rw-p 00000000 00:00 0 
7fda56d37000-7fda56d38000 ---p 00000000 00:00 0 
7fda56d38000-7fda56e38000 rw-p 00000000 00:00 0 
7fda56e38000-7fda56e39000 ---p 00000000 00:00 0 
7fda56e39000-7fda56f39000 rw-p 00000000 00:00 0 
7fda56f39000-7fda56f3a000 ---p 00000000 00:00 0 
7fda56f3a000-7fda5703a000 rw-p 00000000 00:00 0 
7fda5703a000-7fda5703b000 ---p 00000000 00:00 0 
7fda5703b000-7fda57146000 rw-p 00000000 00:00 0 
7fda57146000-7fda5718e000 rw-p 00000000 00:00 0 
7fda5718e000-7fda571b8000 rw-p 00000000 00:00 0 
7fda571b8000-7fda57427000 rw-p 00000000 00:00 0 
7fda57427000-7fda57432000 rw-p 00000000 00:00 0 
7fda57432000-7fda5747a000 rw-p 00000000 00:00 0 
7fda5747a000-7fda574a4000 rw-p 00000000 00:00 0 
7fda574a4000-7fda57712000 rw-p 00000000 00:00 0 
7fda57712000-7fda57728000 rw-p 00000000 00:00 0 
7fda57728000-7fda5785f000 rw-p 00000000 00:00 0 
7fda5785f000-7fda57860000 rw-p 00000000 00:00 0 
7fda57860000-7fda57ad0000 rwxp 00000000 00:00 0 
7fda57ad0000-7fda5a860000 rw-p 00000000 00:00 0 
7fda5a860000-7fda5a868000 r-xp 00000000 08:05 9967719                    /usr/lib/jvm/java-7-openjdk-amd64/jre/lib/amd64/libzip.so
7fda5a868000-7fda5aa67000 ---p 00008000 08:05 9967719                    /usr/lib/jvm/java-7-openjdk-amd64/jre/lib/amd64/libzip.so
7fda5aa67000-7fda5aa68000 r--p 00007000 08:05 9967719                    /usr/lib/jvm/java-7-openjdk-amd64/jre/lib/amd64/libzip.so
7fda5aa68000-7fda5aa69000 rw-p 00008000 08:05 9967719                    /usr/lib/jvm/java-7-openjdk-amd64/jre/lib/amd64/libzip.so
7fda5aa70000-7fda5aa7b000 r-xp 00000000 08:05 5374901                    /lib/x86_64-linux-gnu/libnss_files-2.13.so
7fda5aa7b000-7fda5ac7a000 ---p 0000b000 08:05 5374901                    /lib/x86_64-linux-gnu/libnss_files-2.13.so
7fda5ac7a000-7fda5ac7b000 r--p 0000a000 08:05 5374901                    /lib/x86_64-linux-gnu/libnss_files-2.13.so
7fda5ac7b000-7fda5ac7c000 rw-p 0000b000 08:05 5374901                    /lib/x86_64-linux-gnu/libnss_files-2.13.so
7fda5ac80000-7fda5ac8a000 r-xp 00000000 08:05 5374905                    /lib/x86_64-linux-gnu/libnss_nis-2.13.so
7fda5ac8a000-7fda5ae89000 ---p 0000a000 08:05 5374905                    /lib/x86_64-linux-gnu/libnss_nis-2.13.so
7fda5ae89000-7fda5ae8a000 r--p 00009000 08:05 5374905                    /lib/x86_64-linux-gnu/libnss_nis-2.13.so
7fda5ae8a000-7fda5ae8b000 rw-p 0000a000 08:05 5374905                    /lib/x86_64-linux-gnu/libnss_nis-2.13.so
7fda5ae90000-7fda5aea5000 r-xp 00000000 08:05 5374895                    /lib/x86_64-linux-gnu/libnsl-2.13.so
7fda5aea5000-7fda5b0a4000 ---p 00015000 08:05 5374895                    /lib/x86_64-linux-gnu/libnsl-2.13.so
7fda5b0a4000-7fda5b0a5000 r--p 00014000 08:05 5374895                    /lib/x86_64-linux-gnu/libnsl-2.13.so
7fda5b0a5000-7fda5b0a6000 rw-p 00015000 08:05 5374895                    /lib/x86_64-linux-gnu/libnsl-2.13.so
7fda5b0a6000-7fda5b0a8000 rw-p 00000000 00:00 0 
7fda5b0a8000-7fda5b0af000 r-xp 00000000 08:05 5374897                    /lib/x86_64-linux-gnu/libnss_compat-2.13.so
7fda5b0af000-7fda5b2ae000 ---p 00007000 08:05 5374897                    /lib/x86_64-linux-gnu/libnss_compat-2.13.so
7fda5b2ae000-7fda5b2af000 r--p 00006000 08:05 5374897                    /lib/x86_64-linux-gnu/libnss_compat-2.13.so
7fda5b2af000-7fda5b2b0000 rw-p 00007000 08:05 5374897                    /lib/x86_64-linux-gnu/libnss_compat-2.13.so
7fda5b2b0000-7fda5b2da000 r-xp 00000000 08:05 9967710                    /usr/lib/jvm/java-7-openjdk-amd64/jre/lib/amd64/libjava.so
7fda5b2da000-7fda5b4da000 ---p 0002a000 08:05 9967710                    /usr/lib/jvm/java-7-openjdk-amd64/jre/lib/amd64/libjava.so
7fda5b4da000-7fda5b4db000 r--p 0002a000 08:05 9967710                    /usr/lib/jvm/java-7-openjdk-amd64/jre/lib/amd64/libjava.so
7fda5b4db000-7fda5b4dd000 rw-p 0002b000 08:05 9967710                    /usr/lib/jvm/java-7-openjdk-amd64/jre/lib/amd64/libjava.so
7fda5b4e0000-7fda5b4ef000 r-xp 00000000 08:05 9967623                    /usr/lib/jvm/java-7-openjdk-amd64/jre/lib/amd64/libverify.so
7fda5b4ef000-7fda5b6ee000 ---p 0000f000 08:05 9967623                    /usr/lib/jvm/java-7-openjdk-amd64/jre/lib/amd64/libverify.so
7fda5b6ee000-7fda5b6f0000 r--p 0000e000 08:05 9967623                    /usr/lib/jvm/java-7-openjdk-amd64/jre/lib/amd64/libverify.so
7fda5b6f0000-7fda5b6f1000 rw-p 00010000 08:05 9967623                    /usr/lib/jvm/java-7-openjdk-amd64/jre/lib/amd64/libverify.so
7fda5b6f8000-7fda5b6ff000 r-xp 00000000 08:05 5374938                    /lib/x86_64-linux-gnu/librt-2.13.so
7fda5b6ff000-7fda5b8fe000 ---p 00007000 08:05 5374938                    /lib/x86_64-linux-gnu/librt-2.13.so
7fda5b8fe000-7fda5b8ff000 r--p 00006000 08:05 5374938                    /lib/x86_64-linux-gnu/librt-2.13.so
7fda5b8ff000-7fda5b900000 rw-p 00007000 08:05 5374938                    /lib/x86_64-linux-gnu/librt-2.13.so
7fda5b900000-7fda5b915000 r-xp 00000000 08:05 5374853                    /lib/x86_64-linux-gnu/libgcc_s.so.1
7fda5b915000-7fda5bb15000 ---p 00015000 08:05 5374853                    /lib/x86_64-linux-gnu/libgcc_s.so.1
7fda5bb15000-7fda5bb16000 rw-p 00015000 08:05 5374853                    /lib/x86_64-linux-gnu/libgcc_s.so.1
7fda5bb18000-7fda5bb99000 r-xp 00000000 08:05 5374876                    /lib/x86_64-linux-gnu/libm-2.13.so
7fda5bb99000-7fda5bd98000 ---p 00081000 08:05 5374876                    /lib/x86_64-linux-gnu/libm-2.13.so
7fda5bd98000-7fda5bd99000 r--p 00080000 08:05 5374876                    /lib/x86_64-linux-gnu/libm-2.13.so
7fda5bd99000-7fda5bd9a000 rw-p 00081000 08:05 5374876                    /lib/x86_64-linux-gnu/libm-2.13.so
7fda5bda0000-7fda5be88000 r-xp 00000000 08:05 8132750                    /usr/lib/x86_64-linux-gnu/libstdc++.so.6.0.17
7fda5be88000-7fda5c088000 ---p 000e8000 08:05 8132750                    /usr/lib/x86_64-linux-gnu/libstdc++.so.6.0.17
7fda5c088000-7fda5c090000 r--p 000e8000 08:05 8132750                    /usr/lib/x86_64-linux-gnu/libstdc++.so.6.0.17
7fda5c090000-7fda5c092000 rw-p 000f0000 08:05 8132750                    /usr/lib/x86_64-linux-gnu/libstdc++.so.6.0.17
7fda5c092000-7fda5c0a7000 rw-p 00000000 00:00 0 
7fda5c0a8000-7fda5ca99000 r-xp 00000000 08:05 10098067                   /usr/lib/jvm/java-7-openjdk-amd64/jre/lib/amd64/server/libjvm.so
7fda5ca99000-7fda5cc99000 ---p 009f1000 08:05 10098067                   /usr/lib/jvm/java-7-openjdk-amd64/jre/lib/amd64/server/libjvm.so
7fda5cc99000-7fda5cd18000 r--p 009f1000 08:05 10098067                   /usr/lib/jvm/java-7-openjdk-amd64/jre/lib/amd64/server/libjvm.so
7fda5cd18000-7fda5cd3b000 rw-p 00a70000 08:05 10098067                   /usr/lib/jvm/java-7-openjdk-amd64/jre/lib/amd64/server/libjvm.so
7fda5cd3b000-7fda5cd66000 rw-p 00000000 00:00 0 
7fda5cd68000-7fda5cee8000 r-xp 00000000 08:05 5374829                    /lib/x86_64-linux-gnu/libc-2.13.so
7fda5cee8000-7fda5d0e8000 ---p 00180000 08:05 5374829                    /lib/x86_64-linux-gnu/libc-2.13.so
7fda5d0e8000-7fda5d0ec000 r--p 00180000 08:05 5374829                    /lib/x86_64-linux-gnu/libc-2.13.so
7fda5d0ec000-7fda5d0ed000 rw-p 00184000 08:05 5374829                    /lib/x86_64-linux-gnu/libc-2.13.so
7fda5d0ed000-7fda5d0f2000 rw-p 00000000 00:00 0 
7fda5d0f8000-7fda5d0fa000 r-xp 00000000 08:05 5374843                    /lib/x86_64-linux-gnu/libdl-2.13.so
7fda5d0fa000-7fda5d2fa000 ---p 00002000 08:05 5374843                    /lib/x86_64-linux-gnu/libdl-2.13.so
7fda5d2fa000-7fda5d2fb000 r--p 00002000 08:05 5374843                    /lib/x86_64-linux-gnu/libdl-2.13.so
7fda5d2fb000-7fda5d2fc000 rw-p 00003000 08:05 5374843                    /lib/x86_64-linux-gnu/libdl-2.13.so
7fda5d300000-7fda5d316000 r-xp 00000000 08:05 5374972                    /lib/x86_64-linux-gnu/libz.so.1.2.7
7fda5d316000-7fda5d515000 ---p 00016000 08:05 5374972                    /lib/x86_64-linux-gnu/libz.so.1.2.7
7fda5d515000-7fda5d516000 r--p 00015000 08:05 5374972                    /lib/x86_64-linux-gnu/libz.so.1.2.7
7fda5d516000-7fda5d517000 rw-p 00016000 08:05 5374972                    /lib/x86_64-linux-gnu/libz.so.1.2.7
7fda5d518000-7fda5d525000 r-xp 00000000 08:05 9967698                    /usr/lib/jvm/java-7-openjdk-amd64/jre/lib/amd64/jli/libjli.so
7fda5d525000-7fda5d724000 ---p 0000d000 08:05 9967698                    /usr/lib/jvm/java-7-openjdk-amd64/jre/lib/amd64/jli/libjli.so
7fda5d724000-7fda5d725000 r--p 0000c000 08:05 9967698                    /usr/lib/jvm/java-7-openjdk-amd64/jre/lib/amd64/jli/libjli.so
7fda5d725000-7fda5d726000 rw-p 0000d000 08:05 9967698                    /usr/lib/jvm/java-7-openjdk-amd64/jre/lib/amd64/jli/libjli.so
7fda5d727000-7fda5d728000 rw-p 00000000 00:00 0 
7fda5d728000-7fda5d73f000 r-xp 00000000 08:05 5374930                    /lib/x86_64-linux-gnu/libpthread-2.13.so
7fda5d73f000-7fda5d93e000 ---p 00017000 08:05 5374930                    /lib/x86_64-linux-gnu/libpthread-2.13.so
7fda5d93e000-7fda5d93f000 r--p 00016000 08:05 5374930                    /lib/x86_64-linux-gnu/libpthread-2.13.so
7fda5d93f000-7fda5d940000 rw-p 00017000 08:05 5374930                    /lib/x86_64-linux-gnu/libpthread-2.13.so
7fda5d940000-7fda5d944000 rw-p 00000000 00:00 0 
7fda5d948000-7fda5d968000 r-xp 00000000 08:05 5374807                    /lib/x86_64-linux-gnu/ld-2.13.so
7fda5d968000-7fda5d96d000 r--s 0004c000 08:05 9702756                    /usr/lib/jvm/java-7-openjdk-common/jre/lib/jsse.jar
7fda5d970000-7fda5d97b000 r--s 001fb000 08:05 9702754                    /usr/lib/jvm/java-7-openjdk-common/jre/lib/charsets.jar
7fda5d980000-7fda5d98b000 r--s 001fb000 08:05 9702754                    /usr/lib/jvm/java-7-openjdk-common/jre/lib/charsets.jar
7fda5d98e000-7fda5d998000 rw-p 00000000 00:00 0 
7fda5d998000-7fda5da4e000 rw-p 00000000 00:00 0 
7fda5da4e000-7fda5da51000 ---p 00000000 00:00 0 
7fda5da51000-7fda5db50000 rw-p 00000000 00:00 0 
7fda5db50000-7fda5db57000 r--s 00000000 08:05 8131847                    /usr/lib/x86_64-linux-gnu/gconv/gconv-modules.cache
7fda5db58000-7fda5db60000 rw-s 00000000 08:05 9709271                    /tmp/hsperfdata_pbruel/11469
7fda5db60000-7fda5db61000 r--p 00000000 08:05 9706325                    /usr/share/locale/en_GB/LC_MESSAGES/libc.mo
7fda5db61000-7fda5db62000 rw-p 00000000 00:00 0 
7fda5db62000-7fda5db63000 r--p 00000000 00:00 0 
7fda5db63000-7fda5db64000 rw-p 00000000 00:00 0 
7fda5db64000-7fda5db65000 r--p 00000000 00:00 0 
7fda5db65000-7fda5db67000 rw-p 00000000 00:00 0 
7fda5db67000-7fda5db68000 r--p 0001f000 08:05 5374807                    /lib/x86_64-linux-gnu/ld-2.13.so
7fda5db68000-7fda5db69000 rw-p 00020000 08:05 5374807                    /lib/x86_64-linux-gnu/ld-2.13.so
7fda5db69000-7fda5db6c000 rw-p 00000000 00:00 0 
7fff4a621000-7fff4a642000 rw-p 00000000 00:00 0                          [stack]
7fff4a690000-7fff4a691000 r-xp 00000000 00:00 0                          [vdso]
ffffffffff600000-ffffffffff601000 r-xp 00000000 00:00 0                  [vsyscall]

VM Arguments:
java_command: ensemble.tools.Loader -nogui -f pd_testing.xml
Launcher Type: SUN_STANDARD

Environment Variables:
PATH=/usr/local/bin:/usr/bin:/bin:/usr/local/games:/usr/games
USERNAME=pbruel
SHELL=/bin/bash
DISPLAY=:0

Signal Handlers:
SIGSEGV: [libjvm.so+0x84ff00], sa_mask[0]=0x7ffbfeff, sa_flags=0x10000004
SIGBUS: [libjvm.so+0x84ff00], sa_mask[0]=0x7ffbfeff, sa_flags=0x10000004
SIGFPE: SIG_IGN, sa_mask[0]=0x00000080, sa_flags=0x10000000
SIGPIPE: [libjvm.so+0x6f2230], sa_mask[0]=0x7ffbfeff, sa_flags=0x10000004
SIGXFSZ: [libjvm.so+0x6f2230], sa_mask[0]=0x7ffbfeff, sa_flags=0x10000004
SIGILL: [libjvm.so+0x6f2230], sa_mask[0]=0x7ffbfeff, sa_flags=0x10000004
SIGUSR1: SIG_DFL, sa_mask[0]=0x00000000, sa_flags=0x00000000
SIGUSR2: [libjvm.so+0x6f2600], sa_mask[0]=0x00000000, sa_flags=0x10000004
SIGHUP: [libjvm.so+0x6f2740], sa_mask[0]=0x7ffbfeff, sa_flags=0x10000004
SIGINT: [libjvm.so+0x6f2740], sa_mask[0]=0x7ffbfeff, sa_flags=0x10000004
SIGTERM: [libjvm.so+0x6f2740], sa_mask[0]=0x7ffbfeff, sa_flags=0x10000004
SIGQUIT: [libjvm.so+0x6f2740], sa_mask[0]=0x7ffbfeff, sa_flags=0x10000004


---------------  S Y S T E M  ---------------

OS:7.1

uname:Linux 3.2.0-4-amd64 #1 SMP Debian 3.2.46-1 x86_64
libc:glibc 2.13 NPTL 2.13 
rlimit: STACK 8192k, CORE 0k, NPROC 63163, NOFILE 4096, AS infinity
load average:0.23 0.27 0.32

/proc/meminfo:
MemTotal:        8163344 kB
MemFree:         6006428 kB
Buffers:           63224 kB
Cached:           715424 kB
SwapCached:            0 kB
Active:          1467296 kB
Inactive:         554776 kB
Active(anon):    1244176 kB
Inactive(anon):     2268 kB
Active(file):     223120 kB
Inactive(file):   552508 kB
Unevictable:           0 kB
Mlocked:               0 kB
SwapTotal:      12015612 kB
SwapFree:       12015612 kB
Dirty:              1972 kB
Writeback:             0 kB
AnonPages:       1243388 kB
Mapped:           133624 kB
Shmem:              3116 kB
Slab:              64536 kB
SReclaimable:      35936 kB
SUnreclaim:        28600 kB
KernelStack:        3120 kB
PageTables:        20612 kB
NFS_Unstable:          0 kB
Bounce:                0 kB
WritebackTmp:          0 kB
CommitLimit:    16097284 kB
Committed_AS:    2295524 kB
VmallocTotal:   34359738367 kB
VmallocUsed:      303208 kB
VmallocChunk:   34359428316 kB
HardwareCorrupted:     0 kB
AnonHugePages:         0 kB
HugePages_Total:       0
HugePages_Free:        0
HugePages_Rsvd:        0
HugePages_Surp:        0
Hugepagesize:       2048 kB
DirectMap4k:       60412 kB
DirectMap2M:     4100096 kB
DirectMap1G:     4194304 kB


CPU:total 6 (6 cores per cpu, 1 threads per core) family 21 model 1 stepping 2, cmov, cx8, fxsr, mmx, sse, sse2, sse3, ssse3, sse4.1, sse4.2, popcnt, avx, mmxext, 3dnowpref, lzcnt, sse4a, tsc, tscinvbit, tscinv

/proc/cpuinfo:
processor	: 0
vendor_id	: AuthenticAMD
cpu family	: 21
model		: 1
model name	: AMD FX(tm)-6100 Six-Core Processor             
stepping	: 2
microcode	: 0x6000626
cpu MHz		: 3310.984
cache size	: 2048 KB
physical id	: 0
siblings	: 6
core id		: 0
cpu cores	: 3
apicid		: 16
initial apicid	: 0
fpu		: yes
fpu_exception	: yes
cpuid level	: 13
wp		: yes
flags		: fpu vme de pse tsc msr pae mce cx8 apic sep mtrr pge mca cmov pat pse36 clflush mmx fxsr sse sse2 ht syscall nx mmxext fxsr_opt pdpe1gb rdtscp lm constant_tsc rep_good nopl nonstop_tsc extd_apicid aperfmperf pni pclmulqdq monitor ssse3 cx16 sse4_1 sse4_2 popcnt aes xsave avx lahf_lm cmp_legacy svm extapic cr8_legacy abm sse4a misalignsse 3dnowprefetch osvw ibs xop skinit wdt lwp fma4 nodeid_msr topoext perfctr_core arat cpb hw_pstate npt lbrv svm_lock nrip_save tsc_scale vmcb_clean flushbyasid decodeassists pausefilter pfthreshold
bogomips	: 6621.96
TLB size	: 1536 4K pages
clflush size	: 64
cache_alignment	: 64
address sizes	: 48 bits physical, 48 bits virtual
power management: ts ttp tm 100mhzsteps hwpstate [9]

processor	: 1
vendor_id	: AuthenticAMD
cpu family	: 21
model		: 1
model name	: AMD FX(tm)-6100 Six-Core Processor             
stepping	: 2
microcode	: 0x6000626
cpu MHz		: 3310.984
cache size	: 2048 KB
physical id	: 0
siblings	: 6
core id		: 1
cpu cores	: 3
apicid		: 17
initial apicid	: 1
fpu		: yes
fpu_exception	: yes
cpuid level	: 13
wp		: yes
flags		: fpu vme de pse tsc msr pae mce cx8 apic sep mtrr pge mca cmov pat pse36 clflush mmx fxsr sse sse2 ht syscall nx mmxext fxsr_opt pdpe1gb rdtscp lm constant_tsc rep_good nopl nonstop_tsc extd_apicid aperfmperf pni pclmulqdq monitor ssse3 cx16 sse4_1 sse4_2 popcnt aes xsave avx lahf_lm cmp_legacy svm extapic cr8_legacy abm sse4a misalignsse 3dnowprefetch osvw ibs xop skinit wdt lwp fma4 nodeid_msr topoext perfctr_core arat cpb hw_pstate npt lbrv svm_lock nrip_save tsc_scale vmcb_clean flushbyasid decodeassists pausefilter pfthreshold
bogomips	: 6622.08
TLB size	: 1536 4K pages
clflush size	: 64
cache_alignment	: 64
address sizes	: 48 bits physical, 48 bits virtual
power management: ts ttp tm 100mhzsteps hwpstate [9]

processor	: 2
vendor_id	: AuthenticAMD
cpu family	: 21
model		: 1
model name	: AMD FX(tm)-6100 Six-Core Processor             
stepping	: 2
microcode	: 0x6000626
cpu MHz		: 3310.984
cache size	: 2048 KB
physical id	: 0
siblings	: 6
core id		: 2
cpu cores	: 3
apicid		: 18
initial apicid	: 2
fpu		: yes
fpu_exception	: yes
cpuid level	: 13
wp		: yes
flags		: fpu vme de pse tsc msr pae mce cx8 apic sep mtrr pge mca cmov pat pse36 clflush mmx fxsr sse sse2 ht syscall nx mmxext fxsr_opt pdpe1gb rdtscp lm constant_tsc rep_good nopl nonstop_tsc extd_apicid aperfmperf pni pclmulqdq monitor ssse3 cx16 sse4_1 sse4_2 popcnt aes xsave avx lahf_lm cmp_legacy svm extapic cr8_legacy abm sse4a misalignsse 3dnowprefetch osvw ibs xop skinit wdt lwp fma4 nodeid_msr topoext perfctr_core arat cpb hw_pstate npt lbrv svm_lock nrip_save tsc_scale vmcb_clean flushbyasid decodeassists pausefilter pfthreshold
bogomips	: 6622.17
TLB size	: 1536 4K pages
clflush size	: 64
cache_alignment	: 64
address sizes	: 48 bits physical, 48 bits virtual
power management: ts ttp tm 100mhzsteps hwpstate [9]

processor	: 3
vendor_id	: AuthenticAMD
cpu family	: 21
model		: 1
model name	: AMD FX(tm)-6100 Six-Core Processor             
stepping	: 2
microcode	: 0x6000626
cpu MHz		: 3310.984
cache size	: 2048 KB
physical id	: 0
siblings	: 6
core id		: 3
cpu cores	: 3
apicid		: 19
initial apicid	: 3
fpu		: yes
fpu_exception	: yes
cpuid level	: 13
wp		: yes
flags		: fpu vme de pse tsc msr pae mce cx8 apic sep mtrr pge mca cmov pat pse36 clflush mmx fxsr sse sse2 ht syscall nx mmxext fxsr_opt pdpe1gb rdtscp lm constant_tsc rep_good nopl nonstop_tsc extd_apicid aperfmperf pni pclmulqdq monitor ssse3 cx16 sse4_1 sse4_2 popcnt aes xsave avx lahf_lm cmp_legacy svm extapic cr8_legacy abm sse4a misalignsse 3dnowprefetch osvw ibs xop skinit wdt lwp fma4 nodeid_msr topoext perfctr_core arat cpb hw_pstate npt lbrv svm_lock nrip_save tsc_scale vmcb_clean flushbyasid decodeassists pausefilter pfthreshold
bogomips	: 6622.18
TLB size	: 1536 4K pages
clflush size	: 64
cache_alignment	: 64
address sizes	: 48 bits physical, 48 bits virtual
power management: ts ttp tm 100mhzsteps hwpstate [9]

processor	: 4
vendor_id	: AuthenticAMD
cpu family	: 21
model		: 1
model name	: AMD FX(tm)-6100 Six-Core Processor             
stepping	: 2
microcode	: 0x6000626
cpu MHz		: 3310.984
cache size	: 2048 KB
physical id	: 0
siblings	: 6
core id		: 4
cpu cores	: 3
apicid		: 20
initial apicid	: 4
fpu		: yes
fpu_exception	: yes
cpuid level	: 13
wp		: yes
flags		: fpu vme de pse tsc msr pae mce cx8 apic sep mtrr pge mca cmov pat pse36 clflush mmx fxsr sse sse2 ht syscall nx mmxext fxsr_opt pdpe1gb rdtscp lm constant_tsc rep_good nopl nonstop_tsc extd_apicid aperfmperf pni pclmulqdq monitor ssse3 cx16 sse4_1 sse4_2 popcnt aes xsave avx lahf_lm cmp_legacy svm extapic cr8_legacy abm sse4a misalignsse 3dnowprefetch osvw ibs xop skinit wdt lwp fma4 nodeid_msr topoext perfctr_core arat cpb hw_pstate npt lbrv svm_lock nrip_save tsc_scale vmcb_clean flushbyasid decodeassists pausefilter pfthreshold
bogomips	: 6622.19
TLB size	: 1536 4K pages
clflush size	: 64
cache_alignment	: 64
address sizes	: 48 bits physical, 48 bits virtual
power management: ts ttp tm 100mhzsteps hwpstate [9]

processor	: 5
vendor_id	: AuthenticAMD
cpu family	: 21
model		: 1
model name	: AMD FX(tm)-6100 Six-Core Processor             
stepping	: 2
microcode	: 0x6000626
cpu MHz		: 3310.984
cache size	: 2048 KB
physical id	: 0
siblings	: 6
core id		: 5
cpu cores	: 3
apicid		: 21
initial apicid	: 5
fpu		: yes
fpu_exception	: yes
cpuid level	: 13
wp		: yes
flags		: fpu vme de pse tsc msr pae mce cx8 apic sep mtrr pge mca cmov pat pse36 clflush mmx fxsr sse sse2 ht syscall nx mmxext fxsr_opt pdpe1gb rdtscp lm constant_tsc rep_good nopl nonstop_tsc extd_apicid aperfmperf pni pclmulqdq monitor ssse3 cx16 sse4_1 sse4_2 popcnt aes xsave avx lahf_lm cmp_legacy svm extapic cr8_legacy abm sse4a misalignsse 3dnowprefetch osvw ibs xop skinit wdt lwp fma4 nodeid_msr topoext perfctr_core arat cpb hw_pstate npt lbrv svm_lock nrip_save tsc_scale vmcb_clean flushbyasid decodeassists pausefilter pfthreshold
bogomips	: 6622.18
TLB size	: 1536 4K pages
clflush size	: 64
cache_alignment	: 64
address sizes	: 48 bits physical, 48 bits virtual
power management: ts ttp tm 100mhzsteps hwpstate [9]



Memory: 4k page, physical 8163344k(6006428k free), swap 12015612k(12015612k free)

vm_info: OpenJDK 64-Bit Server VM (23.7-b01) for linux-amd64 JRE (1.7.0_25-b30), built on Jul  3 2013 10:28:26 by "jmm" with gcc 4.7.2

time: Wed Oct 30 15:24:43 2013
elapsed time: 1 seconds

