#
# A fatal error has been detected by the Java Runtime Environment:
#
#  SIGSEGV (0xb) at pc=0x00007fb71f18490a, pid=7964, tid=140424486057728
#
# JRE version: 7.0_25-b30
# Java VM: OpenJDK 64-Bit Server VM (23.7-b01 mixed mode linux-amd64 compressed oops)
# Problematic frame:
# C  [libpdnative8685525921117006177.so+0x8c90a]  libpd_process_short+0x12a
#
# Failed to write core dump. Core dumps have been disabled. To enable core dumping, try "ulimit -c unlimited" before starting Java again
#
# If you would like to submit a bug report, please include
# instructions on how to reproduce the bug and visit:
#   http://icedtea.classpath.org/bugzilla
# The crash happened outside the Java Virtual Machine in native code.
# See problematic frame for where to report the bug.
#

---------------  T H R E A D  ---------------

Current thread (0x00007fb718003800):  JavaThread "Environment" [_thread_in_native, id=8000, stack(0x00007fb71f8bf000,0x00007fb71f9c0000)]

siginfo:si_signo=SIGSEGV: si_errno=0, si_code=1 (SEGV_MAPERR), si_addr=0x0000000000b25000

Registers:
RAX=0x00000000009c83b0, RBX=0x00007fb73407b000, RCX=0x0000000000b25004, RDX=0x00000000ffffeea2
RSP=0x00007fb71f9be650, RBP=0x0000000000b25000, RSI=0x00000000009c82b0, RDI=0x0000000000000002
R8 =0x00000000009c8300, R9 =0x0000000000000004, R10=0x00007fb71803ca80, R11=0x00000000009c8300
R12=0x0000000000000495, R13=0x00007fb71f3b9100, R14=0x0000000000000562, R15=0x00007fb71f3b90f0
RIP=0x00007fb71f18490a, EFLAGS=0x0000000000010202, CSGSFS=0x0000000000000033, ERR=0x0000000000000006
  TRAPNO=0x000000000000000e

Top of Stack: (sp=0x00007fb71f9be650)
0x00007fb71f9be650:   00007fb746fffe00 0000000000adba50
0x00007fb71f9be660:   00007fb738000100 00007fb73a4a108b
0x00007fb71f9be670:   00007fb7180039d8 00007fb7180039d8
0x00007fb71f9be680:   00007fb71f9be770 00007fb71f9be778
0x00007fb71f9be690:   0000000000adba50 00007fb73407b000
0x00007fb71f9be6a0:   0000000000000562 00007fb71f18792f
0x00007fb71f9be6b0:   0000000000000000 0000000779b7d508
0x00007fb71f9be6c0:   00007fb71f9be750 0000000000000000
0x00007fb71f9be6d0:   0000000779b7d508 00007fb71f9be780
0x00007fb71f9be6e0:   00007fb718003800 00007fb735731f90
0x00007fb71f9be6f0:   0000000000000000 00007fb71f9be720
0x00007fb71f9be700:   00007fb71f9be768 00007fb7357262d4
0x00007fb71f9be710:   00007fb71f9be710 0000000000000000
0x00007fb71f9be720:   00007fb71f9be780 0000000779b7f838
0x00007fb71f9be730:   0000000000000000 0000000779b7d508
0x00007fb71f9be740:   0000000000000000 00007fb71f9be770
0x00007fb71f9be750:   00007fb71f9be7c8 00007fb7357262d4
0x00007fb71f9be760:   00000007d77274d0 00007fb73572edd6
0x00007fb71f9be770:   00000007d7775ec0 00000007d77757b8
0x00007fb71f9be780:   0000000000000562 00007fb71f9be788
0x00007fb71f9be790:   0000000779b21269 00007fb71f9be7e0
0x00007fb71f9be7a0:   0000000779b6f238 0000000000000000
0x00007fb71f9be7b0:   0000000779b212b0 00007fb71f9be770
0x00007fb71f9be7c0:   00007fb71f9be7d8 00007fb71f9be828
0x00007fb71f9be7d0:   00007fb735726158 00000000000003eb
0x00007fb71f9be7e0:   00000007d7720e50 00007fb71f9be7e8
0x00007fb71f9be7f0:   0000000779b22d5f 00007fb71f9be848
0x00007fb71f9be800:   0000000779b6f238 0000000000000000
0x00007fb71f9be810:   0000000779b22dd8 00007fb71f9be7d8
0x00007fb71f9be820:   00007fb71f9be848 00007fb71f9be890
0x00007fb71f9be830:   00007fb735726158 0000000000000000
0x00007fb71f9be840:   0000000000000000 00000007d7720e50 

Instructions: (pc=0x00007fb71f18490a)
0x00007fb71f1848ea:   7e 2b 4a 8d 4c 0d 00 48 89 f0 0f 1f 40 00 f3 0f
0x00007fb71f1848fa:   10 00 48 05 00 01 00 00 f3 0f 59 c1 f3 0f 2c d0
0x00007fb71f18490a:   66 89 55 00 48 83 c5 02 48 39 cd 75 e1 48 83 c6
0x00007fb71f18491a:   04 4c 39 c6 75 c8 41 83 c4 01 45 39 f4 0f 85 f3 

Register to memory mapping:

RAX=0x00000000009c83b0 is an unknown value
RBX=0x00007fb73407b000 is an unknown value
RCX=0x0000000000b25004 is an unknown value
RDX=0x00000000ffffeea2 is an unknown value
RSP=0x00007fb71f9be650 is pointing into the stack for thread: 0x00007fb718003800
RBP=0x0000000000b25000 is an unknown value
RSI=0x00000000009c82b0 is an unknown value
RDI=0x0000000000000002 is an unknown value
R8 =0x00000000009c8300 is an unknown value
R9 =0x0000000000000004 is an unknown value
R10=0x00007fb71803ca80 is an unknown value
R11=0x00000000009c8300 is an unknown value
R12=0x0000000000000495 is an unknown value
R13=0x00007fb71f3b9100: sys_soundout+0 in /tmp/libpdnative8685525921117006177.so at 0x00007fb71f0f8000
R14=0x0000000000000562 is an unknown value
