#
# A fatal error has been detected by the Java Runtime Environment:
#
#  SIGSEGV (0xb) at pc=0x00007f7c63dbe40d, pid=11883, tid=140172500461312
#
# JRE version: 7.0_25-b30
# Java VM: OpenJDK 64-Bit Server VM (23.7-b01 mixed mode linux-amd64 compressed oops)
# Problematic frame:
# C  [libpdnative5438951823807392113.so+0x8e40d]  java_printhook+0x5d
#
# Failed to write core dump. Core dumps have been disabled. To enable core dumping, try "ulimit -c unlimited" before starting Java again
#
# If you would like to submit a bug report, please include
# instructions on how to reproduce the bug and visit:
#   http://icedtea.classpath.org/bugzilla
# The crash happened outside the Java Virtual Machine in native code.
# See problematic frame for where to report the bug.
#

---------------  T H R E A D  ---------------

Current thread (0x0000000002602000):  JavaThread "creature_0" [_thread_in_native, id=11920, stack(0x00007f7c7408e000,0x00007f7c7418f000)]

siginfo:si_signo=SIGSEGV: si_errno=0, si_code=1 (SEGV_MAPERR), si_addr=0x0000000000000000

Registers:
RAX=0x0000000000000000, RBX=0x00007f7c63fe8b80, RCX=0x0000000000000001, RDX=0x00007f7c8f4aee80
RSP=0x00007f7c7418d7a8, RBP=0x00007f7c63fe8ba8, RSI=0x0000000002609940, RDI=0x0000000000000000
R8 =0x00007f7c7418ad80, R9 =0x00000007d67773f0, R10=0x00007f7c8f4c2a40, R11=0x00007f7c7418ce78
R12=0x00007f7c63fe8cc0, R13=0x00007f7c63dc8c58, R14=0x00007f7c7418d848, R15=0x0000000002602000
RIP=0x00007f7c63dbe40d, EFLAGS=0x0000000000010202, CSGSFS=0x0000000000000033, ERR=0x0000000000000004
  TRAPNO=0x000000000000000e

Top of Stack: (sp=0x00007f7c7418d7a8)
0x00007f7c7418d7a8:   00007f7c63dbe104 0000000779c721b0
0x00007f7c7418d7b8:   0000000779c721b0 00007f7c7418d830
0x00007f7c7418d7c8:   0000000000000000 0000000779c721b0
0x00007f7c7418d7d8:   00007f7c63dbec92 00007f7c89fcd410
0x00007f7c7418d7e8:   00007f7c89fd9f90 00007f7c7418d7f0
0x00007f7c7418d7f8:   0000000779c721b0 00007f7c7418d848
0x00007f7c7418d808:   0000000779c73848 0000000000000000
0x00007f7c7418d818:   0000000779c721b0 0000000000000000
0x00007f7c7418d828:   00007f7c7418d850 00007f7c7418d890
0x00007f7c7418d838:   00007f7c89fce158 00000007d77cb0f8
0x00007f7c7418d848:   00007f7c89fd6dd8 00007f7c7418d850
0x00007f7c7418d858:   0000000779b200f3 00007f7c7418d8b0
0x00007f7c7418d868:   0000000779b6e398 0000000000000000
0x00007f7c7418d878:   0000000779b20240 00007f7c7418d850
0x00007f7c7418d888:   00007f7c7418d8b0 00007f7c7418d8f8
0x00007f7c7418d898:   00007f7c89fce450 0000000000000000
0x00007f7c7418d8a8:   0000000000000000 00000007d7689828
0x00007f7c7418d8b8:   00007f7c7418d8b8 0000000779b26803
0x00007f7c7418d8c8:   00007f7c7418d918 0000000779b3e9b0
0x00007f7c7418d8d8:   0000000000000000 0000000779b26908
0x00007f7c7418d8e8:   00007f7c7418d8b0 00007f7c7418d918
0x00007f7c7418d8f8:   00007f7c7418d960 00007f7c89fce450
0x00007f7c7418d908:   00000007d77c1cc8 00000007d76cc678
0x00007f7c7418d918:   00000007d7689828 00007f7c7418d920
0x00007f7c7418d928:   00000007792f42f7 00007f7c7418d9b0
0x00007f7c7418d938:   0000000779b0ade8 0000000000000000
0x00007f7c7418d948:   00000007792f44b0 00007f7c7418d918
0x00007f7c7418d958:   00007f7c7418d9b0 00007f7c7418d9f8
0x00007f7c7418d968:   00007f7c89fce450 0000000000000000
0x00007f7c7418d978:   0000000000000001 00000007d7689828
0x00007f7c7418d988:   00000007d76beab8 00000007d7689a88
0x00007f7c7418d998:   00000007d76964b8 00000007d76962f0 

Instructions: (pc=0x00007f7c63dbe40d)
0x00007f7c63dbe3ed:   23 00 31 c0 48 8b 15 58 28 23 00 4c 8b 07 41 ff
0x00007f7c63dbe3fd:   90 e8 01 00 00 48 8b 3d b7 27 23 00 48 89 de 5b
0x00007f7c63dbe40d:   48 8b 07 48 8b 80 b8 00 00 00 ff e0 0f 1f 80 00
0x00007f7c63dbe41d:   00 00 00 f3 c3 66 66 66 66 66 2e 0f 1f 84 00 00 

Register to memory mapping:

RAX=0x0000000000000000 is an unknown value
RBX=0x00007f7c63fe8b80: <offset 0x2b8b80> in /tmp/libpdnative5438951823807392113.so at 0x00007f7c63d30000
RCX=0x0000000000000001 is an unknown value
RDX=0x00007f7c8f4aee80: <offset 0xc9ee80> in /usr/lib/jvm/java-7-openjdk-amd64/jre/lib/amd64/server/libjvm.so at 0x00007f7c8e810000
RSP=0x00007f7c7418d7a8 is pointing into the stack for thread: 0x0000000002602000
RBP=0x00007f7c63fe8ba8: <offset 0x2b8ba8> in /tmp/libpdnative5438951823807392113.so at 0x00007f7c63d30000
RSI=0x0000000002609940 is an unknown value
RDI=0x0000000000000000 is an unknown value
R8 =0x00007f7c7418ad80 is pointing into the stack for thread: 0x0000000002602000
R9 =0x00000007d67773f0 is an oop
java.io.FileDescriptor 
 - klass: 'java/io/FileDescriptor'
R10=0x00007f7c8f4c2a40: <offset 0xcb2a40> in /usr/lib/jvm/java-7-openjdk-amd64/jre/lib/amd64/server/libjvm.so at 0x00007f7c8e810000
R11=0x00007f7c7418ce78 is pointing into the stack for thread: 0x0000000002602000
R12=0x00007f7c63fe8cc0: <offset 0x2b8cc0> in /tmp/libpdnative5438951823807392113.so at 0x00007f7c63d30000
R13=0x00007f7c63dc8c58: <offset 0x98c58> in /tmp/libpdnative5438951823807392113.so at 0x00007f7c63d30000
R14=0x00007f7c7418d848 is pointing into the stack for thread: 0x0000000002602000
R15=0x0000000002602000 is a thread


Stack: [0x00007f7c7408e000,0x00007f7c7418f000],  sp=0x00007f7c7418d7a8,  free space=1021k
Native frames: (J=compiled Java code, j=interpreted, Vv=VM code, C=native code)
C  [libpdnative5438951823807392113.so+0x8e40d]  java_printhook+0x5d

Java frames: (J=compiled Java code, j=interpreted, Vv=VM code)
j  org.puredata.core.PdBase.pollPdMessageQueue()V+0
j  ensemble.apps.pd_testing.Pd_Reasoning.init()Z+163
j  ensemble.Reasoning.start()Z+171
j  ensemble.MusicalAgent.start()Z+327
j  ensemble.EnsembleAgent.setup()V+99
j  jade.core.Agent$ActiveLifeCycle.init()V+19
j  jade.core.Agent.run()V+4
j  java.lang.Thread.run()V+11
v  ~StubRoutines::call_stub

---------------  P R O C E S S  ---------------

Java Threads: ( => current thread )
  0x00007f7c6809e800 JavaThread "creature_1#ReceiveCommand" [_thread_in_Java, id=11933, stack(0x00007f7c6c0ed000,0x00007f7c6c1ee000)]
  0x00007f7c68058800 JavaThread "Environment#ReceiveCommand" [_thread_blocked, id=11932, stack(0x00007f7c6c1ee000,0x00007f7c6c2ef000)]
  0x00007f7c68053000 JavaThread "PulseAudio Eventloop Thread" daemon [_thread_in_native, id=11931, stack(0x00007f7c6c2ef000,0x00007f7c6c3f0000)]
  0x00007f7c7c3e5800 JavaThread "OSCReceiver" daemon [_thread_in_native, id=11924, stack(0x00007f7c6fbfc000,0x00007f7c6fcfd000)]
  0x00007f7c7c3e3800 JavaThread "OSCReceiver" daemon [_thread_in_native, id=11923, stack(0x00007f7c6fcfd000,0x00007f7c6fdfe000)]
  0x00007f7c70013000 JavaThread "OSCReceiver" daemon [_thread_in_native, id=11922, stack(0x00007f7c6fdfe000,0x00007f7c6feff000)]
  0x00000000023e2000 JavaThread "DestroyJavaVM" [_thread_blocked, id=11884, stack(0x00007f7c901cd000,0x00007f7c902ce000)]
  0x0000000002667800 JavaThread "creature_1" [_thread_in_Java, id=11921, stack(0x00007f7c6feff000,0x00007f7c70000000)]
=>0x0000000002602000 JavaThread "creature_0" [_thread_in_native, id=11920, stack(0x00007f7c7408e000,0x00007f7c7418f000)]
  0x00007f7c70007800 JavaThread "Environment" [_thread_blocked, id=11919, stack(0x00007f7c7418f000,0x00007f7c74290000)]
  0x00007f7c70001800 JavaThread "Router" [_thread_in_Java, id=11918, stack(0x00007f7c74290000,0x00007f7c74391000)]
  0x00007f7c7c3bd800 JavaThread "df" [_thread_blocked, id=11917, stack(0x00007f7c74391000,0x00007f7c74492000)]
  0x00007f7c7c3ba800 JavaThread "ams" [_thread_blocked, id=11916, stack(0x00007f7c74492000,0x00007f7c74593000)]
  0x00007f7c7c3b7800 JavaThread "pool-1-thread-5" [_thread_blocked, id=11915, stack(0x00007f7c74593000,0x00007f7c74694000)]
  0x00007f7c7c3b5800 JavaThread "pool-1-thread-4" [_thread_blocked, id=11914, stack(0x00007f7c74694000,0x00007f7c74795000)]
  0x00007f7c7c3b3800 JavaThread "pool-1-thread-3" [_thread_blocked, id=11913, stack(0x00007f7c74795000,0x00007f7c74896000)]
  0x00007f7c7c3b1800 JavaThread "pool-1-thread-2" [_thread_blocked, id=11912, stack(0x00007f7c74896000,0x00007f7c74997000)]
  0x00007f7c7c3b0000 JavaThread "pool-1-thread-1" [_thread_blocked, id=11911, stack(0x00007f7c74997000,0x00007f7c74a98000)]
  0x00007f7c7c392800 JavaThread "Thread-10" [_thread_in_native, id=11910, stack(0x00007f7c74a98000,0x00007f7c74b99000)]
  0x00007f7c7c37e000 JavaThread "Deliverer-4" [_thread_blocked, id=11909, stack(0x00007f7c74b99000,0x00007f7c74c9a000)]
  0x00007f7c7c39a800 JavaThread "Deliverer-3" [_thread_blocked, id=11908, stack(0x00007f7c74c9a000,0x00007f7c74d9b000)]
  0x00007f7c7c39d800 JavaThread "Deliverer-2" [_thread_blocked, id=11907, stack(0x00007f7c74d9b000,0x00007f7c74e9c000)]
  0x00007f7c7c39f800 JavaThread "Deliverer-1" [_thread_blocked, id=11906, stack(0x00007f7c74e9c000,0x00007f7c74f9d000)]
  0x00007f7c7c39e800 JavaThread "Deliverer-0" [_thread_blocked, id=11905, stack(0x00007f7c74f9d000,0x00007f7c7509e000)]
  0x00007f7c7c369000 JavaThread "AWT-XAWT" daemon [_thread_in_native, id=11904, stack(0x00007f7c7509e000,0x00007f7c7519f000)]
  0x00007f7c7c32e000 JavaThread "Java2D Disposer" daemon [_thread_blocked, id=11903, stack(0x00007f7c7519f000,0x00007f7c752a0000)]
  0x00007f7c7c1f7000 JavaThread "Thread-4" [_thread_in_native, id=11902, stack(0x00007f7c7bdfe000,0x00007f7c7beff000)]
  0x00007f7c7c1f2800 JavaThread "Thread-3" [_thread_blocked, id=11901, stack(0x00007f7c7beff000,0x00007f7c7c000000)]
  0x00007f7c7c1f1000 JavaThread "JICPServer-1099" daemon [_thread_in_native, id=11900, stack(0x00007f7c8005e000,0x00007f7c8015f000)]
  0x00007f7c7c1dc800 JavaThread "JADE Timer dispatcher" [_thread_blocked, id=11899, stack(0x00007f7c8015f000,0x00007f7c80260000)]
  0x00007f7c7c003800 JavaThread "Service Thread" daemon [_thread_blocked, id=11897, stack(0x00007f7c81da4000,0x00007f7c81ea5000)]
  0x00007f7c7c001000 JavaThread "C2 CompilerThread1" daemon [_thread_blocked, id=11896, stack(0x00007f7c81ea5000,0x00007f7c81fa6000)]
  0x00000000024f0800 JavaThread "C2 CompilerThread0" daemon [_thread_blocked, id=11895, stack(0x00007f7c81fa6000,0x00007f7c820a7000)]
  0x00000000024ee800 JavaThread "Signal Dispatcher" daemon [_thread_blocked, id=11894, stack(0x00007f7c820a7000,0x00007f7c821a8000)]
  0x000000000248f800 JavaThread "Finalizer" daemon [_thread_blocked, id=11893, stack(0x00007f7c82325000,0x00007f7c82426000)]
  0x000000000248d000 JavaThread "Reference Handler" daemon [_thread_blocked, id=11892, stack(0x00007f7c82426000,0x00007f7c82527000)]

Other Threads:
  0x0000000002484800 VMThread [stack: 0x00007f7c82527000,0x00007f7c82628000] [id=11891]
  0x00007f7c7c00e800 WatcherThread [stack: 0x00007f7c81ca3000,0x00007f7c81da4000] [id=11898]

VM state:not at safepoint (normal execution)

VM Mutex/Monitor currently owned by a thread: None

Heap
 PSYoungGen      total 37184K, used 27444K [0x00000007d6760000, 0x00000007d90e0000, 0x0000000800000000)
  eden space 31872K, 86% used [0x00000007d6760000,0x00000007d822d3e8,0x00000007d8680000)
  from space 5312K, 0% used [0x00000007d8bb0000,0x00000007d8bb0000,0x00000007d90e0000)
  to   space 5312K, 0% used [0x00000007d8680000,0x00000007d8680000,0x00000007d8bb0000)
 ParOldGen       total 85120K, used 0K [0x0000000783600000, 0x0000000788920000, 0x00000007d6760000)
  object space 85120K, 0% used [0x0000000783600000,0x0000000783600000,0x0000000788920000)
 PSPermGen       total 21248K, used 13068K [0x0000000779000000, 0x000000077a4c0000, 0x0000000783600000)
  object space 21248K, 61% used [0x0000000779000000,0x0000000779cc3068,0x000000077a4c0000)

Card table byte_map: [0x00007f7c89b8f000,0x00007f7c89fc8000] byte_map_base: 0x00007f7c85fc7000

Polling page: 0x00007f7c901cc000

Code Cache  [0x00007f7c89fc8000, 0x00007f7c8a238000, 0x00007f7c8cfc8000)
 total_blobs=423 nmethods=43 adapters=332 free_code_cache=48595Kb largest_free_block=49744832

Compilation events (10 events):
Event: 1.208 Thread 0x00007f7c7c001000 nmethod 37 0x00007f7c8a04cfd0 code [0x00007f7c8a04d100, 0x00007f7c8a04d1f8]
Event: 1.208 Thread 0x00007f7c7c001000   39             java.lang.reflect.Method::copy (67 bytes)
Event: 1.209 Thread 0x00007f7c7c001000 nmethod 39 0x00007f7c8a04cc50 code [0x00007f7c8a04cda0, 0x00007f7c8a04cf18]
Event: 1.209 Thread 0x00000000024f0800 nmethod 38 0x00007f7c8a054190 code [0x00007f7c8a0542e0, 0x00007f7c8a0544d8]
Event: 1.210 Thread 0x00007f7c7c001000   40             sun.reflect.ClassFileAssembler::emitByte (11 bytes)
Event: 1.210 Thread 0x00000000024f0800   41             sun.reflect.ByteVectorImpl::add (38 bytes)
Event: 1.211 Thread 0x00000000024f0800 nmethod 41 0x00007f7c8a052910 code [0x00007f7c8a052a60, 0x00007f7c8a052b68]
Event: 1.211 Thread 0x00007f7c7c001000 nmethod 40 0x00007f7c8a0557d0 code [0x00007f7c8a055920, 0x00007f7c8a055a68]
Event: 1.213 Thread 0x00000000024f0800   42             java.util.HashMap::hash (59 bytes)
Event: 1.214 Thread 0x00000000024f0800 nmethod 42 0x00007f7c8a055410 code [0x00007f7c8a055560, 0x00007f7c8a0556a8]

GC Heap History (0 events):
No events

Deoptimization events (1 events):
Event: 0.409 Thread 0x00000000023e2000 Uncommon trap -34 fr.pc 0x00007f7c8a02b2e0

Internal exceptions (10 events):
Event: 1.197 Thread 0x00007f7c7c3bd800 Threw 0x00000007d8104940 at /home/jmm/scratch/jdk/openjdk-7-7u25-2.3.10/build/openjdk/hotspot/src/share/vm/interpreter/interpreterR
Event: 1.197 Thread 0x00007f7c7c3bd800 Threw 0x00000007d81056f0 at /home/jmm/scratch/jdk/openjdk-7-7u25-2.3.10/build/openjdk/hotspot/src/share/vm/interpreter/interpreterR
Event: 1.198 Thread 0x0000000002667800 Threw 0x00000007d77c2970 at /home/jmm/scratch/jdk/openjdk-7-7u25-2.3.10/build/openjdk/hotspot/src/share/vm/prims/jvm.cpp:1235
Event: 1.199 Thread 0x0000000002667800 Threw 0x00000007d77c5838 at /home/jmm/scratch/jdk/openjdk-7-7u25-2.3.10/build/openjdk/hotspot/src/share/vm/prims/jvm.cpp:1235
Event: 1.200 Thread 0x0000000002667800 Threw 0x00000007d77cc080 at /home/jmm/scratch/jdk/openjdk-7-7u25-2.3.10/build/openjdk/hotspot/src/share/vm/prims/jvm.cpp:1235
Event: 1.200 Thread 0x0000000002667800 Threw 0x00000007d77cc748 at /home/jmm/scratch/jdk/openjdk-7-7u25-2.3.10/build/openjdk/hotspot/src/share/vm/prims/jvm.cpp:1235
Event: 1.200 Thread 0x0000000002667800 Threw 0x00000007d77cd6e0 at /home/jmm/scratch/jdk/openjdk-7-7u25-2.3.10/build/openjdk/hotspot/src/share/vm/prims/jvm.cpp:1235
Event: 1.201 Thread 0x0000000002667800 Threw 0x00000007d77d1938 at /home/jmm/scratch/jdk/openjdk-7-7u25-2.3.10/build/openjdk/hotspot/src/share/vm/prims/jvm.cpp:1235
Event: 1.231 Thread 0x0000000002667800 Threw 0x00000007d77f6910 at /home/jmm/scratch/jdk/openjdk-7-7u25-2.3.10/build/openjdk/hotspot/src/share/vm/prims/jvm.cpp:1235
Event: 1.231 Thread 0x0000000002667800 Threw 0x00000007d77f9d20 at /home/jmm/scratch/jdk/openjdk-7-7u25-2.3.10/build/openjdk/hotspot/src/share/vm/prims/jvm.cpp:1235

Events (10 events):
Event: 1.215 loading class 0x00007f7c68070de0 done
Event: 1.230 loading class 0x00000000024cc760
Event: 1.230 loading class 0x00000000024cc760 done
Event: 1.230 loading class 0x00007f7c68079c40
Event: 1.230 loading class 0x00007f7c68079c40 done
Event: 1.231 loading class 0x000000000260a260
Event: 1.231 loading class 0x000000000260a260 done
Event: 1.231 loading class 0x00007f7c6809ae10
Event: 1.231 loading class 0x00007f7c6809ae10 done
Event: 1.232 loading class 0x00000000024c75b0


Dynamic libraries:
00400000-00401000 r-xp 00000000 08:05 7876088                            /usr/lib/jvm/java-7-openjdk-amd64/jre/bin/java
00600000-00601000 r--p 00000000 08:05 7876088                            /usr/lib/jvm/java-7-openjdk-amd64/jre/bin/java
00601000-00602000 rw-p 00001000 08:05 7876088                            /usr/lib/jvm/java-7-openjdk-amd64/jre/bin/java
023d6000-02781000 rw-p 00000000 00:00 0                                  [heap]
779000000-77a4c0000 rw-p 00000000 00:00 0 
77a4c0000-783600000 rw-p 00000000 00:00 0 
783600000-788920000 rw-p 00000000 00:00 0 
788920000-7d6760000 rw-p 00000000 00:00 0 
7d6760000-7d90e0000 rw-p 00000000 00:00 0 
7d90e0000-800000000 rw-p 00000000 00:00 0 
7f7c63d30000-7f7c63de2000 r-xp 00000000 08:05 9709276                    /tmp/libpdnative5438951823807392113.so
7f7c63de2000-7f7c63fe2000 ---p 000b2000 08:05 9709276                    /tmp/libpdnative5438951823807392113.so
7f7c63fe2000-7f7c63fe5000 rw-p 000b2000 08:05 9709276                    /tmp/libpdnative5438951823807392113.so
7f7c63fe5000-7f7c63ff2000 rw-p 00000000 00:00 0 
7f7c63ff8000-7f7c67ff9000 rw-s 00000000 00:11 2241805                    /run/shm/pulse-shm-585706800
7f7c68000000-7f7c680a9000 rw-p 00000000 00:00 0 
7f7c680a9000-7f7c6c000000 ---p 00000000 00:00 0 
7f7c6c0ed000-7f7c6c0f0000 ---p 00000000 00:00 0 
7f7c6c0f0000-7f7c6c1ee000 rw-p 00000000 00:00 0 
7f7c6c1ee000-7f7c6c1f1000 ---p 00000000 00:00 0 
7f7c6c1f1000-7f7c6c2ef000 rw-p 00000000 00:00 0 
7f7c6c2ef000-7f7c6c2f2000 ---p 00000000 00:00 0 
7f7c6c2f2000-7f7c6c3f0000 rw-p 00000000 00:00 0 
7f7c6c3f0000-7f7c6c3fd000 r-xp 00000000 08:05 9967722                    /usr/lib/jvm/java-7-openjdk-amd64/jre/lib/amd64/libpulse-java.so
7f7c6c3fd000-7f7c6c5fc000 ---p 0000d000 08:05 9967722                    /usr/lib/jvm/java-7-openjdk-amd64/jre/lib/amd64/libpulse-java.so
7f7c6c5fc000-7f7c6c5fd000 r--p 0000c000 08:05 9967722                    /usr/lib/jvm/java-7-openjdk-amd64/jre/lib/amd64/libpulse-java.so
7f7c6c5fd000-7f7c6c5fe000 rw-p 0000d000 08:05 9967722                    /usr/lib/jvm/java-7-openjdk-amd64/jre/lib/amd64/libpulse-java.so
7f7c6c5ff000-7f7c6c600000 ---p 00000000 00:00 0 
7f7c6c600000-7f7c6ce00000 rw-p 00000000 00:00 0 
7f7c6ce00000-7f7c6ce06000 r-xp 00000000 08:05 8132597                    /usr/lib/x86_64-linux-gnu/libogg.so.0.8.0
7f7c6ce06000-7f7c6d005000 ---p 00006000 08:05 8132597                    /usr/lib/x86_64-linux-gnu/libogg.so.0.8.0
7f7c6d005000-7f7c6d006000 rw-p 00005000 08:05 8132597                    /usr/lib/x86_64-linux-gnu/libogg.so.0.8.0
7f7c6d008000-7f7c6d034000 r-xp 00000000 08:05 8132806                    /usr/lib/x86_64-linux-gnu/libvorbis.so.0.4.5
7f7c6d034000-7f7c6d233000 ---p 0002c000 08:05 8132806                    /usr/lib/x86_64-linux-gnu/libvorbis.so.0.4.5
7f7c6d233000-7f7c6d234000 r--p 0002b000 08:05 8132806                    /usr/lib/x86_64-linux-gnu/libvorbis.so.0.4.5
7f7c6d234000-7f7c6d235000 rw-p 0002c000 08:05 8132806                    /usr/lib/x86_64-linux-gnu/libvorbis.so.0.4.5
7f7c6d238000-7f7c6d4eb000 r-xp 00000000 08:05 8132808                    /usr/lib/x86_64-linux-gnu/libvorbisenc.so.2.0.8
7f7c6d4eb000-7f7c6d6ea000 ---p 002b3000 08:05 8132808                    /usr/lib/x86_64-linux-gnu/libvorbisenc.so.2.0.8
7f7c6d6ea000-7f7c6d706000 r--p 002b2000 08:05 8132808                    /usr/lib/x86_64-linux-gnu/libvorbisenc.so.2.0.8
7f7c6d706000-7f7c6d707000 rw-p 002ce000 08:05 8132808                    /usr/lib/x86_64-linux-gnu/libvorbisenc.so.2.0.8
7f7c6d708000-7f7c6d753000 r-xp 00000000 08:05 8132007                    /usr/lib/x86_64-linux-gnu/libFLAC.so.8.2.0
7f7c6d753000-7f7c6d952000 ---p 0004b000 08:05 8132007                    /usr/lib/x86_64-linux-gnu/libFLAC.so.8.2.0
7f7c6d952000-7f7c6d953000 r--p 0004a000 08:05 8132007                    /usr/lib/x86_64-linux-gnu/libFLAC.so.8.2.0
7f7c6d953000-7f7c6d954000 rw-p 0004b000 08:05 8132007                    /usr/lib/x86_64-linux-gnu/libFLAC.so.8.2.0
7f7c6d958000-7f7c6d95c000 r-xp 00000000 08:05 5374967                    /lib/x86_64-linux-gnu/libuuid.so.1.3.0
7f7c6d95c000-7f7c6db5b000 ---p 00004000 08:05 5374967                    /lib/x86_64-linux-gnu/libuuid.so.1.3.0
7f7c6db5b000-7f7c6db5c000 r--p 00003000 08:05 5374967                    /lib/x86_64-linux-gnu/libuuid.so.1.3.0
7f7c6db5c000-7f7c6db5d000 rw-p 00004000 08:05 5374967                    /lib/x86_64-linux-gnu/libuuid.so.1.3.0
7f7c6db60000-7f7c6db64000 r-xp 00000000 08:05 5374819                    /lib/x86_64-linux-gnu/libattr.so.1.1.0
7f7c6db64000-7f7c6dd63000 ---p 00004000 08:05 5374819                    /lib/x86_64-linux-gnu/libattr.so.1.1.0
7f7c6dd63000-7f7c6dd64000 r--p 00003000 08:05 5374819                    /lib/x86_64-linux-gnu/libattr.so.1.1.0
7f7c6dd64000-7f7c6dd65000 rw-p 00004000 08:05 5374819                    /lib/x86_64-linux-gnu/libattr.so.1.1.0
7f7c6dd68000-7f7c6dd6d000 r-xp 00000000 08:05 8132104                    /usr/lib/x86_64-linux-gnu/libasyncns.so.0.3.1
7f7c6dd6d000-7f7c6df6c000 ---p 00005000 08:05 8132104                    /usr/lib/x86_64-linux-gnu/libasyncns.so.0.3.1
7f7c6df6c000-7f7c6df6d000 rw-p 00004000 08:05 8132104                    /usr/lib/x86_64-linux-gnu/libasyncns.so.0.3.1
7f7c6df70000-7f7c6dfd1000 r-xp 00000000 08:05 8132721                    /usr/lib/x86_64-linux-gnu/libsndfile.so.1.0.25
7f7c6dfd1000-7f7c6e1d0000 ---p 00061000 08:05 8132721                    /usr/lib/x86_64-linux-gnu/libsndfile.so.1.0.25
7f7c6e1d0000-7f7c6e1d2000 r--p 00060000 08:05 8132721                    /usr/lib/x86_64-linux-gnu/libsndfile.so.1.0.25
7f7c6e1d2000-7f7c6e1d3000 rw-p 00062000 08:05 8132721                    /usr/lib/x86_64-linux-gnu/libsndfile.so.1.0.25
7f7c6e1d3000-7f7c6e1d7000 rw-p 00000000 00:00 0 
7f7c6e1d8000-7f7c6e1e1000 r-xp 00000000 08:05 5374969                    /lib/x86_64-linux-gnu/libwrap.so.0.7.6
7f7c6e1e1000-7f7c6e3e0000 ---p 00009000 08:05 5374969                    /lib/x86_64-linux-gnu/libwrap.so.0.7.6
7f7c6e3e0000-7f7c6e3e1000 r--p 00008000 08:05 5374969                    /lib/x86_64-linux-gnu/libwrap.so.0.7.6
7f7c6e3e1000-7f7c6e3e2000 rw-p 00009000 08:05 5374969                    /lib/x86_64-linux-gnu/libwrap.so.0.7.6
7f7c6e3e2000-7f7c6e3e3000 rw-p 00000000 00:00 0 
7f7c6e3e8000-7f7c6e3ef000 r-xp 00000000 08:05 8132027                    /usr/lib/x86_64-linux-gnu/libSM.so.6.0.1
7f7c6e3ef000-7f7c6e5ee000 ---p 00007000 08:05 8132027                    /usr/lib/x86_64-linux-gnu/libSM.so.6.0.1
7f7c6e5ee000-7f7c6e5ef000 rw-p 00006000 08:05 8132027                    /usr/lib/x86_64-linux-gnu/libSM.so.6.0.1
7f7c6e5f0000-7f7c6e607000 r-xp 00000000 08:05 8132017                    /usr/lib/x86_64-linux-gnu/libICE.so.6.3.0
7f7c6e607000-7f7c6e806000 ---p 00017000 08:05 8132017                    /usr/lib/x86_64-linux-gnu/libICE.so.6.3.0
7f7c6e806000-7f7c6e808000 rw-p 00016000 08:05 8132017                    /usr/lib/x86_64-linux-gnu/libICE.so.6.3.0
7f7c6e808000-7f7c6e80b000 rw-p 00000000 00:00 0 
7f7c6e810000-7f7c6e811000 r-xp 00000000 08:05 8132034                    /usr/lib/x86_64-linux-gnu/libX11-xcb.so.1.0.0
7f7c6e811000-7f7c6ea10000 ---p 00001000 08:05 8132034                    /usr/lib/x86_64-linux-gnu/libX11-xcb.so.1.0.0
7f7c6ea10000-7f7c6ea11000 rw-p 00000000 08:05 8132034                    /usr/lib/x86_64-linux-gnu/libX11-xcb.so.1.0.0
7f7c6ea18000-7f7c6ea1c000 r-xp 00000000 08:05 5374832                    /lib/x86_64-linux-gnu/libcap.so.2.22
7f7c6ea1c000-7f7c6ec1b000 ---p 00004000 08:05 5374832                    /lib/x86_64-linux-gnu/libcap.so.2.22
7f7c6ec1b000-7f7c6ec1c000 rw-p 00003000 08:05 5374832                    /lib/x86_64-linux-gnu/libcap.so.2.22
7f7c6ec20000-7f7c6ec81000 r-xp 00000000 08:05 8258130                    /usr/lib/x86_64-linux-gnu/pulseaudio/libpulsecommon-2.0.so
7f7c6ec81000-7f7c6ee80000 ---p 00061000 08:05 8258130                    /usr/lib/x86_64-linux-gnu/pulseaudio/libpulsecommon-2.0.so
7f7c6ee80000-7f7c6ee81000 r--p 00060000 08:05 8258130                    /usr/lib/x86_64-linux-gnu/pulseaudio/libpulsecommon-2.0.so
7f7c6ee81000-7f7c6ee83000 rw-p 00061000 08:05 8258130                    /usr/lib/x86_64-linux-gnu/pulseaudio/libpulsecommon-2.0.so
7f7c6ee88000-7f7c6ee91000 r-xp 00000000 08:05 5374868                    /lib/x86_64-linux-gnu/libjson.so.0.1.0
7f7c6ee91000-7f7c6f090000 ---p 00009000 08:05 5374868                    /lib/x86_64-linux-gnu/libjson.so.0.1.0
7f7c6f090000-7f7c6f091000 r--p 00008000 08:05 5374868                    /lib/x86_64-linux-gnu/libjson.so.0.1.0
7f7c6f091000-7f7c6f092000 rw-p 00009000 08:05 5374868                    /lib/x86_64-linux-gnu/libjson.so.0.1.0
7f7c6f098000-7f7c6f0e1000 r-xp 00000000 08:05 8132674                    /usr/lib/x86_64-linux-gnu/libpulse.so.0.14.2
7f7c6f0e1000-7f7c6f2e0000 ---p 00049000 08:05 8132674                    /usr/lib/x86_64-linux-gnu/libpulse.so.0.14.2
7f7c6f2e0000-7f7c6f2e1000 r--p 00048000 08:05 8132674                    /usr/lib/x86_64-linux-gnu/libpulse.so.0.14.2
7f7c6f2e1000-7f7c6f2e2000 rw-p 00049000 08:05 8132674                    /usr/lib/x86_64-linux-gnu/libpulse.so.0.14.2
7f7c6f2e8000-7f7c6f2ee000 r-xp 00000000 08:05 8131172                    /usr/lib/x86_64-linux-gnu/alsa-lib/libasound_module_pcm_pulse.so
7f7c6f2ee000-7f7c6f4ed000 ---p 00006000 08:05 8131172                    /usr/lib/x86_64-linux-gnu/alsa-lib/libasound_module_pcm_pulse.so
7f7c6f4ed000-7f7c6f4ee000 r--p 00005000 08:05 8131172                    /usr/lib/x86_64-linux-gnu/alsa-lib/libasound_module_pcm_pulse.so
7f7c6f4ee000-7f7c6f4ef000 rw-p 00006000 08:05 8131172                    /usr/lib/x86_64-linux-gnu/alsa-lib/libasound_module_pcm_pulse.so
7f7c6f4f0000-7f7c6f5dc000 r-xp 00000000 08:05 8132098                    /usr/lib/x86_64-linux-gnu/libasound.so.2.0.0
7f7c6f5dc000-7f7c6f7dc000 ---p 000ec000 08:05 8132098                    /usr/lib/x86_64-linux-gnu/libasound.so.2.0.0
7f7c6f7dc000-7f7c6f7e2000 r--p 000ec000 08:05 8132098                    /usr/lib/x86_64-linux-gnu/libasound.so.2.0.0
7f7c6f7e2000-7f7c6f7e4000 rw-p 000f2000 08:05 8132098                    /usr/lib/x86_64-linux-gnu/libasound.so.2.0.0
7f7c6f7e8000-7f7c6f7f7000 r-xp 00000000 08:05 9967721                    /usr/lib/jvm/java-7-openjdk-amd64/jre/lib/amd64/libjsoundalsa.so
7f7c6f7f7000-7f7c6f9f6000 ---p 0000f000 08:05 9967721                    /usr/lib/jvm/java-7-openjdk-amd64/jre/lib/amd64/libjsoundalsa.so
7f7c6f9f6000-7f7c6f9f7000 r--p 0000e000 08:05 9967721                    /usr/lib/jvm/java-7-openjdk-amd64/jre/lib/amd64/libjsoundalsa.so
7f7c6f9f7000-7f7c6f9f8000 rw-p 0000f000 08:05 9967721                    /usr/lib/jvm/java-7-openjdk-amd64/jre/lib/amd64/libjsoundalsa.so
7f7c6f9f8000-7f7c6f9f9000 r-xp 00000000 08:05 9967621                    /usr/lib/jvm/java-7-openjdk-amd64/jre/lib/amd64/libjsound.so
7f7c6f9f9000-7f7c6fbf8000 ---p 00001000 08:05 9967621                    /usr/lib/jvm/java-7-openjdk-amd64/jre/lib/amd64/libjsound.so
7f7c6fbf8000-7f7c6fbf9000 r--p 00000000 08:05 9967621                    /usr/lib/jvm/java-7-openjdk-amd64/jre/lib/amd64/libjsound.so
7f7c6fbf9000-7f7c6fbfa000 rw-p 00001000 08:05 9967621                    /usr/lib/jvm/java-7-openjdk-amd64/jre/lib/amd64/libjsound.so
7f7c6fbfc000-7f7c6fbff000 ---p 00000000 00:00 0 
7f7c6fbff000-7f7c6fcfd000 rw-p 00000000 00:00 0 
7f7c6fcfd000-7f7c6fd00000 ---p 00000000 00:00 0 
7f7c6fd00000-7f7c6fdfe000 rw-p 00000000 00:00 0 
7f7c6fdfe000-7f7c6fe01000 ---p 00000000 00:00 0 
7f7c6fe01000-7f7c6feff000 rw-p 00000000 00:00 0 
7f7c6feff000-7f7c6ff02000 ---p 00000000 00:00 0 
7f7c6ff02000-7f7c70000000 rw-p 00000000 00:00 0 
7f7c70000000-7f7c70050000 rw-p 00000000 00:00 0 
7f7c70050000-7f7c74000000 ---p 00000000 00:00 0 
7f7c7408e000-7f7c74091000 ---p 00000000 00:00 0 
7f7c74091000-7f7c7418f000 rw-p 00000000 00:00 0 
7f7c7418f000-7f7c74192000 ---p 00000000 00:00 0 
7f7c74192000-7f7c74290000 rw-p 00000000 00:00 0 
7f7c74290000-7f7c74293000 ---p 00000000 00:00 0 
7f7c74293000-7f7c74391000 rw-p 00000000 00:00 0 
7f7c74391000-7f7c74394000 ---p 00000000 00:00 0 
7f7c74394000-7f7c74492000 rw-p 00000000 00:00 0 
7f7c74492000-7f7c74495000 ---p 00000000 00:00 0 
7f7c74495000-7f7c74593000 rw-p 00000000 00:00 0 
7f7c74593000-7f7c74596000 ---p 00000000 00:00 0 
7f7c74596000-7f7c74694000 rw-p 00000000 00:00 0 
7f7c74694000-7f7c74697000 ---p 00000000 00:00 0 
7f7c74697000-7f7c74795000 rw-p 00000000 00:00 0 
7f7c74795000-7f7c74798000 ---p 00000000 00:00 0 
7f7c74798000-7f7c74896000 rw-p 00000000 00:00 0 
7f7c74896000-7f7c74899000 ---p 00000000 00:00 0 
7f7c74899000-7f7c74997000 rw-p 00000000 00:00 0 
7f7c74997000-7f7c7499a000 ---p 00000000 00:00 0 
7f7c7499a000-7f7c74a98000 rw-p 00000000 00:00 0 
7f7c74a98000-7f7c74a9b000 ---p 00000000 00:00 0 
7f7c74a9b000-7f7c74b99000 rw-p 00000000 00:00 0 
7f7c74b99000-7f7c74b9c000 ---p 00000000 00:00 0 
7f7c74b9c000-7f7c74c9a000 rw-p 00000000 00:00 0 
7f7c74c9a000-7f7c74c9d000 ---p 00000000 00:00 0 
7f7c74c9d000-7f7c74d9b000 rw-p 00000000 00:00 0 
7f7c74d9b000-7f7c74d9e000 ---p 00000000 00:00 0 
7f7c74d9e000-7f7c74e9c000 rw-p 00000000 00:00 0 
7f7c74e9c000-7f7c74e9f000 ---p 00000000 00:00 0 
7f7c74e9f000-7f7c74f9d000 rw-p 00000000 00:00 0 
7f7c74f9d000-7f7c74fa0000 ---p 00000000 00:00 0 
7f7c74fa0000-7f7c7509e000 rw-p 00000000 00:00 0 
7f7c7509e000-7f7c750a1000 ---p 00000000 00:00 0 
7f7c750a1000-7f7c7519f000 rw-p 00000000 00:00 0 
7f7c7519f000-7f7c751a2000 ---p 00000000 00:00 0 
7f7c751a2000-7f7c752a0000 rw-p 00000000 00:00 0 
7f7c752a0000-7f7c752a3000 r-xp 00000000 08:05 5374859                    /lib/x86_64-linux-gnu/libgpg-error.so.0.8.0
7f7c752a3000-7f7c754a2000 ---p 00003000 08:05 5374859                    /lib/x86_64-linux-gnu/libgpg-error.so.0.8.0
7f7c754a2000-7f7c754a3000 rw-p 00002000 08:05 5374859                    /lib/x86_64-linux-gnu/libgpg-error.so.0.8.0
7f7c754a8000-7f7c754ec000 r-xp 00000000 08:05 5374854                    /lib/x86_64-linux-gnu/libdbus-1.so.3.7.2
7f7c754ec000-7f7c756ec000 ---p 00044000 08:05 5374854                    /lib/x86_64-linux-gnu/libdbus-1.so.3.7.2
7f7c756ec000-7f7c756ed000 r--p 00044000 08:05 5374854                    /lib/x86_64-linux-gnu/libdbus-1.so.3.7.2
7f7c756ed000-7f7c756ee000 rw-p 00045000 08:05 5374854                    /lib/x86_64-linux-gnu/libdbus-1.so.3.7.2
7f7c756f0000-7f7c75701000 r-xp 00000000 08:05 8132613                    /usr/lib/x86_64-linux-gnu/libp11-kit.so.0.0.0
7f7c75701000-7f7c75900000 ---p 00011000 08:05 8132613                    /usr/lib/x86_64-linux-gnu/libp11-kit.so.0.0.0
7f7c75900000-7f7c75901000 r--p 00010000 08:05 8132613                    /usr/lib/x86_64-linux-gnu/libp11-kit.so.0.0.0
7f7c75901000-7f7c75902000 rw-p 00011000 08:05 8132613                    /usr/lib/x86_64-linux-gnu/libp11-kit.so.0.0.0
7f7c75908000-7f7c75982000 r-xp 00000000 08:05 5375117                    /lib/x86_64-linux-gnu/libgcrypt.so.11.7.0
7f7c75982000-7f7c75b82000 ---p 0007a000 08:05 5375117                    /lib/x86_64-linux-gnu/libgcrypt.so.11.7.0
7f7c75b82000-7f7c75b83000 r--p 0007a000 08:05 5375117                    /lib/x86_64-linux-gnu/libgcrypt.so.11.7.0
7f7c75b83000-7f7c75b86000 rw-p 0007b000 08:05 5375117                    /lib/x86_64-linux-gnu/libgcrypt.so.11.7.0
7f7c75b88000-7f7c75b98000 r-xp 00000000 08:05 8132758                    /usr/lib/x86_64-linux-gnu/libtasn1.so.3.1.16
7f7c75b98000-7f7c75d97000 ---p 00010000 08:05 8132758                    /usr/lib/x86_64-linux-gnu/libtasn1.so.3.1.16
7f7c75d97000-7f7c75d98000 r--p 0000f000 08:05 8132758                    /usr/lib/x86_64-linux-gnu/libtasn1.so.3.1.16
7f7c75d98000-7f7c75d99000 rw-p 00010000 08:05 8132758                    /usr/lib/x86_64-linux-gnu/libtasn1.so.3.1.16
7f7c75da0000-7f7c75da3000 r-xp 00000000 08:05 5374870                    /lib/x86_64-linux-gnu/libkeyutils.so.1.4
7f7c75da3000-7f7c75fa2000 ---p 00003000 08:05 5374870                    /lib/x86_64-linux-gnu/libkeyutils.so.1.4
7f7c75fa2000-7f7c75fa3000 r--p 00002000 08:05 5374870                    /lib/x86_64-linux-gnu/libkeyutils.so.1.4
7f7c75fa3000-7f7c75fa4000 rw-p 00003000 08:05 5374870                    /lib/x86_64-linux-gnu/libkeyutils.so.1.4
7f7c75fa8000-7f7c75fb0000 r-xp 00000000 08:05 8132512                    /usr/lib/x86_64-linux-gnu/libkrb5support.so.0.1
7f7c75fb0000-7f7c761af000 ---p 00008000 08:05 8132512                    /usr/lib/x86_64-linux-gnu/libkrb5support.so.0.1
7f7c761af000-7f7c761b0000 r--p 00007000 08:05 8132512                    /usr/lib/x86_64-linux-gnu/libkrb5support.so.0.1
7f7c761b0000-7f7c761b1000 rw-p 00008000 08:05 8132512                    /usr/lib/x86_64-linux-gnu/libkrb5support.so.0.1
7f7c761b8000-7f7c761bb000 r-xp 00000000 08:05 5374836                    /lib/x86_64-linux-gnu/libcom_err.so.2.1
7f7c761bb000-7f7c763ba000 ---p 00003000 08:05 5374836                    /lib/x86_64-linux-gnu/libcom_err.so.2.1
7f7c763ba000-7f7c763bb000 r--p 00002000 08:05 5374836                    /lib/x86_64-linux-gnu/libcom_err.so.2.1
7f7c763bb000-7f7c763bc000 rw-p 00003000 08:05 5374836                    /lib/x86_64-linux-gnu/libcom_err.so.2.1
7f7c763c0000-7f7c763e6000 r-xp 00000000 08:05 8130803                    /usr/lib/x86_64-linux-gnu/libk5crypto.so.3.1
7f7c763e6000-7f7c765e6000 ---p 00026000 08:05 8130803                    /usr/lib/x86_64-linux-gnu/libk5crypto.so.3.1
7f7c765e6000-7f7c765e7000 r--p 00026000 08:05 8130803                    /usr/lib/x86_64-linux-gnu/libk5crypto.so.3.1
7f7c765e7000-7f7c765e8000 rw-p 00027000 08:05 8130803                    /usr/lib/x86_64-linux-gnu/libk5crypto.so.3.1
7f7c765e8000-7f7c765e9000 rw-p 00000000 00:00 0 
7f7c765f0000-7f7c766b9000 r-xp 00000000 08:05 8132391                    /usr/lib/x86_64-linux-gnu/libkrb5.so.3.3
7f7c766b9000-7f7c768b8000 ---p 000c9000 08:05 8132391                    /usr/lib/x86_64-linux-gnu/libkrb5.so.3.3
7f7c768b8000-7f7c768c2000 r--p 000c8000 08:05 8132391                    /usr/lib/x86_64-linux-gnu/libkrb5.so.3.3
7f7c768c2000-7f7c768c4000 rw-p 000d2000 08:05 8132391                    /usr/lib/x86_64-linux-gnu/libkrb5.so.3.3
7f7c768c8000-7f7c768cd000 r-xp 00000000 08:05 8132050                    /usr/lib/x86_64-linux-gnu/libXdmcp.so.6.0.0
7f7c768cd000-7f7c76acc000 ---p 00005000 08:05 8132050                    /usr/lib/x86_64-linux-gnu/libXdmcp.so.6.0.0
7f7c76acc000-7f7c76acd000 rw-p 00004000 08:05 8132050                    /usr/lib/x86_64-linux-gnu/libXdmcp.so.6.0.0
7f7c76ad0000-7f7c76ad2000 r-xp 00000000 08:05 8132039                    /usr/lib/x86_64-linux-gnu/libXau.so.6.0.0
7f7c76ad2000-7f7c76cd2000 ---p 00002000 08:05 8132039                    /usr/lib/x86_64-linux-gnu/libXau.so.6.0.0
7f7c76cd2000-7f7c76cd3000 rw-p 00002000 08:05 8132039                    /usr/lib/x86_64-linux-gnu/libXau.so.6.0.0
7f7c76cd8000-7f7c76ce8000 r-xp 00000000 08:05 8132114                    /usr/lib/x86_64-linux-gnu/libavahi-client.so.3.2.9
7f7c76ce8000-7f7c76ee7000 ---p 00010000 08:05 8132114                    /usr/lib/x86_64-linux-gnu/libavahi-client.so.3.2.9
7f7c76ee7000-7f7c76ee8000 r--p 0000f000 08:05 8132114                    /usr/lib/x86_64-linux-gnu/libavahi-client.so.3.2.9
7f7c76ee8000-7f7c76ee9000 rw-p 00010000 08:05 8132114                    /usr/lib/x86_64-linux-gnu/libavahi-client.so.3.2.9
7f7c76ef0000-7f7c76efc000 r-xp 00000000 08:05 8132116                    /usr/lib/x86_64-linux-gnu/libavahi-common.so.3.5.3
7f7c76efc000-7f7c770fb000 ---p 0000c000 08:05 8132116                    /usr/lib/x86_64-linux-gnu/libavahi-common.so.3.5.3
7f7c770fb000-7f7c770fc000 r--p 0000b000 08:05 8132116                    /usr/lib/x86_64-linux-gnu/libavahi-common.so.3.5.3
7f7c770fc000-7f7c770fd000 rw-p 0000c000 08:05 8132116                    /usr/lib/x86_64-linux-gnu/libavahi-common.so.3.5.3
7f7c77100000-7f7c771b9000 r-xp 00000000 08:05 8132366                    /usr/lib/x86_64-linux-gnu/libgnutls.so.26.22.4
7f7c771b9000-7f7c773b8000 ---p 000b9000 08:05 8132366                    /usr/lib/x86_64-linux-gnu/libgnutls.so.26.22.4
7f7c773b8000-7f7c773be000 r--p 000b8000 08:05 8132366                    /usr/lib/x86_64-linux-gnu/libgnutls.so.26.22.4
7f7c773be000-7f7c773c0000 rw-p 000be000 08:05 8132366                    /usr/lib/x86_64-linux-gnu/libgnutls.so.26.22.4
7f7c773c0000-7f7c773fc000 r-xp 00000000 08:05 8130805                    /usr/lib/x86_64-linux-gnu/libgssapi_krb5.so.2.2
7f7c773fc000-7f7c775fc000 ---p 0003c000 08:05 8130805                    /usr/lib/x86_64-linux-gnu/libgssapi_krb5.so.2.2
7f7c775fc000-7f7c775fd000 r--p 0003c000 08:05 8130805                    /usr/lib/x86_64-linux-gnu/libgssapi_krb5.so.2.2
7f7c775fd000-7f7c775ff000 rw-p 0003d000 08:05 8130805                    /usr/lib/x86_64-linux-gnu/libgssapi_krb5.so.2.2
7f7c77600000-7f7c77627000 r-xp 00000000 08:05 5374848                    /lib/x86_64-linux-gnu/libexpat.so.1.6.0
7f7c77627000-7f7c77827000 ---p 00027000 08:05 5374848                    /lib/x86_64-linux-gnu/libexpat.so.1.6.0
7f7c77827000-7f7c77829000 r--p 00027000 08:05 5374848                    /lib/x86_64-linux-gnu/libexpat.so.1.6.0
7f7c77829000-7f7c7782a000 rw-p 00029000 08:05 5374848                    /lib/x86_64-linux-gnu/libexpat.so.1.6.0
7f7c77830000-7f7c77838000 r-xp 00000000 08:05 8130756                    /usr/lib/x86_64-linux-gnu/libxcb-render.so.0.0.0
7f7c77838000-7f7c77a38000 ---p 00008000 08:05 8130756                    /usr/lib/x86_64-linux-gnu/libxcb-render.so.0.0.0
7f7c77a38000-7f7c77a39000 r--p 00008000 08:05 8130756                    /usr/lib/x86_64-linux-gnu/libxcb-render.so.0.0.0
7f7c77a39000-7f7c77a3a000 rw-p 00009000 08:05 8130756                    /usr/lib/x86_64-linux-gnu/libxcb-render.so.0.0.0
7f7c77a40000-7f7c77a42000 r-xp 00000000 08:05 8130760                    /usr/lib/x86_64-linux-gnu/libxcb-shm.so.0.0.0
7f7c77a42000-7f7c77c41000 ---p 00002000 08:05 8130760                    /usr/lib/x86_64-linux-gnu/libxcb-shm.so.0.0.0
7f7c77c41000-7f7c77c42000 r--p 00001000 08:05 8130760                    /usr/lib/x86_64-linux-gnu/libxcb-shm.so.0.0.0
7f7c77c42000-7f7c77c43000 rw-p 00002000 08:05 8130760                    /usr/lib/x86_64-linux-gnu/libxcb-shm.so.0.0.0
7f7c77c48000-7f7c77cc8000 r-xp 00000000 08:05 8132643                    /usr/lib/x86_64-linux-gnu/libpixman-1.so.0.26.0
7f7c77cc8000-7f7c77ec8000 ---p 00080000 08:05 8132643                    /usr/lib/x86_64-linux-gnu/libpixman-1.so.0.26.0
7f7c77ec8000-7f7c77ece000 rw-p 00080000 08:05 8132643                    /usr/lib/x86_64-linux-gnu/libpixman-1.so.0.26.0
7f7c77ed0000-7f7c77ef6000 r-xp 00000000 08:05 5374925                    /lib/x86_64-linux-gnu/libpng12.so.0.49.0
7f7c77ef6000-7f7c780f5000 ---p 00026000 08:05 5374925                    /lib/x86_64-linux-gnu/libpng12.so.0.49.0
7f7c780f5000-7f7c780f6000 r--p 00025000 08:05 5374925                    /lib/x86_64-linux-gnu/libpng12.so.0.49.0
7f7c780f6000-7f7c780f7000 rw-p 00026000 08:05 5374925                    /lib/x86_64-linux-gnu/libpng12.so.0.49.0
7f7c780f8000-7f7c78102000 r-xp 00000000 08:05 8130762                    /usr/lib/x86_64-linux-gnu/libXcursor.so.1.0.2
7f7c78102000-7f7c78301000 ---p 0000a000 08:05 8130762                    /usr/lib/x86_64-linux-gnu/libXcursor.so.1.0.2
7f7c78301000-7f7c78302000 rw-p 00009000 08:05 8130762                    /usr/lib/x86_64-linux-gnu/libXcursor.so.1.0.2
7f7c78308000-7f7c7830f000 r-xp 00000000 08:05 8130751                    /usr/lib/x86_64-linux-gnu/libXrandr.so.2.2.0
7f7c7830f000-7f7c7850f000 ---p 00007000 08:05 8130751                    /usr/lib/x86_64-linux-gnu/libXrandr.so.2.2.0
7f7c7850f000-7f7c78510000 rw-p 00007000 08:05 8130751                    /usr/lib/x86_64-linux-gnu/libXrandr.so.2.2.0
7f7c78510000-7f7c78512000 r-xp 00000000 08:05 8129749                    /usr/lib/x86_64-linux-gnu/libXinerama.so.1.0.0
7f7c78512000-7f7c78711000 ---p 00002000 08:05 8129749                    /usr/lib/x86_64-linux-gnu/libXinerama.so.1.0.0
7f7c78711000-7f7c78712000 rw-p 00001000 08:05 8129749                    /usr/lib/x86_64-linux-gnu/libXinerama.so.1.0.0
7f7c78718000-7f7c7871d000 r-xp 00000000 08:05 8132051                    /usr/lib/x86_64-linux-gnu/libXfixes.so.3.1.0
7f7c7871d000-7f7c7891c000 ---p 00005000 08:05 8132051                    /usr/lib/x86_64-linux-gnu/libXfixes.so.3.1.0
7f7c7891c000-7f7c7891d000 r--p 00004000 08:05 8132051                    /usr/lib/x86_64-linux-gnu/libXfixes.so.3.1.0
7f7c7891d000-7f7c7891e000 rw-p 00005000 08:05 8132051                    /usr/lib/x86_64-linux-gnu/libXfixes.so.3.1.0
7f7c78920000-7f7c78922000 r-xp 00000000 08:05 8132048                    /usr/lib/x86_64-linux-gnu/libXdamage.so.1.1.0
7f7c78922000-7f7c78b21000 ---p 00002000 08:05 8132048                    /usr/lib/x86_64-linux-gnu/libXdamage.so.1.1.0
7f7c78b21000-7f7c78b22000 rw-p 00001000 08:05 8132048                    /usr/lib/x86_64-linux-gnu/libXdamage.so.1.1.0
7f7c78b28000-7f7c78b2a000 r-xp 00000000 08:05 8132044                    /usr/lib/x86_64-linux-gnu/libXcomposite.so.1.0.0
7f7c78b2a000-7f7c78d29000 ---p 00002000 08:05 8132044                    /usr/lib/x86_64-linux-gnu/libXcomposite.so.1.0.0
7f7c78d29000-7f7c78d2a000 rw-p 00001000 08:05 8132044                    /usr/lib/x86_64-linux-gnu/libXcomposite.so.1.0.0
7f7c78d30000-7f7c78d4f000 r-xp 00000000 08:05 8132364                    /usr/lib/x86_64-linux-gnu/libxcb.so.1.1.0
7f7c78d4f000-7f7c78f4e000 ---p 0001f000 08:05 8132364                    /usr/lib/x86_64-linux-gnu/libxcb.so.1.1.0
7f7c78f4e000-7f7c78f4f000 r--p 0001e000 08:05 8132364                    /usr/lib/x86_64-linux-gnu/libxcb.so.1.1.0
7f7c78f4f000-7f7c78f50000 rw-p 0001f000 08:05 8132364                    /usr/lib/x86_64-linux-gnu/libxcb.so.1.1.0
7f7c78f50000-7f7c78fa3000 r-xp 00000000 08:05 8132196                    /usr/lib/x86_64-linux-gnu/libcups.so.2
7f7c78fa3000-7f7c791a2000 ---p 00053000 08:05 8132196                    /usr/lib/x86_64-linux-gnu/libcups.so.2
7f7c791a2000-7f7c791a7000 r--p 00052000 08:05 8132196                    /usr/lib/x86_64-linux-gnu/libcups.so.2
7f7c791a7000-7f7c791a8000 rw-p 00057000 08:05 8132196                    /usr/lib/x86_64-linux-gnu/libcups.so.2
7f7c791a8000-7f7c791dd000 r-xp 00000000 08:05 8132306                    /usr/lib/x86_64-linux-gnu/libfontconfig.so.1.5.0
7f7c791dd000-7f7c793dd000 ---p 00035000 08:05 8132306                    /usr/lib/x86_64-linux-gnu/libfontconfig.so.1.5.0
7f7c793dd000-7f7c793de000 r--p 00035000 08:05 8132306                    /usr/lib/x86_64-linux-gnu/libfontconfig.so.1.5.0
7f7c793de000-7f7c793df000 rw-p 00036000 08:05 8132306                    /usr/lib/x86_64-linux-gnu/libfontconfig.so.1.5.0
7f7c793e0000-7f7c79479000 r-xp 00000000 08:05 8132314                    /usr/lib/x86_64-linux-gnu/libfreetype.so.6.8.1
7f7c79479000-7f7c79678000 ---p 00099000 08:05 8132314                    /usr/lib/x86_64-linux-gnu/libfreetype.so.6.8.1
7f7c79678000-7f7c7967e000 r--p 00098000 08:05 8132314                    /usr/lib/x86_64-linux-gnu/libfreetype.so.6.8.1
7f7c7967e000-7f7c7967f000 rw-p 0009e000 08:05 8132314                    /usr/lib/x86_64-linux-gnu/libfreetype.so.6.8.1
7f7c79680000-7f7c796ca000 r-xp 00000000 08:05 8132621                    /usr/lib/x86_64-linux-gnu/libpango-1.0.so.0.3000.0
7f7c796ca000-7f7c798ca000 ---p 0004a000 08:05 8132621                    /usr/lib/x86_64-linux-gnu/libpango-1.0.so.0.3000.0
7f7c798ca000-7f7c798cc000 r--p 0004a000 08:05 8132621                    /usr/lib/x86_64-linux-gnu/libpango-1.0.so.0.3000.0
7f7c798cc000-7f7c798cd000 rw-p 0004c000 08:05 8132621                    /usr/lib/x86_64-linux-gnu/libpango-1.0.so.0.3000.0
7f7c798d0000-7f7c799c4000 r-xp 00000000 08:05 8132150                    /usr/lib/x86_64-linux-gnu/libcairo.so.2.11200.2
7f7c799c4000-7f7c79bc3000 ---p 000f4000 08:05 8132150                    /usr/lib/x86_64-linux-gnu/libcairo.so.2.11200.2
7f7c79bc3000-7f7c79bc6000 r--p 000f3000 08:05 8132150                    /usr/lib/x86_64-linux-gnu/libcairo.so.2.11200.2
7f7c79bc6000-7f7c79bc7000 rw-p 000f6000 08:05 8132150                    /usr/lib/x86_64-linux-gnu/libcairo.so.2.11200.2
7f7c79bc7000-7f7c79bc9000 rw-p 00000000 00:00 0 
7f7c79bd0000-7f7c79bef000 r-xp 00000000 08:05 8132337                    /usr/lib/x86_64-linux-gnu/libgdk_pixbuf-2.0.so.0.2600.1
7f7c79bef000-7f7c79dee000 ---p 0001f000 08:05 8132337                    /usr/lib/x86_64-linux-gnu/libgdk_pixbuf-2.0.so.0.2600.1
7f7c79dee000-7f7c79def000 r--p 0001e000 08:05 8132337                    /usr/lib/x86_64-linux-gnu/libgdk_pixbuf-2.0.so.0.2600.1
7f7c79def000-7f7c79df0000 rw-p 0001f000 08:05 8132337                    /usr/lib/x86_64-linux-gnu/libgdk_pixbuf-2.0.so.0.2600.1
7f7c79df0000-7f7c79dfc000 r-xp 00000000 08:05 8132623                    /usr/lib/x86_64-linux-gnu/libpangocairo-1.0.so.0.3000.0
7f7c79dfc000-7f7c79ffb000 ---p 0000c000 08:05 8132623                    /usr/lib/x86_64-linux-gnu/libpangocairo-1.0.so.0.3000.0
7f7c79ffb000-7f7c79ffc000 r--p 0000b000 08:05 8132623                    /usr/lib/x86_64-linux-gnu/libpangocairo-1.0.so.0.3000.0
7f7c79ffc000-7f7c79ffd000 rw-p 0000c000 08:05 8132623                    /usr/lib/x86_64-linux-gnu/libpangocairo-1.0.so.0.3000.0
7f7c7a000000-7f7c7a02a000 r-xp 00000000 08:05 8132625                    /usr/lib/x86_64-linux-gnu/libpangoft2-1.0.so.0.3000.0
7f7c7a02a000-7f7c7a229000 ---p 0002a000 08:05 8132625                    /usr/lib/x86_64-linux-gnu/libpangoft2-1.0.so.0.3000.0
7f7c7a229000-7f7c7a22a000 r--p 00029000 08:05 8132625                    /usr/lib/x86_64-linux-gnu/libpangoft2-1.0.so.0.3000.0
7f7c7a22a000-7f7c7a22b000 rw-p 0002a000 08:05 8132625                    /usr/lib/x86_64-linux-gnu/libpangoft2-1.0.so.0.3000.0
7f7c7a230000-7f7c7a251000 r-xp 00000000 08:05 8132106                    /usr/lib/x86_64-linux-gnu/libatk-1.0.so.0.20409.1
7f7c7a251000-7f7c7a450000 ---p 00021000 08:05 8132106                    /usr/lib/x86_64-linux-gnu/libatk-1.0.so.0.20409.1
7f7c7a450000-7f7c7a452000 r--p 00020000 08:05 8132106                    /usr/lib/x86_64-linux-gnu/libatk-1.0.so.0.20409.1
7f7c7a452000-7f7c7a453000 rw-p 00022000 08:05 8132106                    /usr/lib/x86_64-linux-gnu/libatk-1.0.so.0.20409.1
7f7c7a458000-7f7c7a507000 r-xp 00000000 08:05 8132335                    /usr/lib/x86_64-linux-gnu/libgdk-x11-2.0.so.0.2400.10
7f7c7a507000-7f7c7a706000 ---p 000af000 08:05 8132335                    /usr/lib/x86_64-linux-gnu/libgdk-x11-2.0.so.0.2400.10
7f7c7a706000-7f7c7a70b000 rw-p 000ae000 08:05 8132335                    /usr/lib/x86_64-linux-gnu/libgdk-x11-2.0.so.0.2400.10
7f7c7a710000-7f7c7ab42000 r-xp 00000000 08:05 8132448                    /usr/lib/x86_64-linux-gnu/libgtk-x11-2.0.so.0.2400.10
7f7c7ab42000-7f7c7ad42000 ---p 00432000 08:05 8132448                    /usr/lib/x86_64-linux-gnu/libgtk-x11-2.0.so.0.2400.10
7f7c7ad42000-7f7c7ad4d000 rw-p 00432000 08:05 8132448                    /usr/lib/x86_64-linux-gnu/libgtk-x11-2.0.so.0.2400.10
7f7c7ad4d000-7f7c7ad4f000 rw-p 00000000 00:00 0 
7f7c7ad50000-7f7c7ad5e000 r-xp 00000000 08:05 8132638                    /usr/lib/x86_64-linux-gnu/libXi.so.6.1.0
7f7c7ad5e000-7f7c7af5e000 ---p 0000e000 08:05 8132638                    /usr/lib/x86_64-linux-gnu/libXi.so.6.1.0
7f7c7af5e000-7f7c7af5f000 rw-p 0000e000 08:05 8132638                    /usr/lib/x86_64-linux-gnu/libXi.so.6.1.0
7f7c7af60000-7f7c7af65000 r-xp 00000000 08:05 8132069                    /usr/lib/x86_64-linux-gnu/libXtst.so.6.1.0
7f7c7af65000-7f7c7b164000 ---p 00005000 08:05 8132069                    /usr/lib/x86_64-linux-gnu/libXtst.so.6.1.0
7f7c7b164000-7f7c7b165000 rw-p 00004000 08:05 8132069                    /usr/lib/x86_64-linux-gnu/libXtst.so.6.1.0
7f7c7b168000-7f7c7b171000 r-xp 00000000 08:05 8132057                    /usr/lib/x86_64-linux-gnu/libXrender.so.1.3.0
7f7c7b171000-7f7c7b370000 ---p 00009000 08:05 8132057                    /usr/lib/x86_64-linux-gnu/libXrender.so.1.3.0
7f7c7b370000-7f7c7b371000 rw-p 00008000 08:05 8132057                    /usr/lib/x86_64-linux-gnu/libXrender.so.1.3.0
7f7c7b378000-7f7c7b4ad000 r-xp 00000000 08:05 8132368                    /usr/lib/x86_64-linux-gnu/libX11.so.6.3.0
7f7c7b4ad000-7f7c7b6ad000 ---p 00135000 08:05 8132368                    /usr/lib/x86_64-linux-gnu/libX11.so.6.3.0
7f7c7b6ad000-7f7c7b6b3000 rw-p 00135000 08:05 8132368                    /usr/lib/x86_64-linux-gnu/libX11.so.6.3.0
7f7c7b6b8000-7f7c7b6c9000 r-xp 00000000 08:05 8132828                    /usr/lib/x86_64-linux-gnu/libXext.so.6.4.0
7f7c7b6c9000-7f7c7b8c9000 ---p 00011000 08:05 8132828                    /usr/lib/x86_64-linux-gnu/libXext.so.6.4.0
7f7c7b8c9000-7f7c7b8ca000 rw-p 00011000 08:05 8132828                    /usr/lib/x86_64-linux-gnu/libXext.so.6.4.0
7f7c7b8d0000-7f7c7b923000 r-xp 00000000 08:05 10486958                   /usr/lib/jvm/java-7-openjdk-amd64/jre/lib/amd64/xawt/libmawt.so
7f7c7b923000-7f7c7bb22000 ---p 00053000 08:05 10486958                   /usr/lib/jvm/java-7-openjdk-amd64/jre/lib/amd64/xawt/libmawt.so
7f7c7bb22000-7f7c7bb23000 r--p 00052000 08:05 10486958                   /usr/lib/jvm/java-7-openjdk-amd64/jre/lib/amd64/xawt/libmawt.so
7f7c7bb23000-7f7c7bb26000 rw-p 00053000 08:05 10486958                   /usr/lib/jvm/java-7-openjdk-amd64/jre/lib/amd64/xawt/libmawt.so
7f7c7bb26000-7f7c7bb27000 rw-p 00000000 00:00 0 
7f7c7bb28000-7f7c7bbc9000 r-xp 00000000 08:05 9967625                    /usr/lib/jvm/java-7-openjdk-amd64/jre/lib/amd64/libawt.so
7f7c7bbc9000-7f7c7bdc9000 ---p 000a1000 08:05 9967625                    /usr/lib/jvm/java-7-openjdk-amd64/jre/lib/amd64/libawt.so
7f7c7bdc9000-7f7c7bdca000 r--p 000a1000 08:05 9967625                    /usr/lib/jvm/java-7-openjdk-amd64/jre/lib/amd64/libawt.so
7f7c7bdca000-7f7c7bdd5000 rw-p 000a2000 08:05 9967625                    /usr/lib/jvm/java-7-openjdk-amd64/jre/lib/amd64/libawt.so
7f7c7bdd5000-7f7c7bdfa000 rw-p 00000000 00:00 0 
7f7c7bdfe000-7f7c7be01000 ---p 00000000 00:00 0 
7f7c7be01000-7f7c7beff000 rw-p 00000000 00:00 0 
7f7c7beff000-7f7c7bf02000 ---p 00000000 00:00 0 
7f7c7bf02000-7f7c7c000000 rw-p 00000000 00:00 0 
7f7c7c000000-7f7c7c402000 rw-p 00000000 00:00 0 
7f7c7c402000-7f7c80000000 ---p 00000000 00:00 0 
7f7c80050000-7f7c8005b000 r--s 001fb000 08:05 9702754                    /usr/lib/jvm/java-7-openjdk-common/jre/lib/charsets.jar
7f7c8005e000-7f7c80061000 ---p 00000000 00:00 0 
7f7c80061000-7f7c8015f000 rw-p 00000000 00:00 0 
7f7c8015f000-7f7c80162000 ---p 00000000 00:00 0 
7f7c80162000-7f7c80260000 rw-p 00000000 00:00 0 
7f7c80260000-7f7c80270000 r-xp 00000000 08:05 9967701                    /usr/lib/jvm/java-7-openjdk-amd64/jre/lib/amd64/libnio.so
7f7c80270000-7f7c80470000 ---p 00010000 08:05 9967701                    /usr/lib/jvm/java-7-openjdk-amd64/jre/lib/amd64/libnio.so
7f7c80470000-7f7c80471000 r--p 00010000 08:05 9967701                    /usr/lib/jvm/java-7-openjdk-amd64/jre/lib/amd64/libnio.so
7f7c80471000-7f7c80472000 rw-p 00011000 08:05 9967701                    /usr/lib/jvm/java-7-openjdk-amd64/jre/lib/amd64/libnio.so
7f7c80477000-7f7c804a8000 rw-p 00000000 00:00 0 
7f7c804a8000-7f7c804e4000 r-xp 00000000 08:05 5374923                    /lib/x86_64-linux-gnu/libpcre.so.3.13.1
7f7c804e4000-7f7c806e4000 ---p 0003c000 08:05 5374923                    /lib/x86_64-linux-gnu/libpcre.so.3.13.1
7f7c806e4000-7f7c806e5000 rw-p 0003c000 08:05 5374923                    /lib/x86_64-linux-gnu/libpcre.so.3.13.1
7f7c806e8000-7f7c806f4000 r-xp 00000000 08:05 8132268                    /usr/lib/x86_64-linux-gnu/libffi.so.5.0.10
7f7c806f4000-7f7c808f4000 ---p 0000c000 08:05 8132268                    /usr/lib/x86_64-linux-gnu/libffi.so.5.0.10
7f7c808f4000-7f7c808f5000 rw-p 0000c000 08:05 8132268                    /usr/lib/x86_64-linux-gnu/libffi.so.5.0.10
7f7c808f8000-7f7c808f9000 r-xp 00000000 08:05 8132444                    /usr/lib/x86_64-linux-gnu/libgthread-2.0.so.0.3200.4
7f7c808f9000-7f7c80af8000 ---p 00001000 08:05 8132444                    /usr/lib/x86_64-linux-gnu/libgthread-2.0.so.0.3200.4
7f7c80af8000-7f7c80af9000 r--p 00000000 08:05 8132444                    /usr/lib/x86_64-linux-gnu/libgthread-2.0.so.0.3200.4
7f7c80af9000-7f7c80afa000 rw-p 00001000 08:05 8132444                    /usr/lib/x86_64-linux-gnu/libgthread-2.0.so.0.3200.4
7f7c80b00000-7f7c80b13000 r-xp 00000000 08:05 5374936                    /lib/x86_64-linux-gnu/libresolv-2.13.so
7f7c80b13000-7f7c80d12000 ---p 00013000 08:05 5374936                    /lib/x86_64-linux-gnu/libresolv-2.13.so
7f7c80d12000-7f7c80d13000 r--p 00012000 08:05 5374936                    /lib/x86_64-linux-gnu/libresolv-2.13.so
7f7c80d13000-7f7c80d14000 rw-p 00013000 08:05 5374936                    /lib/x86_64-linux-gnu/libresolv-2.13.so
7f7c80d14000-7f7c80d16000 rw-p 00000000 00:00 0 
7f7c80d18000-7f7c80d36000 r-xp 00000000 08:05 5374940                    /lib/x86_64-linux-gnu/libselinux.so.1
7f7c80d36000-7f7c80f35000 ---p 0001e000 08:05 5374940                    /lib/x86_64-linux-gnu/libselinux.so.1
7f7c80f35000-7f7c80f36000 r--p 0001d000 08:05 5374940                    /lib/x86_64-linux-gnu/libselinux.so.1
7f7c80f36000-7f7c80f37000 rw-p 0001e000 08:05 5374940                    /lib/x86_64-linux-gnu/libselinux.so.1
7f7c80f37000-7f7c80f38000 rw-p 00000000 00:00 0 
7f7c80f38000-7f7c80f3b000 r-xp 00000000 08:05 8132359                    /usr/lib/x86_64-linux-gnu/libgmodule-2.0.so.0.3200.4
7f7c80f3b000-7f7c8113a000 ---p 00003000 08:05 8132359                    /usr/lib/x86_64-linux-gnu/libgmodule-2.0.so.0.3200.4
7f7c8113a000-7f7c8113b000 r--p 00002000 08:05 8132359                    /usr/lib/x86_64-linux-gnu/libgmodule-2.0.so.0.3200.4
7f7c8113b000-7f7c8113c000 rw-p 00003000 08:05 8132359                    /usr/lib/x86_64-linux-gnu/libgmodule-2.0.so.0.3200.4
7f7c81140000-7f7c81235000 r-xp 00000000 08:05 5374857                    /lib/x86_64-linux-gnu/libglib-2.0.so.0.3200.4
7f7c81235000-7f7c81435000 ---p 000f5000 08:05 5374857                    /lib/x86_64-linux-gnu/libglib-2.0.so.0.3200.4
7f7c81435000-7f7c81436000 r--p 000f5000 08:05 5374857                    /lib/x86_64-linux-gnu/libglib-2.0.so.0.3200.4
7f7c81436000-7f7c81437000 rw-p 000f6000 08:05 5374857                    /lib/x86_64-linux-gnu/libglib-2.0.so.0.3200.4
7f7c81437000-7f7c81438000 rw-p 00000000 00:00 0 
7f7c81438000-7f7c81486000 r-xp 00000000 08:05 8132375                    /usr/lib/x86_64-linux-gnu/libgobject-2.0.so.0.3200.4
7f7c81486000-7f7c81686000 ---p 0004e000 08:05 8132375                    /usr/lib/x86_64-linux-gnu/libgobject-2.0.so.0.3200.4
7f7c81686000-7f7c81687000 r--p 0004e000 08:05 8132375                    /usr/lib/x86_64-linux-gnu/libgobject-2.0.so.0.3200.4
7f7c81687000-7f7c81688000 rw-p 0004f000 08:05 8132375                    /usr/lib/x86_64-linux-gnu/libgobject-2.0.so.0.3200.4
7f7c81688000-7f7c817d4000 r-xp 00000000 08:05 8132349                    /usr/lib/x86_64-linux-gnu/libgio-2.0.so.0.3200.4
7f7c817d4000-7f7c819d3000 ---p 0014c000 08:05 8132349                    /usr/lib/x86_64-linux-gnu/libgio-2.0.so.0.3200.4
7f7c819d3000-7f7c819d7000 r--p 0014b000 08:05 8132349                    /usr/lib/x86_64-linux-gnu/libgio-2.0.so.0.3200.4
7f7c819d7000-7f7c819d9000 rw-p 0014f000 08:05 8132349                    /usr/lib/x86_64-linux-gnu/libgio-2.0.so.0.3200.4
7f7c819d9000-7f7c819db000 rw-p 00000000 00:00 0 
7f7c819e8000-7f7c819f3000 r--s 001fb000 08:05 9702754                    /usr/lib/jvm/java-7-openjdk-common/jre/lib/charsets.jar
7f7c819f8000-7f7c81a0e000 r-xp 00000000 08:05 9967712                    /usr/lib/jvm/java-7-openjdk-amd64/jre/lib/amd64/libnet.so
7f7c81a0e000-7f7c81c0d000 ---p 00016000 08:05 9967712                    /usr/lib/jvm/java-7-openjdk-amd64/jre/lib/amd64/libnet.so
7f7c81c0d000-7f7c81c0e000 r--p 00015000 08:05 9967712                    /usr/lib/jvm/java-7-openjdk-amd64/jre/lib/amd64/libnet.so
7f7c81c0e000-7f7c81c0f000 rw-p 00016000 08:05 9967712                    /usr/lib/jvm/java-7-openjdk-amd64/jre/lib/amd64/libnet.so
7f7c81c10000-7f7c81c19000 r--s 000bc000 08:05 9702765                    /usr/lib/jvm/java-7-openjdk-common/jre/lib/resources.jar
7f7c81c20000-7f7c81c49000 r--s 0024f000 08:05 14811812                   /home/pbruel/Dropbox/ensemble_git/ensemble/lib/jade.jar
7f7c81c50000-7f7c81c51000 r--s 0000e000 08:05 14811810                   /home/pbruel/Dropbox/ensemble_git/ensemble/lib/NetUtil.jar
7f7c81c58000-7f7c81c5e000 r--s 00692000 08:05 14811811                   /home/pbruel/Dropbox/ensemble_git/ensemble/lib/ensemble.jar
7f7c81c60000-7f7c81c62000 r--s 0000b000 08:05 14424703                   /home/pbruel/Dropbox/ensemble_git/ensemble/lib/ensemble_apps.jar
7f7c81c68000-7f7c81c6a000 r--s 0005d000 08:05 14813490                   /home/pbruel/Dropbox/ensemble_git/ensemble/lib/libpd.jar
7f7c81c70000-7f7c81c74000 r--s 00085000 08:05 9702748                    /usr/lib/jvm/java-7-openjdk-common/jre/lib/ext/localedata.jar
7f7c81c78000-7f7c81c7b000 r--s 00032000 08:05 9702749                    /usr/lib/jvm/java-7-openjdk-common/jre/lib/ext/sunjce_provider.jar
7f7c81c80000-7f7c81c81000 r--s 00007000 08:05 9701533                    /usr/share/java/java-atk-wrapper.jar
7f7c81c88000-7f7c81c89000 r--s 00002000 08:05 9702751                    /usr/lib/jvm/java-7-openjdk-common/jre/lib/ext/dnsns.jar
7f7c81c90000-7f7c81c93000 r--s 0003c000 08:05 9702746                    /usr/lib/jvm/java-7-openjdk-common/jre/lib/ext/sunpkcs11.jar
7f7c81c98000-7f7c81c9b000 r--s 0000f000 08:05 9702747                    /usr/lib/jvm/java-7-openjdk-common/jre/lib/ext/pulse-java.jar
7f7c81ca0000-7f7c81ca2000 r--s 00012000 08:05 9702745                    /usr/lib/jvm/java-7-openjdk-common/jre/lib/ext/zipfs.jar
7f7c81ca3000-7f7c81ca4000 ---p 00000000 00:00 0 
7f7c81ca4000-7f7c81da4000 rw-p 00000000 00:00 0 
7f7c81da4000-7f7c81da7000 ---p 00000000 00:00 0 
7f7c81da7000-7f7c81ea5000 rw-p 00000000 00:00 0 
7f7c81ea5000-7f7c81ea8000 ---p 00000000 00:00 0 
7f7c81ea8000-7f7c81fa6000 rw-p 00000000 00:00 0 
7f7c81fa6000-7f7c81fa9000 ---p 00000000 00:00 0 
7f7c81fa9000-7f7c820a7000 rw-p 00000000 00:00 0 
7f7c820a7000-7f7c820aa000 ---p 00000000 00:00 0 
7f7c820aa000-7f7c821a8000 rw-p 00000000 00:00 0 
7f7c821a8000-7f7c8231f000 r--p 00000000 08:05 7998411                    /usr/lib/locale/locale-archive
7f7c82320000-7f7c82325000 r--s 0004c000 08:05 9702756                    /usr/lib/jvm/java-7-openjdk-common/jre/lib/jsse.jar
7f7c82325000-7f7c82328000 ---p 00000000 00:00 0 
7f7c82328000-7f7c82426000 rw-p 00000000 00:00 0 
7f7c82426000-7f7c82429000 ---p 00000000 00:00 0 
7f7c82429000-7f7c82527000 rw-p 00000000 00:00 0 
7f7c82527000-7f7c82528000 ---p 00000000 00:00 0 
7f7c82528000-7f7c83c90000 rw-p 00000000 00:00 0 
7f7c83c90000-7f7c83e3d000 r--s 01cec000 08:05 9702779                    /usr/lib/jvm/java-7-openjdk-amd64/jre/lib/rt.jar
7f7c83e3d000-7f7c8929d000 rw-p 00000000 00:00 0 
7f7c8929d000-7f7c8929e000 ---p 00000000 00:00 0 
7f7c8929e000-7f7c8939e000 rw-p 00000000 00:00 0 
7f7c8939e000-7f7c8939f000 ---p 00000000 00:00 0 
7f7c8939f000-7f7c8949f000 rw-p 00000000 00:00 0 
7f7c8949f000-7f7c894a0000 ---p 00000000 00:00 0 
7f7c894a0000-7f7c895a0000 rw-p 00000000 00:00 0 
7f7c895a0000-7f7c895a1000 ---p 00000000 00:00 0 
7f7c895a1000-7f7c896a1000 rw-p 00000000 00:00 0 
7f7c896a1000-7f7c896a2000 ---p 00000000 00:00 0 
7f7c896a2000-7f7c897a2000 rw-p 00000000 00:00 0 
7f7c897a2000-7f7c897a3000 ---p 00000000 00:00 0 
7f7c897a3000-7f7c898ae000 rw-p 00000000 00:00 0 
7f7c898ae000-7f7c898f6000 rw-p 00000000 00:00 0 
7f7c898f6000-7f7c89920000 rw-p 00000000 00:00 0 
7f7c89920000-7f7c89b8f000 rw-p 00000000 00:00 0 
7f7c89b8f000-7f7c89b9a000 rw-p 00000000 00:00 0 
7f7c89b9a000-7f7c89be2000 rw-p 00000000 00:00 0 
7f7c89be2000-7f7c89c0c000 rw-p 00000000 00:00 0 
7f7c89c0c000-7f7c89e7a000 rw-p 00000000 00:00 0 
7f7c89e7a000-7f7c89e90000 rw-p 00000000 00:00 0 
7f7c89e90000-7f7c89fc7000 rw-p 00000000 00:00 0 
7f7c89fc7000-7f7c89fc8000 rw-p 00000000 00:00 0 
7f7c89fc8000-7f7c8a238000 rwxp 00000000 00:00 0 
7f7c8a238000-7f7c8cfc8000 rw-p 00000000 00:00 0 
7f7c8cfc8000-7f7c8cfd0000 r-xp 00000000 08:05 9967719                    /usr/lib/jvm/java-7-openjdk-amd64/jre/lib/amd64/libzip.so
7f7c8cfd0000-7f7c8d1cf000 ---p 00008000 08:05 9967719                    /usr/lib/jvm/java-7-openjdk-amd64/jre/lib/amd64/libzip.so
7f7c8d1cf000-7f7c8d1d0000 r--p 00007000 08:05 9967719                    /usr/lib/jvm/java-7-openjdk-amd64/jre/lib/amd64/libzip.so
7f7c8d1d0000-7f7c8d1d1000 rw-p 00008000 08:05 9967719                    /usr/lib/jvm/java-7-openjdk-amd64/jre/lib/amd64/libzip.so
7f7c8d1d8000-7f7c8d1e3000 r-xp 00000000 08:05 5374901                    /lib/x86_64-linux-gnu/libnss_files-2.13.so
7f7c8d1e3000-7f7c8d3e2000 ---p 0000b000 08:05 5374901                    /lib/x86_64-linux-gnu/libnss_files-2.13.so
7f7c8d3e2000-7f7c8d3e3000 r--p 0000a000 08:05 5374901                    /lib/x86_64-linux-gnu/libnss_files-2.13.so
7f7c8d3e3000-7f7c8d3e4000 rw-p 0000b000 08:05 5374901                    /lib/x86_64-linux-gnu/libnss_files-2.13.so
7f7c8d3e8000-7f7c8d3f2000 r-xp 00000000 08:05 5374905                    /lib/x86_64-linux-gnu/libnss_nis-2.13.so
7f7c8d3f2000-7f7c8d5f1000 ---p 0000a000 08:05 5374905                    /lib/x86_64-linux-gnu/libnss_nis-2.13.so
7f7c8d5f1000-7f7c8d5f2000 r--p 00009000 08:05 5374905                    /lib/x86_64-linux-gnu/libnss_nis-2.13.so
7f7c8d5f2000-7f7c8d5f3000 rw-p 0000a000 08:05 5374905                    /lib/x86_64-linux-gnu/libnss_nis-2.13.so
7f7c8d5f8000-7f7c8d60d000 r-xp 00000000 08:05 5374895                    /lib/x86_64-linux-gnu/libnsl-2.13.so
7f7c8d60d000-7f7c8d80c000 ---p 00015000 08:05 5374895                    /lib/x86_64-linux-gnu/libnsl-2.13.so
7f7c8d80c000-7f7c8d80d000 r--p 00014000 08:05 5374895                    /lib/x86_64-linux-gnu/libnsl-2.13.so
7f7c8d80d000-7f7c8d80e000 rw-p 00015000 08:05 5374895                    /lib/x86_64-linux-gnu/libnsl-2.13.so
7f7c8d80e000-7f7c8d810000 rw-p 00000000 00:00 0 
7f7c8d810000-7f7c8d817000 r-xp 00000000 08:05 5374897                    /lib/x86_64-linux-gnu/libnss_compat-2.13.so
7f7c8d817000-7f7c8da16000 ---p 00007000 08:05 5374897                    /lib/x86_64-linux-gnu/libnss_compat-2.13.so
7f7c8da16000-7f7c8da17000 r--p 00006000 08:05 5374897                    /lib/x86_64-linux-gnu/libnss_compat-2.13.so
7f7c8da17000-7f7c8da18000 rw-p 00007000 08:05 5374897                    /lib/x86_64-linux-gnu/libnss_compat-2.13.so
7f7c8da18000-7f7c8da42000 r-xp 00000000 08:05 9967710                    /usr/lib/jvm/java-7-openjdk-amd64/jre/lib/amd64/libjava.so
7f7c8da42000-7f7c8dc42000 ---p 0002a000 08:05 9967710                    /usr/lib/jvm/java-7-openjdk-amd64/jre/lib/amd64/libjava.so
7f7c8dc42000-7f7c8dc43000 r--p 0002a000 08:05 9967710                    /usr/lib/jvm/java-7-openjdk-amd64/jre/lib/amd64/libjava.so
7f7c8dc43000-7f7c8dc45000 rw-p 0002b000 08:05 9967710                    /usr/lib/jvm/java-7-openjdk-amd64/jre/lib/amd64/libjava.so
7f7c8dc48000-7f7c8dc57000 r-xp 00000000 08:05 9967623                    /usr/lib/jvm/java-7-openjdk-amd64/jre/lib/amd64/libverify.so
7f7c8dc57000-7f7c8de56000 ---p 0000f000 08:05 9967623                    /usr/lib/jvm/java-7-openjdk-amd64/jre/lib/amd64/libverify.so
7f7c8de56000-7f7c8de58000 r--p 0000e000 08:05 9967623                    /usr/lib/jvm/java-7-openjdk-amd64/jre/lib/amd64/libverify.so
7f7c8de58000-7f7c8de59000 rw-p 00010000 08:05 9967623                    /usr/lib/jvm/java-7-openjdk-amd64/jre/lib/amd64/libverify.so
7f7c8de60000-7f7c8de67000 r-xp 00000000 08:05 5374938                    /lib/x86_64-linux-gnu/librt-2.13.so
7f7c8de67000-7f7c8e066000 ---p 00007000 08:05 5374938                    /lib/x86_64-linux-gnu/librt-2.13.so
7f7c8e066000-7f7c8e067000 r--p 00006000 08:05 5374938                    /lib/x86_64-linux-gnu/librt-2.13.so
7f7c8e067000-7f7c8e068000 rw-p 00007000 08:05 5374938                    /lib/x86_64-linux-gnu/librt-2.13.so
7f7c8e068000-7f7c8e07d000 r-xp 00000000 08:05 5374853                    /lib/x86_64-linux-gnu/libgcc_s.so.1
7f7c8e07d000-7f7c8e27d000 ---p 00015000 08:05 5374853                    /lib/x86_64-linux-gnu/libgcc_s.so.1
7f7c8e27d000-7f7c8e27e000 rw-p 00015000 08:05 5374853                    /lib/x86_64-linux-gnu/libgcc_s.so.1
7f7c8e280000-7f7c8e301000 r-xp 00000000 08:05 5374876                    /lib/x86_64-linux-gnu/libm-2.13.so
7f7c8e301000-7f7c8e500000 ---p 00081000 08:05 5374876                    /lib/x86_64-linux-gnu/libm-2.13.so
7f7c8e500000-7f7c8e501000 r--p 00080000 08:05 5374876                    /lib/x86_64-linux-gnu/libm-2.13.so
7f7c8e501000-7f7c8e502000 rw-p 00081000 08:05 5374876                    /lib/x86_64-linux-gnu/libm-2.13.so
7f7c8e508000-7f7c8e5f0000 r-xp 00000000 08:05 8132750                    /usr/lib/x86_64-linux-gnu/libstdc++.so.6.0.17
7f7c8e5f0000-7f7c8e7f0000 ---p 000e8000 08:05 8132750                    /usr/lib/x86_64-linux-gnu/libstdc++.so.6.0.17
7f7c8e7f0000-7f7c8e7f8000 r--p 000e8000 08:05 8132750                    /usr/lib/x86_64-linux-gnu/libstdc++.so.6.0.17
7f7c8e7f8000-7f7c8e7fa000 rw-p 000f0000 08:05 8132750                    /usr/lib/x86_64-linux-gnu/libstdc++.so.6.0.17
7f7c8e7fa000-7f7c8e80f000 rw-p 00000000 00:00 0 
7f7c8e810000-7f7c8f201000 r-xp 00000000 08:05 10098067                   /usr/lib/jvm/java-7-openjdk-amd64/jre/lib/amd64/server/libjvm.so
7f7c8f201000-7f7c8f401000 ---p 009f1000 08:05 10098067                   /usr/lib/jvm/java-7-openjdk-amd64/jre/lib/amd64/server/libjvm.so
7f7c8f401000-7f7c8f480000 r--p 009f1000 08:05 10098067                   /usr/lib/jvm/java-7-openjdk-amd64/jre/lib/amd64/server/libjvm.so
7f7c8f480000-7f7c8f4a3000 rw-p 00a70000 08:05 10098067                   /usr/lib/jvm/java-7-openjdk-amd64/jre/lib/amd64/server/libjvm.so
7f7c8f4a3000-7f7c8f4ce000 rw-p 00000000 00:00 0 
7f7c8f4d0000-7f7c8f650000 r-xp 00000000 08:05 5374829                    /lib/x86_64-linux-gnu/libc-2.13.so
7f7c8f650000-7f7c8f850000 ---p 00180000 08:05 5374829                    /lib/x86_64-linux-gnu/libc-2.13.so
7f7c8f850000-7f7c8f854000 r--p 00180000 08:05 5374829                    /lib/x86_64-linux-gnu/libc-2.13.so
7f7c8f854000-7f7c8f855000 rw-p 00184000 08:05 5374829                    /lib/x86_64-linux-gnu/libc-2.13.so
7f7c8f855000-7f7c8f85a000 rw-p 00000000 00:00 0 
7f7c8f860000-7f7c8f862000 r-xp 00000000 08:05 5374843                    /lib/x86_64-linux-gnu/libdl-2.13.so
7f7c8f862000-7f7c8fa62000 ---p 00002000 08:05 5374843                    /lib/x86_64-linux-gnu/libdl-2.13.so
7f7c8fa62000-7f7c8fa63000 r--p 00002000 08:05 5374843                    /lib/x86_64-linux-gnu/libdl-2.13.so
7f7c8fa63000-7f7c8fa64000 rw-p 00003000 08:05 5374843                    /lib/x86_64-linux-gnu/libdl-2.13.so
7f7c8fa68000-7f7c8fa7e000 r-xp 00000000 08:05 5374972                    /lib/x86_64-linux-gnu/libz.so.1.2.7
7f7c8fa7e000-7f7c8fc7d000 ---p 00016000 08:05 5374972                    /lib/x86_64-linux-gnu/libz.so.1.2.7
7f7c8fc7d000-7f7c8fc7e000 r--p 00015000 08:05 5374972                    /lib/x86_64-linux-gnu/libz.so.1.2.7
7f7c8fc7e000-7f7c8fc7f000 rw-p 00016000 08:05 5374972                    /lib/x86_64-linux-gnu/libz.so.1.2.7
7f7c8fc80000-7f7c8fc8d000 r-xp 00000000 08:05 9967698                    /usr/lib/jvm/java-7-openjdk-amd64/jre/lib/amd64/jli/libjli.so
7f7c8fc8d000-7f7c8fe8c000 ---p 0000d000 08:05 9967698                    /usr/lib/jvm/java-7-openjdk-amd64/jre/lib/amd64/jli/libjli.so
7f7c8fe8c000-7f7c8fe8d000 r--p 0000c000 08:05 9967698                    /usr/lib/jvm/java-7-openjdk-amd64/jre/lib/amd64/jli/libjli.so
7f7c8fe8d000-7f7c8fe8e000 rw-p 0000d000 08:05 9967698                    /usr/lib/jvm/java-7-openjdk-amd64/jre/lib/amd64/jli/libjli.so
7f7c8fe90000-7f7c8fea7000 r-xp 00000000 08:05 5374930                    /lib/x86_64-linux-gnu/libpthread-2.13.so
7f7c8fea7000-7f7c900a6000 ---p 00017000 08:05 5374930                    /lib/x86_64-linux-gnu/libpthread-2.13.so
7f7c900a6000-7f7c900a7000 r--p 00016000 08:05 5374930                    /lib/x86_64-linux-gnu/libpthread-2.13.so
7f7c900a7000-7f7c900a8000 rw-p 00017000 08:05 5374930                    /lib/x86_64-linux-gnu/libpthread-2.13.so
7f7c900a8000-7f7c900ac000 rw-p 00000000 00:00 0 
7f7c900b0000-7f7c900d0000 r-xp 00000000 08:05 5374807                    /lib/x86_64-linux-gnu/ld-2.13.so
7f7c900d0000-7f7c900d7000 r--s 00000000 08:05 8131847                    /usr/lib/x86_64-linux-gnu/gconv/gconv-modules.cache
7f7c900d7000-7f7c9010a000 rw-p 00000000 00:00 0 
7f7c9010a000-7f7c901c0000 rw-p 00000000 00:00 0 
7f7c901c0000-7f7c901c8000 rw-s 00000000 08:05 9709271                    /tmp/hsperfdata_pbruel/11883
7f7c901c8000-7f7c901c9000 r--p 00000000 08:05 9706325                    /usr/share/locale/en_GB/LC_MESSAGES/libc.mo
7f7c901c9000-7f7c901cb000 r--p 00000000 00:00 0 
7f7c901cb000-7f7c901cc000 rw-p 00000000 00:00 0 
7f7c901cc000-7f7c901cd000 r--p 00000000 00:00 0 
7f7c901cd000-7f7c901d0000 ---p 00000000 00:00 0 
7f7c901d0000-7f7c902cf000 rw-p 00000000 00:00 0 
7f7c902cf000-7f7c902d0000 r--p 0001f000 08:05 5374807                    /lib/x86_64-linux-gnu/ld-2.13.so
7f7c902d0000-7f7c902d1000 rw-p 00020000 08:05 5374807                    /lib/x86_64-linux-gnu/ld-2.13.so
7f7c902d1000-7f7c902d3000 rw-p 00000000 00:00 0 
7f7c902d3000-7f7c902d8000 rw-p 00000000 00:00 0 
7fff9b62d000-7fff9b64e000 rw-p 00000000 00:00 0                          [stack]
7fff9b800000-7fff9b801000 r-xp 00000000 00:00 0                          [vdso]
ffffffffff600000-ffffffffff601000 r-xp 00000000 00:00 0                  [vsyscall]

VM Arguments:
java_command: ensemble.tools.Loader -nogui -f pd_testing.xml
Launcher Type: SUN_STANDARD

Environment Variables:
PATH=/usr/local/bin:/usr/bin:/bin:/usr/local/games:/usr/games
USERNAME=pbruel
SHELL=/bin/bash
DISPLAY=:0

Signal Handlers:
SIGSEGV: [libjvm.so+0x84ff00], sa_mask[0]=0x7ffbfeff, sa_flags=0x10000004
SIGBUS: [libjvm.so+0x84ff00], sa_mask[0]=0x7ffbfeff, sa_flags=0x10000004
SIGFPE: SIG_IGN, sa_mask[0]=0x00000080, sa_flags=0x10000000
SIGPIPE: [libjvm.so+0x6f2230], sa_mask[0]=0x7ffbfeff, sa_flags=0x10000004
SIGXFSZ: [libjvm.so+0x6f2230], sa_mask[0]=0x7ffbfeff, sa_flags=0x10000004
SIGILL: [libjvm.so+0x6f2230], sa_mask[0]=0x7ffbfeff, sa_flags=0x10000004
SIGUSR1: SIG_DFL, sa_mask[0]=0x00000000, sa_flags=0x00000000
SIGUSR2: [libjvm.so+0x6f2600], sa_mask[0]=0x00000000, sa_flags=0x10000004
SIGHUP: [libjvm.so+0x6f2740], sa_mask[0]=0x7ffbfeff, sa_flags=0x10000004
SIGINT: [libjvm.so+0x6f2740], sa_mask[0]=0x7ffbfeff, sa_flags=0x10000004
SIGTERM: [libjvm.so+0x6f2740], sa_mask[0]=0x7ffbfeff, sa_flags=0x10000004
SIGQUIT: [libjvm.so+0x6f2740], sa_mask[0]=0x7ffbfeff, sa_flags=0x10000004


---------------  S Y S T E M  ---------------

OS:7.1

uname:Linux 3.2.0-4-amd64 #1 SMP Debian 3.2.46-1 x86_64
libc:glibc 2.13 NPTL 2.13 
rlimit: STACK 8192k, CORE 0k, NPROC 63163, NOFILE 4096, AS infinity
load average:0.06 0.17 0.27

/proc/meminfo:
MemTotal:        8163344 kB
MemFree:         5987424 kB
Buffers:           63608 kB
Cached:           718104 kB
SwapCached:            0 kB
Active:          1485736 kB
Inactive:         555864 kB
Active(anon):    1260716 kB
Inactive(anon):     2248 kB
Active(file):     225020 kB
Inactive(file):   553616 kB
Unevictable:           0 kB
Mlocked:               0 kB
SwapTotal:      12015612 kB
SwapFree:       12015612 kB
Dirty:               952 kB
Writeback:             0 kB
AnonPages:       1259892 kB
Mapped:           133676 kB
Shmem:              3000 kB
Slab:              64624 kB
SReclaimable:      36112 kB
SUnreclaim:        28512 kB
KernelStack:        2928 kB
PageTables:        20440 kB
NFS_Unstable:          0 kB
Bounce:                0 kB
WritebackTmp:          0 kB
CommitLimit:    16097284 kB
Committed_AS:    2290592 kB
VmallocTotal:   34359738367 kB
VmallocUsed:      303208 kB
VmallocChunk:   34359428316 kB
HardwareCorrupted:     0 kB
AnonHugePages:         0 kB
HugePages_Total:       0
HugePages_Free:        0
HugePages_Rsvd:        0
HugePages_Surp:        0
Hugepagesize:       2048 kB
DirectMap4k:       60412 kB
DirectMap2M:     4100096 kB
DirectMap1G:     4194304 kB


CPU:total 6 (6 cores per cpu, 1 threads per core) family 21 model 1 stepping 2, cmov, cx8, fxsr, mmx, sse, sse2, sse3, ssse3, sse4.1, sse4.2, popcnt, avx, mmxext, 3dnowpref, lzcnt, sse4a, tsc, tscinvbit, tscinv

/proc/cpuinfo:
processor	: 0
vendor_id	: AuthenticAMD
cpu family	: 21
model		: 1
model name	: AMD FX(tm)-6100 Six-Core Processor             
stepping	: 2
microcode	: 0x6000626
cpu MHz		: 3310.984
cache size	: 2048 KB
physical id	: 0
siblings	: 6
core id		: 0
cpu cores	: 3
apicid		: 16
initial apicid	: 0
fpu		: yes
fpu_exception	: yes
cpuid level	: 13
wp		: yes
flags		: fpu vme de pse tsc msr pae mce cx8 apic sep mtrr pge mca cmov pat pse36 clflush mmx fxsr sse sse2 ht syscall nx mmxext fxsr_opt pdpe1gb rdtscp lm constant_tsc rep_good nopl nonstop_tsc extd_apicid aperfmperf pni pclmulqdq monitor ssse3 cx16 sse4_1 sse4_2 popcnt aes xsave avx lahf_lm cmp_legacy svm extapic cr8_legacy abm sse4a misalignsse 3dnowprefetch osvw ibs xop skinit wdt lwp fma4 nodeid_msr topoext perfctr_core arat cpb hw_pstate npt lbrv svm_lock nrip_save tsc_scale vmcb_clean flushbyasid decodeassists pausefilter pfthreshold
bogomips	: 6621.96
TLB size	: 1536 4K pages
clflush size	: 64
cache_alignment	: 64
address sizes	: 48 bits physical, 48 bits virtual
power management: ts ttp tm 100mhzsteps hwpstate [9]

processor	: 1
vendor_id	: AuthenticAMD
cpu family	: 21
model		: 1
model name	: AMD FX(tm)-6100 Six-Core Processor             
stepping	: 2
microcode	: 0x6000626
cpu MHz		: 3310.984
cache size	: 2048 KB
physical id	: 0
siblings	: 6
core id		: 1
cpu cores	: 3
apicid		: 17
initial apicid	: 1
fpu		: yes
fpu_exception	: yes
cpuid level	: 13
wp		: yes
flags		: fpu vme de pse tsc msr pae mce cx8 apic sep mtrr pge mca cmov pat pse36 clflush mmx fxsr sse sse2 ht syscall nx mmxext fxsr_opt pdpe1gb rdtscp lm constant_tsc rep_good nopl nonstop_tsc extd_apicid aperfmperf pni pclmulqdq monitor ssse3 cx16 sse4_1 sse4_2 popcnt aes xsave avx lahf_lm cmp_legacy svm extapic cr8_legacy abm sse4a misalignsse 3dnowprefetch osvw ibs xop skinit wdt lwp fma4 nodeid_msr topoext perfctr_core arat cpb hw_pstate npt lbrv svm_lock nrip_save tsc_scale vmcb_clean flushbyasid decodeassists pausefilter pfthreshold
bogomips	: 6622.08
TLB size	: 1536 4K pages
clflush size	: 64
cache_alignment	: 64
address sizes	: 48 bits physical, 48 bits virtual
power management: ts ttp tm 100mhzsteps hwpstate [9]

processor	: 2
vendor_id	: AuthenticAMD
cpu family	: 21
model		: 1
model name	: AMD FX(tm)-6100 Six-Core Processor             
stepping	: 2
microcode	: 0x6000626
cpu MHz		: 3310.984
cache size	: 2048 KB
physical id	: 0
siblings	: 6
core id		: 2
cpu cores	: 3
apicid		: 18
initial apicid	: 2
fpu		: yes
fpu_exception	: yes
cpuid level	: 13
wp		: yes
flags		: fpu vme de pse tsc msr pae mce cx8 apic sep mtrr pge mca cmov pat pse36 clflush mmx fxsr sse sse2 ht syscall nx mmxext fxsr_opt pdpe1gb rdtscp lm constant_tsc rep_good nopl nonstop_tsc extd_apicid aperfmperf pni pclmulqdq monitor ssse3 cx16 sse4_1 sse4_2 popcnt aes xsave avx lahf_lm cmp_legacy svm extapic cr8_legacy abm sse4a misalignsse 3dnowprefetch osvw ibs xop skinit wdt lwp fma4 nodeid_msr topoext perfctr_core arat cpb hw_pstate npt lbrv svm_lock nrip_save tsc_scale vmcb_clean flushbyasid decodeassists pausefilter pfthreshold
bogomips	: 6622.17
TLB size	: 1536 4K pages
clflush size	: 64
cache_alignment	: 64
address sizes	: 48 bits physical, 48 bits virtual
power management: ts ttp tm 100mhzsteps hwpstate [9]

processor	: 3
vendor_id	: AuthenticAMD
cpu family	: 21
model		: 1
model name	: AMD FX(tm)-6100 Six-Core Processor             
stepping	: 2
microcode	: 0x6000626
cpu MHz		: 3310.984
cache size	: 2048 KB
physical id	: 0
siblings	: 6
core id		: 3
cpu cores	: 3
apicid		: 19
initial apicid	: 3
fpu		: yes
fpu_exception	: yes
cpuid level	: 13
wp		: yes
flags		: fpu vme de pse tsc msr pae mce cx8 apic sep mtrr pge mca cmov pat pse36 clflush mmx fxsr sse sse2 ht syscall nx mmxext fxsr_opt pdpe1gb rdtscp lm constant_tsc rep_good nopl nonstop_tsc extd_apicid aperfmperf pni pclmulqdq monitor ssse3 cx16 sse4_1 sse4_2 popcnt aes xsave avx lahf_lm cmp_legacy svm extapic cr8_legacy abm sse4a misalignsse 3dnowprefetch osvw ibs xop skinit wdt lwp fma4 nodeid_msr topoext perfctr_core arat cpb hw_pstate npt lbrv svm_lock nrip_save tsc_scale vmcb_clean flushbyasid decodeassists pausefilter pfthreshold
bogomips	: 6622.18
TLB size	: 1536 4K pages
clflush size	: 64
cache_alignment	: 64
address sizes	: 48 bits physical, 48 bits virtual
power management: ts ttp tm 100mhzsteps hwpstate [9]

processor	: 4
vendor_id	: AuthenticAMD
cpu family	: 21
model		: 1
model name	: AMD FX(tm)-6100 Six-Core Processor             
stepping	: 2
microcode	: 0x6000626
cpu MHz		: 3310.984
cache size	: 2048 KB
physical id	: 0
siblings	: 6
core id		: 4
cpu cores	: 3
apicid		: 20
initial apicid	: 4
fpu		: yes
fpu_exception	: yes
cpuid level	: 13
wp		: yes
flags		: fpu vme de pse tsc msr pae mce cx8 apic sep mtrr pge mca cmov pat pse36 clflush mmx fxsr sse sse2 ht syscall nx mmxext fxsr_opt pdpe1gb rdtscp lm constant_tsc rep_good nopl nonstop_tsc extd_apicid aperfmperf pni pclmulqdq monitor ssse3 cx16 sse4_1 sse4_2 popcnt aes xsave avx lahf_lm cmp_legacy svm extapic cr8_legacy abm sse4a misalignsse 3dnowprefetch osvw ibs xop skinit wdt lwp fma4 nodeid_msr topoext perfctr_core arat cpb hw_pstate npt lbrv svm_lock nrip_save tsc_scale vmcb_clean flushbyasid decodeassists pausefilter pfthreshold
bogomips	: 6622.19
TLB size	: 1536 4K pages
clflush size	: 64
cache_alignment	: 64
address sizes	: 48 bits physical, 48 bits virtual
power management: ts ttp tm 100mhzsteps hwpstate [9]

processor	: 5
vendor_id	: AuthenticAMD
cpu family	: 21
model		: 1
model name	: AMD FX(tm)-6100 Six-Core Processor             
stepping	: 2
microcode	: 0x6000626
cpu MHz		: 3310.984
cache size	: 2048 KB
physical id	: 0
siblings	: 6
core id		: 5
cpu cores	: 3
apicid		: 21
initial apicid	: 5
fpu		: yes
fpu_exception	: yes
cpuid level	: 13
wp		: yes
flags		: fpu vme de pse tsc msr pae mce cx8 apic sep mtrr pge mca cmov pat pse36 clflush mmx fxsr sse sse2 ht syscall nx mmxext fxsr_opt pdpe1gb rdtscp lm constant_tsc rep_good nopl nonstop_tsc extd_apicid aperfmperf pni pclmulqdq monitor ssse3 cx16 sse4_1 sse4_2 popcnt aes xsave avx lahf_lm cmp_legacy svm extapic cr8_legacy abm sse4a misalignsse 3dnowprefetch osvw ibs xop skinit wdt lwp fma4 nodeid_msr topoext perfctr_core arat cpb hw_pstate npt lbrv svm_lock nrip_save tsc_scale vmcb_clean flushbyasid decodeassists pausefilter pfthreshold
bogomips	: 6622.18
TLB size	: 1536 4K pages
clflush size	: 64
cache_alignment	: 64
address sizes	: 48 bits physical, 48 bits virtual
power management: ts ttp tm 100mhzsteps hwpstate [9]



Memory: 4k page, physical 8163344k(5987424k free), swap 12015612k(12015612k free)

vm_info: OpenJDK 64-Bit Server VM (23.7-b01) for linux-amd64 JRE (1.7.0_25-b30), built on Jul  3 2013 10:28:26 by "jmm" with gcc 4.7.2

time: Wed Oct 30 15:29:08 2013
elapsed time: 1 seconds

