#
# A fatal error has been detected by the Java Runtime Environment:
#
#  SIGSEGV (0xb) at pc=0x00007f10d5fa640d, pid=11415, tid=139710413432576
#
# JRE version: 7.0_25-b30
# Java VM: OpenJDK 64-Bit Server VM (23.7-b01 mixed mode linux-amd64 compressed oops)
# Problematic frame:
# C  [libpdnative7140303416222236326.so+0x8e40d]  java_printhook+0x5d
#
# Failed to write core dump. Core dumps have been disabled. To enable core dumping, try "ulimit -c unlimited" before starting Java again
#
# If you would like to submit a bug report, please include
# instructions on how to reproduce the bug and visit:
#   http://icedtea.classpath.org/bugzilla
# The crash happened outside the Java Virtual Machine in native code.
# See problematic frame for where to report the bug.
#

---------------  T H R E A D  ---------------

Current thread (0x00007f10e43d0800):  JavaThread "creature_0" [_thread_in_native, id=11452, stack(0x00007f10dd806000,0x00007f10dd907000)]

siginfo:si_signo=SIGSEGV: si_errno=0, si_code=1 (SEGV_MAPERR), si_addr=0x0000000000000000

Registers:
RAX=0x0000000000000000, RBX=0x00007f10d61d0b80, RCX=0x0000000000000001, RDX=0x00007f10f8beee80
RSP=0x00007f10dd9057a8, RBP=0x00007f10d61d0ba8, RSI=0x0000000000a99d40, RDI=0x0000000000000000
R8 =0x00007f10dd902d80, R9 =0x00000007d67773f0, R10=0x00007f10f8c02a40, R11=0x00007f10dd904e78
R12=0x00007f10d61d0cc0, R13=0x00007f10d5fb0c58, R14=0x00007f10dd905848, R15=0x00007f10e43d0800
RIP=0x00007f10d5fa640d, EFLAGS=0x0000000000010202, CSGSFS=0x0000000000000033, ERR=0x0000000000000004
  TRAPNO=0x000000000000000e

Top of Stack: (sp=0x00007f10dd9057a8)
0x00007f10dd9057a8:   00007f10d5fa6104 0000000779c71db8
0x00007f10dd9057b8:   0000000779c71db8 00007f10dd905830
0x00007f10dd9057c8:   0000000000000000 0000000779c71db8
0x00007f10dd9057d8:   00007f10d5fa6c92 00007f10f370d410
0x00007f10dd9057e8:   00007f10f3719f90 00007f10dd9057f0
0x00007f10dd9057f8:   0000000779c71db8 00007f10dd905848
0x00007f10dd905808:   0000000779c73450 0000000000000000
0x00007f10dd905818:   0000000779c71db8 0000000000000000
0x00007f10dd905828:   00007f10dd905850 00007f10dd905890
0x00007f10dd905838:   00007f10f370e158 00000007d76e6528
0x00007f10dd905848:   00007f10f3716dd8 00007f10dd905850
0x00007f10dd905858:   0000000779b22247 00007f10dd9058b0
0x00007f10dd905868:   0000000779b72c30 0000000000000000
0x00007f10dd905878:   0000000779b22398 00007f10dd905850
0x00007f10dd905888:   00007f10dd9058b0 00007f10dd9058f8
0x00007f10dd905898:   00007f10f370e450 0000000000000000
0x00007f10dd9058a8:   0000000000000000 00000007d7689d98
0x00007f10dd9058b8:   00007f10dd9058b8 0000000779b28983
0x00007f10dd9058c8:   00007f10dd905918 0000000779b44988
0x00007f10dd9058d8:   0000000000000000 0000000779b28a88
0x00007f10dd9058e8:   00007f10dd9058b0 00007f10dd905918
0x00007f10dd9058f8:   00007f10dd905960 00007f10f370e450
0x00007f10dd905908:   00000007d76dd0f8 00000007d76d9f40
0x00007f10dd905918:   00000007d7689d98 00007f10dd905920
0x00007f10dd905928:   00000007792f42f7 00007f10dd9059b0
0x00007f10dd905938:   0000000779b0be88 0000000000000000
0x00007f10dd905948:   00000007792f44b0 00007f10dd905918
0x00007f10dd905958:   00007f10dd9059b0 00007f10dd9059f8
0x00007f10dd905968:   00007f10f370e450 0000000000000000
0x00007f10dd905978:   0000000000000001 00000007d7689d98
0x00007f10dd905988:   00000007d76cc2c8 00000007d7689ff8
0x00007f10dd905998:   00000007d76956b0 00000007d76954e8 

Instructions: (pc=0x00007f10d5fa640d)
0x00007f10d5fa63ed:   23 00 31 c0 48 8b 15 58 28 23 00 4c 8b 07 41 ff
0x00007f10d5fa63fd:   90 e8 01 00 00 48 8b 3d b7 27 23 00 48 89 de 5b
0x00007f10d5fa640d:   48 8b 07 48 8b 80 b8 00 00 00 ff e0 0f 1f 80 00
0x00007f10d5fa641d:   00 00 00 f3 c3 66 66 66 66 66 2e 0f 1f 84 00 00 

Register to memory mapping:

RAX=0x0000000000000000 is an unknown value
RBX=0x00007f10d61d0b80: <offset 0x2b8b80> in /tmp/libpdnative7140303416222236326.so at 0x00007f10d5f18000
RCX=0x0000000000000001 is an unknown value
RDX=0x00007f10f8beee80: <offset 0xc9ee80> in /usr/lib/jvm/java-7-openjdk-amd64/jre/lib/amd64/server/libjvm.so at 0x00007f10f7f50000
RSP=0x00007f10dd9057a8 is pointing into the stack for thread: 0x00007f10e43d0800
RBP=0x00007f10d61d0ba8: <offset 0x2b8ba8> in /tmp/libpdnative7140303416222236326.so at 0x00007f10d5f18000
RSI=0x0000000000a99d40 is an unknown value
RDI=0x0000000000000000 is an unknown value
R8 =0x00007f10dd902d80 is pointing into the stack for thread: 0x00007f10e43d0800
R9 =0x00000007d67773f0 is an oop
java.io.FileDescriptor 
 - klass: 'java/io/FileDescriptor'
R10=0x00007f10f8c02a40: <offset 0xcb2a40> in /usr/lib/jvm/java-7-openjdk-amd64/jre/lib/amd64/server/libjvm.so at 0x00007f10f7f50000
R11=0x00007f10dd904e78 is pointing into the stack for thread: 0x00007f10e43d0800
R12=0x00007f10d61d0cc0: <offset 0x2b8cc0> in /tmp/libpdnative7140303416222236326.so at 0x00007f10d5f18000
R13=0x00007f10d5fb0c58: <offset 0x98c58> in /tmp/libpdnative7140303416222236326.so at 0x00007f10d5f18000
R14=0x00007f10dd905848 is pointing into the stack for thread: 0x00007f10e43d0800
R15=0x00007f10e43d0800 is a thread


Stack: [0x00007f10dd806000,0x00007f10dd907000],  sp=0x00007f10dd9057a8,  free space=1021k
Native frames: (J=compiled Java code, j=interpreted, Vv=VM code, C=native code)
C  [libpdnative7140303416222236326.so+0x8e40d]  java_printhook+0x5d

Java frames: (J=compiled Java code, j=interpreted, Vv=VM code)
j  org.puredata.core.PdBase.pollPdMessageQueue()V+0
j  ensemble.apps.pd_testing.Pd_Reasoning.init()Z+135
j  ensemble.Reasoning.start()Z+171
j  ensemble.MusicalAgent.start()Z+327
j  ensemble.EnsembleAgent.setup()V+99
j  jade.core.Agent$ActiveLifeCycle.init()V+19
j  jade.core.Agent.run()V+4
j  java.lang.Thread.run()V+11
v  ~StubRoutines::call_stub

---------------  P R O C E S S  ---------------

Java Threads: ( => current thread )
  0x0000000000a44800 JavaThread "creature_1#ReceiveCommand" [_thread_in_Java, id=11465, stack(0x00007f10d5e17000,0x00007f10d5f18000)]
  0x00007f10e4414800 JavaThread "Environment#ReceiveCommand" [_thread_blocked, id=11464, stack(0x00007f10d61de000,0x00007f10d62df000)]
  0x00007f10e440f000 JavaThread "PulseAudio Eventloop Thread" daemon [_thread_in_native, id=11463, stack(0x00007f10d62df000,0x00007f10d63e0000)]
  0x00007f10d8019000 JavaThread "OSCReceiver" daemon [_thread_in_native, id=11456, stack(0x00007f10dd402000,0x00007f10dd503000)]
  0x00007f10d8035000 JavaThread "OSCReceiver" daemon [_thread_in_native, id=11455, stack(0x00007f10dd503000,0x00007f10dd604000)]
  0x00007f10d8033000 JavaThread "OSCReceiver" daemon [_thread_in_native, id=11454, stack(0x00007f10dd604000,0x00007f10dd705000)]
  0x00007f10e43aa800 JavaThread "DestroyJavaVM" [_thread_blocked, id=11416, stack(0x00007f10f98f6000,0x00007f10f99f7000)]
  0x00007f10e43cb800 JavaThread "creature_1" [_thread_in_Java, id=11453, stack(0x00007f10dd705000,0x00007f10dd806000)]
=>0x00007f10e43d0800 JavaThread "creature_0" [_thread_in_native, id=11452, stack(0x00007f10dd806000,0x00007f10dd907000)]
  0x00000000009dd000 JavaThread "Environment" [_thread_blocked, id=11451, stack(0x00007f10dd907000,0x00007f10dda08000)]
  0x0000000000a7f800 JavaThread "Router" [_thread_in_Java, id=11450, stack(0x00007f10dda08000,0x00007f10ddb09000)]
  0x00007f10e43a6000 JavaThread "df" [_thread_blocked, id=11449, stack(0x00007f10ddb09000,0x00007f10ddc0a000)]
  0x00007f10e43a3800 JavaThread "ams" [_thread_blocked, id=11448, stack(0x00007f10ddc0a000,0x00007f10ddd0b000)]
  0x00007f10e43a0800 JavaThread "pool-1-thread-5" [_thread_blocked, id=11447, stack(0x00007f10ddd0b000,0x00007f10dde0c000)]
  0x00007f10e439e800 JavaThread "pool-1-thread-4" [_thread_blocked, id=11446, stack(0x00007f10dde0c000,0x00007f10ddf0d000)]
  0x00007f10e439c800 JavaThread "pool-1-thread-3" [_thread_blocked, id=11445, stack(0x00007f10ddf0d000,0x00007f10de00e000)]
  0x00007f10e439a800 JavaThread "pool-1-thread-2" [_thread_blocked, id=11444, stack(0x00007f10de00e000,0x00007f10de10f000)]
  0x00007f10e4399000 JavaThread "pool-1-thread-1" [_thread_blocked, id=11443, stack(0x00007f10de10f000,0x00007f10de210000)]
  0x00007f10e437b800 JavaThread "Thread-10" [_thread_in_native, id=11442, stack(0x00007f10de210000,0x00007f10de311000)]
  0x00007f10e4367000 JavaThread "Deliverer-4" [_thread_blocked, id=11441, stack(0x00007f10de311000,0x00007f10de412000)]
  0x00007f10e4383000 JavaThread "Deliverer-3" [_thread_blocked, id=11440, stack(0x00007f10de412000,0x00007f10de513000)]
  0x00007f10e4386000 JavaThread "Deliverer-2" [_thread_blocked, id=11439, stack(0x00007f10de513000,0x00007f10de614000)]
  0x00007f10e4388800 JavaThread "Deliverer-1" [_thread_blocked, id=11438, stack(0x00007f10de614000,0x00007f10de715000)]
  0x00007f10e4387800 JavaThread "Deliverer-0" [_thread_blocked, id=11437, stack(0x00007f10de715000,0x00007f10de816000)]
  0x00007f10e4352000 JavaThread "AWT-XAWT" daemon [_thread_in_native, id=11436, stack(0x00007f10de816000,0x00007f10de917000)]
  0x00007f10e4316800 JavaThread "Java2D Disposer" daemon [_thread_blocked, id=11435, stack(0x00007f10de917000,0x00007f10dea18000)]
  0x00007f10e41ef000 JavaThread "Thread-4" [_thread_in_native, id=11434, stack(0x00007f10e958c000,0x00007f10e968d000)]
  0x00007f10e41e3000 JavaThread "Thread-3" [_thread_blocked, id=11433, stack(0x00007f10e968d000,0x00007f10e978e000)]
  0x00007f10e41e1800 JavaThread "JICPServer-1099" daemon [_thread_in_native, id=11432, stack(0x00007f10e978e000,0x00007f10e988f000)]
  0x00007f10e41cd000 JavaThread "JADE Timer dispatcher" [_thread_blocked, id=11431, stack(0x00007f10e988f000,0x00007f10e9990000)]
  0x00007f10e400c000 JavaThread "Service Thread" daemon [_thread_blocked, id=11429, stack(0x00007f10eb4bc000,0x00007f10eb5bd000)]
  0x00007f10e4009000 JavaThread "C2 CompilerThread1" daemon [_thread_blocked, id=11428, stack(0x00007f10eb5bd000,0x00007f10eb6be000)]
  0x00007f10e4006000 JavaThread "C2 CompilerThread0" daemon [_thread_blocked, id=11427, stack(0x00007f10eb6be000,0x00007f10eb7bf000)]
  0x00000000008c7000 JavaThread "Signal Dispatcher" daemon [_thread_blocked, id=11426, stack(0x00007f10eb7bf000,0x00007f10eb8c0000)]
  0x000000000086d800 JavaThread "Finalizer" daemon [_thread_blocked, id=11425, stack(0x00007f10eba3d000,0x00007f10ebb3e000)]
  0x000000000086b000 JavaThread "Reference Handler" daemon [_thread_blocked, id=11424, stack(0x00007f10ebb3e000,0x00007f10ebc3f000)]

Other Threads:
  0x0000000000862800 VMThread [stack: 0x00007f10ebc3f000,0x00007f10ebd40000] [id=11423]
  0x00007f10e4016800 WatcherThread [stack: 0x00007f10eb3bb000,0x00007f10eb4bc000] [id=11430]

VM state:not at safepoint (normal execution)

VM Mutex/Monitor currently owned by a thread: None

Heap
 PSYoungGen      total 37184K, used 28083K [0x00000007d6760000, 0x00000007d90e0000, 0x0000000800000000)
  eden space 31872K, 88% used [0x00000007d6760000,0x00000007d82ccce0,0x00000007d8680000)
  from space 5312K, 0% used [0x00000007d8bb0000,0x00000007d8bb0000,0x00000007d90e0000)
  to   space 5312K, 0% used [0x00000007d8680000,0x00000007d8680000,0x00000007d8bb0000)
 ParOldGen       total 85120K, used 0K [0x0000000783600000, 0x0000000788920000, 0x00000007d6760000)
  object space 85120K, 0% used [0x0000000783600000,0x0000000783600000,0x0000000788920000)
 PSPermGen       total 21248K, used 13068K [0x0000000779000000, 0x000000077a4c0000, 0x0000000783600000)
  object space 21248K, 61% used [0x0000000779000000,0x0000000779cc3008,0x000000077a4c0000)

Card table byte_map: [0x00007f10f32cf000,0x00007f10f3708000] byte_map_base: 0x00007f10ef707000

Polling page: 0x00007f10f9a0c000

Code Cache  [0x00007f10f3708000, 0x00007f10f3978000, 0x00007f10f6708000)
 total_blobs=423 nmethods=43 adapters=332 free_code_cache=48594Kb largest_free_block=49746048

Compilation events (10 events):
Event: 1.209 Thread 0x00007f10e4009000 nmethod 38 0x00007f10f3792390 code [0x00007f10f37924c0, 0x00007f10f37925b8]
Event: 1.209 Thread 0x00007f10e4009000   39             sun.reflect.ReflectionFactory::copyMethod (10 bytes)
Event: 1.209 Thread 0x00007f10e4006000 nmethod 37 0x00007f10f3791dd0 code [0x00007f10f3791f20, 0x00007f10f3792098]
Event: 1.210 Thread 0x00007f10e4006000   40             sun.reflect.ClassFileAssembler::emitByte (11 bytes)
Event: 1.211 Thread 0x00007f10e4009000 nmethod 39 0x00007f10f37951d0 code [0x00007f10f3795320, 0x00007f10f3795518]
Event: 1.211 Thread 0x00007f10e4009000   41             sun.reflect.ByteVectorImpl::add (38 bytes)
Event: 1.211 Thread 0x00007f10e4009000 nmethod 41 0x00007f10f3794e50 code [0x00007f10f3794fa0, 0x00007f10f37950a8]
Event: 1.212 Thread 0x00007f10e4006000 nmethod 40 0x00007f10f3794a10 code [0x00007f10f3794b60, 0x00007f10f3794ca8]
Event: 1.213 Thread 0x00007f10e4009000   42             java.util.HashMap::hash (59 bytes)
Event: 1.214 Thread 0x00007f10e4009000 nmethod 42 0x00007f10f3794650 code [0x00007f10f37947a0, 0x00007f10f37948e8]

GC Heap History (0 events):
No events

Deoptimization events (1 events):
Event: 0.408 Thread 0x00000000007c0000 Uncommon trap -34 fr.pc 0x00007f10f376b340

Internal exceptions (10 events):
Event: 1.184 Thread 0x00007f10e43d0800 Threw 0x00000007d76ddda0 at /home/jmm/scratch/jdk/openjdk-7-7u25-2.3.10/build/openjdk/hotspot/src/share/vm/prims/jvm.cpp:1235
Event: 1.184 Thread 0x00007f10e43d0800 Threw 0x00000007d76e0c68 at /home/jmm/scratch/jdk/openjdk-7-7u25-2.3.10/build/openjdk/hotspot/src/share/vm/prims/jvm.cpp:1235
Event: 1.185 Thread 0x00007f10e43d0800 Threw 0x00000007d76e74b0 at /home/jmm/scratch/jdk/openjdk-7-7u25-2.3.10/build/openjdk/hotspot/src/share/vm/prims/jvm.cpp:1235
Event: 1.185 Thread 0x00007f10e43d0800 Threw 0x00000007d76e7b78 at /home/jmm/scratch/jdk/openjdk-7-7u25-2.3.10/build/openjdk/hotspot/src/share/vm/prims/jvm.cpp:1235
Event: 1.185 Thread 0x00007f10e43d0800 Threw 0x00000007d76e8b10 at /home/jmm/scratch/jdk/openjdk-7-7u25-2.3.10/build/openjdk/hotspot/src/share/vm/prims/jvm.cpp:1235
Event: 1.186 Thread 0x00007f10e43d0800 Threw 0x00000007d76ecd68 at /home/jmm/scratch/jdk/openjdk-7-7u25-2.3.10/build/openjdk/hotspot/src/share/vm/prims/jvm.cpp:1235
Event: 1.197 Thread 0x00007f10e43a6000 Threw 0x00000007d8104c30 at /home/jmm/scratch/jdk/openjdk-7-7u25-2.3.10/build/openjdk/hotspot/src/share/vm/interpreter/interpreterR
Event: 1.197 Thread 0x00007f10e43a6000 Threw 0x00000007d81059e0 at /home/jmm/scratch/jdk/openjdk-7-7u25-2.3.10/build/openjdk/hotspot/src/share/vm/interpreter/interpreterR
Event: 1.215 Thread 0x00007f10e43d0800 Threw 0x00000007d81a7ef8 at /home/jmm/scratch/jdk/openjdk-7-7u25-2.3.10/build/openjdk/hotspot/src/share/vm/prims/jvm.cpp:1235
Event: 1.216 Thread 0x00007f10e43d0800 Threw 0x00000007d81ab308 at /home/jmm/scratch/jdk/openjdk-7-7u25-2.3.10/build/openjdk/hotspot/src/share/vm/prims/jvm.cpp:1235

Events (10 events):
Event: 1.199 loading class 0x00007f10e442c8e0 done
Event: 1.214 loading class 0x00000000008a5350
Event: 1.214 loading class 0x00000000008a5350 done
Event: 1.214 loading class 0x00007f10e44355b0
Event: 1.214 loading class 0x00007f10e44355b0 done
Event: 1.215 loading class 0x00007f10d8006020
Event: 1.215 loading class 0x00007f10d8006020 done
Event: 1.216 loading class 0x00007f10e4456310
Event: 1.216 loading class 0x00007f10e4456310 done
Event: 1.217 loading class 0x00000000008a01a0


Dynamic libraries:
00400000-00401000 r-xp 00000000 08:05 7876088                            /usr/lib/jvm/java-7-openjdk-amd64/jre/bin/java
00600000-00601000 r--p 00000000 08:05 7876088                            /usr/lib/jvm/java-7-openjdk-amd64/jre/bin/java
00601000-00602000 rw-p 00001000 08:05 7876088                            /usr/lib/jvm/java-7-openjdk-amd64/jre/bin/java
007b4000-00af6000 rw-p 00000000 00:00 0                                  [heap]
779000000-77a4c0000 rw-p 00000000 00:00 0 
77a4c0000-783600000 rw-p 00000000 00:00 0 
783600000-788920000 rw-p 00000000 00:00 0 
788920000-7d6760000 rw-p 00000000 00:00 0 
7d6760000-7d90e0000 rw-p 00000000 00:00 0 
7d90e0000-800000000 rw-p 00000000 00:00 0 
7f10cdde0000-7f10d1de1000 rw-s 00000000 00:11 2153079                    /run/shm/pulse-shm-23820838
7f10d1de7000-7f10d1de8000 ---p 00000000 00:00 0 
7f10d1de8000-7f10d25e8000 rw-p 00000000 00:00 0 
7f10d5e17000-7f10d5e1a000 ---p 00000000 00:00 0 
7f10d5e1a000-7f10d5f18000 rw-p 00000000 00:00 0 
7f10d5f18000-7f10d5fca000 r-xp 00000000 08:05 9709272                    /tmp/libpdnative7140303416222236326.so
7f10d5fca000-7f10d61ca000 ---p 000b2000 08:05 9709272                    /tmp/libpdnative7140303416222236326.so
7f10d61ca000-7f10d61cd000 rw-p 000b2000 08:05 9709272                    /tmp/libpdnative7140303416222236326.so
7f10d61cd000-7f10d61da000 rw-p 00000000 00:00 0 
7f10d61de000-7f10d61e1000 ---p 00000000 00:00 0 
7f10d61e1000-7f10d62df000 rw-p 00000000 00:00 0 
7f10d62df000-7f10d62e2000 ---p 00000000 00:00 0 
7f10d62e2000-7f10d63e0000 rw-p 00000000 00:00 0 
7f10d63e0000-7f10d63ed000 r-xp 00000000 08:05 9967722                    /usr/lib/jvm/java-7-openjdk-amd64/jre/lib/amd64/libpulse-java.so
7f10d63ed000-7f10d65ec000 ---p 0000d000 08:05 9967722                    /usr/lib/jvm/java-7-openjdk-amd64/jre/lib/amd64/libpulse-java.so
7f10d65ec000-7f10d65ed000 r--p 0000c000 08:05 9967722                    /usr/lib/jvm/java-7-openjdk-amd64/jre/lib/amd64/libpulse-java.so
7f10d65ed000-7f10d65ee000 rw-p 0000d000 08:05 9967722                    /usr/lib/jvm/java-7-openjdk-amd64/jre/lib/amd64/libpulse-java.so
7f10d65f0000-7f10d65f6000 r-xp 00000000 08:05 8132597                    /usr/lib/x86_64-linux-gnu/libogg.so.0.8.0
7f10d65f6000-7f10d67f5000 ---p 00006000 08:05 8132597                    /usr/lib/x86_64-linux-gnu/libogg.so.0.8.0
7f10d67f5000-7f10d67f6000 rw-p 00005000 08:05 8132597                    /usr/lib/x86_64-linux-gnu/libogg.so.0.8.0
7f10d67f8000-7f10d6824000 r-xp 00000000 08:05 8132806                    /usr/lib/x86_64-linux-gnu/libvorbis.so.0.4.5
7f10d6824000-7f10d6a23000 ---p 0002c000 08:05 8132806                    /usr/lib/x86_64-linux-gnu/libvorbis.so.0.4.5
7f10d6a23000-7f10d6a24000 r--p 0002b000 08:05 8132806                    /usr/lib/x86_64-linux-gnu/libvorbis.so.0.4.5
7f10d6a24000-7f10d6a25000 rw-p 0002c000 08:05 8132806                    /usr/lib/x86_64-linux-gnu/libvorbis.so.0.4.5
7f10d6a28000-7f10d6cdb000 r-xp 00000000 08:05 8132808                    /usr/lib/x86_64-linux-gnu/libvorbisenc.so.2.0.8
7f10d6cdb000-7f10d6eda000 ---p 002b3000 08:05 8132808                    /usr/lib/x86_64-linux-gnu/libvorbisenc.so.2.0.8
7f10d6eda000-7f10d6ef6000 r--p 002b2000 08:05 8132808                    /usr/lib/x86_64-linux-gnu/libvorbisenc.so.2.0.8
7f10d6ef6000-7f10d6ef7000 rw-p 002ce000 08:05 8132808                    /usr/lib/x86_64-linux-gnu/libvorbisenc.so.2.0.8
7f10d6ef8000-7f10d6f43000 r-xp 00000000 08:05 8132007                    /usr/lib/x86_64-linux-gnu/libFLAC.so.8.2.0
7f10d6f43000-7f10d7142000 ---p 0004b000 08:05 8132007                    /usr/lib/x86_64-linux-gnu/libFLAC.so.8.2.0
7f10d7142000-7f10d7143000 r--p 0004a000 08:05 8132007                    /usr/lib/x86_64-linux-gnu/libFLAC.so.8.2.0
7f10d7143000-7f10d7144000 rw-p 0004b000 08:05 8132007                    /usr/lib/x86_64-linux-gnu/libFLAC.so.8.2.0
7f10d7148000-7f10d714c000 r-xp 00000000 08:05 5374967                    /lib/x86_64-linux-gnu/libuuid.so.1.3.0
7f10d714c000-7f10d734b000 ---p 00004000 08:05 5374967                    /lib/x86_64-linux-gnu/libuuid.so.1.3.0
7f10d734b000-7f10d734c000 r--p 00003000 08:05 5374967                    /lib/x86_64-linux-gnu/libuuid.so.1.3.0
7f10d734c000-7f10d734d000 rw-p 00004000 08:05 5374967                    /lib/x86_64-linux-gnu/libuuid.so.1.3.0
7f10d7350000-7f10d7354000 r-xp 00000000 08:05 5374819                    /lib/x86_64-linux-gnu/libattr.so.1.1.0
7f10d7354000-7f10d7553000 ---p 00004000 08:05 5374819                    /lib/x86_64-linux-gnu/libattr.so.1.1.0
7f10d7553000-7f10d7554000 r--p 00003000 08:05 5374819                    /lib/x86_64-linux-gnu/libattr.so.1.1.0
7f10d7554000-7f10d7555000 rw-p 00004000 08:05 5374819                    /lib/x86_64-linux-gnu/libattr.so.1.1.0
7f10d7558000-7f10d755d000 r-xp 00000000 08:05 8132104                    /usr/lib/x86_64-linux-gnu/libasyncns.so.0.3.1
7f10d755d000-7f10d775c000 ---p 00005000 08:05 8132104                    /usr/lib/x86_64-linux-gnu/libasyncns.so.0.3.1
7f10d775c000-7f10d775d000 rw-p 00004000 08:05 8132104                    /usr/lib/x86_64-linux-gnu/libasyncns.so.0.3.1
7f10d7760000-7f10d77c1000 r-xp 00000000 08:05 8132721                    /usr/lib/x86_64-linux-gnu/libsndfile.so.1.0.25
7f10d77c1000-7f10d79c0000 ---p 00061000 08:05 8132721                    /usr/lib/x86_64-linux-gnu/libsndfile.so.1.0.25
7f10d79c0000-7f10d79c2000 r--p 00060000 08:05 8132721                    /usr/lib/x86_64-linux-gnu/libsndfile.so.1.0.25
7f10d79c2000-7f10d79c3000 rw-p 00062000 08:05 8132721                    /usr/lib/x86_64-linux-gnu/libsndfile.so.1.0.25
7f10d79c3000-7f10d79c7000 rw-p 00000000 00:00 0 
7f10d79c8000-7f10d79d1000 r-xp 00000000 08:05 5374969                    /lib/x86_64-linux-gnu/libwrap.so.0.7.6
7f10d79d1000-7f10d7bd0000 ---p 00009000 08:05 5374969                    /lib/x86_64-linux-gnu/libwrap.so.0.7.6
7f10d7bd0000-7f10d7bd1000 r--p 00008000 08:05 5374969                    /lib/x86_64-linux-gnu/libwrap.so.0.7.6
7f10d7bd1000-7f10d7bd2000 rw-p 00009000 08:05 5374969                    /lib/x86_64-linux-gnu/libwrap.so.0.7.6
7f10d7bd2000-7f10d7bd3000 rw-p 00000000 00:00 0 
7f10d7bd8000-7f10d7bdf000 r-xp 00000000 08:05 8132027                    /usr/lib/x86_64-linux-gnu/libSM.so.6.0.1
7f10d7bdf000-7f10d7dde000 ---p 00007000 08:05 8132027                    /usr/lib/x86_64-linux-gnu/libSM.so.6.0.1
7f10d7dde000-7f10d7ddf000 rw-p 00006000 08:05 8132027                    /usr/lib/x86_64-linux-gnu/libSM.so.6.0.1
7f10d7de0000-7f10d7df7000 r-xp 00000000 08:05 8132017                    /usr/lib/x86_64-linux-gnu/libICE.so.6.3.0
7f10d7df7000-7f10d7ff6000 ---p 00017000 08:05 8132017                    /usr/lib/x86_64-linux-gnu/libICE.so.6.3.0
7f10d7ff6000-7f10d7ff8000 rw-p 00016000 08:05 8132017                    /usr/lib/x86_64-linux-gnu/libICE.so.6.3.0
7f10d7ff8000-7f10d7ffb000 rw-p 00000000 00:00 0 
7f10d8000000-7f10d80e0000 rw-p 00000000 00:00 0 
7f10d80e0000-7f10dc000000 ---p 00000000 00:00 0 
7f10dc018000-7f10dc019000 r-xp 00000000 08:05 8132034                    /usr/lib/x86_64-linux-gnu/libX11-xcb.so.1.0.0
7f10dc019000-7f10dc218000 ---p 00001000 08:05 8132034                    /usr/lib/x86_64-linux-gnu/libX11-xcb.so.1.0.0
7f10dc218000-7f10dc219000 rw-p 00000000 08:05 8132034                    /usr/lib/x86_64-linux-gnu/libX11-xcb.so.1.0.0
7f10dc220000-7f10dc224000 r-xp 00000000 08:05 5374832                    /lib/x86_64-linux-gnu/libcap.so.2.22
7f10dc224000-7f10dc423000 ---p 00004000 08:05 5374832                    /lib/x86_64-linux-gnu/libcap.so.2.22
7f10dc423000-7f10dc424000 rw-p 00003000 08:05 5374832                    /lib/x86_64-linux-gnu/libcap.so.2.22
7f10dc428000-7f10dc489000 r-xp 00000000 08:05 8258130                    /usr/lib/x86_64-linux-gnu/pulseaudio/libpulsecommon-2.0.so
7f10dc489000-7f10dc688000 ---p 00061000 08:05 8258130                    /usr/lib/x86_64-linux-gnu/pulseaudio/libpulsecommon-2.0.so
7f10dc688000-7f10dc689000 r--p 00060000 08:05 8258130                    /usr/lib/x86_64-linux-gnu/pulseaudio/libpulsecommon-2.0.so
7f10dc689000-7f10dc68b000 rw-p 00061000 08:05 8258130                    /usr/lib/x86_64-linux-gnu/pulseaudio/libpulsecommon-2.0.so
7f10dc690000-7f10dc699000 r-xp 00000000 08:05 5374868                    /lib/x86_64-linux-gnu/libjson.so.0.1.0
7f10dc699000-7f10dc898000 ---p 00009000 08:05 5374868                    /lib/x86_64-linux-gnu/libjson.so.0.1.0
7f10dc898000-7f10dc899000 r--p 00008000 08:05 5374868                    /lib/x86_64-linux-gnu/libjson.so.0.1.0
7f10dc899000-7f10dc89a000 rw-p 00009000 08:05 5374868                    /lib/x86_64-linux-gnu/libjson.so.0.1.0
7f10dc8a0000-7f10dc8e9000 r-xp 00000000 08:05 8132674                    /usr/lib/x86_64-linux-gnu/libpulse.so.0.14.2
7f10dc8e9000-7f10dcae8000 ---p 00049000 08:05 8132674                    /usr/lib/x86_64-linux-gnu/libpulse.so.0.14.2
7f10dcae8000-7f10dcae9000 r--p 00048000 08:05 8132674                    /usr/lib/x86_64-linux-gnu/libpulse.so.0.14.2
7f10dcae9000-7f10dcaea000 rw-p 00049000 08:05 8132674                    /usr/lib/x86_64-linux-gnu/libpulse.so.0.14.2
7f10dcaf0000-7f10dcaf6000 r-xp 00000000 08:05 8131172                    /usr/lib/x86_64-linux-gnu/alsa-lib/libasound_module_pcm_pulse.so
7f10dcaf6000-7f10dccf5000 ---p 00006000 08:05 8131172                    /usr/lib/x86_64-linux-gnu/alsa-lib/libasound_module_pcm_pulse.so
7f10dccf5000-7f10dccf6000 r--p 00005000 08:05 8131172                    /usr/lib/x86_64-linux-gnu/alsa-lib/libasound_module_pcm_pulse.so
7f10dccf6000-7f10dccf7000 rw-p 00006000 08:05 8131172                    /usr/lib/x86_64-linux-gnu/alsa-lib/libasound_module_pcm_pulse.so
7f10dccf8000-7f10dcde4000 r-xp 00000000 08:05 8132098                    /usr/lib/x86_64-linux-gnu/libasound.so.2.0.0
7f10dcde4000-7f10dcfe4000 ---p 000ec000 08:05 8132098                    /usr/lib/x86_64-linux-gnu/libasound.so.2.0.0
7f10dcfe4000-7f10dcfea000 r--p 000ec000 08:05 8132098                    /usr/lib/x86_64-linux-gnu/libasound.so.2.0.0
7f10dcfea000-7f10dcfec000 rw-p 000f2000 08:05 8132098                    /usr/lib/x86_64-linux-gnu/libasound.so.2.0.0
7f10dcff0000-7f10dcfff000 r-xp 00000000 08:05 9967721                    /usr/lib/jvm/java-7-openjdk-amd64/jre/lib/amd64/libjsoundalsa.so
7f10dcfff000-7f10dd1fe000 ---p 0000f000 08:05 9967721                    /usr/lib/jvm/java-7-openjdk-amd64/jre/lib/amd64/libjsoundalsa.so
7f10dd1fe000-7f10dd1ff000 r--p 0000e000 08:05 9967721                    /usr/lib/jvm/java-7-openjdk-amd64/jre/lib/amd64/libjsoundalsa.so
7f10dd1ff000-7f10dd200000 rw-p 0000f000 08:05 9967721                    /usr/lib/jvm/java-7-openjdk-amd64/jre/lib/amd64/libjsoundalsa.so
7f10dd200000-7f10dd201000 r-xp 00000000 08:05 9967621                    /usr/lib/jvm/java-7-openjdk-amd64/jre/lib/amd64/libjsound.so
7f10dd201000-7f10dd400000 ---p 00001000 08:05 9967621                    /usr/lib/jvm/java-7-openjdk-amd64/jre/lib/amd64/libjsound.so
7f10dd400000-7f10dd401000 r--p 00000000 08:05 9967621                    /usr/lib/jvm/java-7-openjdk-amd64/jre/lib/amd64/libjsound.so
7f10dd401000-7f10dd402000 rw-p 00001000 08:05 9967621                    /usr/lib/jvm/java-7-openjdk-amd64/jre/lib/amd64/libjsound.so
7f10dd402000-7f10dd405000 ---p 00000000 00:00 0 
7f10dd405000-7f10dd503000 rw-p 00000000 00:00 0 
7f10dd503000-7f10dd506000 ---p 00000000 00:00 0 
7f10dd506000-7f10dd604000 rw-p 00000000 00:00 0 
7f10dd604000-7f10dd607000 ---p 00000000 00:00 0 
7f10dd607000-7f10dd705000 rw-p 00000000 00:00 0 
7f10dd705000-7f10dd708000 ---p 00000000 00:00 0 
7f10dd708000-7f10dd806000 rw-p 00000000 00:00 0 
7f10dd806000-7f10dd809000 ---p 00000000 00:00 0 
7f10dd809000-7f10dd907000 rw-p 00000000 00:00 0 
7f10dd907000-7f10dd90a000 ---p 00000000 00:00 0 
7f10dd90a000-7f10dda08000 rw-p 00000000 00:00 0 
7f10dda08000-7f10dda0b000 ---p 00000000 00:00 0 
7f10dda0b000-7f10ddb09000 rw-p 00000000 00:00 0 
7f10ddb09000-7f10ddb0c000 ---p 00000000 00:00 0 
7f10ddb0c000-7f10ddc0a000 rw-p 00000000 00:00 0 
7f10ddc0a000-7f10ddc0d000 ---p 00000000 00:00 0 
7f10ddc0d000-7f10ddd0b000 rw-p 00000000 00:00 0 
7f10ddd0b000-7f10ddd0e000 ---p 00000000 00:00 0 
7f10ddd0e000-7f10dde0c000 rw-p 00000000 00:00 0 
7f10dde0c000-7f10dde0f000 ---p 00000000 00:00 0 
7f10dde0f000-7f10ddf0d000 rw-p 00000000 00:00 0 
7f10ddf0d000-7f10ddf10000 ---p 00000000 00:00 0 
7f10ddf10000-7f10de00e000 rw-p 00000000 00:00 0 
7f10de00e000-7f10de011000 ---p 00000000 00:00 0 
7f10de011000-7f10de10f000 rw-p 00000000 00:00 0 
7f10de10f000-7f10de112000 ---p 00000000 00:00 0 
7f10de112000-7f10de210000 rw-p 00000000 00:00 0 
7f10de210000-7f10de213000 ---p 00000000 00:00 0 
7f10de213000-7f10de311000 rw-p 00000000 00:00 0 
7f10de311000-7f10de314000 ---p 00000000 00:00 0 
7f10de314000-7f10de412000 rw-p 00000000 00:00 0 
7f10de412000-7f10de415000 ---p 00000000 00:00 0 
7f10de415000-7f10de513000 rw-p 00000000 00:00 0 
7f10de513000-7f10de516000 ---p 00000000 00:00 0 
7f10de516000-7f10de614000 rw-p 00000000 00:00 0 
7f10de614000-7f10de617000 ---p 00000000 00:00 0 
7f10de617000-7f10de715000 rw-p 00000000 00:00 0 
7f10de715000-7f10de718000 ---p 00000000 00:00 0 
7f10de718000-7f10de816000 rw-p 00000000 00:00 0 
7f10de816000-7f10de819000 ---p 00000000 00:00 0 
7f10de819000-7f10de917000 rw-p 00000000 00:00 0 
7f10de917000-7f10de91a000 ---p 00000000 00:00 0 
7f10de91a000-7f10dea18000 rw-p 00000000 00:00 0 
7f10dea18000-7f10dea1b000 r-xp 00000000 08:05 5374859                    /lib/x86_64-linux-gnu/libgpg-error.so.0.8.0
7f10dea1b000-7f10dec1a000 ---p 00003000 08:05 5374859                    /lib/x86_64-linux-gnu/libgpg-error.so.0.8.0
7f10dec1a000-7f10dec1b000 rw-p 00002000 08:05 5374859                    /lib/x86_64-linux-gnu/libgpg-error.so.0.8.0
7f10dec20000-7f10dec64000 r-xp 00000000 08:05 5374854                    /lib/x86_64-linux-gnu/libdbus-1.so.3.7.2
7f10dec64000-7f10dee64000 ---p 00044000 08:05 5374854                    /lib/x86_64-linux-gnu/libdbus-1.so.3.7.2
7f10dee64000-7f10dee65000 r--p 00044000 08:05 5374854                    /lib/x86_64-linux-gnu/libdbus-1.so.3.7.2
7f10dee65000-7f10dee66000 rw-p 00045000 08:05 5374854                    /lib/x86_64-linux-gnu/libdbus-1.so.3.7.2
7f10dee68000-7f10dee79000 r-xp 00000000 08:05 8132613                    /usr/lib/x86_64-linux-gnu/libp11-kit.so.0.0.0
7f10dee79000-7f10df078000 ---p 00011000 08:05 8132613                    /usr/lib/x86_64-linux-gnu/libp11-kit.so.0.0.0
7f10df078000-7f10df079000 r--p 00010000 08:05 8132613                    /usr/lib/x86_64-linux-gnu/libp11-kit.so.0.0.0
7f10df079000-7f10df07a000 rw-p 00011000 08:05 8132613                    /usr/lib/x86_64-linux-gnu/libp11-kit.so.0.0.0
7f10df080000-7f10df0fa000 r-xp 00000000 08:05 5375117                    /lib/x86_64-linux-gnu/libgcrypt.so.11.7.0
7f10df0fa000-7f10df2fa000 ---p 0007a000 08:05 5375117                    /lib/x86_64-linux-gnu/libgcrypt.so.11.7.0
7f10df2fa000-7f10df2fb000 r--p 0007a000 08:05 5375117                    /lib/x86_64-linux-gnu/libgcrypt.so.11.7.0
7f10df2fb000-7f10df2fe000 rw-p 0007b000 08:05 5375117                    /lib/x86_64-linux-gnu/libgcrypt.so.11.7.0
7f10df300000-7f10df310000 r-xp 00000000 08:05 8132758                    /usr/lib/x86_64-linux-gnu/libtasn1.so.3.1.16
7f10df310000-7f10df50f000 ---p 00010000 08:05 8132758                    /usr/lib/x86_64-linux-gnu/libtasn1.so.3.1.16
7f10df50f000-7f10df510000 r--p 0000f000 08:05 8132758                    /usr/lib/x86_64-linux-gnu/libtasn1.so.3.1.16
7f10df510000-7f10df511000 rw-p 00010000 08:05 8132758                    /usr/lib/x86_64-linux-gnu/libtasn1.so.3.1.16
7f10df518000-7f10df51b000 r-xp 00000000 08:05 5374870                    /lib/x86_64-linux-gnu/libkeyutils.so.1.4
7f10df51b000-7f10df71a000 ---p 00003000 08:05 5374870                    /lib/x86_64-linux-gnu/libkeyutils.so.1.4
7f10df71a000-7f10df71b000 r--p 00002000 08:05 5374870                    /lib/x86_64-linux-gnu/libkeyutils.so.1.4
7f10df71b000-7f10df71c000 rw-p 00003000 08:05 5374870                    /lib/x86_64-linux-gnu/libkeyutils.so.1.4
7f10df720000-7f10df728000 r-xp 00000000 08:05 8132512                    /usr/lib/x86_64-linux-gnu/libkrb5support.so.0.1
7f10df728000-7f10df927000 ---p 00008000 08:05 8132512                    /usr/lib/x86_64-linux-gnu/libkrb5support.so.0.1
7f10df927000-7f10df928000 r--p 00007000 08:05 8132512                    /usr/lib/x86_64-linux-gnu/libkrb5support.so.0.1
7f10df928000-7f10df929000 rw-p 00008000 08:05 8132512                    /usr/lib/x86_64-linux-gnu/libkrb5support.so.0.1
7f10df930000-7f10df933000 r-xp 00000000 08:05 5374836                    /lib/x86_64-linux-gnu/libcom_err.so.2.1
7f10df933000-7f10dfb32000 ---p 00003000 08:05 5374836                    /lib/x86_64-linux-gnu/libcom_err.so.2.1
7f10dfb32000-7f10dfb33000 r--p 00002000 08:05 5374836                    /lib/x86_64-linux-gnu/libcom_err.so.2.1
7f10dfb33000-7f10dfb34000 rw-p 00003000 08:05 5374836                    /lib/x86_64-linux-gnu/libcom_err.so.2.1
7f10dfb38000-7f10dfb5e000 r-xp 00000000 08:05 8130803                    /usr/lib/x86_64-linux-gnu/libk5crypto.so.3.1
7f10dfb5e000-7f10dfd5e000 ---p 00026000 08:05 8130803                    /usr/lib/x86_64-linux-gnu/libk5crypto.so.3.1
7f10dfd5e000-7f10dfd5f000 r--p 00026000 08:05 8130803                    /usr/lib/x86_64-linux-gnu/libk5crypto.so.3.1
7f10dfd5f000-7f10dfd60000 rw-p 00027000 08:05 8130803                    /usr/lib/x86_64-linux-gnu/libk5crypto.so.3.1
7f10dfd60000-7f10dfd61000 rw-p 00000000 00:00 0 
7f10dfd68000-7f10dfe31000 r-xp 00000000 08:05 8132391                    /usr/lib/x86_64-linux-gnu/libkrb5.so.3.3
7f10dfe31000-7f10e0030000 ---p 000c9000 08:05 8132391                    /usr/lib/x86_64-linux-gnu/libkrb5.so.3.3
7f10e0030000-7f10e003a000 r--p 000c8000 08:05 8132391                    /usr/lib/x86_64-linux-gnu/libkrb5.so.3.3
7f10e003a000-7f10e003c000 rw-p 000d2000 08:05 8132391                    /usr/lib/x86_64-linux-gnu/libkrb5.so.3.3
7f10e0040000-7f10e0045000 r-xp 00000000 08:05 8132050                    /usr/lib/x86_64-linux-gnu/libXdmcp.so.6.0.0
7f10e0045000-7f10e0244000 ---p 00005000 08:05 8132050                    /usr/lib/x86_64-linux-gnu/libXdmcp.so.6.0.0
7f10e0244000-7f10e0245000 rw-p 00004000 08:05 8132050                    /usr/lib/x86_64-linux-gnu/libXdmcp.so.6.0.0
7f10e0248000-7f10e024a000 r-xp 00000000 08:05 8132039                    /usr/lib/x86_64-linux-gnu/libXau.so.6.0.0
7f10e024a000-7f10e044a000 ---p 00002000 08:05 8132039                    /usr/lib/x86_64-linux-gnu/libXau.so.6.0.0
7f10e044a000-7f10e044b000 rw-p 00002000 08:05 8132039                    /usr/lib/x86_64-linux-gnu/libXau.so.6.0.0
7f10e0450000-7f10e0460000 r-xp 00000000 08:05 8132114                    /usr/lib/x86_64-linux-gnu/libavahi-client.so.3.2.9
7f10e0460000-7f10e065f000 ---p 00010000 08:05 8132114                    /usr/lib/x86_64-linux-gnu/libavahi-client.so.3.2.9
7f10e065f000-7f10e0660000 r--p 0000f000 08:05 8132114                    /usr/lib/x86_64-linux-gnu/libavahi-client.so.3.2.9
7f10e0660000-7f10e0661000 rw-p 00010000 08:05 8132114                    /usr/lib/x86_64-linux-gnu/libavahi-client.so.3.2.9
7f10e0668000-7f10e0674000 r-xp 00000000 08:05 8132116                    /usr/lib/x86_64-linux-gnu/libavahi-common.so.3.5.3
7f10e0674000-7f10e0873000 ---p 0000c000 08:05 8132116                    /usr/lib/x86_64-linux-gnu/libavahi-common.so.3.5.3
7f10e0873000-7f10e0874000 r--p 0000b000 08:05 8132116                    /usr/lib/x86_64-linux-gnu/libavahi-common.so.3.5.3
7f10e0874000-7f10e0875000 rw-p 0000c000 08:05 8132116                    /usr/lib/x86_64-linux-gnu/libavahi-common.so.3.5.3
7f10e0878000-7f10e0931000 r-xp 00000000 08:05 8132366                    /usr/lib/x86_64-linux-gnu/libgnutls.so.26.22.4
7f10e0931000-7f10e0b30000 ---p 000b9000 08:05 8132366                    /usr/lib/x86_64-linux-gnu/libgnutls.so.26.22.4
7f10e0b30000-7f10e0b36000 r--p 000b8000 08:05 8132366                    /usr/lib/x86_64-linux-gnu/libgnutls.so.26.22.4
7f10e0b36000-7f10e0b38000 rw-p 000be000 08:05 8132366                    /usr/lib/x86_64-linux-gnu/libgnutls.so.26.22.4
7f10e0b38000-7f10e0b74000 r-xp 00000000 08:05 8130805                    /usr/lib/x86_64-linux-gnu/libgssapi_krb5.so.2.2
7f10e0b74000-7f10e0d74000 ---p 0003c000 08:05 8130805                    /usr/lib/x86_64-linux-gnu/libgssapi_krb5.so.2.2
7f10e0d74000-7f10e0d75000 r--p 0003c000 08:05 8130805                    /usr/lib/x86_64-linux-gnu/libgssapi_krb5.so.2.2
7f10e0d75000-7f10e0d77000 rw-p 0003d000 08:05 8130805                    /usr/lib/x86_64-linux-gnu/libgssapi_krb5.so.2.2
7f10e0d78000-7f10e0d9f000 r-xp 00000000 08:05 5374848                    /lib/x86_64-linux-gnu/libexpat.so.1.6.0
7f10e0d9f000-7f10e0f9f000 ---p 00027000 08:05 5374848                    /lib/x86_64-linux-gnu/libexpat.so.1.6.0
7f10e0f9f000-7f10e0fa1000 r--p 00027000 08:05 5374848                    /lib/x86_64-linux-gnu/libexpat.so.1.6.0
7f10e0fa1000-7f10e0fa2000 rw-p 00029000 08:05 5374848                    /lib/x86_64-linux-gnu/libexpat.so.1.6.0
7f10e0fa8000-7f10e0fb0000 r-xp 00000000 08:05 8130756                    /usr/lib/x86_64-linux-gnu/libxcb-render.so.0.0.0
7f10e0fb0000-7f10e11b0000 ---p 00008000 08:05 8130756                    /usr/lib/x86_64-linux-gnu/libxcb-render.so.0.0.0
7f10e11b0000-7f10e11b1000 r--p 00008000 08:05 8130756                    /usr/lib/x86_64-linux-gnu/libxcb-render.so.0.0.0
7f10e11b1000-7f10e11b2000 rw-p 00009000 08:05 8130756                    /usr/lib/x86_64-linux-gnu/libxcb-render.so.0.0.0
7f10e11b8000-7f10e11ba000 r-xp 00000000 08:05 8130760                    /usr/lib/x86_64-linux-gnu/libxcb-shm.so.0.0.0
7f10e11ba000-7f10e13b9000 ---p 00002000 08:05 8130760                    /usr/lib/x86_64-linux-gnu/libxcb-shm.so.0.0.0
7f10e13b9000-7f10e13ba000 r--p 00001000 08:05 8130760                    /usr/lib/x86_64-linux-gnu/libxcb-shm.so.0.0.0
7f10e13ba000-7f10e13bb000 rw-p 00002000 08:05 8130760                    /usr/lib/x86_64-linux-gnu/libxcb-shm.so.0.0.0
7f10e13c0000-7f10e1440000 r-xp 00000000 08:05 8132643                    /usr/lib/x86_64-linux-gnu/libpixman-1.so.0.26.0
7f10e1440000-7f10e1640000 ---p 00080000 08:05 8132643                    /usr/lib/x86_64-linux-gnu/libpixman-1.so.0.26.0
7f10e1640000-7f10e1646000 rw-p 00080000 08:05 8132643                    /usr/lib/x86_64-linux-gnu/libpixman-1.so.0.26.0
7f10e1648000-7f10e166e000 r-xp 00000000 08:05 5374925                    /lib/x86_64-linux-gnu/libpng12.so.0.49.0
7f10e166e000-7f10e186d000 ---p 00026000 08:05 5374925                    /lib/x86_64-linux-gnu/libpng12.so.0.49.0
7f10e186d000-7f10e186e000 r--p 00025000 08:05 5374925                    /lib/x86_64-linux-gnu/libpng12.so.0.49.0
7f10e186e000-7f10e186f000 rw-p 00026000 08:05 5374925                    /lib/x86_64-linux-gnu/libpng12.so.0.49.0
7f10e1870000-7f10e187a000 r-xp 00000000 08:05 8130762                    /usr/lib/x86_64-linux-gnu/libXcursor.so.1.0.2
7f10e187a000-7f10e1a79000 ---p 0000a000 08:05 8130762                    /usr/lib/x86_64-linux-gnu/libXcursor.so.1.0.2
7f10e1a79000-7f10e1a7a000 rw-p 00009000 08:05 8130762                    /usr/lib/x86_64-linux-gnu/libXcursor.so.1.0.2
7f10e1a80000-7f10e1a87000 r-xp 00000000 08:05 8130751                    /usr/lib/x86_64-linux-gnu/libXrandr.so.2.2.0
7f10e1a87000-7f10e1c87000 ---p 00007000 08:05 8130751                    /usr/lib/x86_64-linux-gnu/libXrandr.so.2.2.0
7f10e1c87000-7f10e1c88000 rw-p 00007000 08:05 8130751                    /usr/lib/x86_64-linux-gnu/libXrandr.so.2.2.0
7f10e1c88000-7f10e1c8a000 r-xp 00000000 08:05 8129749                    /usr/lib/x86_64-linux-gnu/libXinerama.so.1.0.0
7f10e1c8a000-7f10e1e89000 ---p 00002000 08:05 8129749                    /usr/lib/x86_64-linux-gnu/libXinerama.so.1.0.0
7f10e1e89000-7f10e1e8a000 rw-p 00001000 08:05 8129749                    /usr/lib/x86_64-linux-gnu/libXinerama.so.1.0.0
7f10e1e90000-7f10e1e95000 r-xp 00000000 08:05 8132051                    /usr/lib/x86_64-linux-gnu/libXfixes.so.3.1.0
7f10e1e95000-7f10e2094000 ---p 00005000 08:05 8132051                    /usr/lib/x86_64-linux-gnu/libXfixes.so.3.1.0
7f10e2094000-7f10e2095000 r--p 00004000 08:05 8132051                    /usr/lib/x86_64-linux-gnu/libXfixes.so.3.1.0
7f10e2095000-7f10e2096000 rw-p 00005000 08:05 8132051                    /usr/lib/x86_64-linux-gnu/libXfixes.so.3.1.0
7f10e2098000-7f10e209a000 r-xp 00000000 08:05 8132048                    /usr/lib/x86_64-linux-gnu/libXdamage.so.1.1.0
7f10e209a000-7f10e2299000 ---p 00002000 08:05 8132048                    /usr/lib/x86_64-linux-gnu/libXdamage.so.1.1.0
7f10e2299000-7f10e229a000 rw-p 00001000 08:05 8132048                    /usr/lib/x86_64-linux-gnu/libXdamage.so.1.1.0
7f10e22a0000-7f10e22a2000 r-xp 00000000 08:05 8132044                    /usr/lib/x86_64-linux-gnu/libXcomposite.so.1.0.0
7f10e22a2000-7f10e24a1000 ---p 00002000 08:05 8132044                    /usr/lib/x86_64-linux-gnu/libXcomposite.so.1.0.0
7f10e24a1000-7f10e24a2000 rw-p 00001000 08:05 8132044                    /usr/lib/x86_64-linux-gnu/libXcomposite.so.1.0.0
7f10e24a8000-7f10e24c7000 r-xp 00000000 08:05 8132364                    /usr/lib/x86_64-linux-gnu/libxcb.so.1.1.0
7f10e24c7000-7f10e26c6000 ---p 0001f000 08:05 8132364                    /usr/lib/x86_64-linux-gnu/libxcb.so.1.1.0
7f10e26c6000-7f10e26c7000 r--p 0001e000 08:05 8132364                    /usr/lib/x86_64-linux-gnu/libxcb.so.1.1.0
7f10e26c7000-7f10e26c8000 rw-p 0001f000 08:05 8132364                    /usr/lib/x86_64-linux-gnu/libxcb.so.1.1.0
7f10e26c8000-7f10e271b000 r-xp 00000000 08:05 8132196                    /usr/lib/x86_64-linux-gnu/libcups.so.2
7f10e271b000-7f10e291a000 ---p 00053000 08:05 8132196                    /usr/lib/x86_64-linux-gnu/libcups.so.2
7f10e291a000-7f10e291f000 r--p 00052000 08:05 8132196                    /usr/lib/x86_64-linux-gnu/libcups.so.2
7f10e291f000-7f10e2920000 rw-p 00057000 08:05 8132196                    /usr/lib/x86_64-linux-gnu/libcups.so.2
7f10e2920000-7f10e2955000 r-xp 00000000 08:05 8132306                    /usr/lib/x86_64-linux-gnu/libfontconfig.so.1.5.0
7f10e2955000-7f10e2b55000 ---p 00035000 08:05 8132306                    /usr/lib/x86_64-linux-gnu/libfontconfig.so.1.5.0
7f10e2b55000-7f10e2b56000 r--p 00035000 08:05 8132306                    /usr/lib/x86_64-linux-gnu/libfontconfig.so.1.5.0
7f10e2b56000-7f10e2b57000 rw-p 00036000 08:05 8132306                    /usr/lib/x86_64-linux-gnu/libfontconfig.so.1.5.0
7f10e2b58000-7f10e2bf1000 r-xp 00000000 08:05 8132314                    /usr/lib/x86_64-linux-gnu/libfreetype.so.6.8.1
7f10e2bf1000-7f10e2df0000 ---p 00099000 08:05 8132314                    /usr/lib/x86_64-linux-gnu/libfreetype.so.6.8.1
7f10e2df0000-7f10e2df6000 r--p 00098000 08:05 8132314                    /usr/lib/x86_64-linux-gnu/libfreetype.so.6.8.1
7f10e2df6000-7f10e2df7000 rw-p 0009e000 08:05 8132314                    /usr/lib/x86_64-linux-gnu/libfreetype.so.6.8.1
7f10e2df8000-7f10e2e42000 r-xp 00000000 08:05 8132621                    /usr/lib/x86_64-linux-gnu/libpango-1.0.so.0.3000.0
7f10e2e42000-7f10e3042000 ---p 0004a000 08:05 8132621                    /usr/lib/x86_64-linux-gnu/libpango-1.0.so.0.3000.0
7f10e3042000-7f10e3044000 r--p 0004a000 08:05 8132621                    /usr/lib/x86_64-linux-gnu/libpango-1.0.so.0.3000.0
7f10e3044000-7f10e3045000 rw-p 0004c000 08:05 8132621                    /usr/lib/x86_64-linux-gnu/libpango-1.0.so.0.3000.0
7f10e3048000-7f10e313c000 r-xp 00000000 08:05 8132150                    /usr/lib/x86_64-linux-gnu/libcairo.so.2.11200.2
7f10e313c000-7f10e333b000 ---p 000f4000 08:05 8132150                    /usr/lib/x86_64-linux-gnu/libcairo.so.2.11200.2
7f10e333b000-7f10e333e000 r--p 000f3000 08:05 8132150                    /usr/lib/x86_64-linux-gnu/libcairo.so.2.11200.2
7f10e333e000-7f10e333f000 rw-p 000f6000 08:05 8132150                    /usr/lib/x86_64-linux-gnu/libcairo.so.2.11200.2
7f10e333f000-7f10e3341000 rw-p 00000000 00:00 0 
7f10e3348000-7f10e3367000 r-xp 00000000 08:05 8132337                    /usr/lib/x86_64-linux-gnu/libgdk_pixbuf-2.0.so.0.2600.1
7f10e3367000-7f10e3566000 ---p 0001f000 08:05 8132337                    /usr/lib/x86_64-linux-gnu/libgdk_pixbuf-2.0.so.0.2600.1
7f10e3566000-7f10e3567000 r--p 0001e000 08:05 8132337                    /usr/lib/x86_64-linux-gnu/libgdk_pixbuf-2.0.so.0.2600.1
7f10e3567000-7f10e3568000 rw-p 0001f000 08:05 8132337                    /usr/lib/x86_64-linux-gnu/libgdk_pixbuf-2.0.so.0.2600.1
7f10e3568000-7f10e3592000 r-xp 00000000 08:05 8132625                    /usr/lib/x86_64-linux-gnu/libpangoft2-1.0.so.0.3000.0
7f10e3592000-7f10e3791000 ---p 0002a000 08:05 8132625                    /usr/lib/x86_64-linux-gnu/libpangoft2-1.0.so.0.3000.0
7f10e3791000-7f10e3792000 r--p 00029000 08:05 8132625                    /usr/lib/x86_64-linux-gnu/libpangoft2-1.0.so.0.3000.0
7f10e3792000-7f10e3793000 rw-p 0002a000 08:05 8132625                    /usr/lib/x86_64-linux-gnu/libpangoft2-1.0.so.0.3000.0
7f10e3798000-7f10e37b9000 r-xp 00000000 08:05 8132106                    /usr/lib/x86_64-linux-gnu/libatk-1.0.so.0.20409.1
7f10e37b9000-7f10e39b8000 ---p 00021000 08:05 8132106                    /usr/lib/x86_64-linux-gnu/libatk-1.0.so.0.20409.1
7f10e39b8000-7f10e39ba000 r--p 00020000 08:05 8132106                    /usr/lib/x86_64-linux-gnu/libatk-1.0.so.0.20409.1
7f10e39ba000-7f10e39bb000 rw-p 00022000 08:05 8132106                    /usr/lib/x86_64-linux-gnu/libatk-1.0.so.0.20409.1
7f10e39c0000-7f10e3df2000 r-xp 00000000 08:05 8132448                    /usr/lib/x86_64-linux-gnu/libgtk-x11-2.0.so.0.2400.10
7f10e3df2000-7f10e3ff2000 ---p 00432000 08:05 8132448                    /usr/lib/x86_64-linux-gnu/libgtk-x11-2.0.so.0.2400.10
7f10e3ff2000-7f10e3ffd000 rw-p 00432000 08:05 8132448                    /usr/lib/x86_64-linux-gnu/libgtk-x11-2.0.so.0.2400.10
7f10e3ffd000-7f10e3fff000 rw-p 00000000 00:00 0 
7f10e4000000-7f10e4484000 rw-p 00000000 00:00 0 
7f10e4484000-7f10e8000000 ---p 00000000 00:00 0 
7f10e8000000-7f10e800c000 r-xp 00000000 08:05 8132623                    /usr/lib/x86_64-linux-gnu/libpangocairo-1.0.so.0.3000.0
7f10e800c000-7f10e820b000 ---p 0000c000 08:05 8132623                    /usr/lib/x86_64-linux-gnu/libpangocairo-1.0.so.0.3000.0
7f10e820b000-7f10e820c000 r--p 0000b000 08:05 8132623                    /usr/lib/x86_64-linux-gnu/libpangocairo-1.0.so.0.3000.0
7f10e820c000-7f10e820d000 rw-p 0000c000 08:05 8132623                    /usr/lib/x86_64-linux-gnu/libpangocairo-1.0.so.0.3000.0
7f10e8210000-7f10e82bf000 r-xp 00000000 08:05 8132335                    /usr/lib/x86_64-linux-gnu/libgdk-x11-2.0.so.0.2400.10
7f10e82bf000-7f10e84be000 ---p 000af000 08:05 8132335                    /usr/lib/x86_64-linux-gnu/libgdk-x11-2.0.so.0.2400.10
7f10e84be000-7f10e84c3000 rw-p 000ae000 08:05 8132335                    /usr/lib/x86_64-linux-gnu/libgdk-x11-2.0.so.0.2400.10
7f10e84c8000-7f10e84d6000 r-xp 00000000 08:05 8132638                    /usr/lib/x86_64-linux-gnu/libXi.so.6.1.0
7f10e84d6000-7f10e86d6000 ---p 0000e000 08:05 8132638                    /usr/lib/x86_64-linux-gnu/libXi.so.6.1.0
7f10e86d6000-7f10e86d7000 rw-p 0000e000 08:05 8132638                    /usr/lib/x86_64-linux-gnu/libXi.so.6.1.0
7f10e86d8000-7f10e86dd000 r-xp 00000000 08:05 8132069                    /usr/lib/x86_64-linux-gnu/libXtst.so.6.1.0
7f10e86dd000-7f10e88dc000 ---p 00005000 08:05 8132069                    /usr/lib/x86_64-linux-gnu/libXtst.so.6.1.0
7f10e88dc000-7f10e88dd000 rw-p 00004000 08:05 8132069                    /usr/lib/x86_64-linux-gnu/libXtst.so.6.1.0
7f10e88e0000-7f10e88e9000 r-xp 00000000 08:05 8132057                    /usr/lib/x86_64-linux-gnu/libXrender.so.1.3.0
7f10e88e9000-7f10e8ae8000 ---p 00009000 08:05 8132057                    /usr/lib/x86_64-linux-gnu/libXrender.so.1.3.0
7f10e8ae8000-7f10e8ae9000 rw-p 00008000 08:05 8132057                    /usr/lib/x86_64-linux-gnu/libXrender.so.1.3.0
7f10e8af0000-7f10e8c25000 r-xp 00000000 08:05 8132368                    /usr/lib/x86_64-linux-gnu/libX11.so.6.3.0
7f10e8c25000-7f10e8e25000 ---p 00135000 08:05 8132368                    /usr/lib/x86_64-linux-gnu/libX11.so.6.3.0
7f10e8e25000-7f10e8e2b000 rw-p 00135000 08:05 8132368                    /usr/lib/x86_64-linux-gnu/libX11.so.6.3.0
7f10e8e30000-7f10e8e41000 r-xp 00000000 08:05 8132828                    /usr/lib/x86_64-linux-gnu/libXext.so.6.4.0
7f10e8e41000-7f10e9041000 ---p 00011000 08:05 8132828                    /usr/lib/x86_64-linux-gnu/libXext.so.6.4.0
7f10e9041000-7f10e9042000 rw-p 00011000 08:05 8132828                    /usr/lib/x86_64-linux-gnu/libXext.so.6.4.0
7f10e9060000-7f10e90b3000 r-xp 00000000 08:05 10486958                   /usr/lib/jvm/java-7-openjdk-amd64/jre/lib/amd64/xawt/libmawt.so
7f10e90b3000-7f10e92b2000 ---p 00053000 08:05 10486958                   /usr/lib/jvm/java-7-openjdk-amd64/jre/lib/amd64/xawt/libmawt.so
7f10e92b2000-7f10e92b3000 r--p 00052000 08:05 10486958                   /usr/lib/jvm/java-7-openjdk-amd64/jre/lib/amd64/xawt/libmawt.so
7f10e92b3000-7f10e92b6000 rw-p 00053000 08:05 10486958                   /usr/lib/jvm/java-7-openjdk-amd64/jre/lib/amd64/xawt/libmawt.so
7f10e92b6000-7f10e92b7000 rw-p 00000000 00:00 0 
7f10e92b8000-7f10e9359000 r-xp 00000000 08:05 9967625                    /usr/lib/jvm/java-7-openjdk-amd64/jre/lib/amd64/libawt.so
7f10e9359000-7f10e9559000 ---p 000a1000 08:05 9967625                    /usr/lib/jvm/java-7-openjdk-amd64/jre/lib/amd64/libawt.so
7f10e9559000-7f10e955a000 r--p 000a1000 08:05 9967625                    /usr/lib/jvm/java-7-openjdk-amd64/jre/lib/amd64/libawt.so
7f10e955a000-7f10e9565000 rw-p 000a2000 08:05 9967625                    /usr/lib/jvm/java-7-openjdk-amd64/jre/lib/amd64/libawt.so
7f10e9565000-7f10e958a000 rw-p 00000000 00:00 0 
7f10e958c000-7f10e958f000 ---p 00000000 00:00 0 
7f10e958f000-7f10e968d000 rw-p 00000000 00:00 0 
7f10e968d000-7f10e9690000 ---p 00000000 00:00 0 
7f10e9690000-7f10e978e000 rw-p 00000000 00:00 0 
7f10e978e000-7f10e9791000 ---p 00000000 00:00 0 
7f10e9791000-7f10e988f000 rw-p 00000000 00:00 0 
7f10e988f000-7f10e9892000 ---p 00000000 00:00 0 
7f10e9892000-7f10e9990000 rw-p 00000000 00:00 0 
7f10e9990000-7f10e99a0000 r-xp 00000000 08:05 9967701                    /usr/lib/jvm/java-7-openjdk-amd64/jre/lib/amd64/libnio.so
7f10e99a0000-7f10e9ba0000 ---p 00010000 08:05 9967701                    /usr/lib/jvm/java-7-openjdk-amd64/jre/lib/amd64/libnio.so
7f10e9ba0000-7f10e9ba1000 r--p 00010000 08:05 9967701                    /usr/lib/jvm/java-7-openjdk-amd64/jre/lib/amd64/libnio.so
7f10e9ba1000-7f10e9ba2000 rw-p 00011000 08:05 9967701                    /usr/lib/jvm/java-7-openjdk-amd64/jre/lib/amd64/libnio.so
7f10e9ba7000-7f10e9bd8000 rw-p 00000000 00:00 0 
7f10e9bd8000-7f10e9c14000 r-xp 00000000 08:05 5374923                    /lib/x86_64-linux-gnu/libpcre.so.3.13.1
7f10e9c14000-7f10e9e14000 ---p 0003c000 08:05 5374923                    /lib/x86_64-linux-gnu/libpcre.so.3.13.1
7f10e9e14000-7f10e9e15000 rw-p 0003c000 08:05 5374923                    /lib/x86_64-linux-gnu/libpcre.so.3.13.1
7f10e9e18000-7f10e9e24000 r-xp 00000000 08:05 8132268                    /usr/lib/x86_64-linux-gnu/libffi.so.5.0.10
7f10e9e24000-7f10ea024000 ---p 0000c000 08:05 8132268                    /usr/lib/x86_64-linux-gnu/libffi.so.5.0.10
7f10ea024000-7f10ea025000 rw-p 0000c000 08:05 8132268                    /usr/lib/x86_64-linux-gnu/libffi.so.5.0.10
7f10ea028000-7f10ea029000 r-xp 00000000 08:05 8132444                    /usr/lib/x86_64-linux-gnu/libgthread-2.0.so.0.3200.4
7f10ea029000-7f10ea228000 ---p 00001000 08:05 8132444                    /usr/lib/x86_64-linux-gnu/libgthread-2.0.so.0.3200.4
7f10ea228000-7f10ea229000 r--p 00000000 08:05 8132444                    /usr/lib/x86_64-linux-gnu/libgthread-2.0.so.0.3200.4
7f10ea229000-7f10ea22a000 rw-p 00001000 08:05 8132444                    /usr/lib/x86_64-linux-gnu/libgthread-2.0.so.0.3200.4
7f10ea230000-7f10ea243000 r-xp 00000000 08:05 5374936                    /lib/x86_64-linux-gnu/libresolv-2.13.so
7f10ea243000-7f10ea442000 ---p 00013000 08:05 5374936                    /lib/x86_64-linux-gnu/libresolv-2.13.so
7f10ea442000-7f10ea443000 r--p 00012000 08:05 5374936                    /lib/x86_64-linux-gnu/libresolv-2.13.so
7f10ea443000-7f10ea444000 rw-p 00013000 08:05 5374936                    /lib/x86_64-linux-gnu/libresolv-2.13.so
7f10ea444000-7f10ea446000 rw-p 00000000 00:00 0 
7f10ea448000-7f10ea466000 r-xp 00000000 08:05 5374940                    /lib/x86_64-linux-gnu/libselinux.so.1
7f10ea466000-7f10ea665000 ---p 0001e000 08:05 5374940                    /lib/x86_64-linux-gnu/libselinux.so.1
7f10ea665000-7f10ea666000 r--p 0001d000 08:05 5374940                    /lib/x86_64-linux-gnu/libselinux.so.1
7f10ea666000-7f10ea667000 rw-p 0001e000 08:05 5374940                    /lib/x86_64-linux-gnu/libselinux.so.1
7f10ea667000-7f10ea668000 rw-p 00000000 00:00 0 
7f10ea668000-7f10ea66b000 r-xp 00000000 08:05 8132359                    /usr/lib/x86_64-linux-gnu/libgmodule-2.0.so.0.3200.4
7f10ea66b000-7f10ea86a000 ---p 00003000 08:05 8132359                    /usr/lib/x86_64-linux-gnu/libgmodule-2.0.so.0.3200.4
7f10ea86a000-7f10ea86b000 r--p 00002000 08:05 8132359                    /usr/lib/x86_64-linux-gnu/libgmodule-2.0.so.0.3200.4
7f10ea86b000-7f10ea86c000 rw-p 00003000 08:05 8132359                    /usr/lib/x86_64-linux-gnu/libgmodule-2.0.so.0.3200.4
7f10ea870000-7f10ea965000 r-xp 00000000 08:05 5374857                    /lib/x86_64-linux-gnu/libglib-2.0.so.0.3200.4
7f10ea965000-7f10eab65000 ---p 000f5000 08:05 5374857                    /lib/x86_64-linux-gnu/libglib-2.0.so.0.3200.4
7f10eab65000-7f10eab66000 r--p 000f5000 08:05 5374857                    /lib/x86_64-linux-gnu/libglib-2.0.so.0.3200.4
7f10eab66000-7f10eab67000 rw-p 000f6000 08:05 5374857                    /lib/x86_64-linux-gnu/libglib-2.0.so.0.3200.4
7f10eab67000-7f10eab68000 rw-p 00000000 00:00 0 
7f10eab68000-7f10eabb6000 r-xp 00000000 08:05 8132375                    /usr/lib/x86_64-linux-gnu/libgobject-2.0.so.0.3200.4
7f10eabb6000-7f10eadb6000 ---p 0004e000 08:05 8132375                    /usr/lib/x86_64-linux-gnu/libgobject-2.0.so.0.3200.4
7f10eadb6000-7f10eadb7000 r--p 0004e000 08:05 8132375                    /usr/lib/x86_64-linux-gnu/libgobject-2.0.so.0.3200.4
7f10eadb7000-7f10eadb8000 rw-p 0004f000 08:05 8132375                    /usr/lib/x86_64-linux-gnu/libgobject-2.0.so.0.3200.4
7f10eadb8000-7f10eaf04000 r-xp 00000000 08:05 8132349                    /usr/lib/x86_64-linux-gnu/libgio-2.0.so.0.3200.4
7f10eaf04000-7f10eb103000 ---p 0014c000 08:05 8132349                    /usr/lib/x86_64-linux-gnu/libgio-2.0.so.0.3200.4
7f10eb103000-7f10eb107000 r--p 0014b000 08:05 8132349                    /usr/lib/x86_64-linux-gnu/libgio-2.0.so.0.3200.4
7f10eb107000-7f10eb109000 rw-p 0014f000 08:05 8132349                    /usr/lib/x86_64-linux-gnu/libgio-2.0.so.0.3200.4
7f10eb109000-7f10eb10b000 rw-p 00000000 00:00 0 
7f10eb110000-7f10eb126000 r-xp 00000000 08:05 9967712                    /usr/lib/jvm/java-7-openjdk-amd64/jre/lib/amd64/libnet.so
7f10eb126000-7f10eb325000 ---p 00016000 08:05 9967712                    /usr/lib/jvm/java-7-openjdk-amd64/jre/lib/amd64/libnet.so
7f10eb325000-7f10eb326000 r--p 00015000 08:05 9967712                    /usr/lib/jvm/java-7-openjdk-amd64/jre/lib/amd64/libnet.so
7f10eb326000-7f10eb327000 rw-p 00016000 08:05 9967712                    /usr/lib/jvm/java-7-openjdk-amd64/jre/lib/amd64/libnet.so
7f10eb328000-7f10eb331000 r--s 000bc000 08:05 9702765                    /usr/lib/jvm/java-7-openjdk-common/jre/lib/resources.jar
7f10eb338000-7f10eb361000 r--s 0024f000 08:05 14811812                   /home/pbruel/Dropbox/ensemble_git/ensemble/lib/jade.jar
7f10eb368000-7f10eb369000 r--s 0000e000 08:05 14811810                   /home/pbruel/Dropbox/ensemble_git/ensemble/lib/NetUtil.jar
7f10eb370000-7f10eb376000 r--s 00692000 08:05 14811811                   /home/pbruel/Dropbox/ensemble_git/ensemble/lib/ensemble.jar
7f10eb378000-7f10eb37a000 r--s 0000b000 08:05 14424703                   /home/pbruel/Dropbox/ensemble_git/ensemble/lib/ensemble_apps.jar
7f10eb380000-7f10eb382000 r--s 0005d000 08:05 14813490                   /home/pbruel/Dropbox/ensemble_git/ensemble/lib/libpd.jar
7f10eb388000-7f10eb38c000 r--s 00085000 08:05 9702748                    /usr/lib/jvm/java-7-openjdk-common/jre/lib/ext/localedata.jar
7f10eb390000-7f10eb393000 r--s 00032000 08:05 9702749                    /usr/lib/jvm/java-7-openjdk-common/jre/lib/ext/sunjce_provider.jar
7f10eb398000-7f10eb399000 r--s 00007000 08:05 9701533                    /usr/share/java/java-atk-wrapper.jar
7f10eb3a0000-7f10eb3a1000 r--s 00002000 08:05 9702751                    /usr/lib/jvm/java-7-openjdk-common/jre/lib/ext/dnsns.jar
7f10eb3a8000-7f10eb3ab000 r--s 0003c000 08:05 9702746                    /usr/lib/jvm/java-7-openjdk-common/jre/lib/ext/sunpkcs11.jar
7f10eb3b0000-7f10eb3b3000 r--s 0000f000 08:05 9702747                    /usr/lib/jvm/java-7-openjdk-common/jre/lib/ext/pulse-java.jar
7f10eb3b8000-7f10eb3ba000 r--s 00012000 08:05 9702745                    /usr/lib/jvm/java-7-openjdk-common/jre/lib/ext/zipfs.jar
7f10eb3bb000-7f10eb3bc000 ---p 00000000 00:00 0 
7f10eb3bc000-7f10eb4bc000 rw-p 00000000 00:00 0 
7f10eb4bc000-7f10eb4bf000 ---p 00000000 00:00 0 
7f10eb4bf000-7f10eb5bd000 rw-p 00000000 00:00 0 
7f10eb5bd000-7f10eb5c0000 ---p 00000000 00:00 0 
7f10eb5c0000-7f10eb6be000 rw-p 00000000 00:00 0 
7f10eb6be000-7f10eb6c1000 ---p 00000000 00:00 0 
7f10eb6c1000-7f10eb7bf000 rw-p 00000000 00:00 0 
7f10eb7bf000-7f10eb7c2000 ---p 00000000 00:00 0 
7f10eb7c2000-7f10eb8c0000 rw-p 00000000 00:00 0 
7f10eb8c0000-7f10eba37000 r--p 00000000 08:05 7998411                    /usr/lib/locale/locale-archive
7f10eba3d000-7f10eba40000 ---p 00000000 00:00 0 
7f10eba40000-7f10ebb3e000 rw-p 00000000 00:00 0 
7f10ebb3e000-7f10ebb41000 ---p 00000000 00:00 0 
7f10ebb41000-7f10ebc3f000 rw-p 00000000 00:00 0 
7f10ebc3f000-7f10ebc40000 ---p 00000000 00:00 0 
7f10ebc40000-7f10ed3a8000 rw-p 00000000 00:00 0 
7f10ed3a8000-7f10ed555000 r--s 01cec000 08:05 9702779                    /usr/lib/jvm/java-7-openjdk-amd64/jre/lib/rt.jar
7f10ed555000-7f10f29dd000 rw-p 00000000 00:00 0 
7f10f29dd000-7f10f29de000 ---p 00000000 00:00 0 
7f10f29de000-7f10f2ade000 rw-p 00000000 00:00 0 
7f10f2ade000-7f10f2adf000 ---p 00000000 00:00 0 
7f10f2adf000-7f10f2bdf000 rw-p 00000000 00:00 0 
7f10f2bdf000-7f10f2be0000 ---p 00000000 00:00 0 
7f10f2be0000-7f10f2ce0000 rw-p 00000000 00:00 0 
7f10f2ce0000-7f10f2ce1000 ---p 00000000 00:00 0 
7f10f2ce1000-7f10f2de1000 rw-p 00000000 00:00 0 
7f10f2de1000-7f10f2de2000 ---p 00000000 00:00 0 
7f10f2de2000-7f10f2ee2000 rw-p 00000000 00:00 0 
7f10f2ee2000-7f10f2ee3000 ---p 00000000 00:00 0 
7f10f2ee3000-7f10f2fee000 rw-p 00000000 00:00 0 
7f10f2fee000-7f10f3036000 rw-p 00000000 00:00 0 
7f10f3036000-7f10f3060000 rw-p 00000000 00:00 0 
7f10f3060000-7f10f32cf000 rw-p 00000000 00:00 0 
7f10f32cf000-7f10f32da000 rw-p 00000000 00:00 0 
7f10f32da000-7f10f3322000 rw-p 00000000 00:00 0 
7f10f3322000-7f10f334c000 rw-p 00000000 00:00 0 
7f10f334c000-7f10f35ba000 rw-p 00000000 00:00 0 
7f10f35ba000-7f10f35d0000 rw-p 00000000 00:00 0 
7f10f35d0000-7f10f3707000 rw-p 00000000 00:00 0 
7f10f3707000-7f10f3708000 rw-p 00000000 00:00 0 
7f10f3708000-7f10f3978000 rwxp 00000000 00:00 0 
7f10f3978000-7f10f6708000 rw-p 00000000 00:00 0 
7f10f6708000-7f10f6710000 r-xp 00000000 08:05 9967719                    /usr/lib/jvm/java-7-openjdk-amd64/jre/lib/amd64/libzip.so
7f10f6710000-7f10f690f000 ---p 00008000 08:05 9967719                    /usr/lib/jvm/java-7-openjdk-amd64/jre/lib/amd64/libzip.so
7f10f690f000-7f10f6910000 r--p 00007000 08:05 9967719                    /usr/lib/jvm/java-7-openjdk-amd64/jre/lib/amd64/libzip.so
7f10f6910000-7f10f6911000 rw-p 00008000 08:05 9967719                    /usr/lib/jvm/java-7-openjdk-amd64/jre/lib/amd64/libzip.so
7f10f6918000-7f10f6923000 r-xp 00000000 08:05 5374901                    /lib/x86_64-linux-gnu/libnss_files-2.13.so
7f10f6923000-7f10f6b22000 ---p 0000b000 08:05 5374901                    /lib/x86_64-linux-gnu/libnss_files-2.13.so
7f10f6b22000-7f10f6b23000 r--p 0000a000 08:05 5374901                    /lib/x86_64-linux-gnu/libnss_files-2.13.so
7f10f6b23000-7f10f6b24000 rw-p 0000b000 08:05 5374901                    /lib/x86_64-linux-gnu/libnss_files-2.13.so
7f10f6b28000-7f10f6b32000 r-xp 00000000 08:05 5374905                    /lib/x86_64-linux-gnu/libnss_nis-2.13.so
7f10f6b32000-7f10f6d31000 ---p 0000a000 08:05 5374905                    /lib/x86_64-linux-gnu/libnss_nis-2.13.so
7f10f6d31000-7f10f6d32000 r--p 00009000 08:05 5374905                    /lib/x86_64-linux-gnu/libnss_nis-2.13.so
7f10f6d32000-7f10f6d33000 rw-p 0000a000 08:05 5374905                    /lib/x86_64-linux-gnu/libnss_nis-2.13.so
7f10f6d38000-7f10f6d4d000 r-xp 00000000 08:05 5374895                    /lib/x86_64-linux-gnu/libnsl-2.13.so
7f10f6d4d000-7f10f6f4c000 ---p 00015000 08:05 5374895                    /lib/x86_64-linux-gnu/libnsl-2.13.so
7f10f6f4c000-7f10f6f4d000 r--p 00014000 08:05 5374895                    /lib/x86_64-linux-gnu/libnsl-2.13.so
7f10f6f4d000-7f10f6f4e000 rw-p 00015000 08:05 5374895                    /lib/x86_64-linux-gnu/libnsl-2.13.so
7f10f6f4e000-7f10f6f50000 rw-p 00000000 00:00 0 
7f10f6f50000-7f10f6f57000 r-xp 00000000 08:05 5374897                    /lib/x86_64-linux-gnu/libnss_compat-2.13.so
7f10f6f57000-7f10f7156000 ---p 00007000 08:05 5374897                    /lib/x86_64-linux-gnu/libnss_compat-2.13.so
7f10f7156000-7f10f7157000 r--p 00006000 08:05 5374897                    /lib/x86_64-linux-gnu/libnss_compat-2.13.so
7f10f7157000-7f10f7158000 rw-p 00007000 08:05 5374897                    /lib/x86_64-linux-gnu/libnss_compat-2.13.so
7f10f7158000-7f10f7182000 r-xp 00000000 08:05 9967710                    /usr/lib/jvm/java-7-openjdk-amd64/jre/lib/amd64/libjava.so
7f10f7182000-7f10f7382000 ---p 0002a000 08:05 9967710                    /usr/lib/jvm/java-7-openjdk-amd64/jre/lib/amd64/libjava.so
7f10f7382000-7f10f7383000 r--p 0002a000 08:05 9967710                    /usr/lib/jvm/java-7-openjdk-amd64/jre/lib/amd64/libjava.so
7f10f7383000-7f10f7385000 rw-p 0002b000 08:05 9967710                    /usr/lib/jvm/java-7-openjdk-amd64/jre/lib/amd64/libjava.so
7f10f7388000-7f10f7397000 r-xp 00000000 08:05 9967623                    /usr/lib/jvm/java-7-openjdk-amd64/jre/lib/amd64/libverify.so
7f10f7397000-7f10f7596000 ---p 0000f000 08:05 9967623                    /usr/lib/jvm/java-7-openjdk-amd64/jre/lib/amd64/libverify.so
7f10f7596000-7f10f7598000 r--p 0000e000 08:05 9967623                    /usr/lib/jvm/java-7-openjdk-amd64/jre/lib/amd64/libverify.so
7f10f7598000-7f10f7599000 rw-p 00010000 08:05 9967623                    /usr/lib/jvm/java-7-openjdk-amd64/jre/lib/amd64/libverify.so
7f10f75a0000-7f10f75a7000 r-xp 00000000 08:05 5374938                    /lib/x86_64-linux-gnu/librt-2.13.so
7f10f75a7000-7f10f77a6000 ---p 00007000 08:05 5374938                    /lib/x86_64-linux-gnu/librt-2.13.so
7f10f77a6000-7f10f77a7000 r--p 00006000 08:05 5374938                    /lib/x86_64-linux-gnu/librt-2.13.so
7f10f77a7000-7f10f77a8000 rw-p 00007000 08:05 5374938                    /lib/x86_64-linux-gnu/librt-2.13.so
7f10f77a8000-7f10f77bd000 r-xp 00000000 08:05 5374853                    /lib/x86_64-linux-gnu/libgcc_s.so.1
7f10f77bd000-7f10f79bd000 ---p 00015000 08:05 5374853                    /lib/x86_64-linux-gnu/libgcc_s.so.1
7f10f79bd000-7f10f79be000 rw-p 00015000 08:05 5374853                    /lib/x86_64-linux-gnu/libgcc_s.so.1
7f10f79c0000-7f10f7a41000 r-xp 00000000 08:05 5374876                    /lib/x86_64-linux-gnu/libm-2.13.so
7f10f7a41000-7f10f7c40000 ---p 00081000 08:05 5374876                    /lib/x86_64-linux-gnu/libm-2.13.so
7f10f7c40000-7f10f7c41000 r--p 00080000 08:05 5374876                    /lib/x86_64-linux-gnu/libm-2.13.so
7f10f7c41000-7f10f7c42000 rw-p 00081000 08:05 5374876                    /lib/x86_64-linux-gnu/libm-2.13.so
7f10f7c48000-7f10f7d30000 r-xp 00000000 08:05 8132750                    /usr/lib/x86_64-linux-gnu/libstdc++.so.6.0.17
7f10f7d30000-7f10f7f30000 ---p 000e8000 08:05 8132750                    /usr/lib/x86_64-linux-gnu/libstdc++.so.6.0.17
7f10f7f30000-7f10f7f38000 r--p 000e8000 08:05 8132750                    /usr/lib/x86_64-linux-gnu/libstdc++.so.6.0.17
7f10f7f38000-7f10f7f3a000 rw-p 000f0000 08:05 8132750                    /usr/lib/x86_64-linux-gnu/libstdc++.so.6.0.17
7f10f7f3a000-7f10f7f4f000 rw-p 00000000 00:00 0 
7f10f7f50000-7f10f8941000 r-xp 00000000 08:05 10098067                   /usr/lib/jvm/java-7-openjdk-amd64/jre/lib/amd64/server/libjvm.so
7f10f8941000-7f10f8b41000 ---p 009f1000 08:05 10098067                   /usr/lib/jvm/java-7-openjdk-amd64/jre/lib/amd64/server/libjvm.so
7f10f8b41000-7f10f8bc0000 r--p 009f1000 08:05 10098067                   /usr/lib/jvm/java-7-openjdk-amd64/jre/lib/amd64/server/libjvm.so
7f10f8bc0000-7f10f8be3000 rw-p 00a70000 08:05 10098067                   /usr/lib/jvm/java-7-openjdk-amd64/jre/lib/amd64/server/libjvm.so
7f10f8be3000-7f10f8c0e000 rw-p 00000000 00:00 0 
7f10f8c10000-7f10f8d90000 r-xp 00000000 08:05 5374829                    /lib/x86_64-linux-gnu/libc-2.13.so
7f10f8d90000-7f10f8f90000 ---p 00180000 08:05 5374829                    /lib/x86_64-linux-gnu/libc-2.13.so
7f10f8f90000-7f10f8f94000 r--p 00180000 08:05 5374829                    /lib/x86_64-linux-gnu/libc-2.13.so
7f10f8f94000-7f10f8f95000 rw-p 00184000 08:05 5374829                    /lib/x86_64-linux-gnu/libc-2.13.so
7f10f8f95000-7f10f8f9a000 rw-p 00000000 00:00 0 
7f10f8fa0000-7f10f8fa2000 r-xp 00000000 08:05 5374843                    /lib/x86_64-linux-gnu/libdl-2.13.so
7f10f8fa2000-7f10f91a2000 ---p 00002000 08:05 5374843                    /lib/x86_64-linux-gnu/libdl-2.13.so
7f10f91a2000-7f10f91a3000 r--p 00002000 08:05 5374843                    /lib/x86_64-linux-gnu/libdl-2.13.so
7f10f91a3000-7f10f91a4000 rw-p 00003000 08:05 5374843                    /lib/x86_64-linux-gnu/libdl-2.13.so
7f10f91a8000-7f10f91be000 r-xp 00000000 08:05 5374972                    /lib/x86_64-linux-gnu/libz.so.1.2.7
7f10f91be000-7f10f93bd000 ---p 00016000 08:05 5374972                    /lib/x86_64-linux-gnu/libz.so.1.2.7
7f10f93bd000-7f10f93be000 r--p 00015000 08:05 5374972                    /lib/x86_64-linux-gnu/libz.so.1.2.7
7f10f93be000-7f10f93bf000 rw-p 00016000 08:05 5374972                    /lib/x86_64-linux-gnu/libz.so.1.2.7
7f10f93c0000-7f10f93cd000 r-xp 00000000 08:05 9967698                    /usr/lib/jvm/java-7-openjdk-amd64/jre/lib/amd64/jli/libjli.so
7f10f93cd000-7f10f95cc000 ---p 0000d000 08:05 9967698                    /usr/lib/jvm/java-7-openjdk-amd64/jre/lib/amd64/jli/libjli.so
7f10f95cc000-7f10f95cd000 r--p 0000c000 08:05 9967698                    /usr/lib/jvm/java-7-openjdk-amd64/jre/lib/amd64/jli/libjli.so
7f10f95cd000-7f10f95ce000 rw-p 0000d000 08:05 9967698                    /usr/lib/jvm/java-7-openjdk-amd64/jre/lib/amd64/jli/libjli.so
7f10f95cf000-7f10f95d0000 rw-p 00000000 00:00 0 
7f10f95d0000-7f10f95e7000 r-xp 00000000 08:05 5374930                    /lib/x86_64-linux-gnu/libpthread-2.13.so
7f10f95e7000-7f10f97e6000 ---p 00017000 08:05 5374930                    /lib/x86_64-linux-gnu/libpthread-2.13.so
7f10f97e6000-7f10f97e7000 r--p 00016000 08:05 5374930                    /lib/x86_64-linux-gnu/libpthread-2.13.so
7f10f97e7000-7f10f97e8000 rw-p 00017000 08:05 5374930                    /lib/x86_64-linux-gnu/libpthread-2.13.so
7f10f97e8000-7f10f97ec000 rw-p 00000000 00:00 0 
7f10f97f0000-7f10f9810000 r-xp 00000000 08:05 5374807                    /lib/x86_64-linux-gnu/ld-2.13.so
7f10f9810000-7f10f9815000 r--s 0004c000 08:05 9702756                    /usr/lib/jvm/java-7-openjdk-common/jre/lib/jsse.jar
7f10f9818000-7f10f9823000 r--s 001fb000 08:05 9702754                    /usr/lib/jvm/java-7-openjdk-common/jre/lib/charsets.jar
7f10f9828000-7f10f9833000 r--s 001fb000 08:05 9702754                    /usr/lib/jvm/java-7-openjdk-common/jre/lib/charsets.jar
7f10f9836000-7f10f9840000 rw-p 00000000 00:00 0 
7f10f9840000-7f10f98f6000 rw-p 00000000 00:00 0 
7f10f98f6000-7f10f98f9000 ---p 00000000 00:00 0 
7f10f98f9000-7f10f99f8000 rw-p 00000000 00:00 0 
7f10f99f8000-7f10f99ff000 r--s 00000000 08:05 8131847                    /usr/lib/x86_64-linux-gnu/gconv/gconv-modules.cache
7f10f9a00000-7f10f9a08000 rw-s 00000000 08:05 9709271                    /tmp/hsperfdata_pbruel/11415
7f10f9a08000-7f10f9a09000 r--p 00000000 08:05 9706325                    /usr/share/locale/en_GB/LC_MESSAGES/libc.mo
7f10f9a09000-7f10f9a0a000 rw-p 00000000 00:00 0 
7f10f9a0a000-7f10f9a0b000 r--p 00000000 00:00 0 
7f10f9a0b000-7f10f9a0c000 rw-p 00000000 00:00 0 
7f10f9a0c000-7f10f9a0d000 r--p 00000000 00:00 0 
7f10f9a0d000-7f10f9a0f000 rw-p 00000000 00:00 0 
7f10f9a0f000-7f10f9a10000 r--p 0001f000 08:05 5374807                    /lib/x86_64-linux-gnu/ld-2.13.so
7f10f9a10000-7f10f9a11000 rw-p 00020000 08:05 5374807                    /lib/x86_64-linux-gnu/ld-2.13.so
7f10f9a11000-7f10f9a14000 rw-p 00000000 00:00 0 
7fff7185a000-7fff7187b000 rw-p 00000000 00:00 0                          [stack]
7fff719c0000-7fff719c1000 r-xp 00000000 00:00 0                          [vdso]
ffffffffff600000-ffffffffff601000 r-xp 00000000 00:00 0                  [vsyscall]

VM Arguments:
java_command: ensemble.tools.Loader -nogui -f pd_testing.xml
Launcher Type: SUN_STANDARD

Environment Variables:
PATH=/usr/local/bin:/usr/bin:/bin:/usr/local/games:/usr/games
USERNAME=pbruel
SHELL=/bin/bash
DISPLAY=:0

Signal Handlers:
SIGSEGV: [libjvm.so+0x84ff00], sa_mask[0]=0x7ffbfeff, sa_flags=0x10000004
SIGBUS: [libjvm.so+0x84ff00], sa_mask[0]=0x7ffbfeff, sa_flags=0x10000004
SIGFPE: SIG_IGN, sa_mask[0]=0x00000080, sa_flags=0x10000000
SIGPIPE: [libjvm.so+0x6f2230], sa_mask[0]=0x7ffbfeff, sa_flags=0x10000004
SIGXFSZ: [libjvm.so+0x6f2230], sa_mask[0]=0x7ffbfeff, sa_flags=0x10000004
SIGILL: [libjvm.so+0x6f2230], sa_mask[0]=0x7ffbfeff, sa_flags=0x10000004
SIGUSR1: SIG_DFL, sa_mask[0]=0x00000000, sa_flags=0x00000000
SIGUSR2: [libjvm.so+0x6f2600], sa_mask[0]=0x00000000, sa_flags=0x10000004
SIGHUP: [libjvm.so+0x6f2740], sa_mask[0]=0x7ffbfeff, sa_flags=0x10000004
SIGINT: [libjvm.so+0x6f2740], sa_mask[0]=0x7ffbfeff, sa_flags=0x10000004
SIGTERM: [libjvm.so+0x6f2740], sa_mask[0]=0x7ffbfeff, sa_flags=0x10000004
SIGQUIT: [libjvm.so+0x6f2740], sa_mask[0]=0x7ffbfeff, sa_flags=0x10000004


---------------  S Y S T E M  ---------------

OS:7.1

uname:Linux 3.2.0-4-amd64 #1 SMP Debian 3.2.46-1 x86_64
libc:glibc 2.13 NPTL 2.13 
rlimit: STACK 8192k, CORE 0k, NPROC 63163, NOFILE 4096, AS infinity
load average:0.32 0.29 0.32

/proc/meminfo:
MemTotal:        8163344 kB
MemFree:         6006424 kB
Buffers:           63196 kB
Cached:           714508 kB
SwapCached:            0 kB
Active:          1467556 kB
Inactive:         554468 kB
Active(anon):    1245072 kB
Inactive(anon):     2268 kB
Active(file):     222484 kB
Inactive(file):   552200 kB
Unevictable:           0 kB
Mlocked:               0 kB
SwapTotal:      12015612 kB
SwapFree:       12015612 kB
Dirty:              1024 kB
Writeback:             0 kB
AnonPages:       1244836 kB
Mapped:           133624 kB
Shmem:              3116 kB
Slab:              64988 kB
SReclaimable:      35976 kB
SUnreclaim:        29012 kB
KernelStack:        3120 kB
PageTables:        20608 kB
NFS_Unstable:          0 kB
Bounce:                0 kB
WritebackTmp:          0 kB
CommitLimit:    16097284 kB
Committed_AS:    2296884 kB
VmallocTotal:   34359738367 kB
VmallocUsed:      303208 kB
VmallocChunk:   34359428316 kB
HardwareCorrupted:     0 kB
AnonHugePages:         0 kB
HugePages_Total:       0
HugePages_Free:        0
HugePages_Rsvd:        0
HugePages_Surp:        0
Hugepagesize:       2048 kB
DirectMap4k:       60412 kB
DirectMap2M:     4100096 kB
DirectMap1G:     4194304 kB


CPU:total 6 (6 cores per cpu, 1 threads per core) family 21 model 1 stepping 2, cmov, cx8, fxsr, mmx, sse, sse2, sse3, ssse3, sse4.1, sse4.2, popcnt, avx, mmxext, 3dnowpref, lzcnt, sse4a, tsc, tscinvbit, tscinv

/proc/cpuinfo:
processor	: 0
vendor_id	: AuthenticAMD
cpu family	: 21
model		: 1
model name	: AMD FX(tm)-6100 Six-Core Processor             
stepping	: 2
microcode	: 0x6000626
cpu MHz		: 3310.984
cache size	: 2048 KB
physical id	: 0
siblings	: 6
core id		: 0
cpu cores	: 3
apicid		: 16
initial apicid	: 0
fpu		: yes
fpu_exception	: yes
cpuid level	: 13
wp		: yes
flags		: fpu vme de pse tsc msr pae mce cx8 apic sep mtrr pge mca cmov pat pse36 clflush mmx fxsr sse sse2 ht syscall nx mmxext fxsr_opt pdpe1gb rdtscp lm constant_tsc rep_good nopl nonstop_tsc extd_apicid aperfmperf pni pclmulqdq monitor ssse3 cx16 sse4_1 sse4_2 popcnt aes xsave avx lahf_lm cmp_legacy svm extapic cr8_legacy abm sse4a misalignsse 3dnowprefetch osvw ibs xop skinit wdt lwp fma4 nodeid_msr topoext perfctr_core arat cpb hw_pstate npt lbrv svm_lock nrip_save tsc_scale vmcb_clean flushbyasid decodeassists pausefilter pfthreshold
bogomips	: 6621.96
TLB size	: 1536 4K pages
clflush size	: 64
cache_alignment	: 64
address sizes	: 48 bits physical, 48 bits virtual
power management: ts ttp tm 100mhzsteps hwpstate [9]

processor	: 1
vendor_id	: AuthenticAMD
cpu family	: 21
model		: 1
model name	: AMD FX(tm)-6100 Six-Core Processor             
stepping	: 2
microcode	: 0x6000626
cpu MHz		: 3310.984
cache size	: 2048 KB
physical id	: 0
siblings	: 6
core id		: 1
cpu cores	: 3
apicid		: 17
initial apicid	: 1
fpu		: yes
fpu_exception	: yes
cpuid level	: 13
wp		: yes
flags		: fpu vme de pse tsc msr pae mce cx8 apic sep mtrr pge mca cmov pat pse36 clflush mmx fxsr sse sse2 ht syscall nx mmxext fxsr_opt pdpe1gb rdtscp lm constant_tsc rep_good nopl nonstop_tsc extd_apicid aperfmperf pni pclmulqdq monitor ssse3 cx16 sse4_1 sse4_2 popcnt aes xsave avx lahf_lm cmp_legacy svm extapic cr8_legacy abm sse4a misalignsse 3dnowprefetch osvw ibs xop skinit wdt lwp fma4 nodeid_msr topoext perfctr_core arat cpb hw_pstate npt lbrv svm_lock nrip_save tsc_scale vmcb_clean flushbyasid decodeassists pausefilter pfthreshold
bogomips	: 6622.08
TLB size	: 1536 4K pages
clflush size	: 64
cache_alignment	: 64
address sizes	: 48 bits physical, 48 bits virtual
power management: ts ttp tm 100mhzsteps hwpstate [9]

processor	: 2
vendor_id	: AuthenticAMD
cpu family	: 21
model		: 1
model name	: AMD FX(tm)-6100 Six-Core Processor             
stepping	: 2
microcode	: 0x6000626
cpu MHz		: 3310.984
cache size	: 2048 KB
physical id	: 0
siblings	: 6
core id		: 2
cpu cores	: 3
apicid		: 18
initial apicid	: 2
fpu		: yes
fpu_exception	: yes
cpuid level	: 13
wp		: yes
flags		: fpu vme de pse tsc msr pae mce cx8 apic sep mtrr pge mca cmov pat pse36 clflush mmx fxsr sse sse2 ht syscall nx mmxext fxsr_opt pdpe1gb rdtscp lm constant_tsc rep_good nopl nonstop_tsc extd_apicid aperfmperf pni pclmulqdq monitor ssse3 cx16 sse4_1 sse4_2 popcnt aes xsave avx lahf_lm cmp_legacy svm extapic cr8_legacy abm sse4a misalignsse 3dnowprefetch osvw ibs xop skinit wdt lwp fma4 nodeid_msr topoext perfctr_core arat cpb hw_pstate npt lbrv svm_lock nrip_save tsc_scale vmcb_clean flushbyasid decodeassists pausefilter pfthreshold
bogomips	: 6622.17
TLB size	: 1536 4K pages
clflush size	: 64
cache_alignment	: 64
address sizes	: 48 bits physical, 48 bits virtual
power management: ts ttp tm 100mhzsteps hwpstate [9]

processor	: 3
vendor_id	: AuthenticAMD
cpu family	: 21
model		: 1
model name	: AMD FX(tm)-6100 Six-Core Processor             
stepping	: 2
microcode	: 0x6000626
cpu MHz		: 3310.984
cache size	: 2048 KB
physical id	: 0
siblings	: 6
core id		: 3
cpu cores	: 3
apicid		: 19
initial apicid	: 3
fpu		: yes
fpu_exception	: yes
cpuid level	: 13
wp		: yes
flags		: fpu vme de pse tsc msr pae mce cx8 apic sep mtrr pge mca cmov pat pse36 clflush mmx fxsr sse sse2 ht syscall nx mmxext fxsr_opt pdpe1gb rdtscp lm constant_tsc rep_good nopl nonstop_tsc extd_apicid aperfmperf pni pclmulqdq monitor ssse3 cx16 sse4_1 sse4_2 popcnt aes xsave avx lahf_lm cmp_legacy svm extapic cr8_legacy abm sse4a misalignsse 3dnowprefetch osvw ibs xop skinit wdt lwp fma4 nodeid_msr topoext perfctr_core arat cpb hw_pstate npt lbrv svm_lock nrip_save tsc_scale vmcb_clean flushbyasid decodeassists pausefilter pfthreshold
bogomips	: 6622.18
TLB size	: 1536 4K pages
clflush size	: 64
cache_alignment	: 64
address sizes	: 48 bits physical, 48 bits virtual
power management: ts ttp tm 100mhzsteps hwpstate [9]

processor	: 4
vendor_id	: AuthenticAMD
cpu family	: 21
model		: 1
model name	: AMD FX(tm)-6100 Six-Core Processor             
stepping	: 2
microcode	: 0x6000626
cpu MHz		: 3310.984
cache size	: 2048 KB
physical id	: 0
siblings	: 6
core id		: 4
cpu cores	: 3
apicid		: 20
initial apicid	: 4
fpu		: yes
fpu_exception	: yes
cpuid level	: 13
wp		: yes
flags		: fpu vme de pse tsc msr pae mce cx8 apic sep mtrr pge mca cmov pat pse36 clflush mmx fxsr sse sse2 ht syscall nx mmxext fxsr_opt pdpe1gb rdtscp lm constant_tsc rep_good nopl nonstop_tsc extd_apicid aperfmperf pni pclmulqdq monitor ssse3 cx16 sse4_1 sse4_2 popcnt aes xsave avx lahf_lm cmp_legacy svm extapic cr8_legacy abm sse4a misalignsse 3dnowprefetch osvw ibs xop skinit wdt lwp fma4 nodeid_msr topoext perfctr_core arat cpb hw_pstate npt lbrv svm_lock nrip_save tsc_scale vmcb_clean flushbyasid decodeassists pausefilter pfthreshold
bogomips	: 6622.19
TLB size	: 1536 4K pages
clflush size	: 64
cache_alignment	: 64
address sizes	: 48 bits physical, 48 bits virtual
power management: ts ttp tm 100mhzsteps hwpstate [9]

processor	: 5
vendor_id	: AuthenticAMD
cpu family	: 21
model		: 1
model name	: AMD FX(tm)-6100 Six-Core Processor             
stepping	: 2
microcode	: 0x6000626
cpu MHz		: 3310.984
cache size	: 2048 KB
physical id	: 0
siblings	: 6
core id		: 5
cpu cores	: 3
apicid		: 21
initial apicid	: 5
fpu		: yes
fpu_exception	: yes
cpuid level	: 13
wp		: yes
flags		: fpu vme de pse tsc msr pae mce cx8 apic sep mtrr pge mca cmov pat pse36 clflush mmx fxsr sse sse2 ht syscall nx mmxext fxsr_opt pdpe1gb rdtscp lm constant_tsc rep_good nopl nonstop_tsc extd_apicid aperfmperf pni pclmulqdq monitor ssse3 cx16 sse4_1 sse4_2 popcnt aes xsave avx lahf_lm cmp_legacy svm extapic cr8_legacy abm sse4a misalignsse 3dnowprefetch osvw ibs xop skinit wdt lwp fma4 nodeid_msr topoext perfctr_core arat cpb hw_pstate npt lbrv svm_lock nrip_save tsc_scale vmcb_clean flushbyasid decodeassists pausefilter pfthreshold
bogomips	: 6622.18
TLB size	: 1536 4K pages
clflush size	: 64
cache_alignment	: 64
address sizes	: 48 bits physical, 48 bits virtual
power management: ts ttp tm 100mhzsteps hwpstate [9]



Memory: 4k page, physical 8163344k(6006424k free), swap 12015612k(12015612k free)

vm_info: OpenJDK 64-Bit Server VM (23.7-b01) for linux-amd64 JRE (1.7.0_25-b30), built on Jul  3 2013 10:28:26 by "jmm" with gcc 4.7.2

time: Wed Oct 30 15:24:23 2013
elapsed time: 1 seconds

