#
# A fatal error has been detected by the Java Runtime Environment:
#
#  SIGSEGV (0xb) at pc=0x00007ffe420a640d, pid=11529, tid=140730133772032
#
# JRE version: 7.0_25-b30
# Java VM: OpenJDK 64-Bit Server VM (23.7-b01 mixed mode linux-amd64 compressed oops)
# Problematic frame:
# C  [libpdnative5456127247930628988.so+0x8e40d]  java_printhook+0x5d
#
# Failed to write core dump. Core dumps have been disabled. To enable core dumping, try "ulimit -c unlimited" before starting Java again
#
# If you would like to submit a bug report, please include
# instructions on how to reproduce the bug and visit:
#   http://icedtea.classpath.org/bugzilla
# The crash happened outside the Java Virtual Machine in native code.
# See problematic frame for where to report the bug.
#

---------------  T H R E A D  ---------------

Current thread (0x00007ffe50437800):  JavaThread "creature_0" [_thread_in_native, id=11566, stack(0x00007ffe4991f000,0x00007ffe49a20000)]

siginfo:si_signo=SIGSEGV: si_errno=0, si_code=1 (SEGV_MAPERR), si_addr=0x0000000000000000

Registers:
RAX=0x0000000000000000, RBX=0x00007ffe422d0b80, RCX=0x0000000000000001, RDX=0x00007ffe64d36e80
RSP=0x00007ffe49a1e7a8, RBP=0x00007ffe422d0ba8, RSI=0x0000000001940c10, RDI=0x0000000000000000
R8 =0x00007ffe49a1bd80, R9 =0x00000007d67773f0, R10=0x00007ffe64d4aa40, R11=0x00007ffe49a1de78
R12=0x00007ffe422d0cc0, R13=0x00007ffe420b0c58, R14=0x00007ffe49a1e848, R15=0x00007ffe50437800
RIP=0x00007ffe420a640d, EFLAGS=0x0000000000010202, CSGSFS=0x0000000000000033, ERR=0x0000000000000004
  TRAPNO=0x000000000000000e

Top of Stack: (sp=0x00007ffe49a1e7a8)
0x00007ffe49a1e7a8:   00007ffe420a6104 0000000779c71db8
0x00007ffe49a1e7b8:   0000000779c71db8 00007ffe49a1e830
0x00007ffe49a1e7c8:   0000000000000000 0000000779c71db8
0x00007ffe49a1e7d8:   00007ffe420a6c92 00007ffe5f855410
0x00007ffe49a1e7e8:   00007ffe5f861f90 00007ffe49a1e7f0
0x00007ffe49a1e7f8:   0000000779c71db8 00007ffe49a1e848
0x00007ffe49a1e808:   0000000779c73450 0000000000000000
0x00007ffe49a1e818:   0000000779c71db8 0000000000000000
0x00007ffe49a1e828:   00007ffe49a1e850 00007ffe49a1e890
0x00007ffe49a1e838:   00007ffe5f856158 00000007d769c9f0
0x00007ffe49a1e848:   00007ffe5f85edd8 00007ffe49a1e850
0x00007ffe49a1e858:   0000000779b1dbe7 00007ffe49a1e8b0
0x00007ffe49a1e868:   0000000779b84ad0 0000000000000000
0x00007ffe49a1e878:   0000000779b1dd38 00007ffe49a1e850
0x00007ffe49a1e888:   00007ffe49a1e8b0 00007ffe49a1e8f8
0x00007ffe49a1e898:   00007ffe5f856450 0000000000000000
0x00007ffe49a1e8a8:   0000000000000000 00000007d7668f88
0x00007ffe49a1e8b8:   00007ffe49a1e8b8 0000000779b23143
0x00007ffe49a1e8c8:   00007ffe49a1e918 0000000779b50ee0
0x00007ffe49a1e8d8:   0000000000000000 0000000779b23248
0x00007ffe49a1e8e8:   00007ffe49a1e8b0 00007ffe49a1e918
0x00007ffe49a1e8f8:   00007ffe49a1e960 00007ffe5f856450
0x00007ffe49a1e908:   00000007d76935c0 00000007d7690408
0x00007ffe49a1e918:   00000007d7668f88 00007ffe49a1e920
0x00007ffe49a1e928:   00000007792f42f7 00007ffe49a1e9b0
0x00007ffe49a1e938:   0000000779b098b8 0000000000000000
0x00007ffe49a1e948:   00000007792f44b0 00007ffe49a1e918
0x00007ffe49a1e958:   00007ffe49a1e9b0 00007ffe49a1e9f8
0x00007ffe49a1e968:   00007ffe5f856450 0000000000000000
0x00007ffe49a1e978:   0000000000000001 00000007d7668f88
0x00007ffe49a1e988:   00000007d7682790 00000007d7669178
0x00007ffe49a1e998:   00000007d766be28 00000007d766bc60 

Instructions: (pc=0x00007ffe420a640d)
0x00007ffe420a63ed:   23 00 31 c0 48 8b 15 58 28 23 00 4c 8b 07 41 ff
0x00007ffe420a63fd:   90 e8 01 00 00 48 8b 3d b7 27 23 00 48 89 de 5b
0x00007ffe420a640d:   48 8b 07 48 8b 80 b8 00 00 00 ff e0 0f 1f 80 00
0x00007ffe420a641d:   00 00 00 f3 c3 66 66 66 66 66 2e 0f 1f 84 00 00 

Register to memory mapping:

RAX=0x0000000000000000 is an unknown value
RBX=0x00007ffe422d0b80: <offset 0x2b8b80> in /tmp/libpdnative5456127247930628988.so at 0x00007ffe42018000
RCX=0x0000000000000001 is an unknown value
RDX=0x00007ffe64d36e80: <offset 0xc9ee80> in /usr/lib/jvm/java-7-openjdk-amd64/jre/lib/amd64/server/libjvm.so at 0x00007ffe64098000
RSP=0x00007ffe49a1e7a8 is pointing into the stack for thread: 0x00007ffe50437800
RBP=0x00007ffe422d0ba8: <offset 0x2b8ba8> in /tmp/libpdnative5456127247930628988.so at 0x00007ffe42018000
RSI=0x0000000001940c10 is an unknown value
RDI=0x0000000000000000 is an unknown value
R8 =0x00007ffe49a1bd80 is pointing into the stack for thread: 0x00007ffe50437800
R9 =0x00000007d67773f0 is an oop
java.io.FileDescriptor 
 - klass: 'java/io/FileDescriptor'
R10=0x00007ffe64d4aa40: <offset 0xcb2a40> in /usr/lib/jvm/java-7-openjdk-amd64/jre/lib/amd64/server/libjvm.so at 0x00007ffe64098000
R11=0x00007ffe49a1de78 is pointing into the stack for thread: 0x00007ffe50437800
R12=0x00007ffe422d0cc0: <offset 0x2b8cc0> in /tmp/libpdnative5456127247930628988.so at 0x00007ffe42018000
R13=0x00007ffe420b0c58: <offset 0x98c58> in /tmp/libpdnative5456127247930628988.so at 0x00007ffe42018000
R14=0x00007ffe49a1e848 is pointing into the stack for thread: 0x00007ffe50437800
R15=0x00007ffe50437800 is a thread


Stack: [0x00007ffe4991f000,0x00007ffe49a20000],  sp=0x00007ffe49a1e7a8,  free space=1021k
Native frames: (J=compiled Java code, j=interpreted, Vv=VM code, C=native code)
C  [libpdnative5456127247930628988.so+0x8e40d]  java_printhook+0x5d

Java frames: (J=compiled Java code, j=interpreted, Vv=VM code)
j  org.puredata.core.PdBase.pollPdMessageQueue()V+0
j  ensemble.apps.pd_testing.Pd_Reasoning.init()Z+135
j  ensemble.Reasoning.start()Z+171
j  ensemble.MusicalAgent.start()Z+327
j  ensemble.EnsembleAgent.setup()V+99
j  jade.core.Agent$ActiveLifeCycle.init()V+19
j  jade.core.Agent.run()V+4
j  java.lang.Thread.run()V+11
v  ~StubRoutines::call_stub

---------------  P R O C E S S  ---------------

Java Threads: ( => current thread )
  0x00007ffe50454800 JavaThread "creature_1#ReceiveCommand" [_thread_in_Java, id=11579, stack(0x00007ffe41f17000,0x00007ffe42018000)]
  0x00007ffe4405c800 JavaThread "Environment#ReceiveCommand" [_thread_blocked, id=11578, stack(0x00007ffe422df000,0x00007ffe423e0000)]
  0x00007ffe44057000 JavaThread "PulseAudio Eventloop Thread" daemon [_thread_in_native, id=11577, stack(0x00007ffe4802f000,0x00007ffe48130000)]
  0x00007ffe4401a800 JavaThread "OSCReceiver" daemon [_thread_in_native, id=11570, stack(0x00007ffe4951b000,0x00007ffe4961c000)]
  0x00007ffe50451800 JavaThread "OSCReceiver" daemon [_thread_in_native, id=11569, stack(0x00007ffe4961c000,0x00007ffe4971d000)]
  0x00007ffe44006000 JavaThread "OSCReceiver" daemon [_thread_in_native, id=11568, stack(0x00007ffe4971d000,0x00007ffe4981e000)]
  0x00007ffe5044c800 JavaThread "DestroyJavaVM" [_thread_blocked, id=11530, stack(0x00007ffe65a54000,0x00007ffe65b55000)]
  0x00007ffe50434000 JavaThread "creature_1" [_thread_in_Java, id=11567, stack(0x00007ffe4981e000,0x00007ffe4991f000)]
=>0x00007ffe50437800 JavaThread "creature_0" [_thread_in_native, id=11566, stack(0x00007ffe4991f000,0x00007ffe49a20000)]
  0x00007ffe50441800 JavaThread "Environment" [_thread_blocked, id=11565, stack(0x00007ffe49a20000,0x00007ffe49b21000)]
  0x00007ffe5041e000 JavaThread "Router" [_thread_in_Java, id=11564, stack(0x00007ffe49b21000,0x00007ffe49c22000)]
  0x00007ffe5041c000 JavaThread "df" [_thread_blocked, id=11563, stack(0x00007ffe49c22000,0x00007ffe49d23000)]
  0x00007ffe50419000 JavaThread "ams" [_thread_blocked, id=11562, stack(0x00007ffe49d23000,0x00007ffe49e24000)]
  0x00007ffe50416000 JavaThread "pool-1-thread-5" [_thread_blocked, id=11561, stack(0x00007ffe49e24000,0x00007ffe49f25000)]
  0x00007ffe50414000 JavaThread "pool-1-thread-4" [_thread_blocked, id=11560, stack(0x00007ffe49f25000,0x00007ffe4a026000)]
  0x00007ffe50412000 JavaThread "pool-1-thread-3" [_thread_blocked, id=11559, stack(0x00007ffe4a026000,0x00007ffe4a127000)]
  0x00007ffe50410000 JavaThread "pool-1-thread-2" [_thread_blocked, id=11558, stack(0x00007ffe4a127000,0x00007ffe4a228000)]
  0x00007ffe5040e800 JavaThread "pool-1-thread-1" [_thread_blocked, id=11557, stack(0x00007ffe4a228000,0x00007ffe4a329000)]
  0x00007ffe503ef800 JavaThread "Thread-10" [_thread_in_native, id=11556, stack(0x00007ffe4a329000,0x00007ffe4a42a000)]
  0x00007ffe503f8800 JavaThread "Deliverer-4" [_thread_blocked, id=11555, stack(0x00007ffe4a42a000,0x00007ffe4a52b000)]
  0x00007ffe503dd000 JavaThread "Deliverer-3" [_thread_blocked, id=11554, stack(0x00007ffe4a52b000,0x00007ffe4a62c000)]
  0x00007ffe503df000 JavaThread "Deliverer-2" [_thread_blocked, id=11553, stack(0x00007ffe4a62c000,0x00007ffe4a72d000)]
  0x00007ffe503e1000 JavaThread "Deliverer-1" [_thread_blocked, id=11552, stack(0x00007ffe4a72d000,0x00007ffe4a82e000)]
  0x00007ffe503d9800 JavaThread "Deliverer-0" [_thread_blocked, id=11551, stack(0x00007ffe4a82e000,0x00007ffe4a92f000)]
  0x00007ffe503c7800 JavaThread "AWT-XAWT" daemon [_thread_in_native, id=11550, stack(0x00007ffe4a92f000,0x00007ffe4aa30000)]
  0x00007ffe5038c000 JavaThread "Java2D Disposer" daemon [_thread_blocked, id=11549, stack(0x00007ffe5402f000,0x00007ffe54130000)]
  0x00007ffe50255800 JavaThread "Thread-4" [_thread_in_native, id=11548, stack(0x00007ffe556e4000,0x00007ffe557e5000)]
  0x00007ffe50251800 JavaThread "Thread-3" [_thread_blocked, id=11547, stack(0x00007ffe557e5000,0x00007ffe558e6000)]
  0x00007ffe50250000 JavaThread "JICPServer-1099" daemon [_thread_in_native, id=11546, stack(0x00007ffe558e6000,0x00007ffe559e7000)]
  0x00007ffe5023b800 JavaThread "JADE Timer dispatcher" [_thread_blocked, id=11545, stack(0x00007ffe559e7000,0x00007ffe55ae8000)]
  0x00007ffe50062000 JavaThread "Service Thread" daemon [_thread_blocked, id=11543, stack(0x00007ffe5762c000,0x00007ffe5772d000)]
  0x00007ffe5005f800 JavaThread "C2 CompilerThread1" daemon [_thread_blocked, id=11542, stack(0x00007ffe5772d000,0x00007ffe5782e000)]
  0x00007ffe5005c800 JavaThread "C2 CompilerThread0" daemon [_thread_blocked, id=11541, stack(0x00007ffe5782e000,0x00007ffe5792f000)]
  0x00007ffe5005a800 JavaThread "Signal Dispatcher" daemon [_thread_blocked, id=11540, stack(0x00007ffe5792f000,0x00007ffe57a30000)]
  0x00007ffe50001000 JavaThread "Finalizer" daemon [_thread_blocked, id=11539, stack(0x00007ffe57bad000,0x00007ffe57cae000)]
  0x0000000001834000 JavaThread "Reference Handler" daemon [_thread_blocked, id=11538, stack(0x00007ffe57cae000,0x00007ffe57daf000)]

Other Threads:
  0x000000000182b800 VMThread [stack: 0x00007ffe57daf000,0x00007ffe57eb0000] [id=11537]
  0x00007ffe5006d000 WatcherThread [stack: 0x00007ffe5752b000,0x00007ffe5762c000] [id=11544]

VM state:not at safepoint (normal execution)

VM Mutex/Monitor currently owned by a thread:  ([mutex/lock_event])
[0x0000000001784900] CodeCache_lock - owner thread: 0x0000000000000000

Heap
 PSYoungGen      total 37184K, used 27448K [0x00000007d6760000, 0x00000007d90e0000, 0x0000000800000000)
  eden space 31872K, 86% used [0x00000007d6760000,0x00000007d822e060,0x00000007d8680000)
  from space 5312K, 0% used [0x00000007d8bb0000,0x00000007d8bb0000,0x00000007d90e0000)
  to   space 5312K, 0% used [0x00000007d8680000,0x00000007d8680000,0x00000007d8bb0000)
 ParOldGen       total 85120K, used 0K [0x0000000783600000, 0x0000000788920000, 0x00000007d6760000)
  object space 85120K, 0% used [0x0000000783600000,0x0000000783600000,0x0000000788920000)
 PSPermGen       total 21248K, used 13068K [0x0000000779000000, 0x000000077a4c0000, 0x0000000783600000)
  object space 21248K, 61% used [0x0000000779000000,0x0000000779cc3008,0x000000077a4c0000)

Card table byte_map: [0x00007ffe5f417000,0x00007ffe5f850000] byte_map_base: 0x00007ffe5b84f000

Polling page: 0x00007ffe65a53000

Code Cache  [0x00007ffe5f850000, 0x00007ffe5fac0000, 0x00007ffe62850000)
 total_blobs=423 nmethods=43 adapters=332 free_code_cache=48594Kb largest_free_block=49744704

Compilation events (10 events):
Event: 1.204 Thread 0x00007ffe5005f800 nmethod 37 0x00007ffe5f8dc1d0 code [0x00007ffe5f8dc300, 0x00007ffe5f8dc3f8]
Event: 1.204 Thread 0x00007ffe5005f800   39             sun.reflect.ReflectionFactory::copyMethod (10 bytes)
Event: 1.205 Thread 0x00007ffe5005c800 nmethod 38 0x00007ffe5f8d8650 code [0x00007ffe5f8d87a0, 0x00007ffe5f8d8918]
Event: 1.205 Thread 0x00007ffe5005c800   40             sun.reflect.ClassFileAssembler::emitByte (11 bytes)
Event: 1.206 Thread 0x00007ffe5005f800 nmethod 39 0x00007ffe5f8d8190 code [0x00007ffe5f8d82e0, 0x00007ffe5f8d84d8]
Event: 1.206 Thread 0x00007ffe5005f800   41             sun.reflect.ByteVectorImpl::add (38 bytes)
Event: 1.207 Thread 0x00007ffe5005c800 nmethod 40 0x00007ffe5f8dd850 code [0x00007ffe5f8dd9a0, 0x00007ffe5f8ddae8]
Event: 1.207 Thread 0x00007ffe5005f800 nmethod 41 0x00007ffe5f8dd4d0 code [0x00007ffe5f8dd620, 0x00007ffe5f8dd728]
Event: 1.207 Thread 0x00007ffe5005c800   42             java.util.HashMap::hash (59 bytes)
Event: 1.209 Thread 0x00007ffe5005c800 nmethod 42 0x00007ffe5f8dd110 code [0x00007ffe5f8dd260, 0x00007ffe5f8dd3a8]

GC Heap History (0 events):
No events

Deoptimization events (1 events):
Event: 0.408 Thread 0x0000000001789000 Uncommon trap -34 fr.pc 0x00007ffe5f8b32e0

Internal exceptions (10 events):
Event: 1.181 Thread 0x00007ffe50437800 Threw 0x00000007d7694268 at /home/jmm/scratch/jdk/openjdk-7-7u25-2.3.10/build/openjdk/hotspot/src/share/vm/prims/jvm.cpp:1235
Event: 1.182 Thread 0x00007ffe50437800 Threw 0x00000007d7697130 at /home/jmm/scratch/jdk/openjdk-7-7u25-2.3.10/build/openjdk/hotspot/src/share/vm/prims/jvm.cpp:1235
Event: 1.183 Thread 0x00007ffe50437800 Threw 0x00000007d769d978 at /home/jmm/scratch/jdk/openjdk-7-7u25-2.3.10/build/openjdk/hotspot/src/share/vm/prims/jvm.cpp:1235
Event: 1.183 Thread 0x00007ffe50437800 Threw 0x00000007d769e040 at /home/jmm/scratch/jdk/openjdk-7-7u25-2.3.10/build/openjdk/hotspot/src/share/vm/prims/jvm.cpp:1235
Event: 1.183 Thread 0x00007ffe50437800 Threw 0x00000007d769efd8 at /home/jmm/scratch/jdk/openjdk-7-7u25-2.3.10/build/openjdk/hotspot/src/share/vm/prims/jvm.cpp:1235
Event: 1.184 Thread 0x00007ffe50437800 Threw 0x00000007d76a3230 at /home/jmm/scratch/jdk/openjdk-7-7u25-2.3.10/build/openjdk/hotspot/src/share/vm/prims/jvm.cpp:1235
Event: 1.194 Thread 0x00007ffe5041c000 Threw 0x00000007d8105738 at /home/jmm/scratch/jdk/openjdk-7-7u25-2.3.10/build/openjdk/hotspot/src/share/vm/interpreter/interpreterR
Event: 1.194 Thread 0x00007ffe5041c000 Threw 0x00000007d81064e8 at /home/jmm/scratch/jdk/openjdk-7-7u25-2.3.10/build/openjdk/hotspot/src/share/vm/interpreter/interpreterR
Event: 1.213 Thread 0x00007ffe50437800 Threw 0x00000007d76c8318 at /home/jmm/scratch/jdk/openjdk-7-7u25-2.3.10/build/openjdk/hotspot/src/share/vm/prims/jvm.cpp:1235
Event: 1.214 Thread 0x00007ffe50437800 Threw 0x00000007d76cb728 at /home/jmm/scratch/jdk/openjdk-7-7u25-2.3.10/build/openjdk/hotspot/src/share/vm/prims/jvm.cpp:1235

Events (10 events):
Event: 1.196 loading class 0x00007ffe440745a0 done
Event: 1.212 loading class 0x00007ffe50038710
Event: 1.212 loading class 0x00007ffe50038710 done
Event: 1.212 loading class 0x00007ffe4407cea0
Event: 1.212 loading class 0x00007ffe4407cea0 done
Event: 1.213 loading class 0x00007ffe4400c9a0
Event: 1.213 loading class 0x00007ffe4400c9a0 done
Event: 1.214 loading class 0x00007ffe4409c290
Event: 1.214 loading class 0x00007ffe4409c290 done
Event: 1.215 loading class 0x00007ffe50033560


Dynamic libraries:
00400000-00401000 r-xp 00000000 08:05 7876088                            /usr/lib/jvm/java-7-openjdk-amd64/jre/bin/java
00600000-00601000 r--p 00000000 08:05 7876088                            /usr/lib/jvm/java-7-openjdk-amd64/jre/bin/java
00601000-00602000 rw-p 00001000 08:05 7876088                            /usr/lib/jvm/java-7-openjdk-amd64/jre/bin/java
0177d000-01aeb000 rw-p 00000000 00:00 0                                  [heap]
779000000-77a4c0000 rw-p 00000000 00:00 0 
77a4c0000-783600000 rw-p 00000000 00:00 0 
783600000-788920000 rw-p 00000000 00:00 0 
788920000-7d6760000 rw-p 00000000 00:00 0 
7d6760000-7d90e0000 rw-p 00000000 00:00 0 
7d90e0000-800000000 rw-p 00000000 00:00 0 
7ffe39de0000-7ffe3dde1000 rw-s 00000000 00:11 2162180                    /run/shm/pulse-shm-136799446
7ffe3dde7000-7ffe3dde8000 ---p 00000000 00:00 0 
7ffe3dde8000-7ffe3e5e8000 rw-p 00000000 00:00 0 
7ffe41f17000-7ffe41f1a000 ---p 00000000 00:00 0 
7ffe41f1a000-7ffe42018000 rw-p 00000000 00:00 0 
7ffe42018000-7ffe420ca000 r-xp 00000000 08:05 9709274                    /tmp/libpdnative5456127247930628988.so
7ffe420ca000-7ffe422ca000 ---p 000b2000 08:05 9709274                    /tmp/libpdnative5456127247930628988.so
7ffe422ca000-7ffe422cd000 rw-p 000b2000 08:05 9709274                    /tmp/libpdnative5456127247930628988.so
7ffe422cd000-7ffe422da000 rw-p 00000000 00:00 0 
7ffe422df000-7ffe422e2000 ---p 00000000 00:00 0 
7ffe422e2000-7ffe423e0000 rw-p 00000000 00:00 0 
7ffe423e0000-7ffe423ed000 r-xp 00000000 08:05 9967722                    /usr/lib/jvm/java-7-openjdk-amd64/jre/lib/amd64/libpulse-java.so
7ffe423ed000-7ffe425ec000 ---p 0000d000 08:05 9967722                    /usr/lib/jvm/java-7-openjdk-amd64/jre/lib/amd64/libpulse-java.so
7ffe425ec000-7ffe425ed000 r--p 0000c000 08:05 9967722                    /usr/lib/jvm/java-7-openjdk-amd64/jre/lib/amd64/libpulse-java.so
7ffe425ed000-7ffe425ee000 rw-p 0000d000 08:05 9967722                    /usr/lib/jvm/java-7-openjdk-amd64/jre/lib/amd64/libpulse-java.so
7ffe425f0000-7ffe425f6000 r-xp 00000000 08:05 8132597                    /usr/lib/x86_64-linux-gnu/libogg.so.0.8.0
7ffe425f6000-7ffe427f5000 ---p 00006000 08:05 8132597                    /usr/lib/x86_64-linux-gnu/libogg.so.0.8.0
7ffe427f5000-7ffe427f6000 rw-p 00005000 08:05 8132597                    /usr/lib/x86_64-linux-gnu/libogg.so.0.8.0
7ffe427f8000-7ffe42824000 r-xp 00000000 08:05 8132806                    /usr/lib/x86_64-linux-gnu/libvorbis.so.0.4.5
7ffe42824000-7ffe42a23000 ---p 0002c000 08:05 8132806                    /usr/lib/x86_64-linux-gnu/libvorbis.so.0.4.5
7ffe42a23000-7ffe42a24000 r--p 0002b000 08:05 8132806                    /usr/lib/x86_64-linux-gnu/libvorbis.so.0.4.5
7ffe42a24000-7ffe42a25000 rw-p 0002c000 08:05 8132806                    /usr/lib/x86_64-linux-gnu/libvorbis.so.0.4.5
7ffe42a28000-7ffe42cdb000 r-xp 00000000 08:05 8132808                    /usr/lib/x86_64-linux-gnu/libvorbisenc.so.2.0.8
7ffe42cdb000-7ffe42eda000 ---p 002b3000 08:05 8132808                    /usr/lib/x86_64-linux-gnu/libvorbisenc.so.2.0.8
7ffe42eda000-7ffe42ef6000 r--p 002b2000 08:05 8132808                    /usr/lib/x86_64-linux-gnu/libvorbisenc.so.2.0.8
7ffe42ef6000-7ffe42ef7000 rw-p 002ce000 08:05 8132808                    /usr/lib/x86_64-linux-gnu/libvorbisenc.so.2.0.8
7ffe42ef8000-7ffe42f43000 r-xp 00000000 08:05 8132007                    /usr/lib/x86_64-linux-gnu/libFLAC.so.8.2.0
7ffe42f43000-7ffe43142000 ---p 0004b000 08:05 8132007                    /usr/lib/x86_64-linux-gnu/libFLAC.so.8.2.0
7ffe43142000-7ffe43143000 r--p 0004a000 08:05 8132007                    /usr/lib/x86_64-linux-gnu/libFLAC.so.8.2.0
7ffe43143000-7ffe43144000 rw-p 0004b000 08:05 8132007                    /usr/lib/x86_64-linux-gnu/libFLAC.so.8.2.0
7ffe43148000-7ffe4314c000 r-xp 00000000 08:05 5374967                    /lib/x86_64-linux-gnu/libuuid.so.1.3.0
7ffe4314c000-7ffe4334b000 ---p 00004000 08:05 5374967                    /lib/x86_64-linux-gnu/libuuid.so.1.3.0
7ffe4334b000-7ffe4334c000 r--p 00003000 08:05 5374967                    /lib/x86_64-linux-gnu/libuuid.so.1.3.0
7ffe4334c000-7ffe4334d000 rw-p 00004000 08:05 5374967                    /lib/x86_64-linux-gnu/libuuid.so.1.3.0
7ffe43350000-7ffe43354000 r-xp 00000000 08:05 5374819                    /lib/x86_64-linux-gnu/libattr.so.1.1.0
7ffe43354000-7ffe43553000 ---p 00004000 08:05 5374819                    /lib/x86_64-linux-gnu/libattr.so.1.1.0
7ffe43553000-7ffe43554000 r--p 00003000 08:05 5374819                    /lib/x86_64-linux-gnu/libattr.so.1.1.0
7ffe43554000-7ffe43555000 rw-p 00004000 08:05 5374819                    /lib/x86_64-linux-gnu/libattr.so.1.1.0
7ffe43558000-7ffe4355d000 r-xp 00000000 08:05 8132104                    /usr/lib/x86_64-linux-gnu/libasyncns.so.0.3.1
7ffe4355d000-7ffe4375c000 ---p 00005000 08:05 8132104                    /usr/lib/x86_64-linux-gnu/libasyncns.so.0.3.1
7ffe4375c000-7ffe4375d000 rw-p 00004000 08:05 8132104                    /usr/lib/x86_64-linux-gnu/libasyncns.so.0.3.1
7ffe43760000-7ffe437c1000 r-xp 00000000 08:05 8132721                    /usr/lib/x86_64-linux-gnu/libsndfile.so.1.0.25
7ffe437c1000-7ffe439c0000 ---p 00061000 08:05 8132721                    /usr/lib/x86_64-linux-gnu/libsndfile.so.1.0.25
7ffe439c0000-7ffe439c2000 r--p 00060000 08:05 8132721                    /usr/lib/x86_64-linux-gnu/libsndfile.so.1.0.25
7ffe439c2000-7ffe439c3000 rw-p 00062000 08:05 8132721                    /usr/lib/x86_64-linux-gnu/libsndfile.so.1.0.25
7ffe439c3000-7ffe439c7000 rw-p 00000000 00:00 0 
7ffe439c8000-7ffe439d1000 r-xp 00000000 08:05 5374969                    /lib/x86_64-linux-gnu/libwrap.so.0.7.6
7ffe439d1000-7ffe43bd0000 ---p 00009000 08:05 5374969                    /lib/x86_64-linux-gnu/libwrap.so.0.7.6
7ffe43bd0000-7ffe43bd1000 r--p 00008000 08:05 5374969                    /lib/x86_64-linux-gnu/libwrap.so.0.7.6
7ffe43bd1000-7ffe43bd2000 rw-p 00009000 08:05 5374969                    /lib/x86_64-linux-gnu/libwrap.so.0.7.6
7ffe43bd2000-7ffe43bd3000 rw-p 00000000 00:00 0 
7ffe43bd8000-7ffe43bdf000 r-xp 00000000 08:05 8132027                    /usr/lib/x86_64-linux-gnu/libSM.so.6.0.1
7ffe43bdf000-7ffe43dde000 ---p 00007000 08:05 8132027                    /usr/lib/x86_64-linux-gnu/libSM.so.6.0.1
7ffe43dde000-7ffe43ddf000 rw-p 00006000 08:05 8132027                    /usr/lib/x86_64-linux-gnu/libSM.so.6.0.1
7ffe43de0000-7ffe43df7000 r-xp 00000000 08:05 8132017                    /usr/lib/x86_64-linux-gnu/libICE.so.6.3.0
7ffe43df7000-7ffe43ff6000 ---p 00017000 08:05 8132017                    /usr/lib/x86_64-linux-gnu/libICE.so.6.3.0
7ffe43ff6000-7ffe43ff8000 rw-p 00016000 08:05 8132017                    /usr/lib/x86_64-linux-gnu/libICE.so.6.3.0
7ffe43ff8000-7ffe43ffb000 rw-p 00000000 00:00 0 
7ffe44000000-7ffe440d1000 rw-p 00000000 00:00 0 
7ffe440d1000-7ffe48000000 ---p 00000000 00:00 0 
7ffe4802f000-7ffe48032000 ---p 00000000 00:00 0 
7ffe48032000-7ffe48130000 rw-p 00000000 00:00 0 
7ffe48130000-7ffe48131000 r-xp 00000000 08:05 8132034                    /usr/lib/x86_64-linux-gnu/libX11-xcb.so.1.0.0
7ffe48131000-7ffe48330000 ---p 00001000 08:05 8132034                    /usr/lib/x86_64-linux-gnu/libX11-xcb.so.1.0.0
7ffe48330000-7ffe48331000 rw-p 00000000 08:05 8132034                    /usr/lib/x86_64-linux-gnu/libX11-xcb.so.1.0.0
7ffe48338000-7ffe4833c000 r-xp 00000000 08:05 5374832                    /lib/x86_64-linux-gnu/libcap.so.2.22
7ffe4833c000-7ffe4853b000 ---p 00004000 08:05 5374832                    /lib/x86_64-linux-gnu/libcap.so.2.22
7ffe4853b000-7ffe4853c000 rw-p 00003000 08:05 5374832                    /lib/x86_64-linux-gnu/libcap.so.2.22
7ffe48540000-7ffe485a1000 r-xp 00000000 08:05 8258130                    /usr/lib/x86_64-linux-gnu/pulseaudio/libpulsecommon-2.0.so
7ffe485a1000-7ffe487a0000 ---p 00061000 08:05 8258130                    /usr/lib/x86_64-linux-gnu/pulseaudio/libpulsecommon-2.0.so
7ffe487a0000-7ffe487a1000 r--p 00060000 08:05 8258130                    /usr/lib/x86_64-linux-gnu/pulseaudio/libpulsecommon-2.0.so
7ffe487a1000-7ffe487a3000 rw-p 00061000 08:05 8258130                    /usr/lib/x86_64-linux-gnu/pulseaudio/libpulsecommon-2.0.so
7ffe487a8000-7ffe487b1000 r-xp 00000000 08:05 5374868                    /lib/x86_64-linux-gnu/libjson.so.0.1.0
7ffe487b1000-7ffe489b0000 ---p 00009000 08:05 5374868                    /lib/x86_64-linux-gnu/libjson.so.0.1.0
7ffe489b0000-7ffe489b1000 r--p 00008000 08:05 5374868                    /lib/x86_64-linux-gnu/libjson.so.0.1.0
7ffe489b1000-7ffe489b2000 rw-p 00009000 08:05 5374868                    /lib/x86_64-linux-gnu/libjson.so.0.1.0
7ffe489b8000-7ffe48a01000 r-xp 00000000 08:05 8132674                    /usr/lib/x86_64-linux-gnu/libpulse.so.0.14.2
7ffe48a01000-7ffe48c00000 ---p 00049000 08:05 8132674                    /usr/lib/x86_64-linux-gnu/libpulse.so.0.14.2
7ffe48c00000-7ffe48c01000 r--p 00048000 08:05 8132674                    /usr/lib/x86_64-linux-gnu/libpulse.so.0.14.2
7ffe48c01000-7ffe48c02000 rw-p 00049000 08:05 8132674                    /usr/lib/x86_64-linux-gnu/libpulse.so.0.14.2
7ffe48c08000-7ffe48c0e000 r-xp 00000000 08:05 8131172                    /usr/lib/x86_64-linux-gnu/alsa-lib/libasound_module_pcm_pulse.so
7ffe48c0e000-7ffe48e0d000 ---p 00006000 08:05 8131172                    /usr/lib/x86_64-linux-gnu/alsa-lib/libasound_module_pcm_pulse.so
7ffe48e0d000-7ffe48e0e000 r--p 00005000 08:05 8131172                    /usr/lib/x86_64-linux-gnu/alsa-lib/libasound_module_pcm_pulse.so
7ffe48e0e000-7ffe48e0f000 rw-p 00006000 08:05 8131172                    /usr/lib/x86_64-linux-gnu/alsa-lib/libasound_module_pcm_pulse.so
7ffe48e10000-7ffe48efc000 r-xp 00000000 08:05 8132098                    /usr/lib/x86_64-linux-gnu/libasound.so.2.0.0
7ffe48efc000-7ffe490fc000 ---p 000ec000 08:05 8132098                    /usr/lib/x86_64-linux-gnu/libasound.so.2.0.0
7ffe490fc000-7ffe49102000 r--p 000ec000 08:05 8132098                    /usr/lib/x86_64-linux-gnu/libasound.so.2.0.0
7ffe49102000-7ffe49104000 rw-p 000f2000 08:05 8132098                    /usr/lib/x86_64-linux-gnu/libasound.so.2.0.0
7ffe49108000-7ffe49117000 r-xp 00000000 08:05 9967721                    /usr/lib/jvm/java-7-openjdk-amd64/jre/lib/amd64/libjsoundalsa.so
7ffe49117000-7ffe49316000 ---p 0000f000 08:05 9967721                    /usr/lib/jvm/java-7-openjdk-amd64/jre/lib/amd64/libjsoundalsa.so
7ffe49316000-7ffe49317000 r--p 0000e000 08:05 9967721                    /usr/lib/jvm/java-7-openjdk-amd64/jre/lib/amd64/libjsoundalsa.so
7ffe49317000-7ffe49318000 rw-p 0000f000 08:05 9967721                    /usr/lib/jvm/java-7-openjdk-amd64/jre/lib/amd64/libjsoundalsa.so
7ffe49318000-7ffe49319000 r-xp 00000000 08:05 9967621                    /usr/lib/jvm/java-7-openjdk-amd64/jre/lib/amd64/libjsound.so
7ffe49319000-7ffe49518000 ---p 00001000 08:05 9967621                    /usr/lib/jvm/java-7-openjdk-amd64/jre/lib/amd64/libjsound.so
7ffe49518000-7ffe49519000 r--p 00000000 08:05 9967621                    /usr/lib/jvm/java-7-openjdk-amd64/jre/lib/amd64/libjsound.so
7ffe49519000-7ffe4951a000 rw-p 00001000 08:05 9967621                    /usr/lib/jvm/java-7-openjdk-amd64/jre/lib/amd64/libjsound.so
7ffe4951b000-7ffe4951e000 ---p 00000000 00:00 0 
7ffe4951e000-7ffe4961c000 rw-p 00000000 00:00 0 
7ffe4961c000-7ffe4961f000 ---p 00000000 00:00 0 
7ffe4961f000-7ffe4971d000 rw-p 00000000 00:00 0 
7ffe4971d000-7ffe49720000 ---p 00000000 00:00 0 
7ffe49720000-7ffe4981e000 rw-p 00000000 00:00 0 
7ffe4981e000-7ffe49821000 ---p 00000000 00:00 0 
7ffe49821000-7ffe4991f000 rw-p 00000000 00:00 0 
7ffe4991f000-7ffe49922000 ---p 00000000 00:00 0 
7ffe49922000-7ffe49a20000 rw-p 00000000 00:00 0 
7ffe49a20000-7ffe49a23000 ---p 00000000 00:00 0 
7ffe49a23000-7ffe49b21000 rw-p 00000000 00:00 0 
7ffe49b21000-7ffe49b24000 ---p 00000000 00:00 0 
7ffe49b24000-7ffe49c22000 rw-p 00000000 00:00 0 
7ffe49c22000-7ffe49c25000 ---p 00000000 00:00 0 
7ffe49c25000-7ffe49d23000 rw-p 00000000 00:00 0 
7ffe49d23000-7ffe49d26000 ---p 00000000 00:00 0 
7ffe49d26000-7ffe49e24000 rw-p 00000000 00:00 0 
7ffe49e24000-7ffe49e27000 ---p 00000000 00:00 0 
7ffe49e27000-7ffe49f25000 rw-p 00000000 00:00 0 
7ffe49f25000-7ffe49f28000 ---p 00000000 00:00 0 
7ffe49f28000-7ffe4a026000 rw-p 00000000 00:00 0 
7ffe4a026000-7ffe4a029000 ---p 00000000 00:00 0 
7ffe4a029000-7ffe4a127000 rw-p 00000000 00:00 0 
7ffe4a127000-7ffe4a12a000 ---p 00000000 00:00 0 
7ffe4a12a000-7ffe4a228000 rw-p 00000000 00:00 0 
7ffe4a228000-7ffe4a22b000 ---p 00000000 00:00 0 
7ffe4a22b000-7ffe4a329000 rw-p 00000000 00:00 0 
7ffe4a329000-7ffe4a32c000 ---p 00000000 00:00 0 
7ffe4a32c000-7ffe4a42a000 rw-p 00000000 00:00 0 
7ffe4a42a000-7ffe4a42d000 ---p 00000000 00:00 0 
7ffe4a42d000-7ffe4a52b000 rw-p 00000000 00:00 0 
7ffe4a52b000-7ffe4a52e000 ---p 00000000 00:00 0 
7ffe4a52e000-7ffe4a62c000 rw-p 00000000 00:00 0 
7ffe4a62c000-7ffe4a62f000 ---p 00000000 00:00 0 
7ffe4a62f000-7ffe4a72d000 rw-p 00000000 00:00 0 
7ffe4a72d000-7ffe4a730000 ---p 00000000 00:00 0 
7ffe4a730000-7ffe4a82e000 rw-p 00000000 00:00 0 
7ffe4a82e000-7ffe4a831000 ---p 00000000 00:00 0 
7ffe4a831000-7ffe4a92f000 rw-p 00000000 00:00 0 
7ffe4a92f000-7ffe4a932000 ---p 00000000 00:00 0 
7ffe4a932000-7ffe4aa30000 rw-p 00000000 00:00 0 
7ffe4aa30000-7ffe4aa33000 r-xp 00000000 08:05 5374859                    /lib/x86_64-linux-gnu/libgpg-error.so.0.8.0
7ffe4aa33000-7ffe4ac32000 ---p 00003000 08:05 5374859                    /lib/x86_64-linux-gnu/libgpg-error.so.0.8.0
7ffe4ac32000-7ffe4ac33000 rw-p 00002000 08:05 5374859                    /lib/x86_64-linux-gnu/libgpg-error.so.0.8.0
7ffe4ac38000-7ffe4ac7c000 r-xp 00000000 08:05 5374854                    /lib/x86_64-linux-gnu/libdbus-1.so.3.7.2
7ffe4ac7c000-7ffe4ae7c000 ---p 00044000 08:05 5374854                    /lib/x86_64-linux-gnu/libdbus-1.so.3.7.2
7ffe4ae7c000-7ffe4ae7d000 r--p 00044000 08:05 5374854                    /lib/x86_64-linux-gnu/libdbus-1.so.3.7.2
7ffe4ae7d000-7ffe4ae7e000 rw-p 00045000 08:05 5374854                    /lib/x86_64-linux-gnu/libdbus-1.so.3.7.2
7ffe4ae80000-7ffe4ae91000 r-xp 00000000 08:05 8132613                    /usr/lib/x86_64-linux-gnu/libp11-kit.so.0.0.0
7ffe4ae91000-7ffe4b090000 ---p 00011000 08:05 8132613                    /usr/lib/x86_64-linux-gnu/libp11-kit.so.0.0.0
7ffe4b090000-7ffe4b091000 r--p 00010000 08:05 8132613                    /usr/lib/x86_64-linux-gnu/libp11-kit.so.0.0.0
7ffe4b091000-7ffe4b092000 rw-p 00011000 08:05 8132613                    /usr/lib/x86_64-linux-gnu/libp11-kit.so.0.0.0
7ffe4b098000-7ffe4b112000 r-xp 00000000 08:05 5375117                    /lib/x86_64-linux-gnu/libgcrypt.so.11.7.0
7ffe4b112000-7ffe4b312000 ---p 0007a000 08:05 5375117                    /lib/x86_64-linux-gnu/libgcrypt.so.11.7.0
7ffe4b312000-7ffe4b313000 r--p 0007a000 08:05 5375117                    /lib/x86_64-linux-gnu/libgcrypt.so.11.7.0
7ffe4b313000-7ffe4b316000 rw-p 0007b000 08:05 5375117                    /lib/x86_64-linux-gnu/libgcrypt.so.11.7.0
7ffe4b318000-7ffe4b328000 r-xp 00000000 08:05 8132758                    /usr/lib/x86_64-linux-gnu/libtasn1.so.3.1.16
7ffe4b328000-7ffe4b527000 ---p 00010000 08:05 8132758                    /usr/lib/x86_64-linux-gnu/libtasn1.so.3.1.16
7ffe4b527000-7ffe4b528000 r--p 0000f000 08:05 8132758                    /usr/lib/x86_64-linux-gnu/libtasn1.so.3.1.16
7ffe4b528000-7ffe4b529000 rw-p 00010000 08:05 8132758                    /usr/lib/x86_64-linux-gnu/libtasn1.so.3.1.16
7ffe4b530000-7ffe4b533000 r-xp 00000000 08:05 5374870                    /lib/x86_64-linux-gnu/libkeyutils.so.1.4
7ffe4b533000-7ffe4b732000 ---p 00003000 08:05 5374870                    /lib/x86_64-linux-gnu/libkeyutils.so.1.4
7ffe4b732000-7ffe4b733000 r--p 00002000 08:05 5374870                    /lib/x86_64-linux-gnu/libkeyutils.so.1.4
7ffe4b733000-7ffe4b734000 rw-p 00003000 08:05 5374870                    /lib/x86_64-linux-gnu/libkeyutils.so.1.4
7ffe4b738000-7ffe4b740000 r-xp 00000000 08:05 8132512                    /usr/lib/x86_64-linux-gnu/libkrb5support.so.0.1
7ffe4b740000-7ffe4b93f000 ---p 00008000 08:05 8132512                    /usr/lib/x86_64-linux-gnu/libkrb5support.so.0.1
7ffe4b93f000-7ffe4b940000 r--p 00007000 08:05 8132512                    /usr/lib/x86_64-linux-gnu/libkrb5support.so.0.1
7ffe4b940000-7ffe4b941000 rw-p 00008000 08:05 8132512                    /usr/lib/x86_64-linux-gnu/libkrb5support.so.0.1
7ffe4b948000-7ffe4b94b000 r-xp 00000000 08:05 5374836                    /lib/x86_64-linux-gnu/libcom_err.so.2.1
7ffe4b94b000-7ffe4bb4a000 ---p 00003000 08:05 5374836                    /lib/x86_64-linux-gnu/libcom_err.so.2.1
7ffe4bb4a000-7ffe4bb4b000 r--p 00002000 08:05 5374836                    /lib/x86_64-linux-gnu/libcom_err.so.2.1
7ffe4bb4b000-7ffe4bb4c000 rw-p 00003000 08:05 5374836                    /lib/x86_64-linux-gnu/libcom_err.so.2.1
7ffe4bb50000-7ffe4bb76000 r-xp 00000000 08:05 8130803                    /usr/lib/x86_64-linux-gnu/libk5crypto.so.3.1
7ffe4bb76000-7ffe4bd76000 ---p 00026000 08:05 8130803                    /usr/lib/x86_64-linux-gnu/libk5crypto.so.3.1
7ffe4bd76000-7ffe4bd77000 r--p 00026000 08:05 8130803                    /usr/lib/x86_64-linux-gnu/libk5crypto.so.3.1
7ffe4bd77000-7ffe4bd78000 rw-p 00027000 08:05 8130803                    /usr/lib/x86_64-linux-gnu/libk5crypto.so.3.1
7ffe4bd78000-7ffe4bd79000 rw-p 00000000 00:00 0 
7ffe4bd80000-7ffe4be49000 r-xp 00000000 08:05 8132391                    /usr/lib/x86_64-linux-gnu/libkrb5.so.3.3
7ffe4be49000-7ffe4c048000 ---p 000c9000 08:05 8132391                    /usr/lib/x86_64-linux-gnu/libkrb5.so.3.3
7ffe4c048000-7ffe4c052000 r--p 000c8000 08:05 8132391                    /usr/lib/x86_64-linux-gnu/libkrb5.so.3.3
7ffe4c052000-7ffe4c054000 rw-p 000d2000 08:05 8132391                    /usr/lib/x86_64-linux-gnu/libkrb5.so.3.3
7ffe4c058000-7ffe4c05d000 r-xp 00000000 08:05 8132050                    /usr/lib/x86_64-linux-gnu/libXdmcp.so.6.0.0
7ffe4c05d000-7ffe4c25c000 ---p 00005000 08:05 8132050                    /usr/lib/x86_64-linux-gnu/libXdmcp.so.6.0.0
7ffe4c25c000-7ffe4c25d000 rw-p 00004000 08:05 8132050                    /usr/lib/x86_64-linux-gnu/libXdmcp.so.6.0.0
7ffe4c260000-7ffe4c262000 r-xp 00000000 08:05 8132039                    /usr/lib/x86_64-linux-gnu/libXau.so.6.0.0
7ffe4c262000-7ffe4c462000 ---p 00002000 08:05 8132039                    /usr/lib/x86_64-linux-gnu/libXau.so.6.0.0
7ffe4c462000-7ffe4c463000 rw-p 00002000 08:05 8132039                    /usr/lib/x86_64-linux-gnu/libXau.so.6.0.0
7ffe4c468000-7ffe4c478000 r-xp 00000000 08:05 8132114                    /usr/lib/x86_64-linux-gnu/libavahi-client.so.3.2.9
7ffe4c478000-7ffe4c677000 ---p 00010000 08:05 8132114                    /usr/lib/x86_64-linux-gnu/libavahi-client.so.3.2.9
7ffe4c677000-7ffe4c678000 r--p 0000f000 08:05 8132114                    /usr/lib/x86_64-linux-gnu/libavahi-client.so.3.2.9
7ffe4c678000-7ffe4c679000 rw-p 00010000 08:05 8132114                    /usr/lib/x86_64-linux-gnu/libavahi-client.so.3.2.9
7ffe4c680000-7ffe4c68c000 r-xp 00000000 08:05 8132116                    /usr/lib/x86_64-linux-gnu/libavahi-common.so.3.5.3
7ffe4c68c000-7ffe4c88b000 ---p 0000c000 08:05 8132116                    /usr/lib/x86_64-linux-gnu/libavahi-common.so.3.5.3
7ffe4c88b000-7ffe4c88c000 r--p 0000b000 08:05 8132116                    /usr/lib/x86_64-linux-gnu/libavahi-common.so.3.5.3
7ffe4c88c000-7ffe4c88d000 rw-p 0000c000 08:05 8132116                    /usr/lib/x86_64-linux-gnu/libavahi-common.so.3.5.3
7ffe4c890000-7ffe4c949000 r-xp 00000000 08:05 8132366                    /usr/lib/x86_64-linux-gnu/libgnutls.so.26.22.4
7ffe4c949000-7ffe4cb48000 ---p 000b9000 08:05 8132366                    /usr/lib/x86_64-linux-gnu/libgnutls.so.26.22.4
7ffe4cb48000-7ffe4cb4e000 r--p 000b8000 08:05 8132366                    /usr/lib/x86_64-linux-gnu/libgnutls.so.26.22.4
7ffe4cb4e000-7ffe4cb50000 rw-p 000be000 08:05 8132366                    /usr/lib/x86_64-linux-gnu/libgnutls.so.26.22.4
7ffe4cb50000-7ffe4cb8c000 r-xp 00000000 08:05 8130805                    /usr/lib/x86_64-linux-gnu/libgssapi_krb5.so.2.2
7ffe4cb8c000-7ffe4cd8c000 ---p 0003c000 08:05 8130805                    /usr/lib/x86_64-linux-gnu/libgssapi_krb5.so.2.2
7ffe4cd8c000-7ffe4cd8d000 r--p 0003c000 08:05 8130805                    /usr/lib/x86_64-linux-gnu/libgssapi_krb5.so.2.2
7ffe4cd8d000-7ffe4cd8f000 rw-p 0003d000 08:05 8130805                    /usr/lib/x86_64-linux-gnu/libgssapi_krb5.so.2.2
7ffe4cd90000-7ffe4cdb7000 r-xp 00000000 08:05 5374848                    /lib/x86_64-linux-gnu/libexpat.so.1.6.0
7ffe4cdb7000-7ffe4cfb7000 ---p 00027000 08:05 5374848                    /lib/x86_64-linux-gnu/libexpat.so.1.6.0
7ffe4cfb7000-7ffe4cfb9000 r--p 00027000 08:05 5374848                    /lib/x86_64-linux-gnu/libexpat.so.1.6.0
7ffe4cfb9000-7ffe4cfba000 rw-p 00029000 08:05 5374848                    /lib/x86_64-linux-gnu/libexpat.so.1.6.0
7ffe4cfc0000-7ffe4cfc8000 r-xp 00000000 08:05 8130756                    /usr/lib/x86_64-linux-gnu/libxcb-render.so.0.0.0
7ffe4cfc8000-7ffe4d1c8000 ---p 00008000 08:05 8130756                    /usr/lib/x86_64-linux-gnu/libxcb-render.so.0.0.0
7ffe4d1c8000-7ffe4d1c9000 r--p 00008000 08:05 8130756                    /usr/lib/x86_64-linux-gnu/libxcb-render.so.0.0.0
7ffe4d1c9000-7ffe4d1ca000 rw-p 00009000 08:05 8130756                    /usr/lib/x86_64-linux-gnu/libxcb-render.so.0.0.0
7ffe4d1d0000-7ffe4d1d2000 r-xp 00000000 08:05 8130760                    /usr/lib/x86_64-linux-gnu/libxcb-shm.so.0.0.0
7ffe4d1d2000-7ffe4d3d1000 ---p 00002000 08:05 8130760                    /usr/lib/x86_64-linux-gnu/libxcb-shm.so.0.0.0
7ffe4d3d1000-7ffe4d3d2000 r--p 00001000 08:05 8130760                    /usr/lib/x86_64-linux-gnu/libxcb-shm.so.0.0.0
7ffe4d3d2000-7ffe4d3d3000 rw-p 00002000 08:05 8130760                    /usr/lib/x86_64-linux-gnu/libxcb-shm.so.0.0.0
7ffe4d3d8000-7ffe4d458000 r-xp 00000000 08:05 8132643                    /usr/lib/x86_64-linux-gnu/libpixman-1.so.0.26.0
7ffe4d458000-7ffe4d658000 ---p 00080000 08:05 8132643                    /usr/lib/x86_64-linux-gnu/libpixman-1.so.0.26.0
7ffe4d658000-7ffe4d65e000 rw-p 00080000 08:05 8132643                    /usr/lib/x86_64-linux-gnu/libpixman-1.so.0.26.0
7ffe4d660000-7ffe4d686000 r-xp 00000000 08:05 5374925                    /lib/x86_64-linux-gnu/libpng12.so.0.49.0
7ffe4d686000-7ffe4d885000 ---p 00026000 08:05 5374925                    /lib/x86_64-linux-gnu/libpng12.so.0.49.0
7ffe4d885000-7ffe4d886000 r--p 00025000 08:05 5374925                    /lib/x86_64-linux-gnu/libpng12.so.0.49.0
7ffe4d886000-7ffe4d887000 rw-p 00026000 08:05 5374925                    /lib/x86_64-linux-gnu/libpng12.so.0.49.0
7ffe4d888000-7ffe4d892000 r-xp 00000000 08:05 8130762                    /usr/lib/x86_64-linux-gnu/libXcursor.so.1.0.2
7ffe4d892000-7ffe4da91000 ---p 0000a000 08:05 8130762                    /usr/lib/x86_64-linux-gnu/libXcursor.so.1.0.2
7ffe4da91000-7ffe4da92000 rw-p 00009000 08:05 8130762                    /usr/lib/x86_64-linux-gnu/libXcursor.so.1.0.2
7ffe4da98000-7ffe4da9f000 r-xp 00000000 08:05 8130751                    /usr/lib/x86_64-linux-gnu/libXrandr.so.2.2.0
7ffe4da9f000-7ffe4dc9f000 ---p 00007000 08:05 8130751                    /usr/lib/x86_64-linux-gnu/libXrandr.so.2.2.0
7ffe4dc9f000-7ffe4dca0000 rw-p 00007000 08:05 8130751                    /usr/lib/x86_64-linux-gnu/libXrandr.so.2.2.0
7ffe4dca0000-7ffe4dca2000 r-xp 00000000 08:05 8129749                    /usr/lib/x86_64-linux-gnu/libXinerama.so.1.0.0
7ffe4dca2000-7ffe4dea1000 ---p 00002000 08:05 8129749                    /usr/lib/x86_64-linux-gnu/libXinerama.so.1.0.0
7ffe4dea1000-7ffe4dea2000 rw-p 00001000 08:05 8129749                    /usr/lib/x86_64-linux-gnu/libXinerama.so.1.0.0
7ffe4dea8000-7ffe4dead000 r-xp 00000000 08:05 8132051                    /usr/lib/x86_64-linux-gnu/libXfixes.so.3.1.0
7ffe4dead000-7ffe4e0ac000 ---p 00005000 08:05 8132051                    /usr/lib/x86_64-linux-gnu/libXfixes.so.3.1.0
7ffe4e0ac000-7ffe4e0ad000 r--p 00004000 08:05 8132051                    /usr/lib/x86_64-linux-gnu/libXfixes.so.3.1.0
7ffe4e0ad000-7ffe4e0ae000 rw-p 00005000 08:05 8132051                    /usr/lib/x86_64-linux-gnu/libXfixes.so.3.1.0
7ffe4e0b0000-7ffe4e0b2000 r-xp 00000000 08:05 8132048                    /usr/lib/x86_64-linux-gnu/libXdamage.so.1.1.0
7ffe4e0b2000-7ffe4e2b1000 ---p 00002000 08:05 8132048                    /usr/lib/x86_64-linux-gnu/libXdamage.so.1.1.0
7ffe4e2b1000-7ffe4e2b2000 rw-p 00001000 08:05 8132048                    /usr/lib/x86_64-linux-gnu/libXdamage.so.1.1.0
7ffe4e2b8000-7ffe4e2ba000 r-xp 00000000 08:05 8132044                    /usr/lib/x86_64-linux-gnu/libXcomposite.so.1.0.0
7ffe4e2ba000-7ffe4e4b9000 ---p 00002000 08:05 8132044                    /usr/lib/x86_64-linux-gnu/libXcomposite.so.1.0.0
7ffe4e4b9000-7ffe4e4ba000 rw-p 00001000 08:05 8132044                    /usr/lib/x86_64-linux-gnu/libXcomposite.so.1.0.0
7ffe4e4c0000-7ffe4e4df000 r-xp 00000000 08:05 8132364                    /usr/lib/x86_64-linux-gnu/libxcb.so.1.1.0
7ffe4e4df000-7ffe4e6de000 ---p 0001f000 08:05 8132364                    /usr/lib/x86_64-linux-gnu/libxcb.so.1.1.0
7ffe4e6de000-7ffe4e6df000 r--p 0001e000 08:05 8132364                    /usr/lib/x86_64-linux-gnu/libxcb.so.1.1.0
7ffe4e6df000-7ffe4e6e0000 rw-p 0001f000 08:05 8132364                    /usr/lib/x86_64-linux-gnu/libxcb.so.1.1.0
7ffe4e6e0000-7ffe4e733000 r-xp 00000000 08:05 8132196                    /usr/lib/x86_64-linux-gnu/libcups.so.2
7ffe4e733000-7ffe4e932000 ---p 00053000 08:05 8132196                    /usr/lib/x86_64-linux-gnu/libcups.so.2
7ffe4e932000-7ffe4e937000 r--p 00052000 08:05 8132196                    /usr/lib/x86_64-linux-gnu/libcups.so.2
7ffe4e937000-7ffe4e938000 rw-p 00057000 08:05 8132196                    /usr/lib/x86_64-linux-gnu/libcups.so.2
7ffe4e938000-7ffe4e96d000 r-xp 00000000 08:05 8132306                    /usr/lib/x86_64-linux-gnu/libfontconfig.so.1.5.0
7ffe4e96d000-7ffe4eb6d000 ---p 00035000 08:05 8132306                    /usr/lib/x86_64-linux-gnu/libfontconfig.so.1.5.0
7ffe4eb6d000-7ffe4eb6e000 r--p 00035000 08:05 8132306                    /usr/lib/x86_64-linux-gnu/libfontconfig.so.1.5.0
7ffe4eb6e000-7ffe4eb6f000 rw-p 00036000 08:05 8132306                    /usr/lib/x86_64-linux-gnu/libfontconfig.so.1.5.0
7ffe4eb70000-7ffe4ec09000 r-xp 00000000 08:05 8132314                    /usr/lib/x86_64-linux-gnu/libfreetype.so.6.8.1
7ffe4ec09000-7ffe4ee08000 ---p 00099000 08:05 8132314                    /usr/lib/x86_64-linux-gnu/libfreetype.so.6.8.1
7ffe4ee08000-7ffe4ee0e000 r--p 00098000 08:05 8132314                    /usr/lib/x86_64-linux-gnu/libfreetype.so.6.8.1
7ffe4ee0e000-7ffe4ee0f000 rw-p 0009e000 08:05 8132314                    /usr/lib/x86_64-linux-gnu/libfreetype.so.6.8.1
7ffe4ee10000-7ffe4ee5a000 r-xp 00000000 08:05 8132621                    /usr/lib/x86_64-linux-gnu/libpango-1.0.so.0.3000.0
7ffe4ee5a000-7ffe4f05a000 ---p 0004a000 08:05 8132621                    /usr/lib/x86_64-linux-gnu/libpango-1.0.so.0.3000.0
7ffe4f05a000-7ffe4f05c000 r--p 0004a000 08:05 8132621                    /usr/lib/x86_64-linux-gnu/libpango-1.0.so.0.3000.0
7ffe4f05c000-7ffe4f05d000 rw-p 0004c000 08:05 8132621                    /usr/lib/x86_64-linux-gnu/libpango-1.0.so.0.3000.0
7ffe4f060000-7ffe4f154000 r-xp 00000000 08:05 8132150                    /usr/lib/x86_64-linux-gnu/libcairo.so.2.11200.2
7ffe4f154000-7ffe4f353000 ---p 000f4000 08:05 8132150                    /usr/lib/x86_64-linux-gnu/libcairo.so.2.11200.2
7ffe4f353000-7ffe4f356000 r--p 000f3000 08:05 8132150                    /usr/lib/x86_64-linux-gnu/libcairo.so.2.11200.2
7ffe4f356000-7ffe4f357000 rw-p 000f6000 08:05 8132150                    /usr/lib/x86_64-linux-gnu/libcairo.so.2.11200.2
7ffe4f357000-7ffe4f359000 rw-p 00000000 00:00 0 
7ffe4f360000-7ffe4f37f000 r-xp 00000000 08:05 8132337                    /usr/lib/x86_64-linux-gnu/libgdk_pixbuf-2.0.so.0.2600.1
7ffe4f37f000-7ffe4f57e000 ---p 0001f000 08:05 8132337                    /usr/lib/x86_64-linux-gnu/libgdk_pixbuf-2.0.so.0.2600.1
7ffe4f57e000-7ffe4f57f000 r--p 0001e000 08:05 8132337                    /usr/lib/x86_64-linux-gnu/libgdk_pixbuf-2.0.so.0.2600.1
7ffe4f57f000-7ffe4f580000 rw-p 0001f000 08:05 8132337                    /usr/lib/x86_64-linux-gnu/libgdk_pixbuf-2.0.so.0.2600.1
7ffe4f580000-7ffe4f58c000 r-xp 00000000 08:05 8132623                    /usr/lib/x86_64-linux-gnu/libpangocairo-1.0.so.0.3000.0
7ffe4f58c000-7ffe4f78b000 ---p 0000c000 08:05 8132623                    /usr/lib/x86_64-linux-gnu/libpangocairo-1.0.so.0.3000.0
7ffe4f78b000-7ffe4f78c000 r--p 0000b000 08:05 8132623                    /usr/lib/x86_64-linux-gnu/libpangocairo-1.0.so.0.3000.0
7ffe4f78c000-7ffe4f78d000 rw-p 0000c000 08:05 8132623                    /usr/lib/x86_64-linux-gnu/libpangocairo-1.0.so.0.3000.0
7ffe4f790000-7ffe4f7ba000 r-xp 00000000 08:05 8132625                    /usr/lib/x86_64-linux-gnu/libpangoft2-1.0.so.0.3000.0
7ffe4f7ba000-7ffe4f9b9000 ---p 0002a000 08:05 8132625                    /usr/lib/x86_64-linux-gnu/libpangoft2-1.0.so.0.3000.0
7ffe4f9b9000-7ffe4f9ba000 r--p 00029000 08:05 8132625                    /usr/lib/x86_64-linux-gnu/libpangoft2-1.0.so.0.3000.0
7ffe4f9ba000-7ffe4f9bb000 rw-p 0002a000 08:05 8132625                    /usr/lib/x86_64-linux-gnu/libpangoft2-1.0.so.0.3000.0
7ffe4f9c0000-7ffe4fdf2000 r-xp 00000000 08:05 8132448                    /usr/lib/x86_64-linux-gnu/libgtk-x11-2.0.so.0.2400.10
7ffe4fdf2000-7ffe4fff2000 ---p 00432000 08:05 8132448                    /usr/lib/x86_64-linux-gnu/libgtk-x11-2.0.so.0.2400.10
7ffe4fff2000-7ffe4fffd000 rw-p 00432000 08:05 8132448                    /usr/lib/x86_64-linux-gnu/libgtk-x11-2.0.so.0.2400.10
7ffe4fffd000-7ffe4ffff000 rw-p 00000000 00:00 0 
7ffe50000000-7ffe50466000 rw-p 00000000 00:00 0 
7ffe50466000-7ffe54000000 ---p 00000000 00:00 0 
7ffe5402f000-7ffe54032000 ---p 00000000 00:00 0 
7ffe54032000-7ffe54130000 rw-p 00000000 00:00 0 
7ffe54130000-7ffe54151000 r-xp 00000000 08:05 8132106                    /usr/lib/x86_64-linux-gnu/libatk-1.0.so.0.20409.1
7ffe54151000-7ffe54350000 ---p 00021000 08:05 8132106                    /usr/lib/x86_64-linux-gnu/libatk-1.0.so.0.20409.1
7ffe54350000-7ffe54352000 r--p 00020000 08:05 8132106                    /usr/lib/x86_64-linux-gnu/libatk-1.0.so.0.20409.1
7ffe54352000-7ffe54353000 rw-p 00022000 08:05 8132106                    /usr/lib/x86_64-linux-gnu/libatk-1.0.so.0.20409.1
7ffe54358000-7ffe54407000 r-xp 00000000 08:05 8132335                    /usr/lib/x86_64-linux-gnu/libgdk-x11-2.0.so.0.2400.10
7ffe54407000-7ffe54606000 ---p 000af000 08:05 8132335                    /usr/lib/x86_64-linux-gnu/libgdk-x11-2.0.so.0.2400.10
7ffe54606000-7ffe5460b000 rw-p 000ae000 08:05 8132335                    /usr/lib/x86_64-linux-gnu/libgdk-x11-2.0.so.0.2400.10
7ffe54610000-7ffe5461e000 r-xp 00000000 08:05 8132638                    /usr/lib/x86_64-linux-gnu/libXi.so.6.1.0
7ffe5461e000-7ffe5481e000 ---p 0000e000 08:05 8132638                    /usr/lib/x86_64-linux-gnu/libXi.so.6.1.0
7ffe5481e000-7ffe5481f000 rw-p 0000e000 08:05 8132638                    /usr/lib/x86_64-linux-gnu/libXi.so.6.1.0
7ffe54820000-7ffe54825000 r-xp 00000000 08:05 8132069                    /usr/lib/x86_64-linux-gnu/libXtst.so.6.1.0
7ffe54825000-7ffe54a24000 ---p 00005000 08:05 8132069                    /usr/lib/x86_64-linux-gnu/libXtst.so.6.1.0
7ffe54a24000-7ffe54a25000 rw-p 00004000 08:05 8132069                    /usr/lib/x86_64-linux-gnu/libXtst.so.6.1.0
7ffe54a28000-7ffe54a31000 r-xp 00000000 08:05 8132057                    /usr/lib/x86_64-linux-gnu/libXrender.so.1.3.0
7ffe54a31000-7ffe54c30000 ---p 00009000 08:05 8132057                    /usr/lib/x86_64-linux-gnu/libXrender.so.1.3.0
7ffe54c30000-7ffe54c31000 rw-p 00008000 08:05 8132057                    /usr/lib/x86_64-linux-gnu/libXrender.so.1.3.0
7ffe54c38000-7ffe54d6d000 r-xp 00000000 08:05 8132368                    /usr/lib/x86_64-linux-gnu/libX11.so.6.3.0
7ffe54d6d000-7ffe54f6d000 ---p 00135000 08:05 8132368                    /usr/lib/x86_64-linux-gnu/libX11.so.6.3.0
7ffe54f6d000-7ffe54f73000 rw-p 00135000 08:05 8132368                    /usr/lib/x86_64-linux-gnu/libX11.so.6.3.0
7ffe54f78000-7ffe54f89000 r-xp 00000000 08:05 8132828                    /usr/lib/x86_64-linux-gnu/libXext.so.6.4.0
7ffe54f89000-7ffe55189000 ---p 00011000 08:05 8132828                    /usr/lib/x86_64-linux-gnu/libXext.so.6.4.0
7ffe55189000-7ffe5518a000 rw-p 00011000 08:05 8132828                    /usr/lib/x86_64-linux-gnu/libXext.so.6.4.0
7ffe551a8000-7ffe551fb000 r-xp 00000000 08:05 10486958                   /usr/lib/jvm/java-7-openjdk-amd64/jre/lib/amd64/xawt/libmawt.so
7ffe551fb000-7ffe553fa000 ---p 00053000 08:05 10486958                   /usr/lib/jvm/java-7-openjdk-amd64/jre/lib/amd64/xawt/libmawt.so
7ffe553fa000-7ffe553fb000 r--p 00052000 08:05 10486958                   /usr/lib/jvm/java-7-openjdk-amd64/jre/lib/amd64/xawt/libmawt.so
7ffe553fb000-7ffe553fe000 rw-p 00053000 08:05 10486958                   /usr/lib/jvm/java-7-openjdk-amd64/jre/lib/amd64/xawt/libmawt.so
7ffe553fe000-7ffe553ff000 rw-p 00000000 00:00 0 
7ffe55400000-7ffe554a1000 r-xp 00000000 08:05 9967625                    /usr/lib/jvm/java-7-openjdk-amd64/jre/lib/amd64/libawt.so
7ffe554a1000-7ffe556a1000 ---p 000a1000 08:05 9967625                    /usr/lib/jvm/java-7-openjdk-amd64/jre/lib/amd64/libawt.so
7ffe556a1000-7ffe556a2000 r--p 000a1000 08:05 9967625                    /usr/lib/jvm/java-7-openjdk-amd64/jre/lib/amd64/libawt.so
7ffe556a2000-7ffe556ad000 rw-p 000a2000 08:05 9967625                    /usr/lib/jvm/java-7-openjdk-amd64/jre/lib/amd64/libawt.so
7ffe556ad000-7ffe556d2000 rw-p 00000000 00:00 0 
7ffe556d8000-7ffe556e3000 r--s 001fb000 08:05 9702754                    /usr/lib/jvm/java-7-openjdk-common/jre/lib/charsets.jar
7ffe556e4000-7ffe556e7000 ---p 00000000 00:00 0 
7ffe556e7000-7ffe557e5000 rw-p 00000000 00:00 0 
7ffe557e5000-7ffe557e8000 ---p 00000000 00:00 0 
7ffe557e8000-7ffe558e6000 rw-p 00000000 00:00 0 
7ffe558e6000-7ffe558e9000 ---p 00000000 00:00 0 
7ffe558e9000-7ffe559e7000 rw-p 00000000 00:00 0 
7ffe559e7000-7ffe559ea000 ---p 00000000 00:00 0 
7ffe559ea000-7ffe55ae8000 rw-p 00000000 00:00 0 
7ffe55ae8000-7ffe55af8000 r-xp 00000000 08:05 9967701                    /usr/lib/jvm/java-7-openjdk-amd64/jre/lib/amd64/libnio.so
7ffe55af8000-7ffe55cf8000 ---p 00010000 08:05 9967701                    /usr/lib/jvm/java-7-openjdk-amd64/jre/lib/amd64/libnio.so
7ffe55cf8000-7ffe55cf9000 r--p 00010000 08:05 9967701                    /usr/lib/jvm/java-7-openjdk-amd64/jre/lib/amd64/libnio.so
7ffe55cf9000-7ffe55cfa000 rw-p 00011000 08:05 9967701                    /usr/lib/jvm/java-7-openjdk-amd64/jre/lib/amd64/libnio.so
7ffe55cff000-7ffe55d30000 rw-p 00000000 00:00 0 
7ffe55d30000-7ffe55d6c000 r-xp 00000000 08:05 5374923                    /lib/x86_64-linux-gnu/libpcre.so.3.13.1
7ffe55d6c000-7ffe55f6c000 ---p 0003c000 08:05 5374923                    /lib/x86_64-linux-gnu/libpcre.so.3.13.1
7ffe55f6c000-7ffe55f6d000 rw-p 0003c000 08:05 5374923                    /lib/x86_64-linux-gnu/libpcre.so.3.13.1
7ffe55f70000-7ffe55f7c000 r-xp 00000000 08:05 8132268                    /usr/lib/x86_64-linux-gnu/libffi.so.5.0.10
7ffe55f7c000-7ffe5617c000 ---p 0000c000 08:05 8132268                    /usr/lib/x86_64-linux-gnu/libffi.so.5.0.10
7ffe5617c000-7ffe5617d000 rw-p 0000c000 08:05 8132268                    /usr/lib/x86_64-linux-gnu/libffi.so.5.0.10
7ffe56180000-7ffe56181000 r-xp 00000000 08:05 8132444                    /usr/lib/x86_64-linux-gnu/libgthread-2.0.so.0.3200.4
7ffe56181000-7ffe56380000 ---p 00001000 08:05 8132444                    /usr/lib/x86_64-linux-gnu/libgthread-2.0.so.0.3200.4
7ffe56380000-7ffe56381000 r--p 00000000 08:05 8132444                    /usr/lib/x86_64-linux-gnu/libgthread-2.0.so.0.3200.4
7ffe56381000-7ffe56382000 rw-p 00001000 08:05 8132444                    /usr/lib/x86_64-linux-gnu/libgthread-2.0.so.0.3200.4
7ffe56388000-7ffe5639b000 r-xp 00000000 08:05 5374936                    /lib/x86_64-linux-gnu/libresolv-2.13.so
7ffe5639b000-7ffe5659a000 ---p 00013000 08:05 5374936                    /lib/x86_64-linux-gnu/libresolv-2.13.so
7ffe5659a000-7ffe5659b000 r--p 00012000 08:05 5374936                    /lib/x86_64-linux-gnu/libresolv-2.13.so
7ffe5659b000-7ffe5659c000 rw-p 00013000 08:05 5374936                    /lib/x86_64-linux-gnu/libresolv-2.13.so
7ffe5659c000-7ffe5659e000 rw-p 00000000 00:00 0 
7ffe565a0000-7ffe565be000 r-xp 00000000 08:05 5374940                    /lib/x86_64-linux-gnu/libselinux.so.1
7ffe565be000-7ffe567bd000 ---p 0001e000 08:05 5374940                    /lib/x86_64-linux-gnu/libselinux.so.1
7ffe567bd000-7ffe567be000 r--p 0001d000 08:05 5374940                    /lib/x86_64-linux-gnu/libselinux.so.1
7ffe567be000-7ffe567bf000 rw-p 0001e000 08:05 5374940                    /lib/x86_64-linux-gnu/libselinux.so.1
7ffe567bf000-7ffe567c0000 rw-p 00000000 00:00 0 
7ffe567c0000-7ffe567c3000 r-xp 00000000 08:05 8132359                    /usr/lib/x86_64-linux-gnu/libgmodule-2.0.so.0.3200.4
7ffe567c3000-7ffe569c2000 ---p 00003000 08:05 8132359                    /usr/lib/x86_64-linux-gnu/libgmodule-2.0.so.0.3200.4
7ffe569c2000-7ffe569c3000 r--p 00002000 08:05 8132359                    /usr/lib/x86_64-linux-gnu/libgmodule-2.0.so.0.3200.4
7ffe569c3000-7ffe569c4000 rw-p 00003000 08:05 8132359                    /usr/lib/x86_64-linux-gnu/libgmodule-2.0.so.0.3200.4
7ffe569c8000-7ffe56abd000 r-xp 00000000 08:05 5374857                    /lib/x86_64-linux-gnu/libglib-2.0.so.0.3200.4
7ffe56abd000-7ffe56cbd000 ---p 000f5000 08:05 5374857                    /lib/x86_64-linux-gnu/libglib-2.0.so.0.3200.4
7ffe56cbd000-7ffe56cbe000 r--p 000f5000 08:05 5374857                    /lib/x86_64-linux-gnu/libglib-2.0.so.0.3200.4
7ffe56cbe000-7ffe56cbf000 rw-p 000f6000 08:05 5374857                    /lib/x86_64-linux-gnu/libglib-2.0.so.0.3200.4
7ffe56cbf000-7ffe56cc0000 rw-p 00000000 00:00 0 
7ffe56cc0000-7ffe56d0e000 r-xp 00000000 08:05 8132375                    /usr/lib/x86_64-linux-gnu/libgobject-2.0.so.0.3200.4
7ffe56d0e000-7ffe56f0e000 ---p 0004e000 08:05 8132375                    /usr/lib/x86_64-linux-gnu/libgobject-2.0.so.0.3200.4
7ffe56f0e000-7ffe56f0f000 r--p 0004e000 08:05 8132375                    /usr/lib/x86_64-linux-gnu/libgobject-2.0.so.0.3200.4
7ffe56f0f000-7ffe56f10000 rw-p 0004f000 08:05 8132375                    /usr/lib/x86_64-linux-gnu/libgobject-2.0.so.0.3200.4
7ffe56f10000-7ffe5705c000 r-xp 00000000 08:05 8132349                    /usr/lib/x86_64-linux-gnu/libgio-2.0.so.0.3200.4
7ffe5705c000-7ffe5725b000 ---p 0014c000 08:05 8132349                    /usr/lib/x86_64-linux-gnu/libgio-2.0.so.0.3200.4
7ffe5725b000-7ffe5725f000 r--p 0014b000 08:05 8132349                    /usr/lib/x86_64-linux-gnu/libgio-2.0.so.0.3200.4
7ffe5725f000-7ffe57261000 rw-p 0014f000 08:05 8132349                    /usr/lib/x86_64-linux-gnu/libgio-2.0.so.0.3200.4
7ffe57261000-7ffe57263000 rw-p 00000000 00:00 0 
7ffe57270000-7ffe5727b000 r--s 001fb000 08:05 9702754                    /usr/lib/jvm/java-7-openjdk-common/jre/lib/charsets.jar
7ffe57280000-7ffe57296000 r-xp 00000000 08:05 9967712                    /usr/lib/jvm/java-7-openjdk-amd64/jre/lib/amd64/libnet.so
7ffe57296000-7ffe57495000 ---p 00016000 08:05 9967712                    /usr/lib/jvm/java-7-openjdk-amd64/jre/lib/amd64/libnet.so
7ffe57495000-7ffe57496000 r--p 00015000 08:05 9967712                    /usr/lib/jvm/java-7-openjdk-amd64/jre/lib/amd64/libnet.so
7ffe57496000-7ffe57497000 rw-p 00016000 08:05 9967712                    /usr/lib/jvm/java-7-openjdk-amd64/jre/lib/amd64/libnet.so
7ffe57498000-7ffe574a1000 r--s 000bc000 08:05 9702765                    /usr/lib/jvm/java-7-openjdk-common/jre/lib/resources.jar
7ffe574a8000-7ffe574d1000 r--s 0024f000 08:05 14811812                   /home/pbruel/Dropbox/ensemble_git/ensemble/lib/jade.jar
7ffe574d8000-7ffe574d9000 r--s 0000e000 08:05 14811810                   /home/pbruel/Dropbox/ensemble_git/ensemble/lib/NetUtil.jar
7ffe574e0000-7ffe574e6000 r--s 00692000 08:05 14811811                   /home/pbruel/Dropbox/ensemble_git/ensemble/lib/ensemble.jar
7ffe574e8000-7ffe574ea000 r--s 0000b000 08:05 14424703                   /home/pbruel/Dropbox/ensemble_git/ensemble/lib/ensemble_apps.jar
7ffe574f0000-7ffe574f2000 r--s 0005d000 08:05 14813490                   /home/pbruel/Dropbox/ensemble_git/ensemble/lib/libpd.jar
7ffe574f8000-7ffe574fc000 r--s 00085000 08:05 9702748                    /usr/lib/jvm/java-7-openjdk-common/jre/lib/ext/localedata.jar
7ffe57500000-7ffe57503000 r--s 00032000 08:05 9702749                    /usr/lib/jvm/java-7-openjdk-common/jre/lib/ext/sunjce_provider.jar
7ffe57508000-7ffe57509000 r--s 00007000 08:05 9701533                    /usr/share/java/java-atk-wrapper.jar
7ffe57510000-7ffe57511000 r--s 00002000 08:05 9702751                    /usr/lib/jvm/java-7-openjdk-common/jre/lib/ext/dnsns.jar
7ffe57518000-7ffe5751b000 r--s 0003c000 08:05 9702746                    /usr/lib/jvm/java-7-openjdk-common/jre/lib/ext/sunpkcs11.jar
7ffe57520000-7ffe57523000 r--s 0000f000 08:05 9702747                    /usr/lib/jvm/java-7-openjdk-common/jre/lib/ext/pulse-java.jar
7ffe57528000-7ffe5752a000 r--s 00012000 08:05 9702745                    /usr/lib/jvm/java-7-openjdk-common/jre/lib/ext/zipfs.jar
7ffe5752b000-7ffe5752c000 ---p 00000000 00:00 0 
7ffe5752c000-7ffe5762c000 rw-p 00000000 00:00 0 
7ffe5762c000-7ffe5762f000 ---p 00000000 00:00 0 
7ffe5762f000-7ffe5772d000 rw-p 00000000 00:00 0 
7ffe5772d000-7ffe57730000 ---p 00000000 00:00 0 
7ffe57730000-7ffe5782e000 rw-p 00000000 00:00 0 
7ffe5782e000-7ffe57831000 ---p 00000000 00:00 0 
7ffe57831000-7ffe5792f000 rw-p 00000000 00:00 0 
7ffe5792f000-7ffe57932000 ---p 00000000 00:00 0 
7ffe57932000-7ffe57a30000 rw-p 00000000 00:00 0 
7ffe57a30000-7ffe57ba7000 r--p 00000000 08:05 7998411                    /usr/lib/locale/locale-archive
7ffe57ba8000-7ffe57bad000 r--s 0004c000 08:05 9702756                    /usr/lib/jvm/java-7-openjdk-common/jre/lib/jsse.jar
7ffe57bad000-7ffe57bb0000 ---p 00000000 00:00 0 
7ffe57bb0000-7ffe57cae000 rw-p 00000000 00:00 0 
7ffe57cae000-7ffe57cb1000 ---p 00000000 00:00 0 
7ffe57cb1000-7ffe57daf000 rw-p 00000000 00:00 0 
7ffe57daf000-7ffe57db0000 ---p 00000000 00:00 0 
7ffe57db0000-7ffe59518000 rw-p 00000000 00:00 0 
7ffe59518000-7ffe596c5000 r--s 01cec000 08:05 9702779                    /usr/lib/jvm/java-7-openjdk-amd64/jre/lib/rt.jar
7ffe596c5000-7ffe5eb25000 rw-p 00000000 00:00 0 
7ffe5eb25000-7ffe5eb26000 ---p 00000000 00:00 0 
7ffe5eb26000-7ffe5ec26000 rw-p 00000000 00:00 0 
7ffe5ec26000-7ffe5ec27000 ---p 00000000 00:00 0 
7ffe5ec27000-7ffe5ed27000 rw-p 00000000 00:00 0 
7ffe5ed27000-7ffe5ed28000 ---p 00000000 00:00 0 
7ffe5ed28000-7ffe5ee28000 rw-p 00000000 00:00 0 
7ffe5ee28000-7ffe5ee29000 ---p 00000000 00:00 0 
7ffe5ee29000-7ffe5ef29000 rw-p 00000000 00:00 0 
7ffe5ef29000-7ffe5ef2a000 ---p 00000000 00:00 0 
7ffe5ef2a000-7ffe5f02a000 rw-p 00000000 00:00 0 
7ffe5f02a000-7ffe5f02b000 ---p 00000000 00:00 0 
7ffe5f02b000-7ffe5f136000 rw-p 00000000 00:00 0 
7ffe5f136000-7ffe5f17e000 rw-p 00000000 00:00 0 
7ffe5f17e000-7ffe5f1a8000 rw-p 00000000 00:00 0 
7ffe5f1a8000-7ffe5f417000 rw-p 00000000 00:00 0 
7ffe5f417000-7ffe5f422000 rw-p 00000000 00:00 0 
7ffe5f422000-7ffe5f46a000 rw-p 00000000 00:00 0 
7ffe5f46a000-7ffe5f494000 rw-p 00000000 00:00 0 
7ffe5f494000-7ffe5f702000 rw-p 00000000 00:00 0 
7ffe5f702000-7ffe5f718000 rw-p 00000000 00:00 0 
7ffe5f718000-7ffe5f84f000 rw-p 00000000 00:00 0 
7ffe5f84f000-7ffe5f850000 rw-p 00000000 00:00 0 
7ffe5f850000-7ffe5fac0000 rwxp 00000000 00:00 0 
7ffe5fac0000-7ffe62850000 rw-p 00000000 00:00 0 
7ffe62850000-7ffe62858000 r-xp 00000000 08:05 9967719                    /usr/lib/jvm/java-7-openjdk-amd64/jre/lib/amd64/libzip.so
7ffe62858000-7ffe62a57000 ---p 00008000 08:05 9967719                    /usr/lib/jvm/java-7-openjdk-amd64/jre/lib/amd64/libzip.so
7ffe62a57000-7ffe62a58000 r--p 00007000 08:05 9967719                    /usr/lib/jvm/java-7-openjdk-amd64/jre/lib/amd64/libzip.so
7ffe62a58000-7ffe62a59000 rw-p 00008000 08:05 9967719                    /usr/lib/jvm/java-7-openjdk-amd64/jre/lib/amd64/libzip.so
7ffe62a60000-7ffe62a6b000 r-xp 00000000 08:05 5374901                    /lib/x86_64-linux-gnu/libnss_files-2.13.so
7ffe62a6b000-7ffe62c6a000 ---p 0000b000 08:05 5374901                    /lib/x86_64-linux-gnu/libnss_files-2.13.so
7ffe62c6a000-7ffe62c6b000 r--p 0000a000 08:05 5374901                    /lib/x86_64-linux-gnu/libnss_files-2.13.so
7ffe62c6b000-7ffe62c6c000 rw-p 0000b000 08:05 5374901                    /lib/x86_64-linux-gnu/libnss_files-2.13.so
7ffe62c70000-7ffe62c7a000 r-xp 00000000 08:05 5374905                    /lib/x86_64-linux-gnu/libnss_nis-2.13.so
7ffe62c7a000-7ffe62e79000 ---p 0000a000 08:05 5374905                    /lib/x86_64-linux-gnu/libnss_nis-2.13.so
7ffe62e79000-7ffe62e7a000 r--p 00009000 08:05 5374905                    /lib/x86_64-linux-gnu/libnss_nis-2.13.so
7ffe62e7a000-7ffe62e7b000 rw-p 0000a000 08:05 5374905                    /lib/x86_64-linux-gnu/libnss_nis-2.13.so
7ffe62e80000-7ffe62e95000 r-xp 00000000 08:05 5374895                    /lib/x86_64-linux-gnu/libnsl-2.13.so
7ffe62e95000-7ffe63094000 ---p 00015000 08:05 5374895                    /lib/x86_64-linux-gnu/libnsl-2.13.so
7ffe63094000-7ffe63095000 r--p 00014000 08:05 5374895                    /lib/x86_64-linux-gnu/libnsl-2.13.so
7ffe63095000-7ffe63096000 rw-p 00015000 08:05 5374895                    /lib/x86_64-linux-gnu/libnsl-2.13.so
7ffe63096000-7ffe63098000 rw-p 00000000 00:00 0 
7ffe63098000-7ffe6309f000 r-xp 00000000 08:05 5374897                    /lib/x86_64-linux-gnu/libnss_compat-2.13.so
7ffe6309f000-7ffe6329e000 ---p 00007000 08:05 5374897                    /lib/x86_64-linux-gnu/libnss_compat-2.13.so
7ffe6329e000-7ffe6329f000 r--p 00006000 08:05 5374897                    /lib/x86_64-linux-gnu/libnss_compat-2.13.so
7ffe6329f000-7ffe632a0000 rw-p 00007000 08:05 5374897                    /lib/x86_64-linux-gnu/libnss_compat-2.13.so
7ffe632a0000-7ffe632ca000 r-xp 00000000 08:05 9967710                    /usr/lib/jvm/java-7-openjdk-amd64/jre/lib/amd64/libjava.so
7ffe632ca000-7ffe634ca000 ---p 0002a000 08:05 9967710                    /usr/lib/jvm/java-7-openjdk-amd64/jre/lib/amd64/libjava.so
7ffe634ca000-7ffe634cb000 r--p 0002a000 08:05 9967710                    /usr/lib/jvm/java-7-openjdk-amd64/jre/lib/amd64/libjava.so
7ffe634cb000-7ffe634cd000 rw-p 0002b000 08:05 9967710                    /usr/lib/jvm/java-7-openjdk-amd64/jre/lib/amd64/libjava.so
7ffe634d0000-7ffe634df000 r-xp 00000000 08:05 9967623                    /usr/lib/jvm/java-7-openjdk-amd64/jre/lib/amd64/libverify.so
7ffe634df000-7ffe636de000 ---p 0000f000 08:05 9967623                    /usr/lib/jvm/java-7-openjdk-amd64/jre/lib/amd64/libverify.so
7ffe636de000-7ffe636e0000 r--p 0000e000 08:05 9967623                    /usr/lib/jvm/java-7-openjdk-amd64/jre/lib/amd64/libverify.so
7ffe636e0000-7ffe636e1000 rw-p 00010000 08:05 9967623                    /usr/lib/jvm/java-7-openjdk-amd64/jre/lib/amd64/libverify.so
7ffe636e8000-7ffe636ef000 r-xp 00000000 08:05 5374938                    /lib/x86_64-linux-gnu/librt-2.13.so
7ffe636ef000-7ffe638ee000 ---p 00007000 08:05 5374938                    /lib/x86_64-linux-gnu/librt-2.13.so
7ffe638ee000-7ffe638ef000 r--p 00006000 08:05 5374938                    /lib/x86_64-linux-gnu/librt-2.13.so
7ffe638ef000-7ffe638f0000 rw-p 00007000 08:05 5374938                    /lib/x86_64-linux-gnu/librt-2.13.so
7ffe638f0000-7ffe63905000 r-xp 00000000 08:05 5374853                    /lib/x86_64-linux-gnu/libgcc_s.so.1
7ffe63905000-7ffe63b05000 ---p 00015000 08:05 5374853                    /lib/x86_64-linux-gnu/libgcc_s.so.1
7ffe63b05000-7ffe63b06000 rw-p 00015000 08:05 5374853                    /lib/x86_64-linux-gnu/libgcc_s.so.1
7ffe63b08000-7ffe63b89000 r-xp 00000000 08:05 5374876                    /lib/x86_64-linux-gnu/libm-2.13.so
7ffe63b89000-7ffe63d88000 ---p 00081000 08:05 5374876                    /lib/x86_64-linux-gnu/libm-2.13.so
7ffe63d88000-7ffe63d89000 r--p 00080000 08:05 5374876                    /lib/x86_64-linux-gnu/libm-2.13.so
7ffe63d89000-7ffe63d8a000 rw-p 00081000 08:05 5374876                    /lib/x86_64-linux-gnu/libm-2.13.so
7ffe63d90000-7ffe63e78000 r-xp 00000000 08:05 8132750                    /usr/lib/x86_64-linux-gnu/libstdc++.so.6.0.17
7ffe63e78000-7ffe64078000 ---p 000e8000 08:05 8132750                    /usr/lib/x86_64-linux-gnu/libstdc++.so.6.0.17
7ffe64078000-7ffe64080000 r--p 000e8000 08:05 8132750                    /usr/lib/x86_64-linux-gnu/libstdc++.so.6.0.17
7ffe64080000-7ffe64082000 rw-p 000f0000 08:05 8132750                    /usr/lib/x86_64-linux-gnu/libstdc++.so.6.0.17
7ffe64082000-7ffe64097000 rw-p 00000000 00:00 0 
7ffe64098000-7ffe64a89000 r-xp 00000000 08:05 10098067                   /usr/lib/jvm/java-7-openjdk-amd64/jre/lib/amd64/server/libjvm.so
7ffe64a89000-7ffe64c89000 ---p 009f1000 08:05 10098067                   /usr/lib/jvm/java-7-openjdk-amd64/jre/lib/amd64/server/libjvm.so
7ffe64c89000-7ffe64d08000 r--p 009f1000 08:05 10098067                   /usr/lib/jvm/java-7-openjdk-amd64/jre/lib/amd64/server/libjvm.so
7ffe64d08000-7ffe64d2b000 rw-p 00a70000 08:05 10098067                   /usr/lib/jvm/java-7-openjdk-amd64/jre/lib/amd64/server/libjvm.so
7ffe64d2b000-7ffe64d56000 rw-p 00000000 00:00 0 
7ffe64d58000-7ffe64ed8000 r-xp 00000000 08:05 5374829                    /lib/x86_64-linux-gnu/libc-2.13.so
7ffe64ed8000-7ffe650d8000 ---p 00180000 08:05 5374829                    /lib/x86_64-linux-gnu/libc-2.13.so
7ffe650d8000-7ffe650dc000 r--p 00180000 08:05 5374829                    /lib/x86_64-linux-gnu/libc-2.13.so
7ffe650dc000-7ffe650dd000 rw-p 00184000 08:05 5374829                    /lib/x86_64-linux-gnu/libc-2.13.so
7ffe650dd000-7ffe650e2000 rw-p 00000000 00:00 0 
7ffe650e8000-7ffe650ea000 r-xp 00000000 08:05 5374843                    /lib/x86_64-linux-gnu/libdl-2.13.so
7ffe650ea000-7ffe652ea000 ---p 00002000 08:05 5374843                    /lib/x86_64-linux-gnu/libdl-2.13.so
7ffe652ea000-7ffe652eb000 r--p 00002000 08:05 5374843                    /lib/x86_64-linux-gnu/libdl-2.13.so
7ffe652eb000-7ffe652ec000 rw-p 00003000 08:05 5374843                    /lib/x86_64-linux-gnu/libdl-2.13.so
7ffe652f0000-7ffe65306000 r-xp 00000000 08:05 5374972                    /lib/x86_64-linux-gnu/libz.so.1.2.7
7ffe65306000-7ffe65505000 ---p 00016000 08:05 5374972                    /lib/x86_64-linux-gnu/libz.so.1.2.7
7ffe65505000-7ffe65506000 r--p 00015000 08:05 5374972                    /lib/x86_64-linux-gnu/libz.so.1.2.7
7ffe65506000-7ffe65507000 rw-p 00016000 08:05 5374972                    /lib/x86_64-linux-gnu/libz.so.1.2.7
7ffe65508000-7ffe65515000 r-xp 00000000 08:05 9967698                    /usr/lib/jvm/java-7-openjdk-amd64/jre/lib/amd64/jli/libjli.so
7ffe65515000-7ffe65714000 ---p 0000d000 08:05 9967698                    /usr/lib/jvm/java-7-openjdk-amd64/jre/lib/amd64/jli/libjli.so
7ffe65714000-7ffe65715000 r--p 0000c000 08:05 9967698                    /usr/lib/jvm/java-7-openjdk-amd64/jre/lib/amd64/jli/libjli.so
7ffe65715000-7ffe65716000 rw-p 0000d000 08:05 9967698                    /usr/lib/jvm/java-7-openjdk-amd64/jre/lib/amd64/jli/libjli.so
7ffe65718000-7ffe6572f000 r-xp 00000000 08:05 5374930                    /lib/x86_64-linux-gnu/libpthread-2.13.so
7ffe6572f000-7ffe6592e000 ---p 00017000 08:05 5374930                    /lib/x86_64-linux-gnu/libpthread-2.13.so
7ffe6592e000-7ffe6592f000 r--p 00016000 08:05 5374930                    /lib/x86_64-linux-gnu/libpthread-2.13.so
7ffe6592f000-7ffe65930000 rw-p 00017000 08:05 5374930                    /lib/x86_64-linux-gnu/libpthread-2.13.so
7ffe65930000-7ffe65934000 rw-p 00000000 00:00 0 
7ffe65937000-7ffe65938000 rw-p 00000000 00:00 0 
7ffe65938000-7ffe65958000 r-xp 00000000 08:05 5374807                    /lib/x86_64-linux-gnu/ld-2.13.so
7ffe65958000-7ffe6595f000 r--s 00000000 08:05 8131847                    /usr/lib/x86_64-linux-gnu/gconv/gconv-modules.cache
7ffe6595f000-7ffe65992000 rw-p 00000000 00:00 0 
7ffe65992000-7ffe65a48000 rw-p 00000000 00:00 0 
7ffe65a48000-7ffe65a50000 rw-s 00000000 08:05 9709271                    /tmp/hsperfdata_pbruel/11529
7ffe65a50000-7ffe65a51000 r--p 00000000 08:05 9706325                    /usr/share/locale/en_GB/LC_MESSAGES/libc.mo
7ffe65a51000-7ffe65a52000 r--p 00000000 00:00 0 
7ffe65a52000-7ffe65a53000 rw-p 00000000 00:00 0 
7ffe65a53000-7ffe65a54000 r--p 00000000 00:00 0 
7ffe65a54000-7ffe65a57000 ---p 00000000 00:00 0 
7ffe65a57000-7ffe65b57000 rw-p 00000000 00:00 0 
7ffe65b57000-7ffe65b58000 r--p 0001f000 08:05 5374807                    /lib/x86_64-linux-gnu/ld-2.13.so
7ffe65b58000-7ffe65b59000 rw-p 00020000 08:05 5374807                    /lib/x86_64-linux-gnu/ld-2.13.so
7ffe65b59000-7ffe65b5b000 rw-p 00000000 00:00 0 
7ffe65b5b000-7ffe65b5e000 rw-p 00000000 00:00 0 
7fff3a715000-7fff3a736000 rw-p 00000000 00:00 0                          [stack]
7fff3a7b0000-7fff3a7b1000 r-xp 00000000 00:00 0                          [vdso]
ffffffffff600000-ffffffffff601000 r-xp 00000000 00:00 0                  [vsyscall]

VM Arguments:
java_command: ensemble.tools.Loader -nogui -f pd_testing.xml
Launcher Type: SUN_STANDARD

Environment Variables:
PATH=/usr/local/bin:/usr/bin:/bin:/usr/local/games:/usr/games
USERNAME=pbruel
SHELL=/bin/bash
DISPLAY=:0

Signal Handlers:
SIGSEGV: [libjvm.so+0x84ff00], sa_mask[0]=0x7ffbfeff, sa_flags=0x10000004
SIGBUS: [libjvm.so+0x84ff00], sa_mask[0]=0x7ffbfeff, sa_flags=0x10000004
SIGFPE: SIG_IGN, sa_mask[0]=0x00000080, sa_flags=0x10000000
SIGPIPE: [libjvm.so+0x6f2230], sa_mask[0]=0x7ffbfeff, sa_flags=0x10000004
SIGXFSZ: [libjvm.so+0x6f2230], sa_mask[0]=0x7ffbfeff, sa_flags=0x10000004
SIGILL: [libjvm.so+0x6f2230], sa_mask[0]=0x7ffbfeff, sa_flags=0x10000004
SIGUSR1: SIG_DFL, sa_mask[0]=0x00000000, sa_flags=0x00000000
SIGUSR2: [libjvm.so+0x6f2600], sa_mask[0]=0x00000000, sa_flags=0x10000004
SIGHUP: [libjvm.so+0x6f2740], sa_mask[0]=0x7ffbfeff, sa_flags=0x10000004
SIGINT: [libjvm.so+0x6f2740], sa_mask[0]=0x7ffbfeff, sa_flags=0x10000004
SIGTERM: [libjvm.so+0x6f2740], sa_mask[0]=0x7ffbfeff, sa_flags=0x10000004
SIGQUIT: [libjvm.so+0x6f2740], sa_mask[0]=0x7ffbfeff, sa_flags=0x10000004


---------------  S Y S T E M  ---------------

OS:7.1

uname:Linux 3.2.0-4-amd64 #1 SMP Debian 3.2.46-1 x86_64
libc:glibc 2.13 NPTL 2.13 
rlimit: STACK 8192k, CORE 0k, NPROC 63163, NOFILE 4096, AS infinity
load average:0.28 0.28 0.32

/proc/meminfo:
MemTotal:        8163344 kB
MemFree:         6004816 kB
Buffers:           63264 kB
Cached:           716308 kB
SwapCached:            0 kB
Active:          1467632 kB
Inactive:         555092 kB
Active(anon):    1243904 kB
Inactive(anon):     2224 kB
Active(file):     223728 kB
Inactive(file):   552868 kB
Unevictable:           0 kB
Mlocked:               0 kB
SwapTotal:      12015612 kB
SwapFree:       12015612 kB
Dirty:              1872 kB
Writeback:             0 kB
AnonPages:       1243572 kB
Mapped:           133540 kB
Shmem:              3072 kB
Slab:              64992 kB
SReclaimable:      35976 kB
SUnreclaim:        29016 kB
KernelStack:        3112 kB
PageTables:        20588 kB
NFS_Unstable:          0 kB
Bounce:                0 kB
WritebackTmp:          0 kB
CommitLimit:    16097284 kB
Committed_AS:    2291620 kB
VmallocTotal:   34359738367 kB
VmallocUsed:      303208 kB
VmallocChunk:   34359428316 kB
HardwareCorrupted:     0 kB
AnonHugePages:         0 kB
HugePages_Total:       0
HugePages_Free:        0
HugePages_Rsvd:        0
HugePages_Surp:        0
Hugepagesize:       2048 kB
DirectMap4k:       60412 kB
DirectMap2M:     4100096 kB
DirectMap1G:     4194304 kB


CPU:total 6 (6 cores per cpu, 1 threads per core) family 21 model 1 stepping 2, cmov, cx8, fxsr, mmx, sse, sse2, sse3, ssse3, sse4.1, sse4.2, popcnt, avx, mmxext, 3dnowpref, lzcnt, sse4a, tsc, tscinvbit, tscinv

/proc/cpuinfo:
processor	: 0
vendor_id	: AuthenticAMD
cpu family	: 21
model		: 1
model name	: AMD FX(tm)-6100 Six-Core Processor             
stepping	: 2
microcode	: 0x6000626
cpu MHz		: 3310.984
cache size	: 2048 KB
physical id	: 0
siblings	: 6
core id		: 0
cpu cores	: 3
apicid		: 16
initial apicid	: 0
fpu		: yes
fpu_exception	: yes
cpuid level	: 13
wp		: yes
flags		: fpu vme de pse tsc msr pae mce cx8 apic sep mtrr pge mca cmov pat pse36 clflush mmx fxsr sse sse2 ht syscall nx mmxext fxsr_opt pdpe1gb rdtscp lm constant_tsc rep_good nopl nonstop_tsc extd_apicid aperfmperf pni pclmulqdq monitor ssse3 cx16 sse4_1 sse4_2 popcnt aes xsave avx lahf_lm cmp_legacy svm extapic cr8_legacy abm sse4a misalignsse 3dnowprefetch osvw ibs xop skinit wdt lwp fma4 nodeid_msr topoext perfctr_core arat cpb hw_pstate npt lbrv svm_lock nrip_save tsc_scale vmcb_clean flushbyasid decodeassists pausefilter pfthreshold
bogomips	: 6621.96
TLB size	: 1536 4K pages
clflush size	: 64
cache_alignment	: 64
address sizes	: 48 bits physical, 48 bits virtual
power management: ts ttp tm 100mhzsteps hwpstate [9]

processor	: 1
vendor_id	: AuthenticAMD
cpu family	: 21
model		: 1
model name	: AMD FX(tm)-6100 Six-Core Processor             
stepping	: 2
microcode	: 0x6000626
cpu MHz		: 3310.984
cache size	: 2048 KB
physical id	: 0
siblings	: 6
core id		: 1
cpu cores	: 3
apicid		: 17
initial apicid	: 1
fpu		: yes
fpu_exception	: yes
cpuid level	: 13
wp		: yes
flags		: fpu vme de pse tsc msr pae mce cx8 apic sep mtrr pge mca cmov pat pse36 clflush mmx fxsr sse sse2 ht syscall nx mmxext fxsr_opt pdpe1gb rdtscp lm constant_tsc rep_good nopl nonstop_tsc extd_apicid aperfmperf pni pclmulqdq monitor ssse3 cx16 sse4_1 sse4_2 popcnt aes xsave avx lahf_lm cmp_legacy svm extapic cr8_legacy abm sse4a misalignsse 3dnowprefetch osvw ibs xop skinit wdt lwp fma4 nodeid_msr topoext perfctr_core arat cpb hw_pstate npt lbrv svm_lock nrip_save tsc_scale vmcb_clean flushbyasid decodeassists pausefilter pfthreshold
bogomips	: 6622.08
TLB size	: 1536 4K pages
clflush size	: 64
cache_alignment	: 64
address sizes	: 48 bits physical, 48 bits virtual
power management: ts ttp tm 100mhzsteps hwpstate [9]

processor	: 2
vendor_id	: AuthenticAMD
cpu family	: 21
model		: 1
model name	: AMD FX(tm)-6100 Six-Core Processor             
stepping	: 2
microcode	: 0x6000626
cpu MHz		: 3310.984
cache size	: 2048 KB
physical id	: 0
siblings	: 6
core id		: 2
cpu cores	: 3
apicid		: 18
initial apicid	: 2
fpu		: yes
fpu_exception	: yes
cpuid level	: 13
wp		: yes
flags		: fpu vme de pse tsc msr pae mce cx8 apic sep mtrr pge mca cmov pat pse36 clflush mmx fxsr sse sse2 ht syscall nx mmxext fxsr_opt pdpe1gb rdtscp lm constant_tsc rep_good nopl nonstop_tsc extd_apicid aperfmperf pni pclmulqdq monitor ssse3 cx16 sse4_1 sse4_2 popcnt aes xsave avx lahf_lm cmp_legacy svm extapic cr8_legacy abm sse4a misalignsse 3dnowprefetch osvw ibs xop skinit wdt lwp fma4 nodeid_msr topoext perfctr_core arat cpb hw_pstate npt lbrv svm_lock nrip_save tsc_scale vmcb_clean flushbyasid decodeassists pausefilter pfthreshold
bogomips	: 6622.17
TLB size	: 1536 4K pages
clflush size	: 64
cache_alignment	: 64
address sizes	: 48 bits physical, 48 bits virtual
power management: ts ttp tm 100mhzsteps hwpstate [9]

processor	: 3
vendor_id	: AuthenticAMD
cpu family	: 21
model		: 1
model name	: AMD FX(tm)-6100 Six-Core Processor             
stepping	: 2
microcode	: 0x6000626
cpu MHz		: 3310.984
cache size	: 2048 KB
physical id	: 0
siblings	: 6
core id		: 3
cpu cores	: 3
apicid		: 19
initial apicid	: 3
fpu		: yes
fpu_exception	: yes
cpuid level	: 13
wp		: yes
flags		: fpu vme de pse tsc msr pae mce cx8 apic sep mtrr pge mca cmov pat pse36 clflush mmx fxsr sse sse2 ht syscall nx mmxext fxsr_opt pdpe1gb rdtscp lm constant_tsc rep_good nopl nonstop_tsc extd_apicid aperfmperf pni pclmulqdq monitor ssse3 cx16 sse4_1 sse4_2 popcnt aes xsave avx lahf_lm cmp_legacy svm extapic cr8_legacy abm sse4a misalignsse 3dnowprefetch osvw ibs xop skinit wdt lwp fma4 nodeid_msr topoext perfctr_core arat cpb hw_pstate npt lbrv svm_lock nrip_save tsc_scale vmcb_clean flushbyasid decodeassists pausefilter pfthreshold
bogomips	: 6622.18
TLB size	: 1536 4K pages
clflush size	: 64
cache_alignment	: 64
address sizes	: 48 bits physical, 48 bits virtual
power management: ts ttp tm 100mhzsteps hwpstate [9]

processor	: 4
vendor_id	: AuthenticAMD
cpu family	: 21
model		: 1
model name	: AMD FX(tm)-6100 Six-Core Processor             
stepping	: 2
microcode	: 0x6000626
cpu MHz		: 3310.984
cache size	: 2048 KB
physical id	: 0
siblings	: 6
core id		: 4
cpu cores	: 3
apicid		: 20
initial apicid	: 4
fpu		: yes
fpu_exception	: yes
cpuid level	: 13
wp		: yes
flags		: fpu vme de pse tsc msr pae mce cx8 apic sep mtrr pge mca cmov pat pse36 clflush mmx fxsr sse sse2 ht syscall nx mmxext fxsr_opt pdpe1gb rdtscp lm constant_tsc rep_good nopl nonstop_tsc extd_apicid aperfmperf pni pclmulqdq monitor ssse3 cx16 sse4_1 sse4_2 popcnt aes xsave avx lahf_lm cmp_legacy svm extapic cr8_legacy abm sse4a misalignsse 3dnowprefetch osvw ibs xop skinit wdt lwp fma4 nodeid_msr topoext perfctr_core arat cpb hw_pstate npt lbrv svm_lock nrip_save tsc_scale vmcb_clean flushbyasid decodeassists pausefilter pfthreshold
bogomips	: 6622.19
TLB size	: 1536 4K pages
clflush size	: 64
cache_alignment	: 64
address sizes	: 48 bits physical, 48 bits virtual
power management: ts ttp tm 100mhzsteps hwpstate [9]

processor	: 5
vendor_id	: AuthenticAMD
cpu family	: 21
model		: 1
model name	: AMD FX(tm)-6100 Six-Core Processor             
stepping	: 2
microcode	: 0x6000626
cpu MHz		: 3310.984
cache size	: 2048 KB
physical id	: 0
siblings	: 6
core id		: 5
cpu cores	: 3
apicid		: 21
initial apicid	: 5
fpu		: yes
fpu_exception	: yes
cpuid level	: 13
wp		: yes
flags		: fpu vme de pse tsc msr pae mce cx8 apic sep mtrr pge mca cmov pat pse36 clflush mmx fxsr sse sse2 ht syscall nx mmxext fxsr_opt pdpe1gb rdtscp lm constant_tsc rep_good nopl nonstop_tsc extd_apicid aperfmperf pni pclmulqdq monitor ssse3 cx16 sse4_1 sse4_2 popcnt aes xsave avx lahf_lm cmp_legacy svm extapic cr8_legacy abm sse4a misalignsse 3dnowprefetch osvw ibs xop skinit wdt lwp fma4 nodeid_msr topoext perfctr_core arat cpb hw_pstate npt lbrv svm_lock nrip_save tsc_scale vmcb_clean flushbyasid decodeassists pausefilter pfthreshold
bogomips	: 6622.18
TLB size	: 1536 4K pages
clflush size	: 64
cache_alignment	: 64
address sizes	: 48 bits physical, 48 bits virtual
power management: ts ttp tm 100mhzsteps hwpstate [9]



Memory: 4k page, physical 8163344k(6004816k free), swap 12015612k(12015612k free)

vm_info: OpenJDK 64-Bit Server VM (23.7-b01) for linux-amd64 JRE (1.7.0_25-b30), built on Jul  3 2013 10:28:26 by "jmm" with gcc 4.7.2

time: Wed Oct 30 15:25:11 2013
elapsed time: 1 seconds

